[Sat Jul  4 10:20:20 PM EDT 2026] Starting ROM training on node01
[run_rom_hpc] Julia entrypoint started
[run_rom_hpc] Loading ROM helper code
[package-load] Loading LinearAlgebra
[package-load] Loaded LinearAlgebra
[package-load] Loading SparseArrays
[package-load] Loaded SparseArrays
[package-load] Loading Random
[package-load] Loaded Random
[package-load] Loading ComponentArrays
[package-load] Loaded ComponentArrays
[package-load] Loading OrdinaryDiffEq
[package-load] Loaded OrdinaryDiffEq
[package-load] Loading OrdinaryDiffEqSDIRK
[package-load] Loaded OrdinaryDiffEqSDIRK
[package-load] Loading SciMLSensitivity
[package-load] Loaded SciMLSensitivity
[package-load] Loading Optimization
[package-load] Loaded Optimization
[package-load] Loading OptimizationOptimisers
[package-load] Loaded OptimizationOptimisers
[package-load] Loading Lux
[package-load] Loaded Lux
[package-load] Loading Functors
[package-load] Loaded Functors
[package-load] Loading Dates
[package-load] Loaded Dates
[package-load] Loading Serialization
[package-load] Loaded Serialization
[package-load] Including integration_AC_hpc.jl
[package-load] Loading LinearAlgebra
[package-load] Loaded LinearAlgebra
[package-load] Loading SparseArrays
[package-load] Loaded SparseArrays
[package-load] Loading Random
[package-load] Loaded Random
[package-load] Loading ComponentArrays
[package-load] Loaded ComponentArrays
[package-load] Loading LinearSolve
[package-load] Loaded LinearSolve
[package-load] Loading OrdinaryDiffEq
[package-load] Loaded OrdinaryDiffEq
[package-load] Loading OrdinaryDiffEqSDIRK
[package-load] Loaded OrdinaryDiffEqSDIRK
[package-load] Loading OrdinaryDiffEqLowOrderRK
[package-load] Loaded OrdinaryDiffEqLowOrderRK
[package-load] Loading SciMLSensitivity
[package-load] Loaded SciMLSensitivity
[package-load] Loading ADTypes
[package-load] Loaded ADTypes
[package-load] Loading Zygote
[package-load] Loaded Zygote
[package-load] Loading Enzyme
[package-load] Loaded Enzyme
[package-load] Loading Optimization
[package-load] Loaded Optimization
[package-load] Loading OptimizationOptimisers
[package-load] Loaded OptimizationOptimisers
[package-load] Loading OptimizationOptimJL
[package-load] Loaded OptimizationOptimJL
[package-load] Loading LineSearches
[package-load] Loaded LineSearches
[package-load] Loading Lux
[package-load] Loaded Lux
[package-load] Loading Functors
[package-load] Loaded Functors
[package-load] Loading Plots
[package-load] Loaded Plots
[package-load] Included integration_AC_hpc.jl
[run_rom_hpc] Loading HPC common code
[package-load] Loading LinearAlgebra
[package-load] Loaded LinearAlgebra
[package-load] Loading SparseArrays
[package-load] Loaded SparseArrays
[package-load] Loading ComponentArrays
[package-load] Loaded ComponentArrays
[package-load] Loading OrdinaryDiffEq
[package-load] Loaded OrdinaryDiffEq
[package-load] Loading OrdinaryDiffEqLowOrderRK
[package-load] Loaded OrdinaryDiffEqLowOrderRK
[package-load] Loading Optimization
[package-load] Loaded Optimization
[package-load] Loading Dates
[package-load] Loaded Dates
[run_rom_hpc] Configuring HPC runtime
Julia version: 1.12.6
Host: node01
SLURM_JOB_ID: 2574
SLURM_ARRAY_TASK_ID: none
Julia threads: 8
BLAS threads: 1
[run_rom_hpc] Building Allen-Cahn reference solution
Reference solve: N=32, Δx=0.030303030303030304, Δt=0.011478420569329661, saved_times=17
[run_rom_hpc] Building Laplacian matrix
[run_rom_hpc] Preparing ROM optimization problem
[run_rom_hpc] Prepared ROM optimization parameters
  run_name = test_variable_rom_20260704_222017
  N = 32
  L = 1.0
  ε2 = 0.01
  k = 1.0
  tfinal = 0.2
  N_obs = 8
  r = 3
  m = 3
  h = 8
  seed = 1
  reference_dt_factor = 0.25
  reference_Δx = 0.030303030303030304
  reference_Δt = 0.011478420569329661
  reference_save_count = 17
  etas = [0.001, 0.0005]
  iterations = [2, 1]
  window_T = [0.05, 0.2]
  window_N_obs = [3, 8]
  window_start_policy = SubString{String}["random", "beginning"]
  batch_size = [2, 1]
  loss_normalization = mean
  window_seed = 42
  β = (0.9, 0.99)
  warmup = false
  save_frequency = 1
  print_frequency = 1
  SLURM_JOB_ID = 2574
  SLURM_ARRAY_TASK_ID = 
[run_rom_hpc] Running ROM optimization
[run_variable_window_ROM_optimization] [2026-07-04 22:20:54] Optimization Params: eta = [0.001, 0.0005]; beta = (0.9, 0.99); N_iter = [2, 1]; window_T = [0.05, 0.2]; window_N_obs = [3, 8]; window_start_policy = SubString{String}["random", "beginning"]; batch_size = [2, 1]; loss_normalization = mean; total_iterations = 3
[run_variable_window_ROM_optimization] [2026-07-04 22:20:54] Stage 1 / 2 started: eta = 0.001; N_iter = 2; window_T = 0.05; window_N_obs = 3; window_start_policy = random; batch_size = 2
[run_variable_window_ROM_optimization] [2026-07-04 22:23:44] iteration = 1, loss = 7.195906593279939e-5, stage = 1, window_start = 0.10662358010151697, window_end = 0.15662358010151697, last iteration = 169.77 s
[run_variable_window_ROM_optimization] [2026-07-04 22:23:45] iteration = 2, loss = 6.951610643322423e-5, stage = 1, window_start = 0.07167639616003726, window_end = 0.12167639616003727, last iteration = 0.6 s
[run_variable_window_ROM_optimization] [2026-07-04 22:23:45] Stage 1 / 2 complete; validation_loss = 0.0007497890437074647; elapsed = 170.28 s
[run_variable_window_ROM_optimization] [2026-07-04 22:23:45] Stage 2 / 2 started: eta = 0.0005; N_iter = 1; window_T = 0.2; window_N_obs = 8; window_start_policy = beginning; batch_size = 1
[run_variable_window_ROM_optimization] [2026-07-04 22:23:45] iteration = 3, loss = 0.0007497890437074647, stage = 2, window_start = 0.0, window_end = 0.2, last iteration = 0.25 s
[run_variable_window_ROM_optimization] [2026-07-04 22:23:45] Stage 2 / 2 complete; validation_loss = 0.0007497890437074647; elapsed = 0.15 s
[run_rom_hpc] Saving ROM optimization data
Saved ROM output to: /home/mgantcher/Brookhaven/Research_Code/Optimization/Data/test_variable_rom_20260704_222017
Final full-trajectory loss: 0.0007497890437074647
Final training-window loss: 0.0007497890437074647
[Sat Jul  4 10:23:47 PM EDT 2026] Finished ROM training
