[Tue Jul  7 04:58:28 PM EDT 2026] Worker 1 starting FOM combination 1 / 90
Sweep file: /home/mgantcher/Brookhaven/Research_Code/Optimization/Data/Sweeps/FOM_hyperparam_opt/01_mooncake_true_hpo_90_cases.txt
Run name: FOM_true_hpo_mooncake_90_1_002_fast10m_w_1p0_1p0_1p0__obs_2_5_10__eta_0.01_0.003_0.001__b_1_1_1
Combination label: 002_fast10m_w_1p0_1p0_1p0__obs_2_5_10__eta_0.01_0.003_0.001__b_1_1_1
BATCH_SIZE=1,1,1
ETAS=0.01,0.003,0.001
H=8
ITERS=1676,2048,2608
LOSS_NORMALIZATION=mean
N=256
N_OBS=100
PRINT_FREQUENCY=250
RUN_NAME=FOM_true_hpo_mooncake_90_1_002_fast10m_w_1p0_1p0_1p0__obs_2_5_10__eta_0.01_0.003_0.001__b_1_1_1
SAVE_FREQUENCY=100000
SEED=1
SWEEP_COMBO_COUNT=90
SWEEP_COMBO_INDEX=1
SWEEP_COMBO_LABEL=002_fast10m_w_1p0_1p0_1p0__obs_2_5_10__eta_0.01_0.003_0.001__b_1_1_1
SWEEP_FILE=/home/mgantcher/Brookhaven/Research_Code/Optimization/Data/Sweeps/FOM_hyperparam_opt/01_mooncake_true_hpo_90_cases.txt
SWEEP_TARGET=fom
SWEEP_TOTAL_COUNT=90
SWEEP_WORKER_COUNT=12
SWEEP_WORKER_INDEX=1
TFINAL=2.0
WARMUP=true
WINDOW_N_OBS=2,5,10
WINDOW_SEED=1
WINDOW_START_POLICY=random,random,random
WINDOW_T=1.0,1.0,1.0
[Tue Jul  7 05:09:24 PM EDT 2026] Worker 1 finished FOM combination 1
[Tue Jul  7 05:09:24 PM EDT 2026] Worker 1 starting FOM combination 13 / 90
Sweep file: /home/mgantcher/Brookhaven/Research_Code/Optimization/Data/Sweeps/FOM_hyperparam_opt/01_mooncake_true_hpo_90_cases.txt
Run name: FOM_true_hpo_mooncake_90_13_014_fast10m_w_0p05_1p0_2p0__obs_2_5_10__eta_0.01_0.003_0.001__b_1_1_1
Combination label: 014_fast10m_w_0p05_1p0_2p0__obs_2_5_10__eta_0.01_0.003_0.001__b_1_1_1
BATCH_SIZE=1,1,1
ETAS=0.01,0.003,0.001
H=8
ITERS=2016,2048,2349
LOSS_NORMALIZATION=mean
N=256
N_OBS=100
PRINT_FREQUENCY=250
RUN_NAME=FOM_true_hpo_mooncake_90_13_014_fast10m_w_0p05_1p0_2p0__obs_2_5_10__eta_0.01_0.003_0.001__b_1_1_1
SAVE_FREQUENCY=100000
SEED=1
SWEEP_COMBO_COUNT=90
SWEEP_COMBO_INDEX=13
SWEEP_COMBO_LABEL=014_fast10m_w_0p05_1p0_2p0__obs_2_5_10__eta_0.01_0.003_0.001__b_1_1_1
SWEEP_FILE=/home/mgantcher/Brookhaven/Research_Code/Optimization/Data/Sweeps/FOM_hyperparam_opt/01_mooncake_true_hpo_90_cases.txt
SWEEP_TARGET=fom
SWEEP_TOTAL_COUNT=90
SWEEP_WORKER_COUNT=12
SWEEP_WORKER_INDEX=1
TFINAL=2.0
WARMUP=true
WINDOW_N_OBS=2,5,10
WINDOW_SEED=1
WINDOW_START_POLICY=random,random,random
WINDOW_T=0.05,1.0,2.0
[Tue Jul  7 05:19:36 PM EDT 2026] Worker 1 finished FOM combination 13
[Tue Jul  7 05:19:36 PM EDT 2026] Worker 1 starting FOM combination 25 / 90
Sweep file: /home/mgantcher/Brookhaven/Research_Code/Optimization/Data/Sweeps/FOM_hyperparam_opt/01_mooncake_true_hpo_90_cases.txt
Run name: FOM_true_hpo_mooncake_90_25_026_fast10m_w_0p05_0p5_2p0__obs_2_5_10__eta_0.01_0.003_0.001__b_1_1_1
Combination label: 026_fast10m_w_0p05_0p5_2p0__obs_2_5_10__eta_0.01_0.003_0.001__b_1_1_1
BATCH_SIZE=1,1,1
ETAS=0.01,0.003,0.001
H=8
ITERS=2016,2208,2349
LOSS_NORMALIZATION=mean
N=256
N_OBS=100
PRINT_FREQUENCY=250
RUN_NAME=FOM_true_hpo_mooncake_90_25_026_fast10m_w_0p05_0p5_2p0__obs_2_5_10__eta_0.01_0.003_0.001__b_1_1_1
SAVE_FREQUENCY=100000
SEED=1
SWEEP_COMBO_COUNT=90
SWEEP_COMBO_INDEX=25
SWEEP_COMBO_LABEL=026_fast10m_w_0p05_0p5_2p0__obs_2_5_10__eta_0.01_0.003_0.001__b_1_1_1
SWEEP_FILE=/home/mgantcher/Brookhaven/Research_Code/Optimization/Data/Sweeps/FOM_hyperparam_opt/01_mooncake_true_hpo_90_cases.txt
SWEEP_TARGET=fom
SWEEP_TOTAL_COUNT=90
SWEEP_WORKER_COUNT=12
SWEEP_WORKER_INDEX=1
TFINAL=2.0
WARMUP=true
WINDOW_N_OBS=2,5,10
WINDOW_SEED=1
WINDOW_START_POLICY=random,random,random
WINDOW_T=0.05,0.5,2.0
[Tue Jul  7 05:29:51 PM EDT 2026] Worker 1 finished FOM combination 25
[Tue Jul  7 05:29:51 PM EDT 2026] Worker 1 starting FOM combination 37 / 90
Sweep file: /home/mgantcher/Brookhaven/Research_Code/Optimization/Data/Sweeps/FOM_hyperparam_opt/01_mooncake_true_hpo_90_cases.txt
Run name: FOM_true_hpo_mooncake_90_37_038_medium30m_w_2p0_2p0_2p0__obs_5_10_25__eta_0.01_0.003_0.001__b_1_1_1
Combination label: 038_medium30m_w_2p0_2p0_2p0__obs_5_10_25__eta_0.01_0.003_0.001__b_1_1_1
BATCH_SIZE=1,1,1
ETAS=0.01,0.003,0.001
H=8
ITERS=3580,4228,4303
LOSS_NORMALIZATION=mean
N=256
N_OBS=100
PRINT_FREQUENCY=250
RUN_NAME=FOM_true_hpo_mooncake_90_37_038_medium30m_w_2p0_2p0_2p0__obs_5_10_25__eta_0.01_0.003_0.001__b_1_1_1
SAVE_FREQUENCY=100000
SEED=1
SWEEP_COMBO_COUNT=90
SWEEP_COMBO_INDEX=37
SWEEP_COMBO_LABEL=038_medium30m_w_2p0_2p0_2p0__obs_5_10_25__eta_0.01_0.003_0.001__b_1_1_1
SWEEP_FILE=/home/mgantcher/Brookhaven/Research_Code/Optimization/Data/Sweeps/FOM_hyperparam_opt/01_mooncake_true_hpo_90_cases.txt
SWEEP_TARGET=fom
SWEEP_TOTAL_COUNT=90
SWEEP_WORKER_COUNT=12
SWEEP_WORKER_INDEX=1
TFINAL=2.0
WARMUP=true
WINDOW_N_OBS=5,10,25
WINDOW_SEED=1
WINDOW_START_POLICY=random,random,random
WINDOW_T=2.0,2.0,2.0
[Tue Jul  7 06:18:38 PM EDT 2026] Worker 1 finished FOM combination 37
[Tue Jul  7 06:18:39 PM EDT 2026] Worker 1 starting FOM combination 49 / 90
Sweep file: /home/mgantcher/Brookhaven/Research_Code/Optimization/Data/Sweeps/FOM_hyperparam_opt/01_mooncake_true_hpo_90_cases.txt
Run name: FOM_true_hpo_mooncake_90_49_050_medium30m_w_0p1_1p0_2p0__obs_5_10_25__eta_0.01_0.003_0.001__b_1_1_1
Combination label: 050_medium30m_w_0p1_1p0_2p0__obs_5_10_25__eta_0.01_0.003_0.001__b_1_1_1
BATCH_SIZE=1,1,1
ETAS=0.01,0.003,0.001
H=8
ITERS=4710,4695,4303
LOSS_NORMALIZATION=mean
N=256
N_OBS=100
PRINT_FREQUENCY=250
RUN_NAME=FOM_true_hpo_mooncake_90_49_050_medium30m_w_0p1_1p0_2p0__obs_5_10_25__eta_0.01_0.003_0.001__b_1_1_1
SAVE_FREQUENCY=100000
SEED=1
SWEEP_COMBO_COUNT=90
SWEEP_COMBO_INDEX=49
SWEEP_COMBO_LABEL=050_medium30m_w_0p1_1p0_2p0__obs_5_10_25__eta_0.01_0.003_0.001__b_1_1_1
SWEEP_FILE=/home/mgantcher/Brookhaven/Research_Code/Optimization/Data/Sweeps/FOM_hyperparam_opt/01_mooncake_true_hpo_90_cases.txt
SWEEP_TARGET=fom
SWEEP_TOTAL_COUNT=90
SWEEP_WORKER_COUNT=12
SWEEP_WORKER_INDEX=1
TFINAL=2.0
WARMUP=true
WINDOW_N_OBS=5,10,25
WINDOW_SEED=1
WINDOW_START_POLICY=random,random,random
WINDOW_T=0.1,1.0,2.0
[Tue Jul  7 06:44:48 PM EDT 2026] Worker 1 finished FOM combination 49
[Tue Jul  7 06:44:48 PM EDT 2026] Worker 1 starting FOM combination 61 / 90
Sweep file: /home/mgantcher/Brookhaven/Research_Code/Optimization/Data/Sweeps/FOM_hyperparam_opt/01_mooncake_true_hpo_90_cases.txt
Run name: FOM_true_hpo_mooncake_90_61_062_batch30m_w_1p0_1p0_1p0__obs_2_5_10__eta_0.003_0.001_0.0003__b_2_2_2
Combination label: 062_batch30m_w_1p0_1p0_1p0__obs_2_5_10__eta_0.003_0.001_0.0003__b_2_2_2
BATCH_SIZE=2,2,2
ETAS=0.003,0.001,0.0003
H=8
ITERS=2515,3073,3913
LOSS_NORMALIZATION=mean
N=256
N_OBS=100
PRINT_FREQUENCY=250
RUN_NAME=FOM_true_hpo_mooncake_90_61_062_batch30m_w_1p0_1p0_1p0__obs_2_5_10__eta_0.003_0.001_0.0003__b_2_2_2
SAVE_FREQUENCY=100000
SEED=1
SWEEP_COMBO_COUNT=90
SWEEP_COMBO_INDEX=61
SWEEP_COMBO_LABEL=062_batch30m_w_1p0_1p0_1p0__obs_2_5_10__eta_0.003_0.001_0.0003__b_2_2_2
SWEEP_FILE=/home/mgantcher/Brookhaven/Research_Code/Optimization/Data/Sweeps/FOM_hyperparam_opt/01_mooncake_true_hpo_90_cases.txt
SWEEP_TARGET=fom
SWEEP_TOTAL_COUNT=90
SWEEP_WORKER_COUNT=12
SWEEP_WORKER_INDEX=1
TFINAL=2.0
WARMUP=true
WINDOW_N_OBS=2,5,10
WINDOW_SEED=1
WINDOW_START_POLICY=random,random,random
WINDOW_T=1.0,1.0,1.0
[Tue Jul  7 07:08:38 PM EDT 2026] Worker 1 finished FOM combination 61
[Tue Jul  7 07:08:38 PM EDT 2026] Worker 1 starting FOM combination 73 / 90
Sweep file: /home/mgantcher/Brookhaven/Research_Code/Optimization/Data/Sweeps/FOM_hyperparam_opt/01_mooncake_true_hpo_90_cases.txt
Run name: FOM_true_hpo_mooncake_90_73_074_batch30m_w_0p05_0p5_2p0__obs_2_5_10__eta_0.003_0.001_0.0003__b_2_2_2
Combination label: 074_batch30m_w_0p05_0p5_2p0__obs_2_5_10__eta_0.003_0.001_0.0003__b_2_2_2
BATCH_SIZE=2,2,2
ETAS=0.003,0.001,0.0003
H=8
ITERS=3025,3312,3523
LOSS_NORMALIZATION=mean
N=256
N_OBS=100
PRINT_FREQUENCY=250
RUN_NAME=FOM_true_hpo_mooncake_90_73_074_batch30m_w_0p05_0p5_2p0__obs_2_5_10__eta_0.003_0.001_0.0003__b_2_2_2
SAVE_FREQUENCY=100000
SEED=1
SWEEP_COMBO_COUNT=90
SWEEP_COMBO_INDEX=73
SWEEP_COMBO_LABEL=074_batch30m_w_0p05_0p5_2p0__obs_2_5_10__eta_0.003_0.001_0.0003__b_2_2_2
SWEEP_FILE=/home/mgantcher/Brookhaven/Research_Code/Optimization/Data/Sweeps/FOM_hyperparam_opt/01_mooncake_true_hpo_90_cases.txt
SWEEP_TARGET=fom
SWEEP_TOTAL_COUNT=90
SWEEP_WORKER_COUNT=12
SWEEP_WORKER_INDEX=1
TFINAL=2.0
WARMUP=true
WINDOW_N_OBS=2,5,10
WINDOW_SEED=1
WINDOW_START_POLICY=random,random,random
WINDOW_T=0.05,0.5,2.0
[Tue Jul  7 07:32:11 PM EDT 2026] Worker 1 finished FOM combination 73
[Tue Jul  7 07:32:11 PM EDT 2026] Worker 1 starting FOM combination 85 / 90
Sweep file: /home/mgantcher/Brookhaven/Research_Code/Optimization/Data/Sweeps/FOM_hyperparam_opt/01_mooncake_true_hpo_90_cases.txt
Run name: FOM_true_hpo_mooncake_90_85_086_long60m_w_0p1_1p0_2p0__obs_10_25_50__eta_0.003_0.001_0.0003__b_1_1_1
Combination label: 086_long60m_w_0p1_1p0_2p0__obs_10_25_50__eta_0.003_0.001_0.0003__b_1_1_1
BATCH_SIZE=1,1,1
ETAS=0.003,0.001,0.0003
H=8
ITERS=6951,5497,5218
LOSS_NORMALIZATION=mean
N=256
N_OBS=100
PRINT_FREQUENCY=250
RUN_NAME=FOM_true_hpo_mooncake_90_85_086_long60m_w_0p1_1p0_2p0__obs_10_25_50__eta_0.003_0.001_0.0003__b_1_1_1
SAVE_FREQUENCY=100000
SEED=1
SWEEP_COMBO_COUNT=90
SWEEP_COMBO_INDEX=85
SWEEP_COMBO_LABEL=086_long60m_w_0p1_1p0_2p0__obs_10_25_50__eta_0.003_0.001_0.0003__b_1_1_1
SWEEP_FILE=/home/mgantcher/Brookhaven/Research_Code/Optimization/Data/Sweeps/FOM_hyperparam_opt/01_mooncake_true_hpo_90_cases.txt
SWEEP_TARGET=fom
SWEEP_TOTAL_COUNT=90
SWEEP_WORKER_COUNT=12
SWEEP_WORKER_INDEX=1
TFINAL=2.0
WARMUP=true
WINDOW_N_OBS=10,25,50
WINDOW_SEED=1
WINDOW_START_POLICY=random,random,random
WINDOW_T=0.1,1.0,2.0
[Tue Jul  7 08:22:07 PM EDT 2026] Worker 1 finished FOM combination 85
