[Wed Jul  8 10:38:16 AM EDT 2026] Worker 5 starting FOM combination 5 / 30
Sweep file: /home/mgantcher/Brookhaven/Research_Code/Optimization/Data/Sweeps/FOM_hyperparam_opt/07_improving_on_05-25.txt
Run name: FOM_improve_05_25_mooncake_5_006_iter_double
Combination label: 006_iter_double
BATCH_SIZE=1,1,1
ETAS=0.01,0.003,0.001
H=8
ITERS=4032,4416,4698
LOSS_NORMALIZATION=mean
N=256
N_OBS=100
PRINT_FREQUENCY=250
RUN_NAME=FOM_improve_05_25_mooncake_5_006_iter_double
SAVE_FREQUENCY=100000
SEED=1
SWEEP_COMBO_COUNT=30
SWEEP_COMBO_INDEX=5
SWEEP_COMBO_LABEL=006_iter_double
SWEEP_FILE=/home/mgantcher/Brookhaven/Research_Code/Optimization/Data/Sweeps/FOM_hyperparam_opt/07_improving_on_05-25.txt
SWEEP_TARGET=fom
SWEEP_TOTAL_COUNT=30
SWEEP_WORKER_COUNT=6
SWEEP_WORKER_INDEX=5
TFINAL=2.0
WARMUP=true
WINDOW_N_OBS=2,5,10
WINDOW_SEED=1
WINDOW_START_POLICY=random,random,random
WINDOW_T=0.05,0.5,2.0
[Wed Jul  8 10:54:25 AM EDT 2026] Worker 5 finished FOM combination 5
[Wed Jul  8 10:54:25 AM EDT 2026] Worker 5 starting FOM combination 11 / 30
Sweep file: /home/mgantcher/Brookhaven/Research_Code/Optimization/Data/Sweeps/FOM_hyperparam_opt/07_improving_on_05-25.txt
Run name: FOM_improve_05_25_mooncake_11_012_window_0p05_1p0_2p0
Combination label: 012_window_0p05_1p0_2p0
BATCH_SIZE=1,1,1
ETAS=0.01,0.003,0.001
H=8
ITERS=2016,2208,2349
LOSS_NORMALIZATION=mean
N=256
N_OBS=100
PRINT_FREQUENCY=250
RUN_NAME=FOM_improve_05_25_mooncake_11_012_window_0p05_1p0_2p0
SAVE_FREQUENCY=100000
SEED=1
SWEEP_COMBO_COUNT=30
SWEEP_COMBO_INDEX=11
SWEEP_COMBO_LABEL=012_window_0p05_1p0_2p0
SWEEP_FILE=/home/mgantcher/Brookhaven/Research_Code/Optimization/Data/Sweeps/FOM_hyperparam_opt/07_improving_on_05-25.txt
SWEEP_TARGET=fom
SWEEP_TOTAL_COUNT=30
SWEEP_WORKER_COUNT=6
SWEEP_WORKER_INDEX=5
TFINAL=2.0
WARMUP=true
WINDOW_N_OBS=2,5,10
WINDOW_SEED=1
WINDOW_START_POLICY=random,random,random
WINDOW_T=0.05,1.0,2.0
[Wed Jul  8 11:04:47 AM EDT 2026] Worker 5 finished FOM combination 11
[Wed Jul  8 11:04:47 AM EDT 2026] Worker 5 starting FOM combination 17 / 30
Sweep file: /home/mgantcher/Brookhaven/Research_Code/Optimization/Data/Sweeps/FOM_hyperparam_opt/07_improving_on_05-25.txt
Run name: FOM_improve_05_25_mooncake_17_018_obs_2_5_15
Combination label: 018_obs_2_5_15
BATCH_SIZE=1,1,1
ETAS=0.01,0.003,0.001
H=8
ITERS=2016,2208,2349
LOSS_NORMALIZATION=mean
N=256
N_OBS=100
PRINT_FREQUENCY=250
RUN_NAME=FOM_improve_05_25_mooncake_17_018_obs_2_5_15
SAVE_FREQUENCY=100000
SEED=1
SWEEP_COMBO_COUNT=30
SWEEP_COMBO_INDEX=17
SWEEP_COMBO_LABEL=018_obs_2_5_15
SWEEP_FILE=/home/mgantcher/Brookhaven/Research_Code/Optimization/Data/Sweeps/FOM_hyperparam_opt/07_improving_on_05-25.txt
SWEEP_TARGET=fom
SWEEP_TOTAL_COUNT=30
SWEEP_WORKER_COUNT=6
SWEEP_WORKER_INDEX=5
TFINAL=2.0
WARMUP=true
WINDOW_N_OBS=2,5,15
WINDOW_SEED=1
WINDOW_START_POLICY=random,random,random
WINDOW_T=0.05,0.5,2.0
[Wed Jul  8 11:16:22 AM EDT 2026] Worker 5 finished FOM combination 17
[Wed Jul  8 11:16:22 AM EDT 2026] Worker 5 starting FOM combination 23 / 30
Sweep file: /home/mgantcher/Brookhaven/Research_Code/Optimization/Data/Sweeps/FOM_hyperparam_opt/07_improving_on_05-25.txt
Run name: FOM_improve_05_25_mooncake_23_024_eta_0p015_0p003_0p001
Combination label: 024_eta_0p015_0p003_0p001
BATCH_SIZE=1,1,1
ETAS=0.015,0.003,0.001
H=8
ITERS=2016,2208,2349
LOSS_NORMALIZATION=mean
N=256
N_OBS=100
PRINT_FREQUENCY=250
RUN_NAME=FOM_improve_05_25_mooncake_23_024_eta_0p015_0p003_0p001
SAVE_FREQUENCY=100000
SEED=1
SWEEP_COMBO_COUNT=30
SWEEP_COMBO_INDEX=23
SWEEP_COMBO_LABEL=024_eta_0p015_0p003_0p001
SWEEP_FILE=/home/mgantcher/Brookhaven/Research_Code/Optimization/Data/Sweeps/FOM_hyperparam_opt/07_improving_on_05-25.txt
SWEEP_TARGET=fom
SWEEP_TOTAL_COUNT=30
SWEEP_WORKER_COUNT=6
SWEEP_WORKER_INDEX=5
TFINAL=2.0
WARMUP=true
WINDOW_N_OBS=2,5,10
WINDOW_SEED=1
WINDOW_START_POLICY=random,random,random
WINDOW_T=0.05,0.5,2.0
[Wed Jul  8 11:26:53 AM EDT 2026] Worker 5 finished FOM combination 23
[Wed Jul  8 11:26:53 AM EDT 2026] Worker 5 starting FOM combination 29 / 30
Sweep file: /home/mgantcher/Brookhaven/Research_Code/Optimization/Data/Sweeps/FOM_hyperparam_opt/07_improving_on_05-25.txt
Run name: FOM_improve_05_25_mooncake_29_030_seed_4
Combination label: 030_seed_4
BATCH_SIZE=1,1,1
ETAS=0.01,0.003,0.001
H=8
ITERS=2016,2208,2349
LOSS_NORMALIZATION=mean
N=256
N_OBS=100
PRINT_FREQUENCY=250
RUN_NAME=FOM_improve_05_25_mooncake_29_030_seed_4
SAVE_FREQUENCY=100000
SEED=4
SWEEP_COMBO_COUNT=30
SWEEP_COMBO_INDEX=29
SWEEP_COMBO_LABEL=030_seed_4
SWEEP_FILE=/home/mgantcher/Brookhaven/Research_Code/Optimization/Data/Sweeps/FOM_hyperparam_opt/07_improving_on_05-25.txt
SWEEP_TARGET=fom
SWEEP_TOTAL_COUNT=30
SWEEP_WORKER_COUNT=6
SWEEP_WORKER_INDEX=5
TFINAL=2.0
WARMUP=true
WINDOW_N_OBS=2,5,10
WINDOW_SEED=4
WINDOW_START_POLICY=random,random,random
WINDOW_T=0.05,0.5,2.0
[Wed Jul  8 11:37:19 AM EDT 2026] Worker 5 finished FOM combination 29
