[Thu Jul  2 04:56:47 PM EDT 2026] Worker 11 starting FOM_VARIABLE combination 11 / 30
Sweep file: /home/mgantcher/Brookhaven/Research_Code/Optimization/Data/Sweeps/FOM_hyperparam_opt/00_timing_scaling.txt
Run name: FOM_timing_per_iter_11_window_t-0.25__window_n_obs-5
Combination label: window_t-0.25__window_n_obs-5
ETAS=1e-3
ITERS=20
N_OBS=100
PRINT_FREQUENCY=1
RUN_NAME=FOM_timing_per_iter_11_window_t-0.25__window_n_obs-5
SAVE_FREQUENCY=1
SWEEP_COMBO_COUNT=30
SWEEP_COMBO_INDEX=11
SWEEP_COMBO_LABEL=window_t-0.25__window_n_obs-5
SWEEP_FILE=/home/mgantcher/Brookhaven/Research_Code/Optimization/Data/Sweeps/FOM_hyperparam_opt/00_timing_scaling.txt
SWEEP_TARGET=fom_variable
SWEEP_TOTAL_COUNT=30
SWEEP_WORKER_COUNT=20
SWEEP_WORKER_INDEX=11
WINDOW_N_OBS=5
WINDOW_START_POLICY=random
WINDOW_T=0.25
[Thu Jul  2 04:56:47 PM EDT 2026] Starting variable-window FOM training on node09
Variable-window args: --N 256 --L 1.0 --eps2 1e-2 --k 1.0 --tfinal 2.0 --N-obs 100 --h 8 --seed 1 --reference-dt-factor 0.5 --etas 1e-3 --iters 20 --beta 0.9,0.99 --save-frequency 1 --print-frequency 1 --warmup true --window-T 0.25 --window-N-obs 5 --window-start-policy random --windows-per-iter 1 --loss-normalization mean --window-seed 1 --run-name FOM_timing_per_iter_11_window_t-0.25__window_n_obs-5
[run_variable_fom_hpc] Julia entrypoint started
[run_variable_fom_hpc] Loading variable-window FOM helper code
[package-load] Loading LinearAlgebra
[package-load] Loaded LinearAlgebra
[package-load] Loading SparseArrays
[package-load] Loaded SparseArrays
[package-load] Loading Random
[package-load] Loaded Random
[package-load] Loading ComponentArrays
[package-load] Loaded ComponentArrays
[package-load] Loading LinearSolve
[package-load] Loaded LinearSolve
[package-load] Loading OrdinaryDiffEq
[package-load] Loaded OrdinaryDiffEq
[package-load] Loading OrdinaryDiffEqSDIRK
[package-load] Loaded OrdinaryDiffEqSDIRK
[package-load] Loading OrdinaryDiffEqLowOrderRK
[package-load] Loaded OrdinaryDiffEqLowOrderRK
[package-load] Loading SciMLSensitivity
[package-load] Loaded SciMLSensitivity
[package-load] Loading ADTypes
[package-load] Loaded ADTypes
[package-load] Loading Zygote
[package-load] Loaded Zygote
[package-load] Loading Enzyme
[package-load] Loaded Enzyme
[package-load] Loading Optimization
[package-load] Loaded Optimization
[package-load] Loading OptimizationOptimisers
[package-load] Loaded OptimizationOptimisers
[package-load] Loading OptimizationOptimJL
[package-load] Loaded OptimizationOptimJL
[package-load] Loading LineSearches
[package-load] Loaded LineSearches
[package-load] Loading Lux
[package-load] Loaded Lux
[package-load] Loading Functors
[package-load] Loaded Functors
[package-load] Loading Plots
[package-load] Loaded Plots
[package-load] Loading Dates
[package-load] Loaded Dates
[package-load] Loading Serialization
[package-load] Loaded Serialization
[package-load] Including integration_AC_hpc.jl
[package-load] Loading LinearAlgebra
[package-load] Loaded LinearAlgebra
[package-load] Loading SparseArrays
[package-load] Loaded SparseArrays
[package-load] Loading Random
[package-load] Loaded Random
[package-load] Loading ComponentArrays
[package-load] Loaded ComponentArrays
[package-load] Loading LinearSolve
[package-load] Loaded LinearSolve
[package-load] Loading OrdinaryDiffEq
[package-load] Loaded OrdinaryDiffEq
[package-load] Loading OrdinaryDiffEqSDIRK
[package-load] Loaded OrdinaryDiffEqSDIRK
[package-load] Loading OrdinaryDiffEqLowOrderRK
[package-load] Loaded OrdinaryDiffEqLowOrderRK
[package-load] Loading SciMLSensitivity
[package-load] Loaded SciMLSensitivity
[package-load] Loading ADTypes
[package-load] Loaded ADTypes
[package-load] Loading Zygote
[package-load] Loaded Zygote
[package-load] Loading Enzyme
[package-load] Loaded Enzyme
[package-load] Loading Optimization
[package-load] Loaded Optimization
[package-load] Loading OptimizationOptimisers
[package-load] Loaded OptimizationOptimisers
[package-load] Loading OptimizationOptimJL
[package-load] Loaded OptimizationOptimJL
[package-load] Loading LineSearches
[package-load] Loaded LineSearches
[package-load] Loading Lux
[package-load] Loaded Lux
[package-load] Loading Functors
[package-load] Loaded Functors
[package-load] Loading Plots
[package-load] Loaded Plots
[package-load] Included integration_AC_hpc.jl
[run_variable_fom_hpc] Loading HPC common code
[package-load] Loading LinearAlgebra
[package-load] Loaded LinearAlgebra
[package-load] Loading SparseArrays
[package-load] Loaded SparseArrays
[package-load] Loading ComponentArrays
[package-load] Loaded ComponentArrays
[package-load] Loading OrdinaryDiffEq
[package-load] Loaded OrdinaryDiffEq
[package-load] Loading OrdinaryDiffEqLowOrderRK
[package-load] Loaded OrdinaryDiffEqLowOrderRK
[package-load] Loading Optimization
[package-load] Loaded Optimization
[package-load] Loading Dates
[package-load] Loaded Dates
[run_variable_fom_hpc] Configuring HPC runtime
Julia version: 1.12.6
Host: node09
SLURM_JOB_ID: 2553
SLURM_ARRAY_TASK_ID: 11
Julia threads: 8
BLAS threads: 1
[run_variable_fom_hpc] Building Allen-Cahn reference solution
Reference solve: N=256, Δx=0.0038910505836575876, Δt=0.0003785068661145513, saved_times=5283
[run_variable_fom_hpc] Preparing FOM optimization problem
[run_variable_fom_hpc] Prepared variable-window FOM optimization parameters
  run_name = FOM_timing_per_iter_11_window_t-0.25__window_n_obs-5
  N = 256
  L = 1.0
  ε2 = 0.01
  k = 1.0
  tfinal = 2.0
  N_obs = 100
  h = 8
  seed = 1
  reference_dt_factor = 0.5
  reference_Δx = 0.0038910505836575876
  reference_Δt = 0.0003785068661145513
  reference_save_count = 5283
  etas = [0.001]
  iterations = [20]
  β = (0.9, 0.99)
  warmup = true
  save_frequency = 1
  print_frequency = 1
  window_T = [0.25]
  window_N_obs = [5]
  window_start_policy = SubString{String}["random"]
  windows_per_iter = [1]
  loss_normalization = mean
  window_seed = 1
  SLURM_JOB_ID = 2553
  SLURM_ARRAY_TASK_ID = 11
[run_variable_fom_hpc] Running variable-window FOM optimization
[run_variable_window_optimization] [2026-07-02 16:57:27] Optimization Params: eta = [0.001]; beta = (0.9, 0.99); N_iter = [20]; WINDOW_T = [0.25]; WINDOW_N_OBS = [5]; WINDOW_START_POLICY = ["random"]; WINDOWS_PER_ITER = [1]; loss_normalization = mean; total_iterations = 20; save_frequency = 1; print_frequency = 1; warmup = true
[run_variable_window_optimization] [2026-07-02 16:57:27] Warming up
[run_variable_window_optimization] [2026-07-02 16:59:05] Warmup complete
[run_variable_window_optimization] [2026-07-02 16:59:05] Beginning variable-window optimization
[run_variable_window_optimization] [2026-07-02 16:59:05] Stage 1 / 1 started: eta = 0.001; N_iter = 20; WINDOW_T = 0.25; WINDOW_N_OBS = 5; WINDOW_START_POLICY = random; WINDOWS_PER_ITER = 1
[run_variable_window_optimization] [2026-07-02 16:59:08] iteration = 1, loss = 0.003332442496624818, stage = 1, window_start = 0.17349447741261442, window_end = 0.4234944774126144, last iteration = 101.21 s
[run_variable_window_optimization] [2026-07-02 16:59:10] iteration = 2, loss = 0.003677307931798516, stage = 1, window_start = 1.2284644993039198, window_end = 1.4784644993039198, last iteration = 1.78 s
[run_variable_window_optimization] [2026-07-02 16:59:11] iteration = 3, loss = 0.0034867463082658007, stage = 1, window_start = 0.880708125223248, window_end = 1.130708125223248, last iteration = 1.12 s
[run_variable_window_optimization] [2026-07-02 16:59:12] iteration = 4, loss = 0.0034829370771509763, stage = 1, window_start = 1.5327221092873198, window_end = 1.7827221092873198, last iteration = 1.21 s
[run_variable_window_optimization] [2026-07-02 16:59:13] iteration = 5, loss = 0.0033822448210451784, stage = 1, window_start = 1.6685644707803533, window_end = 1.9185644707803533, last iteration = 1.07 s
[run_variable_window_optimization] [2026-07-02 16:59:14] iteration = 6, loss = 0.0031519710463661587, stage = 1, window_start = 0.8886684993481242, window_end = 1.1386684993481242, last iteration = 1.04 s
[run_variable_window_optimization] [2026-07-02 16:59:15] iteration = 7, loss = 0.003134616051894581, stage = 1, window_start = 1.3820645362342705, window_end = 1.6320645362342705, last iteration = 1.03 s
[run_variable_window_optimization] [2026-07-02 16:59:16] iteration = 8, loss = 0.0025250478396097267, stage = 1, window_start = 0.12469473206926379, window_end = 0.3746947320692638, last iteration = 1.05 s
[run_variable_window_optimization] [2026-07-02 16:59:17] iteration = 9, loss = 0.0025359896722689772, stage = 1, window_start = 0.24216163820130143, window_end = 0.49216163820130143, last iteration = 1.02 s
[run_variable_window_optimization] [2026-07-02 16:59:18] iteration = 10, loss = 0.002677961793945546, stage = 1, window_start = 0.6880810648630931, window_end = 0.9380810648630931, last iteration = 1.05 s
[run_variable_window_optimization] [2026-07-02 16:59:19] iteration = 11, loss = 0.0023968038592548416, stage = 1, window_start = 0.31103209751210237, window_end = 0.5610320975121024, last iteration = 0.99 s
[run_variable_window_optimization] [2026-07-02 16:59:21] iteration = 12, loss = 0.0026438127094993375, stage = 1, window_start = 1.4772742983825904, window_end = 1.7272742983825904, last iteration = 1.07 s
[run_variable_window_optimization] [2026-07-02 16:59:22] iteration = 13, loss = 0.00254683014562031, stage = 1, window_start = 1.4390197618994147, window_end = 1.6890197618994147, last iteration = 1.01 s
[run_variable_window_optimization] [2026-07-02 16:59:23] iteration = 14, loss = 0.0024806892532010377, stage = 1, window_start = 1.7139876697384187, window_end = 1.9639876697384187, last iteration = 1.09 s
[run_variable_window_optimization] [2026-07-02 16:59:24] iteration = 15, loss = 0.0023924797653220053, stage = 1, window_start = 1.7184270646034503, window_end = 1.9684270646034503, last iteration = 0.97 s
[run_variable_window_optimization] [2026-07-02 16:59:25] iteration = 16, loss = 0.002306359159644098, stage = 1, window_start = 1.720110247703596, window_end = 1.970110247703596, last iteration = 1.05 s
[run_variable_window_optimization] [2026-07-02 16:59:26] iteration = 17, loss = 0.0021165851829930494, stage = 1, window_start = 0.9165173348898861, window_end = 1.166517334889886, last iteration = 1.01 s
[run_variable_window_optimization] [2026-07-02 16:59:27] iteration = 18, loss = 0.002056837293845199, stage = 1, window_start = 1.0163941304997075, window_end = 1.2663941304997075, last iteration = 1.05 s
[run_variable_window_optimization] [2026-07-02 16:59:28] iteration = 19, loss = 0.0016743532939879203, stage = 1, window_start = 0.22008119927260006, window_end = 0.47008119927260006, last iteration = 1.0 s
[run_variable_window_optimization] [2026-07-02 16:59:29] iteration = 20, loss = 0.0016317588933353363, stage = 1, window_start = 0.2620154929653627, window_end = 0.5120154929653626, last iteration = 1.05 s
[run_variable_window_optimization] [2026-07-02 16:59:30] Stage 1 / 1 complete; validation_loss = 0.03826422673330097; elapsed = 24.54 s
[run_variable_fom_hpc] Saving variable-window FOM optimization data
Saved variable-window FOM output to: /home/mgantcher/Brookhaven/Research_Code/Optimization/Data/FOM_timing_per_iter_11_window_t-0.25__window_n_obs-5
Final full-trajectory loss: 0.03826422673330097
Final training-window loss: 0.0016317588933353363
[Thu Jul  2 04:59:31 PM EDT 2026] Finished variable-window FOM training
[Thu Jul  2 04:59:31 PM EDT 2026] Worker 11 finished FOM_VARIABLE combination 11
