[Thu Jul  2 04:50:45 PM EDT 2026] Worker 5 starting FOM_VARIABLE combination 5 / 30
Sweep file: /home/mgantcher/Brookhaven/Research_Code/Optimization/Data/Sweeps/FOM_hyperparam_opt/00_timing_scaling.txt
Run name: FOM_timing_per_iter_5_window_t-0.1__window_n_obs-2
Combination label: window_t-0.1__window_n_obs-2
ETAS=1e-3
ITERS=20
N_OBS=100
PRINT_FREQUENCY=1
RUN_NAME=FOM_timing_per_iter_5_window_t-0.1__window_n_obs-2
SAVE_FREQUENCY=1
SWEEP_COMBO_COUNT=30
SWEEP_COMBO_INDEX=5
SWEEP_COMBO_LABEL=window_t-0.1__window_n_obs-2
SWEEP_FILE=/home/mgantcher/Brookhaven/Research_Code/Optimization/Data/Sweeps/FOM_hyperparam_opt/00_timing_scaling.txt
SWEEP_TARGET=fom_variable
SWEEP_TOTAL_COUNT=30
SWEEP_WORKER_COUNT=20
SWEEP_WORKER_INDEX=5
WINDOW_N_OBS=2
WINDOW_START_POLICY=random
WINDOW_T=0.1
[Thu Jul  2 04:50:45 PM EDT 2026] Starting variable-window FOM training on node04
Variable-window args: --N 256 --L 1.0 --eps2 1e-2 --k 1.0 --tfinal 2.0 --N-obs 100 --h 8 --seed 1 --reference-dt-factor 0.5 --etas 1e-3 --iters 20 --beta 0.9,0.99 --save-frequency 1 --print-frequency 1 --warmup true --window-T 0.1 --window-N-obs 2 --window-start-policy random --windows-per-iter 1 --loss-normalization mean --window-seed 1 --run-name FOM_timing_per_iter_5_window_t-0.1__window_n_obs-2
[run_variable_fom_hpc] Julia entrypoint started
[run_variable_fom_hpc] Loading variable-window FOM helper code
[package-load] Loading LinearAlgebra
[package-load] Loaded LinearAlgebra
[package-load] Loading SparseArrays
[package-load] Loaded SparseArrays
[package-load] Loading Random
[package-load] Loaded Random
[package-load] Loading ComponentArrays
[package-load] Loaded ComponentArrays
[package-load] Loading LinearSolve
[package-load] Loaded LinearSolve
[package-load] Loading OrdinaryDiffEq
[package-load] Loaded OrdinaryDiffEq
[package-load] Loading OrdinaryDiffEqSDIRK
[package-load] Loaded OrdinaryDiffEqSDIRK
[package-load] Loading OrdinaryDiffEqLowOrderRK
[package-load] Loaded OrdinaryDiffEqLowOrderRK
[package-load] Loading SciMLSensitivity
[package-load] Loaded SciMLSensitivity
[package-load] Loading ADTypes
[package-load] Loaded ADTypes
[package-load] Loading Zygote
[package-load] Loaded Zygote
[package-load] Loading Enzyme
[package-load] Loaded Enzyme
[package-load] Loading Optimization
[package-load] Loaded Optimization
[package-load] Loading OptimizationOptimisers
[package-load] Loaded OptimizationOptimisers
[package-load] Loading OptimizationOptimJL
[package-load] Loaded OptimizationOptimJL
[package-load] Loading LineSearches
[package-load] Loaded LineSearches
[package-load] Loading Lux
[package-load] Loaded Lux
[package-load] Loading Functors
[package-load] Loaded Functors
[package-load] Loading Plots
[package-load] Loaded Plots
[package-load] Loading Dates
[package-load] Loaded Dates
[package-load] Loading Serialization
[package-load] Loaded Serialization
[package-load] Including integration_AC_hpc.jl
[package-load] Loading LinearAlgebra
[package-load] Loaded LinearAlgebra
[package-load] Loading SparseArrays
[package-load] Loaded SparseArrays
[package-load] Loading Random
[package-load] Loaded Random
[package-load] Loading ComponentArrays
[package-load] Loaded ComponentArrays
[package-load] Loading LinearSolve
[package-load] Loaded LinearSolve
[package-load] Loading OrdinaryDiffEq
[package-load] Loaded OrdinaryDiffEq
[package-load] Loading OrdinaryDiffEqSDIRK
[package-load] Loaded OrdinaryDiffEqSDIRK
[package-load] Loading OrdinaryDiffEqLowOrderRK
[package-load] Loaded OrdinaryDiffEqLowOrderRK
[package-load] Loading SciMLSensitivity
[package-load] Loaded SciMLSensitivity
[package-load] Loading ADTypes
[package-load] Loaded ADTypes
[package-load] Loading Zygote
[package-load] Loaded Zygote
[package-load] Loading Enzyme
[package-load] Loaded Enzyme
[package-load] Loading Optimization
[package-load] Loaded Optimization
[package-load] Loading OptimizationOptimisers
[package-load] Loaded OptimizationOptimisers
[package-load] Loading OptimizationOptimJL
[package-load] Loaded OptimizationOptimJL
[package-load] Loading LineSearches
[package-load] Loaded LineSearches
[package-load] Loading Lux
[package-load] Loaded Lux
[package-load] Loading Functors
[package-load] Loaded Functors
[package-load] Loading Plots
[package-load] Loaded Plots
[package-load] Included integration_AC_hpc.jl
[run_variable_fom_hpc] Loading HPC common code
[package-load] Loading LinearAlgebra
[package-load] Loaded LinearAlgebra
[package-load] Loading SparseArrays
[package-load] Loaded SparseArrays
[package-load] Loading ComponentArrays
[package-load] Loaded ComponentArrays
[package-load] Loading OrdinaryDiffEq
[package-load] Loaded OrdinaryDiffEq
[package-load] Loading OrdinaryDiffEqLowOrderRK
[package-load] Loaded OrdinaryDiffEqLowOrderRK
[package-load] Loading Optimization
[package-load] Loaded Optimization
[package-load] Loading Dates
[package-load] Loaded Dates
[run_variable_fom_hpc] Configuring HPC runtime
Julia version: 1.12.6
Host: node04
SLURM_JOB_ID: 2547
SLURM_ARRAY_TASK_ID: 5
Julia threads: 8
BLAS threads: 1
[run_variable_fom_hpc] Building Allen-Cahn reference solution
Reference solve: N=256, Δx=0.0038910505836575876, Δt=0.0003785068661145513, saved_times=5283
[run_variable_fom_hpc] Preparing FOM optimization problem
[run_variable_fom_hpc] Prepared variable-window FOM optimization parameters
  run_name = FOM_timing_per_iter_5_window_t-0.1__window_n_obs-2
  N = 256
  L = 1.0
  ε2 = 0.01
  k = 1.0
  tfinal = 2.0
  N_obs = 100
  h = 8
  seed = 1
  reference_dt_factor = 0.5
  reference_Δx = 0.0038910505836575876
  reference_Δt = 0.0003785068661145513
  reference_save_count = 5283
  etas = [0.001]
  iterations = [20]
  β = (0.9, 0.99)
  warmup = true
  save_frequency = 1
  print_frequency = 1
  window_T = [0.1]
  window_N_obs = [2]
  window_start_policy = SubString{String}["random"]
  windows_per_iter = [1]
  loss_normalization = mean
  window_seed = 1
  SLURM_JOB_ID = 2547
  SLURM_ARRAY_TASK_ID = 5
[run_variable_fom_hpc] Running variable-window FOM optimization
[run_variable_window_optimization] [2026-07-02 16:51:30] Optimization Params: eta = [0.001]; beta = (0.9, 0.99); N_iter = [20]; WINDOW_T = [0.1]; WINDOW_N_OBS = [2]; WINDOW_START_POLICY = ["random"]; WINDOWS_PER_ITER = [1]; loss_normalization = mean; total_iterations = 20; save_frequency = 1; print_frequency = 1; warmup = true
[run_variable_window_optimization] [2026-07-02 16:51:30] Warming up
[run_variable_window_optimization] [2026-07-02 16:53:06] Warmup complete
[run_variable_window_optimization] [2026-07-02 16:53:06] Beginning variable-window optimization
[run_variable_window_optimization] [2026-07-02 16:53:06] Stage 1 / 1 started: eta = 0.001; N_iter = 20; WINDOW_T = 0.1; WINDOW_N_OBS = 2; WINDOW_START_POLICY = random; WINDOWS_PER_ITER = 1
[run_variable_window_optimization] [2026-07-02 16:53:08] iteration = 1, loss = 0.0008375246667623133, stage = 1, window_start = 0.18836543261940994, window_end = 0.28836543261940994, last iteration = 98.53 s
[run_variable_window_optimization] [2026-07-02 16:53:10] iteration = 2, loss = 0.0009278931060972094, stage = 1, window_start = 1.333761456387113, window_end = 1.433761456387113, last iteration = 1.38 s
[run_variable_window_optimization] [2026-07-02 16:53:10] iteration = 3, loss = 0.0008804332913053421, stage = 1, window_start = 0.9561973930995263, window_end = 1.0561973930995263, last iteration = 0.7 s
[run_variable_window_optimization] [2026-07-02 16:53:11] iteration = 4, loss = 0.0008775730625913596, stage = 1, window_start = 1.6640982900833758, window_end = 1.764098290083376, last iteration = 0.81 s
[run_variable_window_optimization] [2026-07-02 16:53:12] iteration = 5, loss = 0.0008516366919421322, stage = 1, window_start = 1.8115842825615265, window_end = 1.9115842825615266, last iteration = 0.62 s
[run_variable_window_optimization] [2026-07-02 16:53:13] iteration = 6, loss = 0.0007953748784218319, stage = 1, window_start = 0.9648400850065348, window_end = 1.064840085006535, last iteration = 0.83 s
[run_variable_window_optimization] [2026-07-02 16:53:13] iteration = 7, loss = 0.0007895298309582284, stage = 1, window_start = 1.5005272107686365, window_end = 1.6005272107686366, last iteration = 0.58 s
[run_variable_window_optimization] [2026-07-02 16:53:14] iteration = 8, loss = 0.0006313911361525214, stage = 1, window_start = 0.13538285196091496, window_end = 0.23538285196091496, last iteration = 0.87 s
[run_variable_window_optimization] [2026-07-02 16:53:15] iteration = 9, loss = 0.0006378807515601596, stage = 1, window_start = 0.26291835004712727, window_end = 0.36291835004712725, last iteration = 0.58 s
[run_variable_window_optimization] [2026-07-02 16:53:15] iteration = 10, loss = 0.0006757593543593529, stage = 1, window_start = 0.7470594418513582, window_end = 0.8470594418513582, last iteration = 0.82 s
[run_variable_window_optimization] [2026-07-02 16:53:16] iteration = 11, loss = 0.0006037847651409657, stage = 1, window_start = 0.33769199158456825, window_end = 0.4376919915845683, last iteration = 0.57 s
[run_variable_window_optimization] [2026-07-02 16:53:17] iteration = 12, loss = 0.0006650918926495126, stage = 1, window_start = 1.6038978096725267, window_end = 1.7038978096725268, last iteration = 0.81 s
[run_variable_window_optimization] [2026-07-02 16:53:17] iteration = 13, loss = 0.000640718248536064, stage = 1, window_start = 1.5623643129193645, window_end = 1.6623643129193646, last iteration = 0.56 s
[run_variable_window_optimization] [2026-07-02 16:53:18] iteration = 14, loss = 0.0006233794950197157, stage = 1, window_start = 1.8609008985731401, window_end = 1.9609008985731402, last iteration = 0.8 s
[run_variable_window_optimization] [2026-07-02 16:53:19] iteration = 15, loss = 0.0006011496429181276, stage = 1, window_start = 1.8657208129980318, window_end = 1.965720812998032, last iteration = 0.56 s
[run_variable_window_optimization] [2026-07-02 16:53:19] iteration = 16, loss = 0.0005794709651710595, stage = 1, window_start = 1.8675482689353329, window_end = 1.967548268935333, last iteration = 0.72 s
[run_variable_window_optimization] [2026-07-02 16:53:20] iteration = 17, loss = 0.0005337648124880986, stage = 1, window_start = 0.9950759635947334, window_end = 1.0950759635947334, last iteration = 0.53 s
[run_variable_window_optimization] [2026-07-02 16:53:21] iteration = 18, loss = 0.0005184904269270652, stage = 1, window_start = 1.1035136273996824, window_end = 1.2035136273996825, last iteration = 0.72 s
[run_variable_window_optimization] [2026-07-02 16:53:21] iteration = 19, loss = 0.00042090766650029, stage = 1, window_start = 0.23894530206739434, window_end = 0.33894530206739437, last iteration = 0.55 s
[run_variable_window_optimization] [2026-07-02 16:53:22] iteration = 20, loss = 0.00041095827313516054, stage = 1, window_start = 0.2844739637909652, window_end = 0.3844739637909652, last iteration = 0.72 s
[run_variable_window_optimization] [2026-07-02 16:53:23] Stage 1 / 1 complete; validation_loss = 0.03841543725706102; elapsed = 16.63 s
[run_variable_fom_hpc] Saving variable-window FOM optimization data
Saved variable-window FOM output to: /home/mgantcher/Brookhaven/Research_Code/Optimization/Data/FOM_timing_per_iter_5_window_t-0.1__window_n_obs-2
Final full-trajectory loss: 0.03841543725706102
Final training-window loss: 0.00041095827313516054
[Thu Jul  2 04:53:24 PM EDT 2026] Finished variable-window FOM training
[Thu Jul  2 04:53:24 PM EDT 2026] Worker 5 finished FOM_VARIABLE combination 5
[Thu Jul  2 04:53:24 PM EDT 2026] Worker 5 starting FOM_VARIABLE combination 25 / 30
Sweep file: /home/mgantcher/Brookhaven/Research_Code/Optimization/Data/Sweeps/FOM_hyperparam_opt/00_timing_scaling.txt
Run name: FOM_timing_per_iter_25_window_t-2.0__window_n_obs-2
Combination label: window_t-2.0__window_n_obs-2
ETAS=1e-3
ITERS=20
N_OBS=100
PRINT_FREQUENCY=1
RUN_NAME=FOM_timing_per_iter_25_window_t-2.0__window_n_obs-2
SAVE_FREQUENCY=1
SWEEP_COMBO_COUNT=30
SWEEP_COMBO_INDEX=25
SWEEP_COMBO_LABEL=window_t-2.0__window_n_obs-2
SWEEP_FILE=/home/mgantcher/Brookhaven/Research_Code/Optimization/Data/Sweeps/FOM_hyperparam_opt/00_timing_scaling.txt
SWEEP_TARGET=fom_variable
SWEEP_TOTAL_COUNT=30
SWEEP_WORKER_COUNT=20
SWEEP_WORKER_INDEX=5
WINDOW_N_OBS=2
WINDOW_START_POLICY=random
WINDOW_T=2.0
[Thu Jul  2 04:53:24 PM EDT 2026] Starting variable-window FOM training on node04
Variable-window args: --N 256 --L 1.0 --eps2 1e-2 --k 1.0 --tfinal 2.0 --N-obs 100 --h 8 --seed 1 --reference-dt-factor 0.5 --etas 1e-3 --iters 20 --beta 0.9,0.99 --save-frequency 1 --print-frequency 1 --warmup true --window-T 2.0 --window-N-obs 2 --window-start-policy random --windows-per-iter 1 --loss-normalization mean --window-seed 1 --run-name FOM_timing_per_iter_25_window_t-2.0__window_n_obs-2
[run_variable_fom_hpc] Julia entrypoint started
[run_variable_fom_hpc] Loading variable-window FOM helper code
[package-load] Loading LinearAlgebra
[package-load] Loaded LinearAlgebra
[package-load] Loading SparseArrays
[package-load] Loaded SparseArrays
[package-load] Loading Random
[package-load] Loaded Random
[package-load] Loading ComponentArrays
[package-load] Loaded ComponentArrays
[package-load] Loading LinearSolve
[package-load] Loaded LinearSolve
[package-load] Loading OrdinaryDiffEq
[package-load] Loaded OrdinaryDiffEq
[package-load] Loading OrdinaryDiffEqSDIRK
[package-load] Loaded OrdinaryDiffEqSDIRK
[package-load] Loading OrdinaryDiffEqLowOrderRK
[package-load] Loaded OrdinaryDiffEqLowOrderRK
[package-load] Loading SciMLSensitivity
[package-load] Loaded SciMLSensitivity
[package-load] Loading ADTypes
[package-load] Loaded ADTypes
[package-load] Loading Zygote
[package-load] Loaded Zygote
[package-load] Loading Enzyme
[package-load] Loaded Enzyme
[package-load] Loading Optimization
[package-load] Loaded Optimization
[package-load] Loading OptimizationOptimisers
[package-load] Loaded OptimizationOptimisers
[package-load] Loading OptimizationOptimJL
[package-load] Loaded OptimizationOptimJL
[package-load] Loading LineSearches
[package-load] Loaded LineSearches
[package-load] Loading Lux
[package-load] Loaded Lux
[package-load] Loading Functors
[package-load] Loaded Functors
[package-load] Loading Plots
[package-load] Loaded Plots
[package-load] Loading Dates
[package-load] Loaded Dates
[package-load] Loading Serialization
[package-load] Loaded Serialization
[package-load] Including integration_AC_hpc.jl
[package-load] Loading LinearAlgebra
[package-load] Loaded LinearAlgebra
[package-load] Loading SparseArrays
[package-load] Loaded SparseArrays
[package-load] Loading Random
[package-load] Loaded Random
[package-load] Loading ComponentArrays
[package-load] Loaded ComponentArrays
[package-load] Loading LinearSolve
[package-load] Loaded LinearSolve
[package-load] Loading OrdinaryDiffEq
[package-load] Loaded OrdinaryDiffEq
[package-load] Loading OrdinaryDiffEqSDIRK
[package-load] Loaded OrdinaryDiffEqSDIRK
[package-load] Loading OrdinaryDiffEqLowOrderRK
[package-load] Loaded OrdinaryDiffEqLowOrderRK
[package-load] Loading SciMLSensitivity
[package-load] Loaded SciMLSensitivity
[package-load] Loading ADTypes
[package-load] Loaded ADTypes
[package-load] Loading Zygote
[package-load] Loaded Zygote
[package-load] Loading Enzyme
[package-load] Loaded Enzyme
[package-load] Loading Optimization
[package-load] Loaded Optimization
[package-load] Loading OptimizationOptimisers
[package-load] Loaded OptimizationOptimisers
[package-load] Loading OptimizationOptimJL
[package-load] Loaded OptimizationOptimJL
[package-load] Loading LineSearches
[package-load] Loaded LineSearches
[package-load] Loading Lux
[package-load] Loaded Lux
[package-load] Loading Functors
[package-load] Loaded Functors
[package-load] Loading Plots
[package-load] Loaded Plots
[package-load] Included integration_AC_hpc.jl
[run_variable_fom_hpc] Loading HPC common code
[package-load] Loading LinearAlgebra
[package-load] Loaded LinearAlgebra
[package-load] Loading SparseArrays
[package-load] Loaded SparseArrays
[package-load] Loading ComponentArrays
[package-load] Loaded ComponentArrays
[package-load] Loading OrdinaryDiffEq
[package-load] Loaded OrdinaryDiffEq
[package-load] Loading OrdinaryDiffEqLowOrderRK
[package-load] Loaded OrdinaryDiffEqLowOrderRK
[package-load] Loading Optimization
[package-load] Loaded Optimization
[package-load] Loading Dates
[package-load] Loaded Dates
[run_variable_fom_hpc] Configuring HPC runtime
Julia version: 1.12.6
Host: node04
SLURM_JOB_ID: 2547
SLURM_ARRAY_TASK_ID: 5
Julia threads: 8
BLAS threads: 1
[run_variable_fom_hpc] Building Allen-Cahn reference solution
Reference solve: N=256, Δx=0.0038910505836575876, Δt=0.0003785068661145513, saved_times=5283
[run_variable_fom_hpc] Preparing FOM optimization problem
[run_variable_fom_hpc] Prepared variable-window FOM optimization parameters
  run_name = FOM_timing_per_iter_25_window_t-2.0__window_n_obs-2
  N = 256
  L = 1.0
  ε2 = 0.01
  k = 1.0
  tfinal = 2.0
  N_obs = 100
  h = 8
  seed = 1
  reference_dt_factor = 0.5
  reference_Δx = 0.0038910505836575876
  reference_Δt = 0.0003785068661145513
  reference_save_count = 5283
  etas = [0.001]
  iterations = [20]
  β = (0.9, 0.99)
  warmup = true
  save_frequency = 1
  print_frequency = 1
  window_T = [2.0]
  window_N_obs = [2]
  window_start_policy = SubString{String}["random"]
  windows_per_iter = [1]
  loss_normalization = mean
  window_seed = 1
  SLURM_JOB_ID = 2547
  SLURM_ARRAY_TASK_ID = 5
[run_variable_fom_hpc] Running variable-window FOM optimization
[run_variable_window_optimization] [2026-07-02 16:54:05] Optimization Params: eta = [0.001]; beta = (0.9, 0.99); N_iter = [20]; WINDOW_T = [2.0]; WINDOW_N_OBS = [2]; WINDOW_START_POLICY = ["random"]; WINDOWS_PER_ITER = [1]; loss_normalization = mean; total_iterations = 20; save_frequency = 1; print_frequency = 1; warmup = true
[run_variable_window_optimization] [2026-07-02 16:54:05] Warming up
[run_variable_window_optimization] [2026-07-02 16:55:45] Warmup complete
[run_variable_window_optimization] [2026-07-02 16:55:45] Beginning variable-window optimization
[run_variable_window_optimization] [2026-07-02 16:55:45] Stage 1 / 1 started: eta = 0.001; N_iter = 20; WINDOW_T = 2.0; WINDOW_N_OBS = 2; WINDOW_START_POLICY = random; WINDOWS_PER_ITER = 1
[run_variable_window_optimization] [2026-07-02 16:55:49] iteration = 1, loss = 0.10407370165066189, stage = 1, window_start = 0.0, window_end = 2.0, last iteration = 104.39 s
[run_variable_window_optimization] [2026-07-02 16:55:52] iteration = 2, loss = 0.10120641829531174, stage = 1, window_start = 0.0, window_end = 2.0, last iteration = 2.6 s
[run_variable_window_optimization] [2026-07-02 16:55:53] iteration = 3, loss = 0.09835729705818738, stage = 1, window_start = 0.0, window_end = 2.0, last iteration = 1.89 s
[run_variable_window_optimization] [2026-07-02 16:55:55] iteration = 4, loss = 0.09553157292327438, stage = 1, window_start = 0.0, window_end = 2.0, last iteration = 2.0 s
[run_variable_window_optimization] [2026-07-02 16:55:57] iteration = 5, loss = 0.09273615931464907, stage = 1, window_start = 0.0, window_end = 2.0, last iteration = 1.93 s
[run_variable_window_optimization] [2026-07-02 16:55:59] iteration = 6, loss = 0.08997740509711934, stage = 1, window_start = 0.0, window_end = 2.0, last iteration = 1.96 s
[run_variable_window_optimization] [2026-07-02 16:56:01] iteration = 7, loss = 0.08726073085332084, stage = 1, window_start = 0.0, window_end = 2.0, last iteration = 1.96 s
[run_variable_window_optimization] [2026-07-02 16:56:03] iteration = 8, loss = 0.08458996098344855, stage = 1, window_start = 0.0, window_end = 2.0, last iteration = 2.03 s
[run_variable_window_optimization] [2026-07-02 16:56:05] iteration = 9, loss = 0.08196913419530671, stage = 1, window_start = 0.0, window_end = 2.0, last iteration = 1.98 s
[run_variable_window_optimization] [2026-07-02 16:56:07] iteration = 10, loss = 0.079404935151346, stage = 1, window_start = 0.0, window_end = 2.0, last iteration = 2.11 s
[run_variable_window_optimization] [2026-07-02 16:56:09] iteration = 11, loss = 0.07690155147368384, stage = 1, window_start = 0.0, window_end = 2.0, last iteration = 1.98 s
[run_variable_window_optimization] [2026-07-02 16:56:11] iteration = 12, loss = 0.07445032201942153, stage = 1, window_start = 0.0, window_end = 2.0, last iteration = 2.02 s
[run_variable_window_optimization] [2026-07-02 16:56:13] iteration = 13, loss = 0.07206688872082795, stage = 1, window_start = 0.0, window_end = 2.0, last iteration = 1.63 s
[run_variable_window_optimization] [2026-07-02 16:56:15] iteration = 14, loss = 0.06974233657562133, stage = 1, window_start = 0.0, window_end = 2.0, last iteration = 1.66 s
[run_variable_window_optimization] [2026-07-02 16:56:17] iteration = 15, loss = 0.0674754789263407, stage = 1, window_start = 0.0, window_end = 2.0, last iteration = 1.85 s
[run_variable_window_optimization] [2026-07-02 16:56:19] iteration = 16, loss = 0.06526294973978768, stage = 1, window_start = 0.0, window_end = 2.0, last iteration = 1.97 s
[run_variable_window_optimization] [2026-07-02 16:56:20] iteration = 17, loss = 0.06310662149667333, stage = 1, window_start = 0.0, window_end = 2.0, last iteration = 1.55 s
[run_variable_window_optimization] [2026-07-02 16:56:22] iteration = 18, loss = 0.06099724076214883, stage = 1, window_start = 0.0, window_end = 2.0, last iteration = 1.67 s
[run_variable_window_optimization] [2026-07-02 16:56:24] iteration = 19, loss = 0.05893338429931735, stage = 1, window_start = 0.0, window_end = 2.0, last iteration = 1.76 s
[run_variable_window_optimization] [2026-07-02 16:56:25] iteration = 20, loss = 0.05691091091396941, stage = 1, window_start = 0.0, window_end = 2.0, last iteration = 1.68 s
[run_variable_window_optimization] [2026-07-02 16:56:27] Stage 1 / 1 complete; validation_loss = 0.03686384372097512; elapsed = 41.54 s
[run_variable_fom_hpc] Saving variable-window FOM optimization data
Saved variable-window FOM output to: /home/mgantcher/Brookhaven/Research_Code/Optimization/Data/FOM_timing_per_iter_25_window_t-2.0__window_n_obs-2
Final full-trajectory loss: 0.03686384372097512
Final training-window loss: 0.05691091091396941
[Thu Jul  2 04:56:28 PM EDT 2026] Finished variable-window FOM training
[Thu Jul  2 04:56:28 PM EDT 2026] Worker 5 finished FOM_VARIABLE combination 25
