[Tue Jul  7 10:23:34 AM EDT 2026] Worker 9 starting FOM combination 9 / 30
Sweep file: /home/mgantcher/Brookhaven/Research_Code/Optimization/Data/Sweeps/FOM_hyperparam_opt/00_timing_scaling.txt
Run name: FOM_timing_per_iter_accel_9_window_t-0.1__window_n_obs-50
Combination label: window_t-0.1__window_n_obs-50
ETAS=1e-3
ITERS=100
N_OBS=100
PRINT_FREQUENCY=1
RUN_NAME=FOM_timing_per_iter_accel_9_window_t-0.1__window_n_obs-50
SAVE_FREQUENCY=100000
SWEEP_COMBO_COUNT=30
SWEEP_COMBO_INDEX=9
SWEEP_COMBO_LABEL=window_t-0.1__window_n_obs-50
SWEEP_FILE=/home/mgantcher/Brookhaven/Research_Code/Optimization/Data/Sweeps/FOM_hyperparam_opt/00_timing_scaling.txt
SWEEP_TARGET=fom
SWEEP_TOTAL_COUNT=30
SWEEP_WORKER_COUNT=20
SWEEP_WORKER_INDEX=9
WARMUP=true
WINDOW_N_OBS=50
WINDOW_START_POLICY=random
WINDOW_T=0.1
[Tue Jul  7 10:23:34 AM EDT 2026] Starting FOM training on node10
[run_fom_hpc] Julia entrypoint started
[run_fom_hpc] Loading integration helper code
[package-load] Loading LinearAlgebra
[package-load] Loaded LinearAlgebra
[package-load] Loading SparseArrays
[package-load] Loaded SparseArrays
[package-load] Loading Random
[package-load] Loaded Random
[package-load] Loading ComponentArrays
[package-load] Loaded ComponentArrays
[package-load] Loading LinearSolve
[package-load] Loaded LinearSolve
[package-load] Loading OrdinaryDiffEq
[package-load] Loaded OrdinaryDiffEq
[package-load] Loading OrdinaryDiffEqSDIRK
[package-load] Loaded OrdinaryDiffEqSDIRK
[package-load] Loading OrdinaryDiffEqLowOrderRK
[package-load] Loaded OrdinaryDiffEqLowOrderRK
[package-load] Loading SciMLSensitivity
[package-load] Loaded SciMLSensitivity
[package-load] Loading ADTypes
[package-load] Loaded ADTypes
[package-load] Loading Zygote
[package-load] Loaded Zygote
[package-load] Loading Enzyme
[package-load] Loaded Enzyme
[package-load] Loading Optimization
[package-load] Loaded Optimization
[package-load] Loading OptimizationOptimisers
[package-load] Loaded OptimizationOptimisers
[package-load] Loading OptimizationOptimJL
[package-load] Loaded OptimizationOptimJL
[package-load] Loading LineSearches
[package-load] Loaded LineSearches
[package-load] Loading Lux
[package-load] Loaded Lux
[package-load] Loading Functors
[package-load] Loaded Functors
[package-load] Loading Plots
[package-load] Loaded Plots
[run_fom_hpc] Loading FOM helper code
[package-load] Loading LinearAlgebra
[package-load] Loaded LinearAlgebra
[package-load] Loading SparseArrays
[package-load] Loaded SparseArrays
[package-load] Loading Random
[package-load] Loaded Random
[package-load] Loading ComponentArrays
[package-load] Loaded ComponentArrays
[package-load] Loading LinearSolve
[package-load] Loaded LinearSolve
[package-load] Loading OrdinaryDiffEq
[package-load] Loaded OrdinaryDiffEq
[package-load] Loading OrdinaryDiffEqSDIRK
[package-load] Loaded OrdinaryDiffEqSDIRK
[package-load] Loading OrdinaryDiffEqLowOrderRK
[package-load] Loaded OrdinaryDiffEqLowOrderRK
[package-load] Loading SciMLSensitivity
[package-load] Loaded SciMLSensitivity
[package-load] Loading ADTypes
[package-load] Loaded ADTypes
[package-load] Loading Zygote
[package-load] Loaded Zygote
[package-load] Loading Enzyme
[package-load] Loaded Enzyme
[package-load] Loading Optimization
[package-load] Loaded Optimization
[package-load] Loading OptimizationOptimisers
[package-load] Loaded OptimizationOptimisers
[package-load] Loading OptimizationOptimJL
[package-load] Loaded OptimizationOptimJL
[package-load] Loading LineSearches
[package-load] Loaded LineSearches
[package-load] Loading Lux
[package-load] Loaded Lux
[package-load] Loading Functors
[package-load] Loaded Functors
[package-load] Loading Plots
[package-load] Loaded Plots
[package-load] Loading Dates
[package-load] Loaded Dates
[package-load] Loading Serialization
[package-load] Loaded Serialization
[package-load] Including integration_AC_hpc.jl
[package-load] Loading LinearAlgebra
[package-load] Loaded LinearAlgebra
[package-load] Loading SparseArrays
[package-load] Loaded SparseArrays
[package-load] Loading Random
[package-load] Loaded Random
[package-load] Loading ComponentArrays
[package-load] Loaded ComponentArrays
[package-load] Loading LinearSolve
[package-load] Loaded LinearSolve
[package-load] Loading OrdinaryDiffEq
[package-load] Loaded OrdinaryDiffEq
[package-load] Loading OrdinaryDiffEqSDIRK
[package-load] Loaded OrdinaryDiffEqSDIRK
[package-load] Loading OrdinaryDiffEqLowOrderRK
[package-load] Loaded OrdinaryDiffEqLowOrderRK
[package-load] Loading SciMLSensitivity
[package-load] Loaded SciMLSensitivity
[package-load] Loading ADTypes
[package-load] Loaded ADTypes
[package-load] Loading Zygote
[package-load] Loaded Zygote
[package-load] Loading Enzyme
[package-load] Loaded Enzyme
[package-load] Loading Optimization
[package-load] Loaded Optimization
[package-load] Loading OptimizationOptimisers
[package-load] Loaded OptimizationOptimisers
[package-load] Loading OptimizationOptimJL
[package-load] Loaded OptimizationOptimJL
[package-load] Loading LineSearches
[package-load] Loaded LineSearches
[package-load] Loading Lux
[package-load] Loaded Lux
[package-load] Loading Functors
[package-load] Loaded Functors
[package-load] Loading Plots
[package-load] Loaded Plots
[package-load] Included integration_AC_hpc.jl
[run_fom_hpc] Loading HPC common code
[package-load] Loading LinearAlgebra
[package-load] Loaded LinearAlgebra
[package-load] Loading SparseArrays
[package-load] Loaded SparseArrays
[package-load] Loading ComponentArrays
[package-load] Loaded ComponentArrays
[package-load] Loading OrdinaryDiffEq
[package-load] Loaded OrdinaryDiffEq
[package-load] Loading OrdinaryDiffEqLowOrderRK
[package-load] Loaded OrdinaryDiffEqLowOrderRK
[package-load] Loading Optimization
[package-load] Loaded Optimization
[package-load] Loading Dates
[package-load] Loaded Dates
[run_fom_hpc] Configuring HPC runtime
Julia version: 1.12.6
Host: node10
SLURM_JOB_ID: 2600
SLURM_ARRAY_TASK_ID: 9
Julia threads: 8
BLAS threads: 1
[run_fom_hpc] Building Allen-Cahn reference solution
Reference solve: N=256, Δx=0.0038910505836575876, Δt=0.0003785068661145513, saved_times=5283
[run_fom_hpc] Preparing FOM optimization problem
[run_fom_hpc] Prepared FOM optimization parameters
  run_name = FOM_timing_per_iter_accel_9_window_t-0.1__window_n_obs-50
  N = 256
  L = 1.0
  ε2 = 0.01
  k = 1.0
  tfinal = 2.0
  N_obs = 100
  h = 8
  seed = 1
  reference_dt_factor = 0.5
  reference_Δx = 0.0038910505836575876
  reference_Δt = 0.0003785068661145513
  reference_save_count = 5283
  etas = [0.001]
  iterations = [100]
  window_T = [0.1]
  window_N_obs = [50]
  window_start_policy = SubString{String}["random"]
  batch_size = [1]
  loss_normalization = mean
  window_seed = 1
  β = (0.9, 0.99)
  warmup = true
  save_frequency = 100000
  print_frequency = 1
  SLURM_JOB_ID = 2600
  SLURM_ARRAY_TASK_ID = 9
[run_fom_hpc] Running FOM optimization
[run_variable_window_optimization] [2026-07-07 10:24:33] Optimization Params: eta = [0.001]; beta = (0.9, 0.99); N_iter = [100]; window_T = [0.1]; window_N_obs = [50]; window_start_policy = SubString{String}["random"]; batch_size = [1]; loss_normalization = mean; total_iterations = 100
[run_variable_window_optimization] [2026-07-07 10:24:33] Warming up
[run_variable_window_optimization] [2026-07-07 10:28:04] Warmup complete
[run_variable_window_optimization] [2026-07-07 10:28:04] Stage 1 / 1 started: eta = 0.001; N_iter = 100; window_T = 0.1; window_N_obs = 50; window_start_policy = random; batch_size = 1
[run_variable_window_optimization] [2026-07-07 10:28:06] iteration = 1, loss = 0.00046659761028639425, stage = 1, window_start = 0.18836543261940994, window_end = 0.28836543261940994, last iteration = 212.97 s
[run_variable_window_optimization] [2026-07-07 10:28:07] iteration = 2, loss = 0.0005167079171340885, stage = 1, window_start = 1.333761456387113, window_end = 1.433761456387113, last iteration = 0.78 s
[run_variable_window_optimization] [2026-07-07 10:28:07] iteration = 3, loss = 0.000490307669724207, stage = 1, window_start = 0.9561973930995263, window_end = 1.0561973930995263, last iteration = 0.46 s
[run_variable_window_optimization] [2026-07-07 10:28:07] iteration = 4, loss = 0.0004886345219690161, stage = 1, window_start = 1.6640982900833758, window_end = 1.764098290083376, last iteration = 0.15 s
[run_variable_window_optimization] [2026-07-07 10:28:08] iteration = 5, loss = 0.00047417156942247186, stage = 1, window_start = 1.8115842825615265, window_end = 1.9115842825615266, last iteration = 0.17 s
[run_variable_window_optimization] [2026-07-07 10:28:08] iteration = 6, loss = 0.0004429078395877729, stage = 1, window_start = 0.9648400850065348, window_end = 1.064840085006535, last iteration = 0.16 s
[run_variable_window_optimization] [2026-07-07 10:28:08] iteration = 7, loss = 0.00043958724113400184, stage = 1, window_start = 1.5005272107686365, window_end = 1.6005272107686366, last iteration = 0.18 s
[run_variable_window_optimization] [2026-07-07 10:28:08] iteration = 8, loss = 0.0003516557850834332, stage = 1, window_start = 0.13538285196091496, window_end = 0.23538285196091496, last iteration = 0.18 s
[run_variable_window_optimization] [2026-07-07 10:28:08] iteration = 9, loss = 0.00035536529603049575, stage = 1, window_start = 0.26291835004712727, window_end = 0.36291835004712725, last iteration = 0.18 s
[run_variable_window_optimization] [2026-07-07 10:28:09] iteration = 10, loss = 0.00037632077983766577, stage = 1, window_start = 0.7470594418513582, window_end = 0.8470594418513582, last iteration = 0.17 s
