[Tue Jul  7 05:04:29 PM EDT 2026] Worker 6 starting ROM combination 6 / 8
Sweep file: /home/mgantcher/Brookhaven/Research_Code/Optimization/Data/Sweeps/ROM_backend_tests/00_mooncake_rom_backend_smoke.txt
Run name: ROM_backend_smoke_mooncake_6_007_2d_tiny_full_single_stage
Combination label: 007_2d_tiny_full_single_stage
BATCH_SIZE=1
ETAS=1e-3
H=8
ITERS=100
JULIA_BLAS_THREADS=1
JULIA_NUM_THREADS=8
LOSS_NORMALIZATION=mean
M=6
N=32
N_OBS=16
PRINT_FREQUENCY=1
R=6
REFERENCE_DT_FACTOR=0.5
RUN_NAME=ROM_backend_smoke_mooncake_6_007_2d_tiny_full_single_stage
SAVE_FREQUENCY=100000
SEED=1
SWEEP_COMBO_COUNT=8
SWEEP_COMBO_INDEX=6
SWEEP_COMBO_LABEL=007_2d_tiny_full_single_stage
SWEEP_FILE=/home/mgantcher/Brookhaven/Research_Code/Optimization/Data/Sweeps/ROM_backend_tests/00_mooncake_rom_backend_smoke.txt
SWEEP_TARGET=rom
SWEEP_TOTAL_COUNT=8
SWEEP_WORKER_COUNT=8
SWEEP_WORKER_INDEX=6
TFINAL=0.2
WARMUP=true
WINDOW_N_OBS=16
WINDOW_SEED=1
WINDOW_START_POLICY=beginning
WINDOW_T=0.2
[Tue Jul  7 05:08:01 PM EDT 2026] Worker 6 finished ROM combination 6
