[Tue Jul  7 03:35:01 PM EDT 2026] Worker 14 starting FOM combination 14 / 30
Sweep file: /home/mgantcher/Brookhaven/Research_Code/Optimization/Data/Sweeps/FOM_hyperparam_opt/00_timing_scaling_mooncake.txt
Run name: FOM_timing_per_iter_mooncake_14_window_t-0.25__window_n_obs-50
Combination label: window_t-0.25__window_n_obs-50
ETAS=1e-3
ITERS=100
N_OBS=100
PRINT_FREQUENCY=1
RUN_NAME=FOM_timing_per_iter_mooncake_14_window_t-0.25__window_n_obs-50
SAVE_FREQUENCY=100000
SWEEP_COMBO_COUNT=30
SWEEP_COMBO_INDEX=14
SWEEP_COMBO_LABEL=window_t-0.25__window_n_obs-50
SWEEP_FILE=/home/mgantcher/Brookhaven/Research_Code/Optimization/Data/Sweeps/FOM_hyperparam_opt/00_timing_scaling_mooncake.txt
SWEEP_TARGET=fom
SWEEP_TOTAL_COUNT=30
SWEEP_WORKER_COUNT=20
SWEEP_WORKER_INDEX=14
WARMUP=true
WINDOW_N_OBS=50
WINDOW_START_POLICY=random
WINDOW_T=0.25
[Tue Jul  7 03:39:50 PM EDT 2026] Worker 14 finished FOM combination 14
