[Tue Jul  7 05:04:29 PM EDT 2026] Worker 4 starting ROM combination 4 / 8
Sweep file: /home/mgantcher/Brookhaven/Research_Code/Optimization/Data/Sweeps/ROM_backend_tests/00_mooncake_rom_backend_smoke.txt
Run name: ROM_backend_smoke_mooncake_4_005_1d_seed_repeat_a
Combination label: 005_1d_seed_repeat_a
BATCH_SIZE=1
ETAS=1e-3
H=8
ITERS=100
JULIA_BLAS_THREADS=1
JULIA_NUM_THREADS=8
LOSS_NORMALIZATION=mean
M=8
N=64
N_OBS=16
PRINT_FREQUENCY=1
R=8
REFERENCE_DT_FACTOR=0.5
RUN_NAME=ROM_backend_smoke_mooncake_4_005_1d_seed_repeat_a
SAVE_FREQUENCY=100000
SEED=2
SWEEP_COMBO_COUNT=8
SWEEP_COMBO_INDEX=4
SWEEP_COMBO_LABEL=005_1d_seed_repeat_a
SWEEP_FILE=/home/mgantcher/Brookhaven/Research_Code/Optimization/Data/Sweeps/ROM_backend_tests/00_mooncake_rom_backend_smoke.txt
SWEEP_TARGET=rom
SWEEP_TOTAL_COUNT=8
SWEEP_WORKER_COUNT=8
SWEEP_WORKER_INDEX=4
TFINAL=0.2
WARMUP=true
WINDOW_N_OBS=4
WINDOW_SEED=2
WINDOW_START_POLICY=random
WINDOW_T=0.05
[Tue Jul  7 05:07:45 PM EDT 2026] Worker 4 finished ROM combination 4
