[Tue Jul  7 05:04:29 PM EDT 2026] Worker 3 starting ROM combination 3 / 8
Sweep file: /home/mgantcher/Brookhaven/Research_Code/Optimization/Data/Sweeps/ROM_backend_tests/00_mooncake_rom_backend_smoke.txt
Run name: ROM_backend_smoke_mooncake_3_004_1d_three_stage_schedule
Combination label: 004_1d_three_stage_schedule
BATCH_SIZE=1,1,1
ETAS=1e-3,3e-4,1e-4
H=8
ITERS=100,100,100
JULIA_BLAS_THREADS=1
JULIA_NUM_THREADS=8
LOSS_NORMALIZATION=mean
M=10
N=64
N_OBS=16
PRINT_FREQUENCY=1
R=10
REFERENCE_DT_FACTOR=0.5
RUN_NAME=ROM_backend_smoke_mooncake_3_004_1d_three_stage_schedule
SAVE_FREQUENCY=100000
SEED=1
SWEEP_COMBO_COUNT=8
SWEEP_COMBO_INDEX=3
SWEEP_COMBO_LABEL=004_1d_three_stage_schedule
SWEEP_FILE=/home/mgantcher/Brookhaven/Research_Code/Optimization/Data/Sweeps/ROM_backend_tests/00_mooncake_rom_backend_smoke.txt
SWEEP_TARGET=rom
SWEEP_TOTAL_COUNT=8
SWEEP_WORKER_COUNT=8
SWEEP_WORKER_INDEX=3
TFINAL=0.2
WARMUP=true
WINDOW_N_OBS=4,8,16
WINDOW_SEED=1
WINDOW_START_POLICY=random,random,beginning
WINDOW_T=0.05,0.1,0.2
[Tue Jul  7 05:07:50 PM EDT 2026] Worker 3 finished ROM combination 3
