[Wed Jul  8 11:08:36 AM EDT 2026] Worker 3 starting ROM combination 3 / 81
Sweep file: /home/mgantcher/Brookhaven/Research_Code/Optimization/Data/Sweeps/ROM_hyperparam_opt/01_mooncake_rom_FOM_best_short_with_different_m_r.txt
Run name: ROM_short_training_param_sweep_3_m-1__r-4
Combination label: m-1__r-4
BATCH_SIZE=1,1,1
ETAS=0.01,0.003,0.001
H=8
ITERS=2016,2208,2349
LOSS_NORMALIZATION=mean
M=1
N=256
N_OBS=100
PRINT_FREQUENCY=250
R=4
RUN_NAME=ROM_short_training_param_sweep_3_m-1__r-4
SAVE_FREQUENCY=100
SEED=1
SWEEP_COMBO_COUNT=81
SWEEP_COMBO_INDEX=3
SWEEP_COMBO_LABEL=m-1__r-4
SWEEP_FILE=/home/mgantcher/Brookhaven/Research_Code/Optimization/Data/Sweeps/ROM_hyperparam_opt/01_mooncake_rom_FOM_best_short_with_different_m_r.txt
SWEEP_TARGET=rom
SWEEP_TOTAL_COUNT=81
SWEEP_WORKER_COUNT=5
SWEEP_WORKER_INDEX=3
TFINAL=2.0
WARMUP=true
WINDOW_N_OBS=2,5,10
WINDOW_SEED=1
WINDOW_START_POLICY=random,random,random
WINDOW_T=0.05,0.5,2.0
[Wed Jul  8 11:14:07 AM EDT 2026] Worker 3 finished ROM combination 3
[Wed Jul  8 11:14:07 AM EDT 2026] Worker 3 starting ROM combination 8 / 81
Sweep file: /home/mgantcher/Brookhaven/Research_Code/Optimization/Data/Sweeps/ROM_hyperparam_opt/01_mooncake_rom_FOM_best_short_with_different_m_r.txt
Run name: ROM_short_training_param_sweep_8_m-1__r-30
Combination label: m-1__r-30
BATCH_SIZE=1,1,1
ETAS=0.01,0.003,0.001
H=8
ITERS=2016,2208,2349
LOSS_NORMALIZATION=mean
M=1
N=256
N_OBS=100
PRINT_FREQUENCY=250
R=30
RUN_NAME=ROM_short_training_param_sweep_8_m-1__r-30
SAVE_FREQUENCY=100
SEED=1
SWEEP_COMBO_COUNT=81
SWEEP_COMBO_INDEX=8
SWEEP_COMBO_LABEL=m-1__r-30
SWEEP_FILE=/home/mgantcher/Brookhaven/Research_Code/Optimization/Data/Sweeps/ROM_hyperparam_opt/01_mooncake_rom_FOM_best_short_with_different_m_r.txt
SWEEP_TARGET=rom
SWEEP_TOTAL_COUNT=81
SWEEP_WORKER_COUNT=5
SWEEP_WORKER_INDEX=3
TFINAL=2.0
WARMUP=true
WINDOW_N_OBS=2,5,10
WINDOW_SEED=1
WINDOW_START_POLICY=random,random,random
WINDOW_T=0.05,0.5,2.0
[Wed Jul  8 11:19:57 AM EDT 2026] Worker 3 finished ROM combination 8
[Wed Jul  8 11:19:57 AM EDT 2026] Worker 3 starting ROM combination 13 / 81
Sweep file: /home/mgantcher/Brookhaven/Research_Code/Optimization/Data/Sweeps/ROM_hyperparam_opt/01_mooncake_rom_FOM_best_short_with_different_m_r.txt
Run name: ROM_short_training_param_sweep_13_m-2__r-5
Combination label: m-2__r-5
BATCH_SIZE=1,1,1
ETAS=0.01,0.003,0.001
H=8
ITERS=2016,2208,2349
LOSS_NORMALIZATION=mean
M=2
N=256
N_OBS=100
PRINT_FREQUENCY=250
R=5
RUN_NAME=ROM_short_training_param_sweep_13_m-2__r-5
SAVE_FREQUENCY=100
SEED=1
SWEEP_COMBO_COUNT=81
SWEEP_COMBO_INDEX=13
SWEEP_COMBO_LABEL=m-2__r-5
SWEEP_FILE=/home/mgantcher/Brookhaven/Research_Code/Optimization/Data/Sweeps/ROM_hyperparam_opt/01_mooncake_rom_FOM_best_short_with_different_m_r.txt
SWEEP_TARGET=rom
SWEEP_TOTAL_COUNT=81
SWEEP_WORKER_COUNT=5
SWEEP_WORKER_INDEX=3
TFINAL=2.0
WARMUP=true
WINDOW_N_OBS=2,5,10
WINDOW_SEED=1
WINDOW_START_POLICY=random,random,random
WINDOW_T=0.05,0.5,2.0
[Wed Jul  8 11:25:33 AM EDT 2026] Worker 3 finished ROM combination 13
[Wed Jul  8 11:25:33 AM EDT 2026] Worker 3 starting ROM combination 18 / 81
Sweep file: /home/mgantcher/Brookhaven/Research_Code/Optimization/Data/Sweeps/ROM_hyperparam_opt/01_mooncake_rom_FOM_best_short_with_different_m_r.txt
Run name: ROM_short_training_param_sweep_18_m-3__r-1
Combination label: m-3__r-1
BATCH_SIZE=1,1,1
ETAS=0.01,0.003,0.001
H=8
ITERS=2016,2208,2349
LOSS_NORMALIZATION=mean
M=3
N=256
N_OBS=100
PRINT_FREQUENCY=250
R=1
RUN_NAME=ROM_short_training_param_sweep_18_m-3__r-1
SAVE_FREQUENCY=100
SEED=1
SWEEP_COMBO_COUNT=81
SWEEP_COMBO_INDEX=18
SWEEP_COMBO_LABEL=m-3__r-1
SWEEP_FILE=/home/mgantcher/Brookhaven/Research_Code/Optimization/Data/Sweeps/ROM_hyperparam_opt/01_mooncake_rom_FOM_best_short_with_different_m_r.txt
SWEEP_TARGET=rom
SWEEP_TOTAL_COUNT=81
SWEEP_WORKER_COUNT=5
SWEEP_WORKER_INDEX=3
TFINAL=2.0
WARMUP=true
WINDOW_N_OBS=2,5,10
WINDOW_SEED=1
WINDOW_START_POLICY=random,random,random
WINDOW_T=0.05,0.5,2.0
[Wed Jul  8 11:31:13 AM EDT 2026] Worker 3 finished ROM combination 18
[Wed Jul  8 11:31:13 AM EDT 2026] Worker 3 starting ROM combination 23 / 81
Sweep file: /home/mgantcher/Brookhaven/Research_Code/Optimization/Data/Sweeps/ROM_hyperparam_opt/01_mooncake_rom_FOM_best_short_with_different_m_r.txt
Run name: ROM_short_training_param_sweep_23_m-3__r-10
Combination label: m-3__r-10
BATCH_SIZE=1,1,1
ETAS=0.01,0.003,0.001
H=8
ITERS=2016,2208,2349
LOSS_NORMALIZATION=mean
M=3
N=256
N_OBS=100
PRINT_FREQUENCY=250
R=10
RUN_NAME=ROM_short_training_param_sweep_23_m-3__r-10
SAVE_FREQUENCY=100
SEED=1
SWEEP_COMBO_COUNT=81
SWEEP_COMBO_INDEX=23
SWEEP_COMBO_LABEL=m-3__r-10
SWEEP_FILE=/home/mgantcher/Brookhaven/Research_Code/Optimization/Data/Sweeps/ROM_hyperparam_opt/01_mooncake_rom_FOM_best_short_with_different_m_r.txt
SWEEP_TARGET=rom
SWEEP_TOTAL_COUNT=81
SWEEP_WORKER_COUNT=5
SWEEP_WORKER_INDEX=3
TFINAL=2.0
WARMUP=true
WINDOW_N_OBS=2,5,10
WINDOW_SEED=1
WINDOW_START_POLICY=random,random,random
WINDOW_T=0.05,0.5,2.0
[Wed Jul  8 11:36:58 AM EDT 2026] Worker 3 finished ROM combination 23
[Wed Jul  8 11:36:58 AM EDT 2026] Worker 3 starting ROM combination 28 / 81
Sweep file: /home/mgantcher/Brookhaven/Research_Code/Optimization/Data/Sweeps/ROM_hyperparam_opt/01_mooncake_rom_FOM_best_short_with_different_m_r.txt
Run name: ROM_short_training_param_sweep_28_m-4__r-2
Combination label: m-4__r-2
BATCH_SIZE=1,1,1
ETAS=0.01,0.003,0.001
H=8
ITERS=2016,2208,2349
LOSS_NORMALIZATION=mean
M=4
N=256
N_OBS=100
PRINT_FREQUENCY=250
R=2
RUN_NAME=ROM_short_training_param_sweep_28_m-4__r-2
SAVE_FREQUENCY=100
SEED=1
SWEEP_COMBO_COUNT=81
SWEEP_COMBO_INDEX=28
SWEEP_COMBO_LABEL=m-4__r-2
SWEEP_FILE=/home/mgantcher/Brookhaven/Research_Code/Optimization/Data/Sweeps/ROM_hyperparam_opt/01_mooncake_rom_FOM_best_short_with_different_m_r.txt
SWEEP_TARGET=rom
SWEEP_TOTAL_COUNT=81
SWEEP_WORKER_COUNT=5
SWEEP_WORKER_INDEX=3
TFINAL=2.0
WARMUP=true
WINDOW_N_OBS=2,5,10
WINDOW_SEED=1
WINDOW_START_POLICY=random,random,random
WINDOW_T=0.05,0.5,2.0
[Wed Jul  8 11:42:25 AM EDT 2026] Worker 3 finished ROM combination 28
[Wed Jul  8 11:42:25 AM EDT 2026] Worker 3 starting ROM combination 33 / 81
Sweep file: /home/mgantcher/Brookhaven/Research_Code/Optimization/Data/Sweeps/ROM_hyperparam_opt/01_mooncake_rom_FOM_best_short_with_different_m_r.txt
Run name: ROM_short_training_param_sweep_33_m-4__r-15
Combination label: m-4__r-15
BATCH_SIZE=1,1,1
ETAS=0.01,0.003,0.001
H=8
ITERS=2016,2208,2349
LOSS_NORMALIZATION=mean
M=4
N=256
N_OBS=100
PRINT_FREQUENCY=250
R=15
RUN_NAME=ROM_short_training_param_sweep_33_m-4__r-15
SAVE_FREQUENCY=100
SEED=1
SWEEP_COMBO_COUNT=81
SWEEP_COMBO_INDEX=33
SWEEP_COMBO_LABEL=m-4__r-15
SWEEP_FILE=/home/mgantcher/Brookhaven/Research_Code/Optimization/Data/Sweeps/ROM_hyperparam_opt/01_mooncake_rom_FOM_best_short_with_different_m_r.txt
SWEEP_TARGET=rom
SWEEP_TOTAL_COUNT=81
SWEEP_WORKER_COUNT=5
SWEEP_WORKER_INDEX=3
TFINAL=2.0
WARMUP=true
WINDOW_N_OBS=2,5,10
WINDOW_SEED=1
WINDOW_START_POLICY=random,random,random
WINDOW_T=0.05,0.5,2.0
[Wed Jul  8 11:48:01 AM EDT 2026] Worker 3 finished ROM combination 33
[Wed Jul  8 11:48:01 AM EDT 2026] Worker 3 starting ROM combination 38 / 81
Sweep file: /home/mgantcher/Brookhaven/Research_Code/Optimization/Data/Sweeps/ROM_hyperparam_opt/01_mooncake_rom_FOM_best_short_with_different_m_r.txt
Run name: ROM_short_training_param_sweep_38_m-5__r-3
Combination label: m-5__r-3
BATCH_SIZE=1,1,1
ETAS=0.01,0.003,0.001
H=8
ITERS=2016,2208,2349
LOSS_NORMALIZATION=mean
M=5
N=256
N_OBS=100
PRINT_FREQUENCY=250
R=3
RUN_NAME=ROM_short_training_param_sweep_38_m-5__r-3
SAVE_FREQUENCY=100
SEED=1
SWEEP_COMBO_COUNT=81
SWEEP_COMBO_INDEX=38
SWEEP_COMBO_LABEL=m-5__r-3
SWEEP_FILE=/home/mgantcher/Brookhaven/Research_Code/Optimization/Data/Sweeps/ROM_hyperparam_opt/01_mooncake_rom_FOM_best_short_with_different_m_r.txt
SWEEP_TARGET=rom
SWEEP_TOTAL_COUNT=81
SWEEP_WORKER_COUNT=5
SWEEP_WORKER_INDEX=3
TFINAL=2.0
WARMUP=true
WINDOW_N_OBS=2,5,10
WINDOW_SEED=1
WINDOW_START_POLICY=random,random,random
WINDOW_T=0.05,0.5,2.0
[Wed Jul  8 11:53:43 AM EDT 2026] Worker 3 finished ROM combination 38
[Wed Jul  8 11:53:43 AM EDT 2026] Worker 3 starting ROM combination 43 / 81
Sweep file: /home/mgantcher/Brookhaven/Research_Code/Optimization/Data/Sweeps/ROM_hyperparam_opt/01_mooncake_rom_FOM_best_short_with_different_m_r.txt
Run name: ROM_short_training_param_sweep_43_m-5__r-20
Combination label: m-5__r-20
BATCH_SIZE=1,1,1
ETAS=0.01,0.003,0.001
H=8
ITERS=2016,2208,2349
LOSS_NORMALIZATION=mean
M=5
N=256
N_OBS=100
PRINT_FREQUENCY=250
R=20
RUN_NAME=ROM_short_training_param_sweep_43_m-5__r-20
SAVE_FREQUENCY=100
SEED=1
SWEEP_COMBO_COUNT=81
SWEEP_COMBO_INDEX=43
SWEEP_COMBO_LABEL=m-5__r-20
SWEEP_FILE=/home/mgantcher/Brookhaven/Research_Code/Optimization/Data/Sweeps/ROM_hyperparam_opt/01_mooncake_rom_FOM_best_short_with_different_m_r.txt
SWEEP_TARGET=rom
SWEEP_TOTAL_COUNT=81
SWEEP_WORKER_COUNT=5
SWEEP_WORKER_INDEX=3
TFINAL=2.0
WARMUP=true
WINDOW_N_OBS=2,5,10
WINDOW_SEED=1
WINDOW_START_POLICY=random,random,random
WINDOW_T=0.05,0.5,2.0
[Wed Jul  8 11:59:33 AM EDT 2026] Worker 3 finished ROM combination 43
[Wed Jul  8 11:59:33 AM EDT 2026] Worker 3 starting ROM combination 48 / 81
Sweep file: /home/mgantcher/Brookhaven/Research_Code/Optimization/Data/Sweeps/ROM_hyperparam_opt/01_mooncake_rom_FOM_best_short_with_different_m_r.txt
Run name: ROM_short_training_param_sweep_48_m-10__r-4
Combination label: m-10__r-4
BATCH_SIZE=1,1,1
ETAS=0.01,0.003,0.001
H=8
ITERS=2016,2208,2349
LOSS_NORMALIZATION=mean
M=10
N=256
N_OBS=100
PRINT_FREQUENCY=250
R=4
RUN_NAME=ROM_short_training_param_sweep_48_m-10__r-4
SAVE_FREQUENCY=100
SEED=1
SWEEP_COMBO_COUNT=81
SWEEP_COMBO_INDEX=48
SWEEP_COMBO_LABEL=m-10__r-4
SWEEP_FILE=/home/mgantcher/Brookhaven/Research_Code/Optimization/Data/Sweeps/ROM_hyperparam_opt/01_mooncake_rom_FOM_best_short_with_different_m_r.txt
SWEEP_TARGET=rom
SWEEP_TOTAL_COUNT=81
SWEEP_WORKER_COUNT=5
SWEEP_WORKER_INDEX=3
TFINAL=2.0
WARMUP=true
WINDOW_N_OBS=2,5,10
WINDOW_SEED=1
WINDOW_START_POLICY=random,random,random
WINDOW_T=0.05,0.5,2.0
[Wed Jul  8 12:05:27 PM EDT 2026] Worker 3 finished ROM combination 48
[Wed Jul  8 12:05:27 PM EDT 2026] Worker 3 starting ROM combination 53 / 81
Sweep file: /home/mgantcher/Brookhaven/Research_Code/Optimization/Data/Sweeps/ROM_hyperparam_opt/01_mooncake_rom_FOM_best_short_with_different_m_r.txt
Run name: ROM_short_training_param_sweep_53_m-10__r-30
Combination label: m-10__r-30
BATCH_SIZE=1,1,1
ETAS=0.01,0.003,0.001
H=8
ITERS=2016,2208,2349
LOSS_NORMALIZATION=mean
M=10
N=256
N_OBS=100
PRINT_FREQUENCY=250
R=30
RUN_NAME=ROM_short_training_param_sweep_53_m-10__r-30
SAVE_FREQUENCY=100
SEED=1
SWEEP_COMBO_COUNT=81
SWEEP_COMBO_INDEX=53
SWEEP_COMBO_LABEL=m-10__r-30
SWEEP_FILE=/home/mgantcher/Brookhaven/Research_Code/Optimization/Data/Sweeps/ROM_hyperparam_opt/01_mooncake_rom_FOM_best_short_with_different_m_r.txt
SWEEP_TARGET=rom
SWEEP_TOTAL_COUNT=81
SWEEP_WORKER_COUNT=5
SWEEP_WORKER_INDEX=3
TFINAL=2.0
WARMUP=true
WINDOW_N_OBS=2,5,10
WINDOW_SEED=1
WINDOW_START_POLICY=random,random,random
WINDOW_T=0.05,0.5,2.0
[Wed Jul  8 12:12:14 PM EDT 2026] Worker 3 finished ROM combination 53
[Wed Jul  8 12:12:14 PM EDT 2026] Worker 3 starting ROM combination 58 / 81
Sweep file: /home/mgantcher/Brookhaven/Research_Code/Optimization/Data/Sweeps/ROM_hyperparam_opt/01_mooncake_rom_FOM_best_short_with_different_m_r.txt
Run name: ROM_short_training_param_sweep_58_m-15__r-5
Combination label: m-15__r-5
BATCH_SIZE=1,1,1
ETAS=0.01,0.003,0.001
H=8
ITERS=2016,2208,2349
LOSS_NORMALIZATION=mean
M=15
N=256
N_OBS=100
PRINT_FREQUENCY=250
R=5
RUN_NAME=ROM_short_training_param_sweep_58_m-15__r-5
SAVE_FREQUENCY=100
SEED=1
SWEEP_COMBO_COUNT=81
SWEEP_COMBO_INDEX=58
SWEEP_COMBO_LABEL=m-15__r-5
SWEEP_FILE=/home/mgantcher/Brookhaven/Research_Code/Optimization/Data/Sweeps/ROM_hyperparam_opt/01_mooncake_rom_FOM_best_short_with_different_m_r.txt
SWEEP_TARGET=rom
SWEEP_TOTAL_COUNT=81
SWEEP_WORKER_COUNT=5
SWEEP_WORKER_INDEX=3
TFINAL=2.0
WARMUP=true
WINDOW_N_OBS=2,5,10
WINDOW_SEED=1
WINDOW_START_POLICY=random,random,random
WINDOW_T=0.05,0.5,2.0
[Wed Jul  8 12:19:02 PM EDT 2026] Worker 3 finished ROM combination 58
[Wed Jul  8 12:19:02 PM EDT 2026] Worker 3 starting ROM combination 63 / 81
Sweep file: /home/mgantcher/Brookhaven/Research_Code/Optimization/Data/Sweeps/ROM_hyperparam_opt/01_mooncake_rom_FOM_best_short_with_different_m_r.txt
Run name: ROM_short_training_param_sweep_63_m-20__r-1
Combination label: m-20__r-1
BATCH_SIZE=1,1,1
ETAS=0.01,0.003,0.001
H=8
ITERS=2016,2208,2349
LOSS_NORMALIZATION=mean
M=20
N=256
N_OBS=100
PRINT_FREQUENCY=250
R=1
RUN_NAME=ROM_short_training_param_sweep_63_m-20__r-1
SAVE_FREQUENCY=100
SEED=1
SWEEP_COMBO_COUNT=81
SWEEP_COMBO_INDEX=63
SWEEP_COMBO_LABEL=m-20__r-1
SWEEP_FILE=/home/mgantcher/Brookhaven/Research_Code/Optimization/Data/Sweeps/ROM_hyperparam_opt/01_mooncake_rom_FOM_best_short_with_different_m_r.txt
SWEEP_TARGET=rom
SWEEP_TOTAL_COUNT=81
SWEEP_WORKER_COUNT=5
SWEEP_WORKER_INDEX=3
TFINAL=2.0
WARMUP=true
WINDOW_N_OBS=2,5,10
WINDOW_SEED=1
WINDOW_START_POLICY=random,random,random
WINDOW_T=0.05,0.5,2.0
[Wed Jul  8 12:24:41 PM EDT 2026] Worker 3 finished ROM combination 63
[Wed Jul  8 12:24:41 PM EDT 2026] Worker 3 starting ROM combination 68 / 81
Sweep file: /home/mgantcher/Brookhaven/Research_Code/Optimization/Data/Sweeps/ROM_hyperparam_opt/01_mooncake_rom_FOM_best_short_with_different_m_r.txt
Run name: ROM_short_training_param_sweep_68_m-20__r-10
Combination label: m-20__r-10
BATCH_SIZE=1,1,1
ETAS=0.01,0.003,0.001
H=8
ITERS=2016,2208,2349
LOSS_NORMALIZATION=mean
M=20
N=256
N_OBS=100
PRINT_FREQUENCY=250
R=10
RUN_NAME=ROM_short_training_param_sweep_68_m-20__r-10
SAVE_FREQUENCY=100
SEED=1
SWEEP_COMBO_COUNT=81
SWEEP_COMBO_INDEX=68
SWEEP_COMBO_LABEL=m-20__r-10
SWEEP_FILE=/home/mgantcher/Brookhaven/Research_Code/Optimization/Data/Sweeps/ROM_hyperparam_opt/01_mooncake_rom_FOM_best_short_with_different_m_r.txt
SWEEP_TARGET=rom
SWEEP_TOTAL_COUNT=81
SWEEP_WORKER_COUNT=5
SWEEP_WORKER_INDEX=3
TFINAL=2.0
WARMUP=true
WINDOW_N_OBS=2,5,10
WINDOW_SEED=1
WINDOW_START_POLICY=random,random,random
WINDOW_T=0.05,0.5,2.0
[Wed Jul  8 12:31:21 PM EDT 2026] Worker 3 finished ROM combination 68
[Wed Jul  8 12:31:21 PM EDT 2026] Worker 3 starting ROM combination 73 / 81
Sweep file: /home/mgantcher/Brookhaven/Research_Code/Optimization/Data/Sweeps/ROM_hyperparam_opt/01_mooncake_rom_FOM_best_short_with_different_m_r.txt
Run name: ROM_short_training_param_sweep_73_m-30__r-2
Combination label: m-30__r-2
BATCH_SIZE=1,1,1
ETAS=0.01,0.003,0.001
H=8
ITERS=2016,2208,2349
LOSS_NORMALIZATION=mean
M=30
N=256
N_OBS=100
PRINT_FREQUENCY=250
R=2
RUN_NAME=ROM_short_training_param_sweep_73_m-30__r-2
SAVE_FREQUENCY=100
SEED=1
SWEEP_COMBO_COUNT=81
SWEEP_COMBO_INDEX=73
SWEEP_COMBO_LABEL=m-30__r-2
SWEEP_FILE=/home/mgantcher/Brookhaven/Research_Code/Optimization/Data/Sweeps/ROM_hyperparam_opt/01_mooncake_rom_FOM_best_short_with_different_m_r.txt
SWEEP_TARGET=rom
SWEEP_TOTAL_COUNT=81
SWEEP_WORKER_COUNT=5
SWEEP_WORKER_INDEX=3
TFINAL=2.0
WARMUP=true
WINDOW_N_OBS=2,5,10
WINDOW_SEED=1
WINDOW_START_POLICY=random,random,random
WINDOW_T=0.05,0.5,2.0
[Wed Jul  8 12:37:11 PM EDT 2026] Worker 3 finished ROM combination 73
[Wed Jul  8 12:37:11 PM EDT 2026] Worker 3 starting ROM combination 78 / 81
Sweep file: /home/mgantcher/Brookhaven/Research_Code/Optimization/Data/Sweeps/ROM_hyperparam_opt/01_mooncake_rom_FOM_best_short_with_different_m_r.txt
Run name: ROM_short_training_param_sweep_78_m-30__r-15
Combination label: m-30__r-15
BATCH_SIZE=1,1,1
ETAS=0.01,0.003,0.001
H=8
ITERS=2016,2208,2349
LOSS_NORMALIZATION=mean
M=30
N=256
N_OBS=100
PRINT_FREQUENCY=250
R=15
RUN_NAME=ROM_short_training_param_sweep_78_m-30__r-15
SAVE_FREQUENCY=100
SEED=1
SWEEP_COMBO_COUNT=81
SWEEP_COMBO_INDEX=78
SWEEP_COMBO_LABEL=m-30__r-15
SWEEP_FILE=/home/mgantcher/Brookhaven/Research_Code/Optimization/Data/Sweeps/ROM_hyperparam_opt/01_mooncake_rom_FOM_best_short_with_different_m_r.txt
SWEEP_TARGET=rom
SWEEP_TOTAL_COUNT=81
SWEEP_WORKER_COUNT=5
SWEEP_WORKER_INDEX=3
TFINAL=2.0
WARMUP=true
WINDOW_N_OBS=2,5,10
WINDOW_SEED=1
WINDOW_START_POLICY=random,random,random
WINDOW_T=0.05,0.5,2.0
[Wed Jul  8 12:44:11 PM EDT 2026] Worker 3 finished ROM combination 78
