[Tue Jul  7 10:23:34 AM EDT 2026] Worker 10 starting FOM combination 10 / 30
Sweep file: /home/mgantcher/Brookhaven/Research_Code/Optimization/Data/Sweeps/FOM_hyperparam_opt/00_timing_scaling.txt
Run name: FOM_timing_per_iter_accel_10_window_t-0.25__window_n_obs-2
Combination label: window_t-0.25__window_n_obs-2
ETAS=1e-3
ITERS=100
N_OBS=100
PRINT_FREQUENCY=1
RUN_NAME=FOM_timing_per_iter_accel_10_window_t-0.25__window_n_obs-2
SAVE_FREQUENCY=100000
SWEEP_COMBO_COUNT=30
SWEEP_COMBO_INDEX=10
SWEEP_COMBO_LABEL=window_t-0.25__window_n_obs-2
SWEEP_FILE=/home/mgantcher/Brookhaven/Research_Code/Optimization/Data/Sweeps/FOM_hyperparam_opt/00_timing_scaling.txt
SWEEP_TARGET=fom
SWEEP_TOTAL_COUNT=30
SWEEP_WORKER_COUNT=20
SWEEP_WORKER_INDEX=10
WARMUP=true
WINDOW_N_OBS=2
WINDOW_START_POLICY=random
WINDOW_T=0.25
[Tue Jul  7 10:23:34 AM EDT 2026] Starting FOM training on node09
[run_fom_hpc] Julia entrypoint started
[run_fom_hpc] Loading integration helper code
[package-load] Loading LinearAlgebra
[package-load] Loaded LinearAlgebra
[package-load] Loading SparseArrays
[package-load] Loaded SparseArrays
[package-load] Loading Random
[package-load] Loaded Random
[package-load] Loading ComponentArrays
[package-load] Loaded ComponentArrays
[package-load] Loading LinearSolve
[package-load] Loaded LinearSolve
[package-load] Loading OrdinaryDiffEq
[package-load] Loaded OrdinaryDiffEq
[package-load] Loading OrdinaryDiffEqSDIRK
[package-load] Loaded OrdinaryDiffEqSDIRK
[package-load] Loading OrdinaryDiffEqLowOrderRK
[package-load] Loaded OrdinaryDiffEqLowOrderRK
[package-load] Loading SciMLSensitivity
[package-load] Loaded SciMLSensitivity
[package-load] Loading ADTypes
[package-load] Loaded ADTypes
[package-load] Loading Zygote
[package-load] Loaded Zygote
[package-load] Loading Enzyme
[package-load] Loaded Enzyme
[package-load] Loading Optimization
[package-load] Loaded Optimization
[package-load] Loading OptimizationOptimisers
[package-load] Loaded OptimizationOptimisers
[package-load] Loading OptimizationOptimJL
[package-load] Loaded OptimizationOptimJL
[package-load] Loading LineSearches
[package-load] Loaded LineSearches
[package-load] Loading Lux
[package-load] Loaded Lux
[package-load] Loading Functors
[package-load] Loaded Functors
[package-load] Loading Plots
[package-load] Loaded Plots
[run_fom_hpc] Loading FOM helper code
[package-load] Loading LinearAlgebra
[package-load] Loaded LinearAlgebra
[package-load] Loading SparseArrays
[package-load] Loaded SparseArrays
[package-load] Loading Random
[package-load] Loaded Random
[package-load] Loading ComponentArrays
[package-load] Loaded ComponentArrays
[package-load] Loading LinearSolve
[package-load] Loaded LinearSolve
[package-load] Loading OrdinaryDiffEq
[package-load] Loaded OrdinaryDiffEq
[package-load] Loading OrdinaryDiffEqSDIRK
[package-load] Loaded OrdinaryDiffEqSDIRK
[package-load] Loading OrdinaryDiffEqLowOrderRK
[package-load] Loaded OrdinaryDiffEqLowOrderRK
[package-load] Loading SciMLSensitivity
[package-load] Loaded SciMLSensitivity
[package-load] Loading ADTypes
[package-load] Loaded ADTypes
[package-load] Loading Zygote
[package-load] Loaded Zygote
[package-load] Loading Enzyme
[package-load] Loaded Enzyme
[package-load] Loading Optimization
[package-load] Loaded Optimization
[package-load] Loading OptimizationOptimisers
[package-load] Loaded OptimizationOptimisers
[package-load] Loading OptimizationOptimJL
[package-load] Loaded OptimizationOptimJL
[package-load] Loading LineSearches
[package-load] Loaded LineSearches
[package-load] Loading Lux
[package-load] Loaded Lux
[package-load] Loading Functors
[package-load] Loaded Functors
[package-load] Loading Plots
[package-load] Loaded Plots
[package-load] Loading Dates
[package-load] Loaded Dates
[package-load] Loading Serialization
[package-load] Loaded Serialization
[package-load] Including integration_AC_hpc.jl
[package-load] Loading LinearAlgebra
[package-load] Loaded LinearAlgebra
[package-load] Loading SparseArrays
[package-load] Loaded SparseArrays
[package-load] Loading Random
[package-load] Loaded Random
[package-load] Loading ComponentArrays
[package-load] Loaded ComponentArrays
[package-load] Loading LinearSolve
[package-load] Loaded LinearSolve
[package-load] Loading OrdinaryDiffEq
[package-load] Loaded OrdinaryDiffEq
[package-load] Loading OrdinaryDiffEqSDIRK
[package-load] Loaded OrdinaryDiffEqSDIRK
[package-load] Loading OrdinaryDiffEqLowOrderRK
[package-load] Loaded OrdinaryDiffEqLowOrderRK
[package-load] Loading SciMLSensitivity
[package-load] Loaded SciMLSensitivity
[package-load] Loading ADTypes
[package-load] Loaded ADTypes
[package-load] Loading Zygote
[package-load] Loaded Zygote
[package-load] Loading Enzyme
[package-load] Loaded Enzyme
[package-load] Loading Optimization
[package-load] Loaded Optimization
[package-load] Loading OptimizationOptimisers
[package-load] Loaded OptimizationOptimisers
[package-load] Loading OptimizationOptimJL
[package-load] Loaded OptimizationOptimJL
[package-load] Loading LineSearches
[package-load] Loaded LineSearches
[package-load] Loading Lux
[package-load] Loaded Lux
[package-load] Loading Functors
[package-load] Loaded Functors
[package-load] Loading Plots
[package-load] Loaded Plots
[package-load] Included integration_AC_hpc.jl
[run_fom_hpc] Loading HPC common code
[package-load] Loading LinearAlgebra
[package-load] Loaded LinearAlgebra
[package-load] Loading SparseArrays
[package-load] Loaded SparseArrays
[package-load] Loading ComponentArrays
[package-load] Loaded ComponentArrays
[package-load] Loading OrdinaryDiffEq
[package-load] Loaded OrdinaryDiffEq
[package-load] Loading OrdinaryDiffEqLowOrderRK
[package-load] Loaded OrdinaryDiffEqLowOrderRK
[package-load] Loading Optimization
[package-load] Loaded Optimization
[package-load] Loading Dates
[package-load] Loaded Dates
[run_fom_hpc] Configuring HPC runtime
Julia version: 1.12.6
Host: node09
SLURM_JOB_ID: 2601
SLURM_ARRAY_TASK_ID: 10
Julia threads: 8
BLAS threads: 1
[run_fom_hpc] Building Allen-Cahn reference solution
Reference solve: N=256, Δx=0.0038910505836575876, Δt=0.0003785068661145513, saved_times=5283
[run_fom_hpc] Preparing FOM optimization problem
[run_fom_hpc] Prepared FOM optimization parameters
  run_name = FOM_timing_per_iter_accel_10_window_t-0.25__window_n_obs-2
  N = 256
  L = 1.0
  ε2 = 0.01
  k = 1.0
  tfinal = 2.0
  N_obs = 100
  h = 8
  seed = 1
  reference_dt_factor = 0.5
  reference_Δx = 0.0038910505836575876
  reference_Δt = 0.0003785068661145513
  reference_save_count = 5283
  etas = [0.001]
  iterations = [100]
  window_T = [0.25]
  window_N_obs = [2]
  window_start_policy = SubString{String}["random"]
  batch_size = [1]
  loss_normalization = mean
  window_seed = 1
  β = (0.9, 0.99)
  warmup = true
  save_frequency = 100000
  print_frequency = 1
  SLURM_JOB_ID = 2601
  SLURM_ARRAY_TASK_ID = 10
[run_fom_hpc] Running FOM optimization
[run_variable_window_optimization] [2026-07-07 10:24:33] Optimization Params: eta = [0.001]; beta = (0.9, 0.99); N_iter = [100]; window_T = [0.25]; window_N_obs = [2]; window_start_policy = SubString{String}["random"]; batch_size = [1]; loss_normalization = mean; total_iterations = 100
[run_variable_window_optimization] [2026-07-07 10:24:33] Warming up
[run_variable_window_optimization] [2026-07-07 10:28:06] Warmup complete
[run_variable_window_optimization] [2026-07-07 10:28:06] Stage 1 / 1 started: eta = 0.001; N_iter = 100; window_T = 0.25; window_N_obs = 2; window_start_policy = random; batch_size = 1
[run_variable_window_optimization] [2026-07-07 10:28:07] iteration = 1, loss = 0.004657126457364649, stage = 1, window_start = 0.17349447741261442, window_end = 0.4234944774126144, last iteration = 214.22 s
[run_variable_window_optimization] [2026-07-07 10:28:08] iteration = 2, loss = 0.0051323912053843216, stage = 1, window_start = 1.2284644993039198, window_end = 1.4784644993039198, last iteration = 0.6 s
[run_variable_window_optimization] [2026-07-07 10:28:08] iteration = 3, loss = 0.004867525026138255, stage = 1, window_start = 0.880708125223248, window_end = 1.130708125223248, last iteration = 0.01 s
[run_variable_window_optimization] [2026-07-07 10:28:08] iteration = 4, loss = 0.004861645007223976, stage = 1, window_start = 1.5327221092873198, window_end = 1.7827221092873198, last iteration = 0.01 s
[run_variable_window_optimization] [2026-07-07 10:28:08] iteration = 5, loss = 0.004721412145956693, stage = 1, window_start = 1.6685644707803533, window_end = 1.9185644707803533, last iteration = 0.01 s
[run_variable_window_optimization] [2026-07-07 10:28:08] iteration = 6, loss = 0.004401258108083256, stage = 1, window_start = 0.8886684993481242, window_end = 1.1386684993481242, last iteration = 0.09 s
[run_variable_window_optimization] [2026-07-07 10:28:08] iteration = 7, loss = 0.0043766615948181275, stage = 1, window_start = 1.3820645362342705, window_end = 1.6320645362342705, last iteration = 0.01 s
[run_variable_window_optimization] [2026-07-07 10:28:08] iteration = 8, loss = 0.0035326272372035884, stage = 1, window_start = 0.12469473206926379, window_end = 0.3746947320692638, last iteration = 0.01 s
[run_variable_window_optimization] [2026-07-07 10:28:08] iteration = 9, loss = 0.003545163525672266, stage = 1, window_start = 0.24216163820130143, window_end = 0.49216163820130143, last iteration = 0.01 s
[run_variable_window_optimization] [2026-07-07 10:28:08] iteration = 10, loss = 0.003740891794223896, stage = 1, window_start = 0.6880810648630931, window_end = 0.9380810648630931, last iteration = 0.17 s
[run_variable_window_optimization] [2026-07-07 10:28:08] iteration = 11, loss = 0.00335015319260751, stage = 1, window_start = 0.31103209751210237, window_end = 0.5610320975121024, last iteration = 0.01 s
[run_variable_window_optimization] [2026-07-07 10:28:08] iteration = 12, loss = 0.003692569524130236, stage = 1, window_start = 1.4772742983825904, window_end = 1.7272742983825904, last iteration = 0.01 s
[run_variable_window_optimization] [2026-07-07 10:28:08] iteration = 13, loss = 0.003557333515050893, stage = 1, window_start = 1.4390197618994147, window_end = 1.6890197618994147, last iteration = 0.01 s
[run_variable_window_optimization] [2026-07-07 10:28:08] iteration = 14, loss = 0.003465017515769826, stage = 1, window_start = 1.7139876697384187, window_end = 1.9639876697384187, last iteration = 0.01 s
[run_variable_window_optimization] [2026-07-07 10:28:08] iteration = 15, loss = 0.003341967957998628, stage = 1, window_start = 1.7184270646034503, window_end = 1.9684270646034503, last iteration = 0.01 s
[run_variable_window_optimization] [2026-07-07 10:28:08] iteration = 16, loss = 0.0032218097625698705, stage = 1, window_start = 1.720110247703596, window_end = 1.970110247703596, last iteration = 0.01 s
[run_variable_window_optimization] [2026-07-07 10:28:08] iteration = 17, loss = 0.002957297529966376, stage = 1, window_start = 0.9165173348898861, window_end = 1.166517334889886, last iteration = 0.01 s
[run_variable_window_optimization] [2026-07-07 10:28:08] iteration = 18, loss = 0.0028737915321025874, stage = 1, window_start = 1.0163941304997075, window_end = 1.2663941304997075, last iteration = 0.01 s
[run_variable_window_optimization] [2026-07-07 10:28:08] iteration = 19, loss = 0.0023420252380255873, stage = 1, window_start = 0.22008119927260006, window_end = 0.47008119927260006, last iteration = 0.01 s
[run_variable_window_optimization] [2026-07-07 10:28:08] iteration = 20, loss = 0.002281958570246976, stage = 1, window_start = 0.2620154929653627, window_end = 0.5120154929653626, last iteration = 0.03 s
[run_variable_window_optimization] [2026-07-07 10:28:08] iteration = 21, loss = 0.0026431945465583825, stage = 1, window_start = 1.4843945177571314, window_end = 1.7343945177571314, last iteration = 0.01 s
[run_variable_window_optimization] [2026-07-07 10:28:08] iteration = 22, loss = 0.00247646755295616, stage = 1, window_start = 1.0971983296310397, window_end = 1.3471983296310397, last iteration = 0.01 s
[run_variable_window_optimization] [2026-07-07 10:28:08] iteration = 23, loss = 0.0024681064634887403, stage = 1, window_start = 1.6905924639654812, window_end = 1.9405924639654812, last iteration = 0.01 s
[run_variable_window_optimization] [2026-07-07 10:28:08] iteration = 24, loss = 0.002354259875165808, stage = 1, window_start = 1.5146441647197533, window_end = 1.7646441647197533, last iteration = 0.01 s
[run_variable_window_optimization] [2026-07-07 10:28:08] iteration = 25, loss = 0.0022534960623714346, stage = 1, window_start = 1.444210652323156, window_end = 1.694210652323156, last iteration = 0.03 s
[run_variable_window_optimization] [2026-07-07 10:28:08] iteration = 26, loss = 0.0018700540285757593, stage = 1, window_start = 0.44016805122496977, window_end = 0.6901680512249697, last iteration = 0.01 s
[run_variable_window_optimization] [2026-07-07 10:28:08] iteration = 27, loss = 0.0019438070146007235, stage = 1, window_start = 0.798180932699496, window_end = 1.048180932699496, last iteration = 0.01 s
[run_variable_window_optimization] [2026-07-07 10:28:08] iteration = 28, loss = 0.0020100450185548194, stage = 1, window_start = 1.574131999864779, window_end = 1.824131999864779, last iteration = 0.01 s
[run_variable_window_optimization] [2026-07-07 10:28:08] iteration = 29, loss = 0.0018695994002456988, stage = 1, window_start = 1.148998120978836, window_end = 1.398998120978836, last iteration = 0.01 s
[run_variable_window_optimization] [2026-07-07 10:28:08] iteration = 30, loss = 0.0015769256567117803, stage = 1, window_start = 0.4666885610409113, window_end = 0.7166885610409113, last iteration = 0.03 s
[run_variable_window_optimization] [2026-07-07 10:28:08] iteration = 31, loss = 0.001474502696545017, stage = 1, window_start = 0.4050111636541136, window_end = 0.6550111636541136, last iteration = 0.01 s
[run_variable_window_optimization] [2026-07-07 10:28:08] iteration = 32, loss = 0.0016894497291416388, stage = 1, window_start = 1.4499273397166925, window_end = 1.6999273397166925, last iteration = 0.01 s
