[Thu Jul  9 08:46:44 AM EDT 2026] Worker 5 starting ROM combination 5 / 10
Sweep file: /home/mgantcher/Brookhaven/Research_Code/Optimization/Data/Sweeps/ROM_hyperparam_opt/03_m4_r10_longer_fu_tuning_logical_extension.txt
Run name: ROM_m4_r10_longer_fu_tuning_logical_extension_5_006_extend_60k_eta1e-4_obs50
Combination label: 006_extend_60k_eta1e-4_obs50
BATCH_SIZE=1,1,1,1
ETAS=0.01,0.003,0.001,0.0001
H=8
ITERS=2016,2208,2349,60000
LOSS_NORMALIZATION=mean
M=4
N=256
N_OBS=100
PRINT_FREQUENCY=500
R=10
RUN_NAME=ROM_m4_r10_longer_fu_tuning_logical_extension_5_006_extend_60k_eta1e-4_obs50
SAVE_FREQUENCY=100
SEED=1
SWEEP_COMBO_COUNT=10
SWEEP_COMBO_INDEX=5
SWEEP_COMBO_LABEL=006_extend_60k_eta1e-4_obs50
SWEEP_FILE=/home/mgantcher/Brookhaven/Research_Code/Optimization/Data/Sweeps/ROM_hyperparam_opt/03_m4_r10_longer_fu_tuning_logical_extension.txt
SWEEP_TARGET=rom
SWEEP_TOTAL_COUNT=10
SWEEP_WORKER_COUNT=10
SWEEP_WORKER_INDEX=5
TFINAL=2.0
WARMUP=true
WINDOW_N_OBS=2,5,10,50
WINDOW_SEED=1
WINDOW_START_POLICY=random,random,random,random
WINDOW_T=0.05,0.5,2.0,2.0
[Thu Jul  9 11:12:39 AM EDT 2026] Worker 5 finished ROM combination 5
