[Wed Jul  8 09:46:35 AM EDT 2026] Worker 2 starting FOM combination 2 / 30
Sweep file: /home/mgantcher/Brookhaven/Research_Code/Optimization/Data/Sweeps/FOM_hyperparam_opt/07_improving_on_05-25.txt
Run name: FOM_improve_05_25_mooncake_2_003_iter_baseline
Combination label: 003_iter_baseline
BATCH_SIZE=1,1,1
ETAS=0.01,0.003,0.001
H=8
ITERS=2016,2208,2349
LOSS_NORMALIZATION=mean
N=256
N_OBS=100
PRINT_FREQUENCY=250
RUN_NAME=FOM_improve_05_25_mooncake_2_003_iter_baseline
SAVE_FREQUENCY=100000
SEED=1
SWEEP_COMBO_COUNT=30
SWEEP_COMBO_INDEX=2
SWEEP_COMBO_LABEL=003_iter_baseline
SWEEP_FILE=/home/mgantcher/Brookhaven/Research_Code/Optimization/Data/Sweeps/FOM_hyperparam_opt/07_improving_on_05-25.txt
SWEEP_TARGET=fom
SWEEP_TOTAL_COUNT=30
SWEEP_WORKER_COUNT=6
SWEEP_WORKER_INDEX=2
TFINAL=2.0
WARMUP=true
WINDOW_N_OBS=2,5,10
WINDOW_SEED=1
WINDOW_START_POLICY=random,random,random
WINDOW_T=0.05,0.5,2.0
[Wed Jul  8 09:57:23 AM EDT 2026] Worker 2 finished FOM combination 2
[Wed Jul  8 09:57:23 AM EDT 2026] Worker 2 starting FOM combination 8 / 30
Sweep file: /home/mgantcher/Brookhaven/Research_Code/Optimization/Data/Sweeps/FOM_hyperparam_opt/07_improving_on_05-25.txt
Run name: FOM_improve_05_25_mooncake_8_009_window_0p1_0p5_2p0
Combination label: 009_window_0p1_0p5_2p0
BATCH_SIZE=1,1,1
ETAS=0.01,0.003,0.001
H=8
ITERS=2016,2208,2349
LOSS_NORMALIZATION=mean
N=256
N_OBS=100
PRINT_FREQUENCY=250
RUN_NAME=FOM_improve_05_25_mooncake_8_009_window_0p1_0p5_2p0
SAVE_FREQUENCY=100000
SEED=1
SWEEP_COMBO_COUNT=30
SWEEP_COMBO_INDEX=8
SWEEP_COMBO_LABEL=009_window_0p1_0p5_2p0
SWEEP_FILE=/home/mgantcher/Brookhaven/Research_Code/Optimization/Data/Sweeps/FOM_hyperparam_opt/07_improving_on_05-25.txt
SWEEP_TARGET=fom
SWEEP_TOTAL_COUNT=30
SWEEP_WORKER_COUNT=6
SWEEP_WORKER_INDEX=2
TFINAL=2.0
WARMUP=true
WINDOW_N_OBS=2,5,10
WINDOW_SEED=1
WINDOW_START_POLICY=random,random,random
WINDOW_T=0.1,0.5,2.0
[Wed Jul  8 10:07:38 AM EDT 2026] Worker 2 finished FOM combination 8
[Wed Jul  8 10:07:38 AM EDT 2026] Worker 2 starting FOM combination 14 / 30
Sweep file: /home/mgantcher/Brookhaven/Research_Code/Optimization/Data/Sweeps/FOM_hyperparam_opt/07_improving_on_05-25.txt
Run name: FOM_improve_05_25_mooncake_14_015_obs_1_5_10
Combination label: 015_obs_1_5_10
BATCH_SIZE=1,1,1
ETAS=0.01,0.003,0.001
H=8
ITERS=2016,2208,2349
LOSS_NORMALIZATION=mean
N=256
N_OBS=100
PRINT_FREQUENCY=250
RUN_NAME=FOM_improve_05_25_mooncake_14_015_obs_1_5_10
SAVE_FREQUENCY=100000
SEED=1
SWEEP_COMBO_COUNT=30
SWEEP_COMBO_INDEX=14
SWEEP_COMBO_LABEL=015_obs_1_5_10
SWEEP_FILE=/home/mgantcher/Brookhaven/Research_Code/Optimization/Data/Sweeps/FOM_hyperparam_opt/07_improving_on_05-25.txt
SWEEP_TARGET=fom
SWEEP_TOTAL_COUNT=30
SWEEP_WORKER_COUNT=6
SWEEP_WORKER_INDEX=2
TFINAL=2.0
WARMUP=true
WINDOW_N_OBS=1,5,10
WINDOW_SEED=1
WINDOW_START_POLICY=random,random,random
WINDOW_T=0.05,0.5,2.0
[Wed Jul  8 10:18:38 AM EDT 2026] Worker 2 finished FOM combination 14
[Wed Jul  8 10:18:38 AM EDT 2026] Worker 2 starting FOM combination 20 / 30
Sweep file: /home/mgantcher/Brookhaven/Research_Code/Optimization/Data/Sweeps/FOM_hyperparam_opt/07_improving_on_05-25.txt
Run name: FOM_improve_05_25_mooncake_20_021_obs_5_10_25
Combination label: 021_obs_5_10_25
BATCH_SIZE=1,1,1
ETAS=0.01,0.003,0.001
H=8
ITERS=2016,2208,2349
LOSS_NORMALIZATION=mean
N=256
N_OBS=100
PRINT_FREQUENCY=250
RUN_NAME=FOM_improve_05_25_mooncake_20_021_obs_5_10_25
SAVE_FREQUENCY=100000
SEED=1
SWEEP_COMBO_COUNT=30
SWEEP_COMBO_INDEX=20
SWEEP_COMBO_LABEL=021_obs_5_10_25
SWEEP_FILE=/home/mgantcher/Brookhaven/Research_Code/Optimization/Data/Sweeps/FOM_hyperparam_opt/07_improving_on_05-25.txt
SWEEP_TARGET=fom
SWEEP_TOTAL_COUNT=30
SWEEP_WORKER_COUNT=6
SWEEP_WORKER_INDEX=2
TFINAL=2.0
WARMUP=true
WINDOW_N_OBS=5,10,25
WINDOW_SEED=1
WINDOW_START_POLICY=random,random,random
WINDOW_T=0.05,0.5,2.0
[Wed Jul  8 10:33:42 AM EDT 2026] Worker 2 finished FOM combination 20
[Wed Jul  8 10:33:42 AM EDT 2026] Worker 2 starting FOM combination 26 / 30
Sweep file: /home/mgantcher/Brookhaven/Research_Code/Optimization/Data/Sweeps/FOM_hyperparam_opt/07_improving_on_05-25.txt
Run name: FOM_improve_05_25_mooncake_26_027_eta_0p01_0p003_0p0003
Combination label: 027_eta_0p01_0p003_0p0003
BATCH_SIZE=1,1,1
ETAS=0.01,0.003,0.0003
H=8
ITERS=2016,2208,2349
LOSS_NORMALIZATION=mean
N=256
N_OBS=100
PRINT_FREQUENCY=250
RUN_NAME=FOM_improve_05_25_mooncake_26_027_eta_0p01_0p003_0p0003
SAVE_FREQUENCY=100000
SEED=1
SWEEP_COMBO_COUNT=30
SWEEP_COMBO_INDEX=26
SWEEP_COMBO_LABEL=027_eta_0p01_0p003_0p0003
SWEEP_FILE=/home/mgantcher/Brookhaven/Research_Code/Optimization/Data/Sweeps/FOM_hyperparam_opt/07_improving_on_05-25.txt
SWEEP_TARGET=fom
SWEEP_TOTAL_COUNT=30
SWEEP_WORKER_COUNT=6
SWEEP_WORKER_INDEX=2
TFINAL=2.0
WARMUP=true
WINDOW_N_OBS=2,5,10
WINDOW_SEED=1
WINDOW_START_POLICY=random,random,random
WINDOW_T=0.05,0.5,2.0
[Wed Jul  8 10:44:34 AM EDT 2026] Worker 2 finished FOM combination 26
