[Wed Jul  8 08:35:33 PM EDT 2026] Worker 6 starting ROM combination 6 / 8
Sweep file: /home/mgantcher/Brookhaven/Research_Code/Optimization/Data/Sweeps/ROM_hyperparam_opt/02_m4_r10_longer_fu_tuning.txt
Run name: ROM_m4_r10_longer_fu_tuning_6_060m_more_full_stage_base_eta
Combination label: 060m_more_full_stage_base_eta
BATCH_SIZE=1,1,1
ETAS=0.01,0.003,0.001
H=8
ITERS=9000,14000,95000
LOSS_NORMALIZATION=mean
M=4
N=256
N_OBS=100
PRINT_FREQUENCY=500
R=10
RUN_NAME=ROM_m4_r10_longer_fu_tuning_6_060m_more_full_stage_base_eta
SAVE_FREQUENCY=100
SEED=1
SWEEP_COMBO_COUNT=8
SWEEP_COMBO_INDEX=6
SWEEP_COMBO_LABEL=060m_more_full_stage_base_eta
SWEEP_FILE=/home/mgantcher/Brookhaven/Research_Code/Optimization/Data/Sweeps/ROM_hyperparam_opt/02_m4_r10_longer_fu_tuning.txt
SWEEP_TARGET=rom
SWEEP_TOTAL_COUNT=8
SWEEP_WORKER_COUNT=8
SWEEP_WORKER_INDEX=6
TFINAL=2.0
WARMUP=true
WINDOW_N_OBS=2,5,10
WINDOW_SEED=1
WINDOW_START_POLICY=random,random,random
WINDOW_T=0.05,0.5,2.0
[Wed Jul  8 09:33:55 PM EDT 2026] Worker 6 finished ROM combination 6
