[Thu Jul  9 02:26:10 AM EDT 2026] Worker 0 starting ROM combination 0 / 31
Sweep file: /home/mgantcher/Brookhaven/Research_Code/Optimization/Data/Sweeps/ROM_more_hyperparam_opt_for_fu_learning/01_2d_periodic_fu_learning.txt
Run name: ROM_2D_periodic_fu_learning_0_m4_r10_oldshape_base_eta_budget20m
Combination label: m4_r10_oldshape_base_eta_budget20m
BATCH_SIZE=1,1,1
ETAS=0.01,0.003,0.001
H=8
ITERS=3000,3300,3600
LOSS_NORMALIZATION=mean
M=4
N=128
N_OBS=100
PRINT_FREQUENCY=500
R=10
RUN_NAME=ROM_2D_periodic_fu_learning_0_m4_r10_oldshape_base_eta_budget20m
SAVE_FREQUENCY=100
SEED=1
SWEEP_COMBO_COUNT=31
SWEEP_COMBO_INDEX=0
SWEEP_COMBO_LABEL=m4_r10_oldshape_base_eta_budget20m
SWEEP_FILE=/home/mgantcher/Brookhaven/Research_Code/Optimization/Data/Sweeps/ROM_more_hyperparam_opt_for_fu_learning/01_2d_periodic_fu_learning.txt
SWEEP_TARGET=rom
SWEEP_TOTAL_COUNT=31
SWEEP_WORKER_COUNT=1
SWEEP_WORKER_INDEX=0
TFINAL=2.0
WARMUP=true
WINDOW_N_OBS=3,6,12
WINDOW_SEED=1
WINDOW_START_POLICY=random,random,random
WINDOW_T=0.05,0.5,2
[Thu Jul  9 02:31:52 AM EDT 2026] Worker 0 finished ROM combination 0
[Thu Jul  9 02:31:52 AM EDT 2026] Worker 0 starting ROM combination 1 / 31
Sweep file: /home/mgantcher/Brookhaven/Research_Code/Optimization/Data/Sweeps/ROM_more_hyperparam_opt_for_fu_learning/01_2d_periodic_fu_learning.txt
Run name: ROM_2D_periodic_fu_learning_1_m4_r10_five_stage_eta_1e-2_to_3e-4_budget25m
Combination label: m4_r10_five_stage_eta_1e-2_to_3e-4_budget25m
BATCH_SIZE=1,1,1,1,1
ETAS=0.01,0.003,0.001,0.0006,0.0003
H=8
ITERS=1800,2200,2600,2600,3000
LOSS_NORMALIZATION=mean
M=4
N=128
N_OBS=100
PRINT_FREQUENCY=500
R=10
RUN_NAME=ROM_2D_periodic_fu_learning_1_m4_r10_five_stage_eta_1e-2_to_3e-4_budget25m
SAVE_FREQUENCY=100
SEED=1
SWEEP_COMBO_COUNT=31
SWEEP_COMBO_INDEX=1
SWEEP_COMBO_LABEL=m4_r10_five_stage_eta_1e-2_to_3e-4_budget25m
SWEEP_FILE=/home/mgantcher/Brookhaven/Research_Code/Optimization/Data/Sweeps/ROM_more_hyperparam_opt_for_fu_learning/01_2d_periodic_fu_learning.txt
SWEEP_TARGET=rom
SWEEP_TOTAL_COUNT=31
SWEEP_WORKER_COUNT=1
SWEEP_WORKER_INDEX=0
TFINAL=2.0
WARMUP=true
WINDOW_N_OBS=3,4,6,10,12
WINDOW_SEED=1
WINDOW_START_POLICY=random,random,random,random,random
WINDOW_T=0.05,0.2,0.5,1,2
[Thu Jul  9 02:38:10 AM EDT 2026] Worker 0 finished ROM combination 1
[Thu Jul  9 02:38:10 AM EDT 2026] Worker 0 starting ROM combination 2 / 31
Sweep file: /home/mgantcher/Brookhaven/Research_Code/Optimization/Data/Sweeps/ROM_more_hyperparam_opt_for_fu_learning/01_2d_periodic_fu_learning.txt
Run name: ROM_2D_periodic_fu_learning_2_m4_r10_highobs_late_eta_3e-3_to_3e-5_budget30m
Combination label: m4_r10_highobs_late_eta_3e-3_to_3e-5_budget30m
BATCH_SIZE=1,1,1,1,1
ETAS=0.003,0.001,0.0003,0.0001,0.00003
H=8
ITERS=2200,2400,2600,2600,2600
LOSS_NORMALIZATION=mean
M=4
N=128
N_OBS=100
PRINT_FREQUENCY=500
R=10
RUN_NAME=ROM_2D_periodic_fu_learning_2_m4_r10_highobs_late_eta_3e-3_to_3e-5_budget30m
SAVE_FREQUENCY=100
SEED=1
SWEEP_COMBO_COUNT=31
SWEEP_COMBO_INDEX=2
SWEEP_COMBO_LABEL=m4_r10_highobs_late_eta_3e-3_to_3e-5_budget30m
SWEEP_FILE=/home/mgantcher/Brookhaven/Research_Code/Optimization/Data/Sweeps/ROM_more_hyperparam_opt_for_fu_learning/01_2d_periodic_fu_learning.txt
SWEEP_TARGET=rom
SWEEP_TOTAL_COUNT=31
SWEEP_WORKER_COUNT=1
SWEEP_WORKER_INDEX=0
TFINAL=2.0
WARMUP=true
WINDOW_N_OBS=3,6,12,30,60
WINDOW_SEED=1
WINDOW_START_POLICY=random,random,random,random,random
WINDOW_T=0.05,0.5,1,2,2
[Thu Jul  9 02:49:22 AM EDT 2026] Worker 0 finished ROM combination 2
[Thu Jul  9 02:49:22 AM EDT 2026] Worker 0 starting ROM combination 3 / 31
Sweep file: /home/mgantcher/Brookhaven/Research_Code/Optimization/Data/Sweeps/ROM_more_hyperparam_opt_for_fu_learning/01_2d_periodic_fu_learning.txt
Run name: ROM_2D_periodic_fu_learning_3_m4_r15_highobs_late_eta_3e-3_to_3e-5_budget30m
Combination label: m4_r15_highobs_late_eta_3e-3_to_3e-5_budget30m
BATCH_SIZE=1,1,1,1,1
ETAS=0.003,0.001,0.0003,0.0001,0.00003
H=8
ITERS=2200,2400,2600,2600,2600
LOSS_NORMALIZATION=mean
M=4
N=128
N_OBS=100
PRINT_FREQUENCY=500
R=15
RUN_NAME=ROM_2D_periodic_fu_learning_3_m4_r15_highobs_late_eta_3e-3_to_3e-5_budget30m
SAVE_FREQUENCY=100
SEED=1
SWEEP_COMBO_COUNT=31
SWEEP_COMBO_INDEX=3
SWEEP_COMBO_LABEL=m4_r15_highobs_late_eta_3e-3_to_3e-5_budget30m
SWEEP_FILE=/home/mgantcher/Brookhaven/Research_Code/Optimization/Data/Sweeps/ROM_more_hyperparam_opt_for_fu_learning/01_2d_periodic_fu_learning.txt
SWEEP_TARGET=rom
SWEEP_TOTAL_COUNT=31
SWEEP_WORKER_COUNT=1
SWEEP_WORKER_INDEX=0
TFINAL=2.0
WARMUP=true
WINDOW_N_OBS=3,6,12,30,60
WINDOW_SEED=1
WINDOW_START_POLICY=random,random,random,random,random
WINDOW_T=0.05,0.5,1,2,2
[Thu Jul  9 03:00:22 AM EDT 2026] Worker 0 finished ROM combination 3
[Thu Jul  9 03:00:22 AM EDT 2026] Worker 0 starting ROM combination 4 / 31
Sweep file: /home/mgantcher/Brookhaven/Research_Code/Optimization/Data/Sweeps/ROM_more_hyperparam_opt_for_fu_learning/01_2d_periodic_fu_learning.txt
Run name: ROM_2D_periodic_fu_learning_4_m4_r10_gentle_finish_eta_1e-3_to_1e-5_budget40m
Combination label: m4_r10_gentle_finish_eta_1e-3_to_1e-5_budget40m
BATCH_SIZE=1,1,1,1,1
ETAS=0.001,0.0003,0.0001,0.00003,0.00001
H=8
ITERS=3200,3400,3600,3600,3800
LOSS_NORMALIZATION=mean
M=4
N=128
N_OBS=100
PRINT_FREQUENCY=500
R=10
RUN_NAME=ROM_2D_periodic_fu_learning_4_m4_r10_gentle_finish_eta_1e-3_to_1e-5_budget40m
SAVE_FREQUENCY=100
SEED=1
SWEEP_COMBO_COUNT=31
SWEEP_COMBO_INDEX=4
SWEEP_COMBO_LABEL=m4_r10_gentle_finish_eta_1e-3_to_1e-5_budget40m
SWEEP_FILE=/home/mgantcher/Brookhaven/Research_Code/Optimization/Data/Sweeps/ROM_more_hyperparam_opt_for_fu_learning/01_2d_periodic_fu_learning.txt
SWEEP_TARGET=rom
SWEEP_TOTAL_COUNT=31
SWEEP_WORKER_COUNT=1
SWEEP_WORKER_INDEX=0
TFINAL=2.0
WARMUP=true
WINDOW_N_OBS=3,6,12,30,60
WINDOW_SEED=1
WINDOW_START_POLICY=random,random,random,random,random
WINDOW_T=0.05,0.5,2,2,2
[Thu Jul  9 03:14:21 AM EDT 2026] Worker 0 finished ROM combination 4
[Thu Jul  9 03:14:21 AM EDT 2026] Worker 0 starting ROM combination 5 / 31
Sweep file: /home/mgantcher/Brookhaven/Research_Code/Optimization/Data/Sweeps/ROM_more_hyperparam_opt_for_fu_learning/01_2d_periodic_fu_learning.txt
Run name: ROM_2D_periodic_fu_learning_5_m4_r10_batched_highobs_eta_1e-3_to_2e-5_budget40m
Combination label: m4_r10_batched_highobs_eta_1e-3_to_2e-5_budget40m
BATCH_SIZE=1,1,1,2,2
ETAS=0.001,0.0005,0.0002,0.00008,0.00002
H=8
ITERS=2600,2800,3000,1700,1700
LOSS_NORMALIZATION=mean
M=4
N=128
N_OBS=100
PRINT_FREQUENCY=500
R=10
RUN_NAME=ROM_2D_periodic_fu_learning_5_m4_r10_batched_highobs_eta_1e-3_to_2e-5_budget40m
SAVE_FREQUENCY=100
SEED=1
SWEEP_COMBO_COUNT=31
SWEEP_COMBO_INDEX=5
SWEEP_COMBO_LABEL=m4_r10_batched_highobs_eta_1e-3_to_2e-5_budget40m
SWEEP_FILE=/home/mgantcher/Brookhaven/Research_Code/Optimization/Data/Sweeps/ROM_more_hyperparam_opt_for_fu_learning/01_2d_periodic_fu_learning.txt
SWEEP_TARGET=rom
SWEEP_TOTAL_COUNT=31
SWEEP_WORKER_COUNT=1
SWEEP_WORKER_INDEX=0
TFINAL=2.0
WARMUP=true
WINDOW_N_OBS=3,6,12,30,60
WINDOW_SEED=1
WINDOW_START_POLICY=random,random,random,random,random
WINDOW_T=0.05,0.5,1,2,2
[Thu Jul  9 03:27:27 AM EDT 2026] Worker 0 finished ROM combination 5
[Thu Jul  9 03:27:27 AM EDT 2026] Worker 0 starting ROM combination 6 / 31
Sweep file: /home/mgantcher/Brookhaven/Research_Code/Optimization/Data/Sweeps/ROM_more_hyperparam_opt_for_fu_learning/01_2d_periodic_fu_learning.txt
Run name: ROM_2D_periodic_fu_learning_6_m10_r3_five_stage_eta_3e-3_to_3e-5_budget25m
Combination label: m10_r3_five_stage_eta_3e-3_to_3e-5_budget25m
BATCH_SIZE=1,1,1,1,1
ETAS=0.003,0.001,0.0003,0.0001,0.00003
H=8
ITERS=2200,2400,2600,2600,2800
LOSS_NORMALIZATION=mean
M=10
N=128
N_OBS=100
PRINT_FREQUENCY=500
R=3
RUN_NAME=ROM_2D_periodic_fu_learning_6_m10_r3_five_stage_eta_3e-3_to_3e-5_budget25m
SAVE_FREQUENCY=100
SEED=1
SWEEP_COMBO_COUNT=31
SWEEP_COMBO_INDEX=6
SWEEP_COMBO_LABEL=m10_r3_five_stage_eta_3e-3_to_3e-5_budget25m
SWEEP_FILE=/home/mgantcher/Brookhaven/Research_Code/Optimization/Data/Sweeps/ROM_more_hyperparam_opt_for_fu_learning/01_2d_periodic_fu_learning.txt
SWEEP_TARGET=rom
SWEEP_TOTAL_COUNT=31
SWEEP_WORKER_COUNT=1
SWEEP_WORKER_INDEX=0
TFINAL=2.0
WARMUP=true
WINDOW_N_OBS=3,4,6,10,12
WINDOW_SEED=1
WINDOW_START_POLICY=random,random,random,random,random
WINDOW_T=0.05,0.2,0.5,1,2
[Thu Jul  9 03:34:14 AM EDT 2026] Worker 0 finished ROM combination 6
[Thu Jul  9 03:34:14 AM EDT 2026] Worker 0 starting ROM combination 7 / 31
Sweep file: /home/mgantcher/Brookhaven/Research_Code/Optimization/Data/Sweeps/ROM_more_hyperparam_opt_for_fu_learning/01_2d_periodic_fu_learning.txt
Run name: ROM_2D_periodic_fu_learning_7_m10_r3_highobs_late_eta_1e-3_to_2e-5_budget30m
Combination label: m10_r3_highobs_late_eta_1e-3_to_2e-5_budget30m
BATCH_SIZE=1,1,1,1,1
ETAS=0.001,0.0005,0.0002,0.00008,0.00002
H=8
ITERS=2400,2600,2800,2800,3000
LOSS_NORMALIZATION=mean
M=10
N=128
N_OBS=100
PRINT_FREQUENCY=500
R=3
RUN_NAME=ROM_2D_periodic_fu_learning_7_m10_r3_highobs_late_eta_1e-3_to_2e-5_budget30m
SAVE_FREQUENCY=100
SEED=1
SWEEP_COMBO_COUNT=31
SWEEP_COMBO_INDEX=7
SWEEP_COMBO_LABEL=m10_r3_highobs_late_eta_1e-3_to_2e-5_budget30m
SWEEP_FILE=/home/mgantcher/Brookhaven/Research_Code/Optimization/Data/Sweeps/ROM_more_hyperparam_opt_for_fu_learning/01_2d_periodic_fu_learning.txt
SWEEP_TARGET=rom
SWEEP_TOTAL_COUNT=31
SWEEP_WORKER_COUNT=1
SWEEP_WORKER_INDEX=0
TFINAL=2.0
WARMUP=true
WINDOW_N_OBS=3,6,12,30,60
WINDOW_SEED=1
WINDOW_START_POLICY=random,random,random,random,random
WINDOW_T=0.05,0.5,1,2,2
[Thu Jul  9 03:46:26 AM EDT 2026] Worker 0 finished ROM combination 7
[Thu Jul  9 03:46:26 AM EDT 2026] Worker 0 starting ROM combination 8 / 31
Sweep file: /home/mgantcher/Brookhaven/Research_Code/Optimization/Data/Sweeps/ROM_more_hyperparam_opt_for_fu_learning/01_2d_periodic_fu_learning.txt
Run name: ROM_2D_periodic_fu_learning_8_m10_r4_five_stage_eta_3e-3_to_3e-5_budget25m
Combination label: m10_r4_five_stage_eta_3e-3_to_3e-5_budget25m
BATCH_SIZE=1,1,1,1,1
ETAS=0.003,0.001,0.0003,0.0001,0.00003
H=8
ITERS=2200,2400,2600,2600,2800
LOSS_NORMALIZATION=mean
M=10
N=128
N_OBS=100
PRINT_FREQUENCY=500
R=4
RUN_NAME=ROM_2D_periodic_fu_learning_8_m10_r4_five_stage_eta_3e-3_to_3e-5_budget25m
SAVE_FREQUENCY=100
SEED=1
SWEEP_COMBO_COUNT=31
SWEEP_COMBO_INDEX=8
SWEEP_COMBO_LABEL=m10_r4_five_stage_eta_3e-3_to_3e-5_budget25m
SWEEP_FILE=/home/mgantcher/Brookhaven/Research_Code/Optimization/Data/Sweeps/ROM_more_hyperparam_opt_for_fu_learning/01_2d_periodic_fu_learning.txt
SWEEP_TARGET=rom
SWEEP_TOTAL_COUNT=31
SWEEP_WORKER_COUNT=1
SWEEP_WORKER_INDEX=0
TFINAL=2.0
WARMUP=true
WINDOW_N_OBS=3,4,6,10,12
WINDOW_SEED=1
WINDOW_START_POLICY=random,random,random,random,random
WINDOW_T=0.05,0.2,0.5,1,2
[Thu Jul  9 03:53:08 AM EDT 2026] Worker 0 finished ROM combination 8
[Thu Jul  9 03:53:09 AM EDT 2026] Worker 0 starting ROM combination 9 / 31
Sweep file: /home/mgantcher/Brookhaven/Research_Code/Optimization/Data/Sweeps/ROM_more_hyperparam_opt_for_fu_learning/01_2d_periodic_fu_learning.txt
Run name: ROM_2D_periodic_fu_learning_9_m10_r4_highobs_late_eta_3e-3_to_3e-5_budget30m
Combination label: m10_r4_highobs_late_eta_3e-3_to_3e-5_budget30m
BATCH_SIZE=1,1,1,1,1
ETAS=0.003,0.001,0.0003,0.0001,0.00003
H=8
ITERS=2400,2600,2800,2800,3000
LOSS_NORMALIZATION=mean
M=10
N=128
N_OBS=100
PRINT_FREQUENCY=500
R=4
RUN_NAME=ROM_2D_periodic_fu_learning_9_m10_r4_highobs_late_eta_3e-3_to_3e-5_budget30m
SAVE_FREQUENCY=100
SEED=1
SWEEP_COMBO_COUNT=31
SWEEP_COMBO_INDEX=9
SWEEP_COMBO_LABEL=m10_r4_highobs_late_eta_3e-3_to_3e-5_budget30m
SWEEP_FILE=/home/mgantcher/Brookhaven/Research_Code/Optimization/Data/Sweeps/ROM_more_hyperparam_opt_for_fu_learning/01_2d_periodic_fu_learning.txt
SWEEP_TARGET=rom
SWEEP_TOTAL_COUNT=31
SWEEP_WORKER_COUNT=1
SWEEP_WORKER_INDEX=0
TFINAL=2.0
WARMUP=true
WINDOW_N_OBS=3,6,12,30,60
WINDOW_SEED=1
WINDOW_START_POLICY=random,random,random,random,random
WINDOW_T=0.05,0.5,1,2,2
[Thu Jul  9 04:05:51 AM EDT 2026] Worker 0 finished ROM combination 9
[Thu Jul  9 04:05:51 AM EDT 2026] Worker 0 starting ROM combination 10 / 31
Sweep file: /home/mgantcher/Brookhaven/Research_Code/Optimization/Data/Sweeps/ROM_more_hyperparam_opt_for_fu_learning/01_2d_periodic_fu_learning.txt
Run name: ROM_2D_periodic_fu_learning_10_m10_r4_highobs_late_eta_1e-3_to_2e-5_budget30m
Combination label: m10_r4_highobs_late_eta_1e-3_to_2e-5_budget30m
BATCH_SIZE=1,1,1,1,1
ETAS=0.001,0.0005,0.0002,0.00008,0.00002
H=8
ITERS=2400,2600,2800,2800,3000
LOSS_NORMALIZATION=mean
M=10
N=128
N_OBS=100
PRINT_FREQUENCY=500
R=4
RUN_NAME=ROM_2D_periodic_fu_learning_10_m10_r4_highobs_late_eta_1e-3_to_2e-5_budget30m
SAVE_FREQUENCY=100
SEED=1
SWEEP_COMBO_COUNT=31
SWEEP_COMBO_INDEX=10
SWEEP_COMBO_LABEL=m10_r4_highobs_late_eta_1e-3_to_2e-5_budget30m
SWEEP_FILE=/home/mgantcher/Brookhaven/Research_Code/Optimization/Data/Sweeps/ROM_more_hyperparam_opt_for_fu_learning/01_2d_periodic_fu_learning.txt
SWEEP_TARGET=rom
SWEEP_TOTAL_COUNT=31
SWEEP_WORKER_COUNT=1
SWEEP_WORKER_INDEX=0
TFINAL=2.0
WARMUP=true
WINDOW_N_OBS=3,6,12,30,60
WINDOW_SEED=1
WINDOW_START_POLICY=random,random,random,random,random
WINDOW_T=0.05,0.5,1,2,2
[Thu Jul  9 04:18:19 AM EDT 2026] Worker 0 finished ROM combination 10
[Thu Jul  9 04:18:19 AM EDT 2026] Worker 0 starting ROM combination 11 / 31
Sweep file: /home/mgantcher/Brookhaven/Research_Code/Optimization/Data/Sweeps/ROM_more_hyperparam_opt_for_fu_learning/01_2d_periodic_fu_learning.txt
Run name: ROM_2D_periodic_fu_learning_11_m10_r4_short_pretrain_eta_1e-3_to_2e-5_budget30m
Combination label: m10_r4_short_pretrain_eta_1e-3_to_2e-5_budget30m
BATCH_SIZE=1,1,1,1,1
ETAS=0.001,0.0005,0.0002,0.00008,0.00002
H=8
ITERS=2600,3000,3200,3000,3000
LOSS_NORMALIZATION=mean
M=10
N=128
N_OBS=100
PRINT_FREQUENCY=500
R=4
RUN_NAME=ROM_2D_periodic_fu_learning_11_m10_r4_short_pretrain_eta_1e-3_to_2e-5_budget30m
SAVE_FREQUENCY=100
SEED=1
SWEEP_COMBO_COUNT=31
SWEEP_COMBO_INDEX=11
SWEEP_COMBO_LABEL=m10_r4_short_pretrain_eta_1e-3_to_2e-5_budget30m
SWEEP_FILE=/home/mgantcher/Brookhaven/Research_Code/Optimization/Data/Sweeps/ROM_more_hyperparam_opt_for_fu_learning/01_2d_periodic_fu_learning.txt
SWEEP_TARGET=rom
SWEEP_TOTAL_COUNT=31
SWEEP_WORKER_COUNT=1
SWEEP_WORKER_INDEX=0
TFINAL=2.0
WARMUP=true
WINDOW_N_OBS=3,3,4,6,12
WINDOW_SEED=1
WINDOW_START_POLICY=random,random,random,random,random
WINDOW_T=0.05,0.05,0.2,0.5,2
[Thu Jul  9 04:25:06 AM EDT 2026] Worker 0 finished ROM combination 11
[Thu Jul  9 04:25:06 AM EDT 2026] Worker 0 starting ROM combination 12 / 31
Sweep file: /home/mgantcher/Brookhaven/Research_Code/Optimization/Data/Sweeps/ROM_more_hyperparam_opt_for_fu_learning/01_2d_periodic_fu_learning.txt
Run name: ROM_2D_periodic_fu_learning_12_m10_r4_gentle_finish_eta_5e-4_to_1e-5_budget45m
Combination label: m10_r4_gentle_finish_eta_5e-4_to_1e-5_budget45m
BATCH_SIZE=1,1,1,1,1
ETAS=0.0005,0.0002,0.00008,0.00003,0.00001
H=8
ITERS=3800,4000,4200,4200,4400
LOSS_NORMALIZATION=mean
M=10
N=128
N_OBS=100
PRINT_FREQUENCY=500
R=4
RUN_NAME=ROM_2D_periodic_fu_learning_12_m10_r4_gentle_finish_eta_5e-4_to_1e-5_budget45m
SAVE_FREQUENCY=100
SEED=1
SWEEP_COMBO_COUNT=31
SWEEP_COMBO_INDEX=12
SWEEP_COMBO_LABEL=m10_r4_gentle_finish_eta_5e-4_to_1e-5_budget45m
SWEEP_FILE=/home/mgantcher/Brookhaven/Research_Code/Optimization/Data/Sweeps/ROM_more_hyperparam_opt_for_fu_learning/01_2d_periodic_fu_learning.txt
SWEEP_TARGET=rom
SWEEP_TOTAL_COUNT=31
SWEEP_WORKER_COUNT=1
SWEEP_WORKER_INDEX=0
TFINAL=2.0
WARMUP=true
WINDOW_N_OBS=3,6,12,30,60
WINDOW_SEED=1
WINDOW_START_POLICY=random,random,random,random,random
WINDOW_T=0.05,0.5,2,2,2
[Thu Jul  9 04:42:25 AM EDT 2026] Worker 0 finished ROM combination 12
[Thu Jul  9 04:42:25 AM EDT 2026] Worker 0 starting ROM combination 13 / 31
Sweep file: /home/mgantcher/Brookhaven/Research_Code/Optimization/Data/Sweeps/ROM_more_hyperparam_opt_for_fu_learning/01_2d_periodic_fu_learning.txt
Run name: ROM_2D_periodic_fu_learning_13_m10_r4_batched_highobs_eta_5e-4_to_1e-5_budget45m
Combination label: m10_r4_batched_highobs_eta_5e-4_to_1e-5_budget45m
BATCH_SIZE=1,1,1,2,2
ETAS=0.0005,0.0002,0.0001,0.00003,0.00001
H=8
ITERS=3200,3400,3600,2200,2200
LOSS_NORMALIZATION=mean
M=10
N=128
N_OBS=100
PRINT_FREQUENCY=500
R=4
RUN_NAME=ROM_2D_periodic_fu_learning_13_m10_r4_batched_highobs_eta_5e-4_to_1e-5_budget45m
SAVE_FREQUENCY=100
SEED=1
SWEEP_COMBO_COUNT=31
SWEEP_COMBO_INDEX=13
SWEEP_COMBO_LABEL=m10_r4_batched_highobs_eta_5e-4_to_1e-5_budget45m
SWEEP_FILE=/home/mgantcher/Brookhaven/Research_Code/Optimization/Data/Sweeps/ROM_more_hyperparam_opt_for_fu_learning/01_2d_periodic_fu_learning.txt
SWEEP_TARGET=rom
SWEEP_TOTAL_COUNT=31
SWEEP_WORKER_COUNT=1
SWEEP_WORKER_INDEX=0
TFINAL=2.0
WARMUP=true
WINDOW_N_OBS=3,6,12,30,60
WINDOW_SEED=1
WINDOW_START_POLICY=random,random,random,random,random
WINDOW_T=0.05,0.5,1,2,2
[Thu Jul  9 04:58:56 AM EDT 2026] Worker 0 finished ROM combination 13
[Thu Jul  9 04:58:56 AM EDT 2026] Worker 0 starting ROM combination 14 / 31
Sweep file: /home/mgantcher/Brookhaven/Research_Code/Optimization/Data/Sweeps/ROM_more_hyperparam_opt_for_fu_learning/01_2d_periodic_fu_learning.txt
Run name: ROM_2D_periodic_fu_learning_14_m10_r5_five_stage_eta_1e-3_to_2e-5_budget25m
Combination label: m10_r5_five_stage_eta_1e-3_to_2e-5_budget25m
BATCH_SIZE=1,1,1,1,1
ETAS=0.001,0.0005,0.0002,0.00008,0.00002
H=8
ITERS=2200,2400,2600,2600,2800
LOSS_NORMALIZATION=mean
M=10
N=128
N_OBS=100
PRINT_FREQUENCY=500
R=5
RUN_NAME=ROM_2D_periodic_fu_learning_14_m10_r5_five_stage_eta_1e-3_to_2e-5_budget25m
SAVE_FREQUENCY=100
SEED=1
SWEEP_COMBO_COUNT=31
SWEEP_COMBO_INDEX=14
SWEEP_COMBO_LABEL=m10_r5_five_stage_eta_1e-3_to_2e-5_budget25m
SWEEP_FILE=/home/mgantcher/Brookhaven/Research_Code/Optimization/Data/Sweeps/ROM_more_hyperparam_opt_for_fu_learning/01_2d_periodic_fu_learning.txt
SWEEP_TARGET=rom
SWEEP_TOTAL_COUNT=31
SWEEP_WORKER_COUNT=1
SWEEP_WORKER_INDEX=0
TFINAL=2.0
WARMUP=true
WINDOW_N_OBS=3,4,6,10,12
WINDOW_SEED=1
WINDOW_START_POLICY=random,random,random,random,random
WINDOW_T=0.05,0.2,0.5,1,2
[Thu Jul  9 05:07:01 AM EDT 2026] Worker 0 finished ROM combination 14
[Thu Jul  9 05:07:01 AM EDT 2026] Worker 0 starting ROM combination 15 / 31
Sweep file: /home/mgantcher/Brookhaven/Research_Code/Optimization/Data/Sweeps/ROM_more_hyperparam_opt_for_fu_learning/01_2d_periodic_fu_learning.txt
Run name: ROM_2D_periodic_fu_learning_15_m10_r5_highobs_late_eta_5e-4_to_1e-5_budget30m
Combination label: m10_r5_highobs_late_eta_5e-4_to_1e-5_budget30m
BATCH_SIZE=1,1,1,1,1
ETAS=0.0005,0.0002,0.0001,0.00003,0.00001
H=8
ITERS=2400,2600,2800,2800,3000
LOSS_NORMALIZATION=mean
M=10
N=128
N_OBS=100
PRINT_FREQUENCY=500
R=5
RUN_NAME=ROM_2D_periodic_fu_learning_15_m10_r5_highobs_late_eta_5e-4_to_1e-5_budget30m
SAVE_FREQUENCY=100
SEED=1
SWEEP_COMBO_COUNT=31
SWEEP_COMBO_INDEX=15
SWEEP_COMBO_LABEL=m10_r5_highobs_late_eta_5e-4_to_1e-5_budget30m
SWEEP_FILE=/home/mgantcher/Brookhaven/Research_Code/Optimization/Data/Sweeps/ROM_more_hyperparam_opt_for_fu_learning/01_2d_periodic_fu_learning.txt
SWEEP_TARGET=rom
SWEEP_TOTAL_COUNT=31
SWEEP_WORKER_COUNT=1
SWEEP_WORKER_INDEX=0
TFINAL=2.0
WARMUP=true
WINDOW_N_OBS=3,6,12,30,60
WINDOW_SEED=1
WINDOW_START_POLICY=random,random,random,random,random
WINDOW_T=0.05,0.5,1,2,2
[Thu Jul  9 05:20:06 AM EDT 2026] Worker 0 finished ROM combination 15
[Thu Jul  9 05:20:06 AM EDT 2026] Worker 0 starting ROM combination 16 / 31
Sweep file: /home/mgantcher/Brookhaven/Research_Code/Optimization/Data/Sweeps/ROM_more_hyperparam_opt_for_fu_learning/01_2d_periodic_fu_learning.txt
Run name: ROM_2D_periodic_fu_learning_16_m10_r10_five_stage_eta_1e-3_to_2e-5_budget30m
Combination label: m10_r10_five_stage_eta_1e-3_to_2e-5_budget30m
BATCH_SIZE=1,1,1,1,1
ETAS=0.001,0.0005,0.0002,0.00008,0.00002
H=8
ITERS=2400,2600,2800,2800,3000
LOSS_NORMALIZATION=mean
M=10
N=128
N_OBS=100
PRINT_FREQUENCY=500
R=10
RUN_NAME=ROM_2D_periodic_fu_learning_16_m10_r10_five_stage_eta_1e-3_to_2e-5_budget30m
SAVE_FREQUENCY=100
SEED=1
SWEEP_COMBO_COUNT=31
SWEEP_COMBO_INDEX=16
SWEEP_COMBO_LABEL=m10_r10_five_stage_eta_1e-3_to_2e-5_budget30m
SWEEP_FILE=/home/mgantcher/Brookhaven/Research_Code/Optimization/Data/Sweeps/ROM_more_hyperparam_opt_for_fu_learning/01_2d_periodic_fu_learning.txt
SWEEP_TARGET=rom
SWEEP_TOTAL_COUNT=31
SWEEP_WORKER_COUNT=1
SWEEP_WORKER_INDEX=0
TFINAL=2.0
WARMUP=true
WINDOW_N_OBS=3,4,6,10,12
WINDOW_SEED=1
WINDOW_START_POLICY=random,random,random,random,random
WINDOW_T=0.05,0.2,0.5,1,2
[Thu Jul  9 05:27:03 AM EDT 2026] Worker 0 finished ROM combination 16
[Thu Jul  9 05:27:03 AM EDT 2026] Worker 0 starting ROM combination 17 / 31
Sweep file: /home/mgantcher/Brookhaven/Research_Code/Optimization/Data/Sweeps/ROM_more_hyperparam_opt_for_fu_learning/01_2d_periodic_fu_learning.txt
Run name: ROM_2D_periodic_fu_learning_17_m10_r10_highobs_late_eta_5e-4_to_1e-5_budget45m
Combination label: m10_r10_highobs_late_eta_5e-4_to_1e-5_budget45m
BATCH_SIZE=1,1,1,1,1
ETAS=0.0005,0.0002,0.0001,0.00003,0.00001
H=8
ITERS=3600,3800,4000,4000,4200
LOSS_NORMALIZATION=mean
M=10
N=128
N_OBS=100
PRINT_FREQUENCY=500
R=10
RUN_NAME=ROM_2D_periodic_fu_learning_17_m10_r10_highobs_late_eta_5e-4_to_1e-5_budget45m
SAVE_FREQUENCY=100
SEED=1
SWEEP_COMBO_COUNT=31
SWEEP_COMBO_INDEX=17
SWEEP_COMBO_LABEL=m10_r10_highobs_late_eta_5e-4_to_1e-5_budget45m
SWEEP_FILE=/home/mgantcher/Brookhaven/Research_Code/Optimization/Data/Sweeps/ROM_more_hyperparam_opt_for_fu_learning/01_2d_periodic_fu_learning.txt
SWEEP_TARGET=rom
SWEEP_TOTAL_COUNT=31
SWEEP_WORKER_COUNT=1
SWEEP_WORKER_INDEX=0
TFINAL=2.0
WARMUP=true
WINDOW_N_OBS=3,6,12,30,60
WINDOW_SEED=1
WINDOW_START_POLICY=random,random,random,random,random
WINDOW_T=0.05,0.5,1,2,2
[Thu Jul  9 05:43:39 AM EDT 2026] Worker 0 finished ROM combination 17
[Thu Jul  9 05:43:39 AM EDT 2026] Worker 0 starting ROM combination 18 / 31
Sweep file: /home/mgantcher/Brookhaven/Research_Code/Optimization/Data/Sweeps/ROM_more_hyperparam_opt_for_fu_learning/01_2d_periodic_fu_learning.txt
Run name: ROM_2D_periodic_fu_learning_18_m10_r10_gentle_finish_eta_3e-4_to_3e-6_budget60m
Combination label: m10_r10_gentle_finish_eta_3e-4_to_3e-6_budget60m
BATCH_SIZE=1,1,1,1,1
ETAS=0.0003,0.0001,0.00003,0.00001,0.000003
H=8
ITERS=5000,5200,5400,5400,5600
LOSS_NORMALIZATION=mean
M=10
N=128
N_OBS=100
PRINT_FREQUENCY=500
R=10
RUN_NAME=ROM_2D_periodic_fu_learning_18_m10_r10_gentle_finish_eta_3e-4_to_3e-6_budget60m
SAVE_FREQUENCY=100
SEED=1
SWEEP_COMBO_COUNT=31
SWEEP_COMBO_INDEX=18
SWEEP_COMBO_LABEL=m10_r10_gentle_finish_eta_3e-4_to_3e-6_budget60m
SWEEP_FILE=/home/mgantcher/Brookhaven/Research_Code/Optimization/Data/Sweeps/ROM_more_hyperparam_opt_for_fu_learning/01_2d_periodic_fu_learning.txt
SWEEP_TARGET=rom
SWEEP_TOTAL_COUNT=31
SWEEP_WORKER_COUNT=1
SWEEP_WORKER_INDEX=0
TFINAL=2.0
WARMUP=true
WINDOW_N_OBS=3,6,12,30,60
WINDOW_SEED=1
WINDOW_START_POLICY=random,random,random,random,random
WINDOW_T=0.05,0.5,2,2,2
[Thu Jul  9 06:05:42 AM EDT 2026] Worker 0 finished ROM combination 18
[Thu Jul  9 06:05:42 AM EDT 2026] Worker 0 starting ROM combination 19 / 31
Sweep file: /home/mgantcher/Brookhaven/Research_Code/Optimization/Data/Sweeps/ROM_more_hyperparam_opt_for_fu_learning/01_2d_periodic_fu_learning.txt
Run name: ROM_2D_periodic_fu_learning_19_m10_r15_highobs_late_eta_3e-4_to_3e-6_budget60m
Combination label: m10_r15_highobs_late_eta_3e-4_to_3e-6_budget60m
BATCH_SIZE=1,1,1,1,1
ETAS=0.0003,0.0001,0.00003,0.00001,0.000003
H=8
ITERS=5000,5200,5400,5400,5600
LOSS_NORMALIZATION=mean
M=10
N=128
N_OBS=100
PRINT_FREQUENCY=500
R=15
RUN_NAME=ROM_2D_periodic_fu_learning_19_m10_r15_highobs_late_eta_3e-4_to_3e-6_budget60m
SAVE_FREQUENCY=100
SEED=1
SWEEP_COMBO_COUNT=31
SWEEP_COMBO_INDEX=19
SWEEP_COMBO_LABEL=m10_r15_highobs_late_eta_3e-4_to_3e-6_budget60m
SWEEP_FILE=/home/mgantcher/Brookhaven/Research_Code/Optimization/Data/Sweeps/ROM_more_hyperparam_opt_for_fu_learning/01_2d_periodic_fu_learning.txt
SWEEP_TARGET=rom
SWEEP_TOTAL_COUNT=31
SWEEP_WORKER_COUNT=1
SWEEP_WORKER_INDEX=0
TFINAL=2.0
WARMUP=true
WINDOW_N_OBS=3,6,12,30,60
WINDOW_SEED=1
WINDOW_START_POLICY=random,random,random,random,random
WINDOW_T=0.05,0.5,1,2,2
[Thu Jul  9 06:27:09 AM EDT 2026] Worker 0 finished ROM combination 19
[Thu Jul  9 06:27:09 AM EDT 2026] Worker 0 starting ROM combination 20 / 31
Sweep file: /home/mgantcher/Brookhaven/Research_Code/Optimization/Data/Sweeps/ROM_more_hyperparam_opt_for_fu_learning/01_2d_periodic_fu_learning.txt
Run name: ROM_2D_periodic_fu_learning_20_m10_r15_batched_gentle_eta_3e-4_to_3e-6_budget60m
Combination label: m10_r15_batched_gentle_eta_3e-4_to_3e-6_budget60m
BATCH_SIZE=1,1,1,2,2
ETAS=0.0003,0.0001,0.00003,0.00001,0.000003
H=8
ITERS=4200,4400,4600,3000,3000
LOSS_NORMALIZATION=mean
M=10
N=128
N_OBS=100
PRINT_FREQUENCY=500
R=15
RUN_NAME=ROM_2D_periodic_fu_learning_20_m10_r15_batched_gentle_eta_3e-4_to_3e-6_budget60m
SAVE_FREQUENCY=100
SEED=1
SWEEP_COMBO_COUNT=31
SWEEP_COMBO_INDEX=20
SWEEP_COMBO_LABEL=m10_r15_batched_gentle_eta_3e-4_to_3e-6_budget60m
SWEEP_FILE=/home/mgantcher/Brookhaven/Research_Code/Optimization/Data/Sweeps/ROM_more_hyperparam_opt_for_fu_learning/01_2d_periodic_fu_learning.txt
SWEEP_TARGET=rom
SWEEP_TOTAL_COUNT=31
SWEEP_WORKER_COUNT=1
SWEEP_WORKER_INDEX=0
TFINAL=2.0
WARMUP=true
WINDOW_N_OBS=3,6,12,30,60
WINDOW_SEED=1
WINDOW_START_POLICY=random,random,random,random,random
WINDOW_T=0.05,0.5,1,2,2
[Thu Jul  9 06:49:13 AM EDT 2026] Worker 0 finished ROM combination 20
[Thu Jul  9 06:49:13 AM EDT 2026] Worker 0 starting ROM combination 21 / 31
Sweep file: /home/mgantcher/Brookhaven/Research_Code/Optimization/Data/Sweeps/ROM_more_hyperparam_opt_for_fu_learning/01_2d_periodic_fu_learning.txt
Run name: ROM_2D_periodic_fu_learning_21_m15_r5_five_stage_eta_5e-4_to_1e-5_budget30m
Combination label: m15_r5_five_stage_eta_5e-4_to_1e-5_budget30m
BATCH_SIZE=1,1,1,1,1
ETAS=0.0005,0.0002,0.0001,0.00003,0.00001
H=8
ITERS=2400,2600,2800,2800,3000
LOSS_NORMALIZATION=mean
M=15
N=128
N_OBS=100
PRINT_FREQUENCY=500
R=5
RUN_NAME=ROM_2D_periodic_fu_learning_21_m15_r5_five_stage_eta_5e-4_to_1e-5_budget30m
SAVE_FREQUENCY=100
SEED=1
SWEEP_COMBO_COUNT=31
SWEEP_COMBO_INDEX=21
SWEEP_COMBO_LABEL=m15_r5_five_stage_eta_5e-4_to_1e-5_budget30m
SWEEP_FILE=/home/mgantcher/Brookhaven/Research_Code/Optimization/Data/Sweeps/ROM_more_hyperparam_opt_for_fu_learning/01_2d_periodic_fu_learning.txt
SWEEP_TARGET=rom
SWEEP_TOTAL_COUNT=31
SWEEP_WORKER_COUNT=1
SWEEP_WORKER_INDEX=0
TFINAL=2.0
WARMUP=true
WINDOW_N_OBS=3,4,6,10,12
WINDOW_SEED=1
WINDOW_START_POLICY=random,random,random,random,random
WINDOW_T=0.05,0.2,0.5,1,2
[Thu Jul  9 06:56:28 AM EDT 2026] Worker 0 finished ROM combination 21
[Thu Jul  9 06:56:28 AM EDT 2026] Worker 0 starting ROM combination 22 / 31
Sweep file: /home/mgantcher/Brookhaven/Research_Code/Optimization/Data/Sweeps/ROM_more_hyperparam_opt_for_fu_learning/01_2d_periodic_fu_learning.txt
Run name: ROM_2D_periodic_fu_learning_22_m15_r5_highobs_late_eta_3e-4_to_3e-6_budget45m
Combination label: m15_r5_highobs_late_eta_3e-4_to_3e-6_budget45m
BATCH_SIZE=1,1,1,1,1
ETAS=0.0003,0.0001,0.00003,0.00001,0.000003
H=8
ITERS=3600,3800,4000,4000,4200
LOSS_NORMALIZATION=mean
M=15
N=128
N_OBS=100
PRINT_FREQUENCY=500
R=5
RUN_NAME=ROM_2D_periodic_fu_learning_22_m15_r5_highobs_late_eta_3e-4_to_3e-6_budget45m
SAVE_FREQUENCY=100
SEED=1
SWEEP_COMBO_COUNT=31
SWEEP_COMBO_INDEX=22
SWEEP_COMBO_LABEL=m15_r5_highobs_late_eta_3e-4_to_3e-6_budget45m
SWEEP_FILE=/home/mgantcher/Brookhaven/Research_Code/Optimization/Data/Sweeps/ROM_more_hyperparam_opt_for_fu_learning/01_2d_periodic_fu_learning.txt
SWEEP_TARGET=rom
SWEEP_TOTAL_COUNT=31
SWEEP_WORKER_COUNT=1
SWEEP_WORKER_INDEX=0
TFINAL=2.0
WARMUP=true
WINDOW_N_OBS=3,6,12,30,60
WINDOW_SEED=1
WINDOW_START_POLICY=random,random,random,random,random
WINDOW_T=0.05,0.5,1,2,2
[Thu Jul  9 07:13:21 AM EDT 2026] Worker 0 finished ROM combination 22
[Thu Jul  9 07:13:21 AM EDT 2026] Worker 0 starting ROM combination 23 / 31
Sweep file: /home/mgantcher/Brookhaven/Research_Code/Optimization/Data/Sweeps/ROM_more_hyperparam_opt_for_fu_learning/01_2d_periodic_fu_learning.txt
Run name: ROM_2D_periodic_fu_learning_23_m15_r10_highobs_late_eta_5e-4_to_1e-5_budget45m
Combination label: m15_r10_highobs_late_eta_5e-4_to_1e-5_budget45m
BATCH_SIZE=1,1,1,1,1
ETAS=0.0005,0.0002,0.0001,0.00003,0.00001
H=8
ITERS=3600,3800,4000,4000,4200
LOSS_NORMALIZATION=mean
M=15
N=128
N_OBS=100
PRINT_FREQUENCY=500
R=10
RUN_NAME=ROM_2D_periodic_fu_learning_23_m15_r10_highobs_late_eta_5e-4_to_1e-5_budget45m
SAVE_FREQUENCY=100
SEED=1
SWEEP_COMBO_COUNT=31
SWEEP_COMBO_INDEX=23
SWEEP_COMBO_LABEL=m15_r10_highobs_late_eta_5e-4_to_1e-5_budget45m
SWEEP_FILE=/home/mgantcher/Brookhaven/Research_Code/Optimization/Data/Sweeps/ROM_more_hyperparam_opt_for_fu_learning/01_2d_periodic_fu_learning.txt
SWEEP_TARGET=rom
SWEEP_TOTAL_COUNT=31
SWEEP_WORKER_COUNT=1
SWEEP_WORKER_INDEX=0
TFINAL=2.0
WARMUP=true
WINDOW_N_OBS=3,6,12,30,60
WINDOW_SEED=1
WINDOW_START_POLICY=random,random,random,random,random
WINDOW_T=0.05,0.5,1,2,2
[Thu Jul  9 07:30:19 AM EDT 2026] Worker 0 finished ROM combination 23
[Thu Jul  9 07:30:19 AM EDT 2026] Worker 0 starting ROM combination 24 / 31
Sweep file: /home/mgantcher/Brookhaven/Research_Code/Optimization/Data/Sweeps/ROM_more_hyperparam_opt_for_fu_learning/01_2d_periodic_fu_learning.txt
Run name: ROM_2D_periodic_fu_learning_24_m15_r10_gentle_finish_eta_3e-4_to_3e-6_budget60m
Combination label: m15_r10_gentle_finish_eta_3e-4_to_3e-6_budget60m
BATCH_SIZE=1,1,1,1,1
ETAS=0.0003,0.0001,0.00003,0.00001,0.000003
H=8
ITERS=5000,5200,5400,5400,5600
LOSS_NORMALIZATION=mean
M=15
N=128
N_OBS=100
PRINT_FREQUENCY=500
R=10
RUN_NAME=ROM_2D_periodic_fu_learning_24_m15_r10_gentle_finish_eta_3e-4_to_3e-6_budget60m
SAVE_FREQUENCY=100
SEED=1
SWEEP_COMBO_COUNT=31
SWEEP_COMBO_INDEX=24
SWEEP_COMBO_LABEL=m15_r10_gentle_finish_eta_3e-4_to_3e-6_budget60m
SWEEP_FILE=/home/mgantcher/Brookhaven/Research_Code/Optimization/Data/Sweeps/ROM_more_hyperparam_opt_for_fu_learning/01_2d_periodic_fu_learning.txt
SWEEP_TARGET=rom
SWEEP_TOTAL_COUNT=31
SWEEP_WORKER_COUNT=1
SWEEP_WORKER_INDEX=0
TFINAL=2.0
WARMUP=true
WINDOW_N_OBS=3,6,12,30,60
WINDOW_SEED=1
WINDOW_START_POLICY=random,random,random,random,random
WINDOW_T=0.05,0.5,2,2,2
[Thu Jul  9 07:53:02 AM EDT 2026] Worker 0 finished ROM combination 24
[Thu Jul  9 07:53:02 AM EDT 2026] Worker 0 starting ROM combination 25 / 31
Sweep file: /home/mgantcher/Brookhaven/Research_Code/Optimization/Data/Sweeps/ROM_more_hyperparam_opt_for_fu_learning/01_2d_periodic_fu_learning.txt
Run name: ROM_2D_periodic_fu_learning_25_m15_r15_batched_highobs_eta_3e-4_to_3e-6_budget60m
Combination label: m15_r15_batched_highobs_eta_3e-4_to_3e-6_budget60m
BATCH_SIZE=1,1,1,2,2
ETAS=0.0003,0.0001,0.00003,0.00001,0.000003
H=8
ITERS=4200,4400,4600,3000,3000
LOSS_NORMALIZATION=mean
M=15
N=128
N_OBS=100
PRINT_FREQUENCY=500
R=15
RUN_NAME=ROM_2D_periodic_fu_learning_25_m15_r15_batched_highobs_eta_3e-4_to_3e-6_budget60m
SAVE_FREQUENCY=100
SEED=1
SWEEP_COMBO_COUNT=31
SWEEP_COMBO_INDEX=25
SWEEP_COMBO_LABEL=m15_r15_batched_highobs_eta_3e-4_to_3e-6_budget60m
SWEEP_FILE=/home/mgantcher/Brookhaven/Research_Code/Optimization/Data/Sweeps/ROM_more_hyperparam_opt_for_fu_learning/01_2d_periodic_fu_learning.txt
SWEEP_TARGET=rom
SWEEP_TOTAL_COUNT=31
SWEEP_WORKER_COUNT=1
SWEEP_WORKER_INDEX=0
TFINAL=2.0
WARMUP=true
WINDOW_N_OBS=3,6,12,30,60
WINDOW_SEED=1
WINDOW_START_POLICY=random,random,random,random,random
WINDOW_T=0.05,0.5,1,2,2
[Thu Jul  9 08:15:26 AM EDT 2026] Worker 0 finished ROM combination 25
[Thu Jul  9 08:15:26 AM EDT 2026] Worker 0 starting ROM combination 26 / 31
Sweep file: /home/mgantcher/Brookhaven/Research_Code/Optimization/Data/Sweeps/ROM_more_hyperparam_opt_for_fu_learning/01_2d_periodic_fu_learning.txt
Run name: ROM_2D_periodic_fu_learning_26_m20_r10_highobs_late_eta_3e-4_to_3e-6_budget60m
Combination label: m20_r10_highobs_late_eta_3e-4_to_3e-6_budget60m
BATCH_SIZE=1,1,1,1,1
ETAS=0.0003,0.0001,0.00003,0.00001,0.000003
H=8
ITERS=5000,5200,5400,5400,5600
LOSS_NORMALIZATION=mean
M=20
N=128
N_OBS=100
PRINT_FREQUENCY=500
R=10
RUN_NAME=ROM_2D_periodic_fu_learning_26_m20_r10_highobs_late_eta_3e-4_to_3e-6_budget60m
SAVE_FREQUENCY=100
SEED=1
SWEEP_COMBO_COUNT=31
SWEEP_COMBO_INDEX=26
SWEEP_COMBO_LABEL=m20_r10_highobs_late_eta_3e-4_to_3e-6_budget60m
SWEEP_FILE=/home/mgantcher/Brookhaven/Research_Code/Optimization/Data/Sweeps/ROM_more_hyperparam_opt_for_fu_learning/01_2d_periodic_fu_learning.txt
SWEEP_TARGET=rom
SWEEP_TOTAL_COUNT=31
SWEEP_WORKER_COUNT=1
SWEEP_WORKER_INDEX=0
TFINAL=2.0
WARMUP=true
WINDOW_N_OBS=3,6,12,30,60
WINDOW_SEED=1
WINDOW_START_POLICY=random,random,random,random,random
WINDOW_T=0.05,0.5,1,2,2
[Thu Jul  9 08:39:26 AM EDT 2026] Worker 0 finished ROM combination 26
[Thu Jul  9 08:39:26 AM EDT 2026] Worker 0 starting ROM combination 27 / 31
Sweep file: /home/mgantcher/Brookhaven/Research_Code/Optimization/Data/Sweeps/ROM_more_hyperparam_opt_for_fu_learning/01_2d_periodic_fu_learning.txt
Run name: ROM_2D_periodic_fu_learning_27_n192_m4_r10_highobs_late_eta_3e-3_to_3e-5_budget45m
Combination label: n192_m4_r10_highobs_late_eta_3e-3_to_3e-5_budget45m
BATCH_SIZE=1,1,1,1,1
ETAS=0.003,0.001,0.0003,0.0001,0.00003
H=8
ITERS=2600,2800,3000,3000,3200
LOSS_NORMALIZATION=mean
M=4
N=192
N_OBS=100
PRINT_FREQUENCY=500
R=10
RUN_NAME=ROM_2D_periodic_fu_learning_27_n192_m4_r10_highobs_late_eta_3e-3_to_3e-5_budget45m
SAVE_FREQUENCY=100
SEED=1
SWEEP_COMBO_COUNT=31
SWEEP_COMBO_INDEX=27
SWEEP_COMBO_LABEL=n192_m4_r10_highobs_late_eta_3e-3_to_3e-5_budget45m
SWEEP_FILE=/home/mgantcher/Brookhaven/Research_Code/Optimization/Data/Sweeps/ROM_more_hyperparam_opt_for_fu_learning/01_2d_periodic_fu_learning.txt
SWEEP_TARGET=rom
SWEEP_TOTAL_COUNT=31
SWEEP_WORKER_COUNT=1
SWEEP_WORKER_INDEX=0
TFINAL=2.0
WARMUP=true
WINDOW_N_OBS=3,6,12,30,60
WINDOW_SEED=1
WINDOW_START_POLICY=random,random,random,random,random
WINDOW_T=0.05,0.5,1,2,2
[Thu Jul  9 08:55:46 AM EDT 2026] Worker 0 finished ROM combination 27
[Thu Jul  9 08:55:46 AM EDT 2026] Worker 0 starting ROM combination 28 / 31
Sweep file: /home/mgantcher/Brookhaven/Research_Code/Optimization/Data/Sweeps/ROM_more_hyperparam_opt_for_fu_learning/01_2d_periodic_fu_learning.txt
Run name: ROM_2D_periodic_fu_learning_28_n192_m10_r4_highobs_late_eta_1e-3_to_2e-5_budget45m
Combination label: n192_m10_r4_highobs_late_eta_1e-3_to_2e-5_budget45m
BATCH_SIZE=1,1,1,1,1
ETAS=0.001,0.0005,0.0002,0.00008,0.00002
H=8
ITERS=2600,2800,3000,3000,3200
LOSS_NORMALIZATION=mean
M=10
N=192
N_OBS=100
PRINT_FREQUENCY=500
R=4
RUN_NAME=ROM_2D_periodic_fu_learning_28_n192_m10_r4_highobs_late_eta_1e-3_to_2e-5_budget45m
SAVE_FREQUENCY=100
SEED=1
SWEEP_COMBO_COUNT=31
SWEEP_COMBO_INDEX=28
SWEEP_COMBO_LABEL=n192_m10_r4_highobs_late_eta_1e-3_to_2e-5_budget45m
SWEEP_FILE=/home/mgantcher/Brookhaven/Research_Code/Optimization/Data/Sweeps/ROM_more_hyperparam_opt_for_fu_learning/01_2d_periodic_fu_learning.txt
SWEEP_TARGET=rom
SWEEP_TOTAL_COUNT=31
SWEEP_WORKER_COUNT=1
SWEEP_WORKER_INDEX=0
TFINAL=2.0
WARMUP=true
WINDOW_N_OBS=3,6,12,30,60
WINDOW_SEED=1
WINDOW_START_POLICY=random,random,random,random,random
WINDOW_T=0.05,0.5,1,2,2
