[Wed Jul  8 11:30:35 PM EDT 2026] Worker 1 starting ROM combination 1 / 2
Sweep file: /home/mgantcher/Brookhaven/Research_Code/Optimization/Data/Sweeps/FOM_ROM_2D_periodic_boundary/04_rom_larger.txt
Run name: ROM_boundary_learning_tests_m4_r10_1_2d_periodic_longer
Combination label: 2d_periodic_longer
BATCH_SIZE=1,1,1
ETAS=0.01,0.003,0.001
H=8
ITERS=2016,2208,2349
LOSS_NORMALIZATION=mean
M=4
N=256
N_OBS=100
PRINT_FREQUENCY=250
R=10
RUN_NAME=ROM_boundary_learning_tests_m4_r10_1_2d_periodic_longer
SAVE_FREQUENCY=100
SEED=1
SWEEP_COMBO_COUNT=2
SWEEP_COMBO_INDEX=1
SWEEP_COMBO_LABEL=2d_periodic_longer
SWEEP_FILE=/home/mgantcher/Brookhaven/Research_Code/Optimization/Data/Sweeps/FOM_ROM_2D_periodic_boundary/04_rom_larger.txt
SWEEP_TARGET=rom
SWEEP_TOTAL_COUNT=2
SWEEP_WORKER_COUNT=2
SWEEP_WORKER_INDEX=1
TFINAL=2.0
WARMUP=true
WINDOW_N_OBS=2,5,10
WINDOW_SEED=1
WINDOW_START_POLICY=random,random,random
WINDOW_T=0.05,0.5,2.0
[Wed Jul  8 11:36:20 PM EDT 2026] Worker 1 finished ROM combination 1
