[Thu Jul  2 04:50:45 PM EDT 2026] Worker 3 starting FOM_VARIABLE combination 3 / 30
Sweep file: /home/mgantcher/Brookhaven/Research_Code/Optimization/Data/Sweeps/FOM_hyperparam_opt/00_timing_scaling.txt
Run name: FOM_timing_per_iter_3_window_t-0.05__window_n_obs-25
Combination label: window_t-0.05__window_n_obs-25
ETAS=1e-3
ITERS=20
N_OBS=100
PRINT_FREQUENCY=1
RUN_NAME=FOM_timing_per_iter_3_window_t-0.05__window_n_obs-25
SAVE_FREQUENCY=1
SWEEP_COMBO_COUNT=30
SWEEP_COMBO_INDEX=3
SWEEP_COMBO_LABEL=window_t-0.05__window_n_obs-25
SWEEP_FILE=/home/mgantcher/Brookhaven/Research_Code/Optimization/Data/Sweeps/FOM_hyperparam_opt/00_timing_scaling.txt
SWEEP_TARGET=fom_variable
SWEEP_TOTAL_COUNT=30
SWEEP_WORKER_COUNT=20
SWEEP_WORKER_INDEX=3
WINDOW_N_OBS=25
WINDOW_START_POLICY=random
WINDOW_T=0.05
[Thu Jul  2 04:50:45 PM EDT 2026] Starting variable-window FOM training on node10
Variable-window args: --N 256 --L 1.0 --eps2 1e-2 --k 1.0 --tfinal 2.0 --N-obs 100 --h 8 --seed 1 --reference-dt-factor 0.5 --etas 1e-3 --iters 20 --beta 0.9,0.99 --save-frequency 1 --print-frequency 1 --warmup true --window-T 0.05 --window-N-obs 25 --window-start-policy random --windows-per-iter 1 --loss-normalization mean --window-seed 1 --run-name FOM_timing_per_iter_3_window_t-0.05__window_n_obs-25
[run_variable_fom_hpc] Julia entrypoint started
[run_variable_fom_hpc] Loading variable-window FOM helper code
[package-load] Loading LinearAlgebra
[package-load] Loaded LinearAlgebra
[package-load] Loading SparseArrays
[package-load] Loaded SparseArrays
[package-load] Loading Random
[package-load] Loaded Random
[package-load] Loading ComponentArrays
[package-load] Loaded ComponentArrays
[package-load] Loading LinearSolve
[package-load] Loaded LinearSolve
[package-load] Loading OrdinaryDiffEq
[package-load] Loaded OrdinaryDiffEq
[package-load] Loading OrdinaryDiffEqSDIRK
[package-load] Loaded OrdinaryDiffEqSDIRK
[package-load] Loading OrdinaryDiffEqLowOrderRK
[package-load] Loaded OrdinaryDiffEqLowOrderRK
[package-load] Loading SciMLSensitivity
[package-load] Loaded SciMLSensitivity
[package-load] Loading ADTypes
[package-load] Loaded ADTypes
[package-load] Loading Zygote
[package-load] Loaded Zygote
[package-load] Loading Enzyme
[package-load] Loaded Enzyme
[package-load] Loading Optimization
[package-load] Loaded Optimization
[package-load] Loading OptimizationOptimisers
[package-load] Loaded OptimizationOptimisers
[package-load] Loading OptimizationOptimJL
[package-load] Loaded OptimizationOptimJL
[package-load] Loading LineSearches
[package-load] Loaded LineSearches
[package-load] Loading Lux
[package-load] Loaded Lux
[package-load] Loading Functors
[package-load] Loaded Functors
[package-load] Loading Plots
[package-load] Loaded Plots
[package-load] Loading Dates
[package-load] Loaded Dates
[package-load] Loading Serialization
[package-load] Loaded Serialization
[package-load] Including integration_AC_hpc.jl
[package-load] Loading LinearAlgebra
[package-load] Loaded LinearAlgebra
[package-load] Loading SparseArrays
[package-load] Loaded SparseArrays
[package-load] Loading Random
[package-load] Loaded Random
[package-load] Loading ComponentArrays
[package-load] Loaded ComponentArrays
[package-load] Loading LinearSolve
[package-load] Loaded LinearSolve
[package-load] Loading OrdinaryDiffEq
[package-load] Loaded OrdinaryDiffEq
[package-load] Loading OrdinaryDiffEqSDIRK
[package-load] Loaded OrdinaryDiffEqSDIRK
[package-load] Loading OrdinaryDiffEqLowOrderRK
[package-load] Loaded OrdinaryDiffEqLowOrderRK
[package-load] Loading SciMLSensitivity
[package-load] Loaded SciMLSensitivity
[package-load] Loading ADTypes
[package-load] Loaded ADTypes
[package-load] Loading Zygote
[package-load] Loaded Zygote
[package-load] Loading Enzyme
[package-load] Loaded Enzyme
[package-load] Loading Optimization
[package-load] Loaded Optimization
[package-load] Loading OptimizationOptimisers
[package-load] Loaded OptimizationOptimisers
[package-load] Loading OptimizationOptimJL
[package-load] Loaded OptimizationOptimJL
[package-load] Loading LineSearches
[package-load] Loaded LineSearches
[package-load] Loading Lux
[package-load] Loaded Lux
[package-load] Loading Functors
[package-load] Loaded Functors
[package-load] Loading Plots
[package-load] Loaded Plots
[package-load] Included integration_AC_hpc.jl
[run_variable_fom_hpc] Loading HPC common code
[package-load] Loading LinearAlgebra
[package-load] Loaded LinearAlgebra
[package-load] Loading SparseArrays
[package-load] Loaded SparseArrays
[package-load] Loading ComponentArrays
[package-load] Loaded ComponentArrays
[package-load] Loading OrdinaryDiffEq
[package-load] Loaded OrdinaryDiffEq
[package-load] Loading OrdinaryDiffEqLowOrderRK
[package-load] Loaded OrdinaryDiffEqLowOrderRK
[package-load] Loading Optimization
[package-load] Loaded Optimization
[package-load] Loading Dates
[package-load] Loaded Dates
[run_variable_fom_hpc] Configuring HPC runtime
Julia version: 1.12.6
Host: node10
SLURM_JOB_ID: 2545
SLURM_ARRAY_TASK_ID: 3
Julia threads: 8
BLAS threads: 1
[run_variable_fom_hpc] Building Allen-Cahn reference solution
Reference solve: N=256, Δx=0.0038910505836575876, Δt=0.0003785068661145513, saved_times=5283
[run_variable_fom_hpc] Preparing FOM optimization problem
[run_variable_fom_hpc] Prepared variable-window FOM optimization parameters
  run_name = FOM_timing_per_iter_3_window_t-0.05__window_n_obs-25
  N = 256
  L = 1.0
  ε2 = 0.01
  k = 1.0
  tfinal = 2.0
  N_obs = 100
  h = 8
  seed = 1
  reference_dt_factor = 0.5
  reference_Δx = 0.0038910505836575876
  reference_Δt = 0.0003785068661145513
  reference_save_count = 5283
  etas = [0.001]
  iterations = [20]
  β = (0.9, 0.99)
  warmup = true
  save_frequency = 1
  print_frequency = 1
  window_T = [0.05]
  window_N_obs = [25]
  window_start_policy = SubString{String}["random"]
  windows_per_iter = [1]
  loss_normalization = mean
  window_seed = 1
  SLURM_JOB_ID = 2545
  SLURM_ARRAY_TASK_ID = 3
[run_variable_fom_hpc] Running variable-window FOM optimization
[run_variable_window_optimization] [2026-07-02 16:51:26] Optimization Params: eta = [0.001]; beta = (0.9, 0.99); N_iter = [20]; WINDOW_T = [0.05]; WINDOW_N_OBS = [25]; WINDOW_START_POLICY = ["random"]; WINDOWS_PER_ITER = [1]; loss_normalization = mean; total_iterations = 20; save_frequency = 1; print_frequency = 1; warmup = true
[run_variable_window_optimization] [2026-07-02 16:51:26] Warming up
[run_variable_window_optimization] [2026-07-02 16:53:09] Warmup complete
[run_variable_window_optimization] [2026-07-02 16:53:09] Beginning variable-window optimization
[run_variable_window_optimization] [2026-07-02 16:53:09] Stage 1 / 1 started: eta = 0.001; N_iter = 20; WINDOW_T = 0.05; WINDOW_N_OBS = 25; WINDOW_START_POLICY = random; WINDOWS_PER_ITER = 1
[run_variable_window_optimization] [2026-07-02 16:53:14] iteration = 1, loss = 0.0001250795945777313, stage = 1, window_start = 0.19332241768834177, window_end = 0.24332241768834179, last iteration = 107.55 s
[run_variable_window_optimization] [2026-07-02 16:53:17] iteration = 2, loss = 0.00013808594771942003, stage = 1, window_start = 1.3688604420815107, window_end = 1.4188604420815107, last iteration = 3.86 s
[run_variable_window_optimization] [2026-07-02 16:53:21] iteration = 3, loss = 0.00013113009562992146, stage = 1, window_start = 0.9813604823916191, window_end = 1.0313604823916191, last iteration = 3.22 s
[run_variable_window_optimization] [2026-07-02 16:53:24] iteration = 4, loss = 0.00013051325861850271, stage = 1, window_start = 1.7078903503487277, window_end = 1.7578903503487278, last iteration = 3.18 s
[run_variable_window_optimization] [2026-07-02 16:53:27] iteration = 5, loss = 0.00012662438677242926, stage = 1, window_start = 1.8592575531552509, window_end = 1.909257553155251, last iteration = 3.19 s
[run_variable_window_optimization] [2026-07-02 16:53:30] iteration = 6, loss = 0.00011845625021208027, stage = 1, window_start = 0.9902306135593384, window_end = 1.0402306135593384, last iteration = 3.23 s
[run_variable_window_optimization] [2026-07-02 16:53:33] iteration = 7, loss = 0.00011743819690283445, stage = 1, window_start = 1.5400147689467587, window_end = 1.5900147689467587, last iteration = 3.18 s
[run_variable_window_optimization] [2026-07-02 16:53:37] iteration = 8, loss = 9.426639480073785e-5, stage = 1, window_start = 0.13894555859146537, window_end = 0.1889455585914654, last iteration = 3.12 s
[run_variable_window_optimization] [2026-07-02 16:53:40] iteration = 9, loss = 9.530534279347246e-5, stage = 1, window_start = 0.2698372539957359, window_end = 0.31983725399573587, last iteration = 3.17 s
[run_variable_window_optimization] [2026-07-02 16:53:43] iteration = 10, loss = 0.00010073586288121765, stage = 1, window_start = 0.7667189008474466, window_end = 0.8167189008474467, last iteration = 3.18 s
[run_variable_window_optimization] [2026-07-02 16:53:46] iteration = 11, loss = 9.020724564479511e-5, stage = 1, window_start = 0.34657862294205694, window_end = 0.3965786229420569, last iteration = 3.18 s
[run_variable_window_optimization] [2026-07-02 16:53:49] iteration = 12, loss = 9.891321296530573e-5, stage = 1, window_start = 1.6461056467691721, window_end = 1.6961056467691722, last iteration = 3.15 s
[run_variable_window_optimization] [2026-07-02 16:53:52] iteration = 13, loss = 9.530016272850866e-5, stage = 1, window_start = 1.6034791632593477, window_end = 1.6534791632593477, last iteration = 3.12 s
[run_variable_window_optimization] [2026-07-02 16:53:56] iteration = 14, loss = 9.267617465042134e-5, stage = 1, window_start = 1.9098719748513808, window_end = 1.9598719748513809, last iteration = 3.19 s
[run_variable_window_optimization] [2026-07-02 16:53:59] iteration = 15, loss = 8.937611711113422e-5, stage = 1, window_start = 1.9148187291295589, window_end = 1.964818729129559, last iteration = 3.13 s
[run_variable_window_optimization] [2026-07-02 16:54:02] iteration = 16, loss = 8.615955410091478e-5, stage = 1, window_start = 1.9166942760125785, window_end = 1.9666942760125785, last iteration = 3.13 s
[run_variable_window_optimization] [2026-07-02 16:54:05] iteration = 17, loss = 7.955647909689797e-5, stage = 1, window_start = 1.0212621731630158, window_end = 1.0712621731630159, last iteration = 3.17 s
[run_variable_window_optimization] [2026-07-02 16:54:08] iteration = 18, loss = 7.726167835540145e-5, stage = 1, window_start = 1.132553459699674, window_end = 1.182553459699674, last iteration = 3.1 s
[run_variable_window_optimization] [2026-07-02 16:54:11] iteration = 19, loss = 6.302405594680632e-5, stage = 1, window_start = 0.24523333633232577, window_end = 0.2952333363323258, last iteration = 3.26 s
[run_variable_window_optimization] [2026-07-02 16:54:14] iteration = 20, loss = 6.154941388885333e-5, stage = 1, window_start = 0.29196012073283273, window_end = 0.3419601207328327, last iteration = 3.13 s
[run_variable_window_optimization] [2026-07-02 16:54:18] Stage 1 / 1 complete; validation_loss = 0.03842943969586536; elapsed = 69.05 s
[run_variable_fom_hpc] Saving variable-window FOM optimization data
Saved variable-window FOM output to: /home/mgantcher/Brookhaven/Research_Code/Optimization/Data/FOM_timing_per_iter_3_window_t-0.05__window_n_obs-25
Final full-trajectory loss: 0.03842943969586536
Final training-window loss: 6.154941388885333e-5
[Thu Jul  2 04:54:19 PM EDT 2026] Finished variable-window FOM training
[Thu Jul  2 04:54:19 PM EDT 2026] Worker 3 finished FOM_VARIABLE combination 3
[Thu Jul  2 04:54:19 PM EDT 2026] Worker 3 starting FOM_VARIABLE combination 23 / 30
Sweep file: /home/mgantcher/Brookhaven/Research_Code/Optimization/Data/Sweeps/FOM_hyperparam_opt/00_timing_scaling.txt
Run name: FOM_timing_per_iter_23_window_t-1.0__window_n_obs-25
Combination label: window_t-1.0__window_n_obs-25
ETAS=1e-3
ITERS=20
N_OBS=100
PRINT_FREQUENCY=1
RUN_NAME=FOM_timing_per_iter_23_window_t-1.0__window_n_obs-25
SAVE_FREQUENCY=1
SWEEP_COMBO_COUNT=30
SWEEP_COMBO_INDEX=23
SWEEP_COMBO_LABEL=window_t-1.0__window_n_obs-25
SWEEP_FILE=/home/mgantcher/Brookhaven/Research_Code/Optimization/Data/Sweeps/FOM_hyperparam_opt/00_timing_scaling.txt
SWEEP_TARGET=fom_variable
SWEEP_TOTAL_COUNT=30
SWEEP_WORKER_COUNT=20
SWEEP_WORKER_INDEX=3
WINDOW_N_OBS=25
WINDOW_START_POLICY=random
WINDOW_T=1.0
[Thu Jul  2 04:54:19 PM EDT 2026] Starting variable-window FOM training on node10
Variable-window args: --N 256 --L 1.0 --eps2 1e-2 --k 1.0 --tfinal 2.0 --N-obs 100 --h 8 --seed 1 --reference-dt-factor 0.5 --etas 1e-3 --iters 20 --beta 0.9,0.99 --save-frequency 1 --print-frequency 1 --warmup true --window-T 1.0 --window-N-obs 25 --window-start-policy random --windows-per-iter 1 --loss-normalization mean --window-seed 1 --run-name FOM_timing_per_iter_23_window_t-1.0__window_n_obs-25
[run_variable_fom_hpc] Julia entrypoint started
[run_variable_fom_hpc] Loading variable-window FOM helper code
[package-load] Loading LinearAlgebra
[package-load] Loaded LinearAlgebra
[package-load] Loading SparseArrays
[package-load] Loaded SparseArrays
[package-load] Loading Random
[package-load] Loaded Random
[package-load] Loading ComponentArrays
[package-load] Loaded ComponentArrays
[package-load] Loading LinearSolve
[package-load] Loaded LinearSolve
[package-load] Loading OrdinaryDiffEq
[package-load] Loaded OrdinaryDiffEq
[package-load] Loading OrdinaryDiffEqSDIRK
[package-load] Loaded OrdinaryDiffEqSDIRK
[package-load] Loading OrdinaryDiffEqLowOrderRK
[package-load] Loaded OrdinaryDiffEqLowOrderRK
[package-load] Loading SciMLSensitivity
[package-load] Loaded SciMLSensitivity
[package-load] Loading ADTypes
[package-load] Loaded ADTypes
[package-load] Loading Zygote
[package-load] Loaded Zygote
[package-load] Loading Enzyme
[package-load] Loaded Enzyme
[package-load] Loading Optimization
[package-load] Loaded Optimization
[package-load] Loading OptimizationOptimisers
[package-load] Loaded OptimizationOptimisers
[package-load] Loading OptimizationOptimJL
[package-load] Loaded OptimizationOptimJL
[package-load] Loading LineSearches
[package-load] Loaded LineSearches
[package-load] Loading Lux
[package-load] Loaded Lux
[package-load] Loading Functors
[package-load] Loaded Functors
[package-load] Loading Plots
[package-load] Loaded Plots
[package-load] Loading Dates
[package-load] Loaded Dates
[package-load] Loading Serialization
[package-load] Loaded Serialization
[package-load] Including integration_AC_hpc.jl
[package-load] Loading LinearAlgebra
[package-load] Loaded LinearAlgebra
[package-load] Loading SparseArrays
[package-load] Loaded SparseArrays
[package-load] Loading Random
[package-load] Loaded Random
[package-load] Loading ComponentArrays
[package-load] Loaded ComponentArrays
[package-load] Loading LinearSolve
[package-load] Loaded LinearSolve
[package-load] Loading OrdinaryDiffEq
[package-load] Loaded OrdinaryDiffEq
[package-load] Loading OrdinaryDiffEqSDIRK
[package-load] Loaded OrdinaryDiffEqSDIRK
[package-load] Loading OrdinaryDiffEqLowOrderRK
[package-load] Loaded OrdinaryDiffEqLowOrderRK
[package-load] Loading SciMLSensitivity
[package-load] Loaded SciMLSensitivity
[package-load] Loading ADTypes
[package-load] Loaded ADTypes
[package-load] Loading Zygote
[package-load] Loaded Zygote
[package-load] Loading Enzyme
[package-load] Loaded Enzyme
[package-load] Loading Optimization
[package-load] Loaded Optimization
[package-load] Loading OptimizationOptimisers
[package-load] Loaded OptimizationOptimisers
[package-load] Loading OptimizationOptimJL
[package-load] Loaded OptimizationOptimJL
[package-load] Loading LineSearches
[package-load] Loaded LineSearches
[package-load] Loading Lux
[package-load] Loaded Lux
[package-load] Loading Functors
[package-load] Loaded Functors
[package-load] Loading Plots
[package-load] Loaded Plots
[package-load] Included integration_AC_hpc.jl
[run_variable_fom_hpc] Loading HPC common code
[package-load] Loading LinearAlgebra
[package-load] Loaded LinearAlgebra
[package-load] Loading SparseArrays
[package-load] Loaded SparseArrays
[package-load] Loading ComponentArrays
[package-load] Loaded ComponentArrays
[package-load] Loading OrdinaryDiffEq
[package-load] Loaded OrdinaryDiffEq
[package-load] Loading OrdinaryDiffEqLowOrderRK
[package-load] Loaded OrdinaryDiffEqLowOrderRK
[package-load] Loading Optimization
[package-load] Loaded Optimization
[package-load] Loading Dates
[package-load] Loaded Dates
[run_variable_fom_hpc] Configuring HPC runtime
Julia version: 1.12.6
Host: node10
SLURM_JOB_ID: 2545
SLURM_ARRAY_TASK_ID: 3
Julia threads: 8
BLAS threads: 1
[run_variable_fom_hpc] Building Allen-Cahn reference solution
Reference solve: N=256, Δx=0.0038910505836575876, Δt=0.0003785068661145513, saved_times=5283
[run_variable_fom_hpc] Preparing FOM optimization problem
[run_variable_fom_hpc] Prepared variable-window FOM optimization parameters
  run_name = FOM_timing_per_iter_23_window_t-1.0__window_n_obs-25
  N = 256
  L = 1.0
  ε2 = 0.01
  k = 1.0
  tfinal = 2.0
  N_obs = 100
  h = 8
  seed = 1
  reference_dt_factor = 0.5
  reference_Δx = 0.0038910505836575876
  reference_Δt = 0.0003785068661145513
  reference_save_count = 5283
  etas = [0.001]
  iterations = [20]
  β = (0.9, 0.99)
  warmup = true
  save_frequency = 1
  print_frequency = 1
  window_T = [1.0]
  window_N_obs = [25]
  window_start_policy = SubString{String}["random"]
  windows_per_iter = [1]
  loss_normalization = mean
  window_seed = 1
  SLURM_JOB_ID = 2545
  SLURM_ARRAY_TASK_ID = 3
[run_variable_fom_hpc] Running variable-window FOM optimization
[run_variable_window_optimization] [2026-07-02 16:55:00] Optimization Params: eta = [0.001]; beta = (0.9, 0.99); N_iter = [20]; WINDOW_T = [1.0]; WINDOW_N_OBS = [25]; WINDOW_START_POLICY = ["random"]; WINDOWS_PER_ITER = [1]; loss_normalization = mean; total_iterations = 20; save_frequency = 1; print_frequency = 1; warmup = true
[run_variable_window_optimization] [2026-07-02 16:55:00] Warming up
[run_variable_window_optimization] [2026-07-02 16:56:46] Warmup complete
[run_variable_window_optimization] [2026-07-02 16:56:46] Beginning variable-window optimization
[run_variable_window_optimization] [2026-07-02 16:56:46] Stage 1 / 1 started: eta = 0.001; N_iter = 20; WINDOW_T = 1.0; WINDOW_N_OBS = 25; WINDOW_START_POLICY = random; WINDOWS_PER_ITER = 1
[run_variable_window_optimization] [2026-07-02 16:56:53] iteration = 1, loss = 0.028497579335789416, stage = 1, window_start = 0.09913970137863681, window_end = 1.0991397013786368, last iteration = 113.05 s
[run_variable_window_optimization] [2026-07-02 16:56:58] iteration = 2, loss = 0.029796067574225257, stage = 1, window_start = 0.7019797138879542, window_end = 1.7019797138879542, last iteration = 5.44 s
[run_variable_window_optimization] [2026-07-02 16:57:03] iteration = 3, loss = 0.02843563855549447, stage = 1, window_start = 0.503261785841856, window_end = 1.503261785841856, last iteration = 4.74 s
[run_variable_window_optimization] [2026-07-02 16:57:08] iteration = 4, loss = 0.028355830515717363, stage = 1, window_start = 0.8758412053070399, window_end = 1.87584120530704, last iteration = 4.93 s
[run_variable_window_optimization] [2026-07-02 16:57:12] iteration = 5, loss = 0.027613058799024377, stage = 1, window_start = 0.9534654118744876, window_end = 1.9534654118744876, last iteration = 4.73 s
[run_variable_window_optimization] [2026-07-02 16:57:17] iteration = 6, loss = 0.025885390054792293, stage = 1, window_start = 0.507810571056071, window_end = 1.507810571056071, last iteration = 4.8 s
[run_variable_window_optimization] [2026-07-02 16:57:22] iteration = 7, loss = 0.025689087322290104, stage = 1, window_start = 0.7897511635624404, window_end = 1.7897511635624404, last iteration = 4.65 s
[run_variable_window_optimization] [2026-07-02 16:57:27] iteration = 8, loss = 0.022411701386646686, stage = 1, window_start = 0.07125413261100788, window_end = 1.0712541326110079, last iteration = 4.76 s
[run_variable_window_optimization] [2026-07-02 16:57:31] iteration = 9, loss = 0.022011624267088213, stage = 1, window_start = 0.13837807897217225, window_end = 1.1383780789721722, last iteration = 4.64 s
[run_variable_window_optimization] [2026-07-02 16:57:36] iteration = 10, loss = 0.02231789010280514, stage = 1, window_start = 0.3931891799217675, window_end = 1.3931891799217675, last iteration = 4.73 s
[run_variable_window_optimization] [2026-07-02 16:57:41] iteration = 11, loss = 0.020686292525558786, stage = 1, window_start = 0.17773262714977278, window_end = 1.1777326271497728, last iteration = 4.66 s
[run_variable_window_optimization] [2026-07-02 16:57:45] iteration = 12, loss = 0.021857499893359448, stage = 1, window_start = 0.8441567419329088, window_end = 1.8441567419329088, last iteration = 4.74 s
[run_variable_window_optimization] [2026-07-02 16:57:50] iteration = 13, loss = 0.021081575785309326, stage = 1, window_start = 0.8222970067996656, window_end = 1.8222970067996656, last iteration = 4.67 s
[run_variable_window_optimization] [2026-07-02 16:57:55] iteration = 14, loss = 0.02058430385442056, stage = 1, window_start = 0.9794215255648107, window_end = 1.9794215255648107, last iteration = 4.79 s
[run_variable_window_optimization] [2026-07-02 16:58:00] iteration = 15, loss = 0.019875418248045996, stage = 1, window_start = 0.9819583226305431, window_end = 1.981958322630543, last iteration = 4.68 s
[run_variable_window_optimization] [2026-07-02 16:58:04] iteration = 16, loss = 0.019179375981080275, stage = 1, window_start = 0.982920141544912, window_end = 1.982920141544912, last iteration = 4.69 s
[run_variable_window_optimization] [2026-07-02 16:58:09] iteration = 17, loss = 0.017657825466338612, stage = 1, window_start = 0.5237241913656492, window_end = 1.5237241913656492, last iteration = 4.6 s
[run_variable_window_optimization] [2026-07-02 16:58:13] iteration = 18, loss = 0.01713697778236775, stage = 1, window_start = 0.5807966459998328, window_end = 1.5807966459998328, last iteration = 4.66 s
[run_variable_window_optimization] [2026-07-02 16:58:18] iteration = 19, loss = 0.014945325301088792, stage = 1, window_start = 0.1257606852986286, window_end = 1.1257606852986286, last iteration = 4.68 s
[run_variable_window_optimization] [2026-07-02 16:58:23] iteration = 20, loss = 0.014451950042651604, stage = 1, window_start = 0.1497231388373501, window_end = 1.1497231388373501, last iteration = 4.7 s
[run_variable_window_optimization] [2026-07-02 16:58:28] Stage 1 / 1 complete; validation_loss = 0.03624987959700479; elapsed = 101.51 s
[run_variable_fom_hpc] Saving variable-window FOM optimization data
Saved variable-window FOM output to: /home/mgantcher/Brookhaven/Research_Code/Optimization/Data/FOM_timing_per_iter_23_window_t-1.0__window_n_obs-25
Final full-trajectory loss: 0.03624987959700479
Final training-window loss: 0.014451950042651604
[Thu Jul  2 04:58:29 PM EDT 2026] Finished variable-window FOM training
[Thu Jul  2 04:58:29 PM EDT 2026] Worker 3 finished FOM_VARIABLE combination 23
