[Tue Jul  7 10:55:31 AM EDT 2026] Worker 0 starting FOM combination 0 / 5
Sweep file: /home/mgantcher/Brookhaven/Research_Code/Optimization/Data/Sweeps/FOM_hyperparam_opt/01_enzyme_reproducer_005x.txt
Run name: FOM_enzyme_reproducer_T005_Nobs2_0_repeat-1
Combination label: repeat-1
ETAS=1e-3
ITERS=100
N_OBS=100
PRINT_FREQUENCY=1
RUN_NAME=FOM_enzyme_reproducer_T005_Nobs2_0_repeat-1
SAVE_FREQUENCY=100000
SWEEP_COMBO_COUNT=5
SWEEP_COMBO_INDEX=0
SWEEP_COMBO_LABEL=repeat-1
SWEEP_FILE=/home/mgantcher/Brookhaven/Research_Code/Optimization/Data/Sweeps/FOM_hyperparam_opt/01_enzyme_reproducer_005x.txt
SWEEP_TARGET=fom
SWEEP_TOTAL_COUNT=5
SWEEP_WORKER_COUNT=5
SWEEP_WORKER_INDEX=0
WARMUP=true
WINDOW_N_OBS=2
WINDOW_START_POLICY=random
WINDOW_T=0.05
[Tue Jul  7 10:55:31 AM EDT 2026] Starting FOM training on node01
[run_fom_hpc] Julia entrypoint started
[run_fom_hpc] Loading integration helper code
[package-load] Loading LinearAlgebra
[package-load] Loaded LinearAlgebra
[package-load] Loading SparseArrays
[package-load] Loaded SparseArrays
[package-load] Loading Random
[package-load] Loaded Random
[package-load] Loading ComponentArrays
[package-load] Loaded ComponentArrays
[package-load] Loading LinearSolve
[package-load] Loaded LinearSolve
[package-load] Loading OrdinaryDiffEq
[package-load] Loaded OrdinaryDiffEq
[package-load] Loading OrdinaryDiffEqSDIRK
[package-load] Loaded OrdinaryDiffEqSDIRK
[package-load] Loading OrdinaryDiffEqLowOrderRK
[package-load] Loaded OrdinaryDiffEqLowOrderRK
[package-load] Loading SciMLSensitivity
[package-load] Loaded SciMLSensitivity
[package-load] Loading ADTypes
[package-load] Loaded ADTypes
[package-load] Loading Zygote
[package-load] Loaded Zygote
[package-load] Loading Enzyme
[package-load] Loaded Enzyme
[package-load] Loading Optimization
[package-load] Loaded Optimization
[package-load] Loading OptimizationOptimisers
[package-load] Loaded OptimizationOptimisers
[package-load] Loading OptimizationOptimJL
[package-load] Loaded OptimizationOptimJL
[package-load] Loading LineSearches
[package-load] Loaded LineSearches
[package-load] Loading Lux
[package-load] Loaded Lux
[package-load] Loading Functors
[package-load] Loaded Functors
[package-load] Loading Plots
[package-load] Loaded Plots
[run_fom_hpc] Loading FOM helper code
[package-load] Loading LinearAlgebra
[package-load] Loaded LinearAlgebra
[package-load] Loading SparseArrays
[package-load] Loaded SparseArrays
[package-load] Loading Random
[package-load] Loaded Random
[package-load] Loading ComponentArrays
[package-load] Loaded ComponentArrays
[package-load] Loading LinearSolve
[package-load] Loaded LinearSolve
[package-load] Loading OrdinaryDiffEq
[package-load] Loaded OrdinaryDiffEq
[package-load] Loading OrdinaryDiffEqSDIRK
[package-load] Loaded OrdinaryDiffEqSDIRK
[package-load] Loading OrdinaryDiffEqLowOrderRK
[package-load] Loaded OrdinaryDiffEqLowOrderRK
[package-load] Loading SciMLSensitivity
[package-load] Loaded SciMLSensitivity
[package-load] Loading ADTypes
[package-load] Loaded ADTypes
[package-load] Loading Zygote
[package-load] Loaded Zygote
[package-load] Loading Enzyme
[package-load] Loaded Enzyme
[package-load] Loading Optimization
[package-load] Loaded Optimization
[package-load] Loading OptimizationOptimisers
[package-load] Loaded OptimizationOptimisers
[package-load] Loading OptimizationOptimJL
[package-load] Loaded OptimizationOptimJL
[package-load] Loading LineSearches
[package-load] Loaded LineSearches
[package-load] Loading Lux
[package-load] Loaded Lux
[package-load] Loading Functors
[package-load] Loaded Functors
[package-load] Loading Plots
[package-load] Loaded Plots
[package-load] Loading Dates
[package-load] Loaded Dates
[package-load] Loading Serialization
[package-load] Loaded Serialization
[package-load] Including integration_AC_hpc.jl
[package-load] Loading LinearAlgebra
[package-load] Loaded LinearAlgebra
[package-load] Loading SparseArrays
[package-load] Loaded SparseArrays
[package-load] Loading Random
[package-load] Loaded Random
[package-load] Loading ComponentArrays
[package-load] Loaded ComponentArrays
[package-load] Loading LinearSolve
[package-load] Loaded LinearSolve
[package-load] Loading OrdinaryDiffEq
[package-load] Loaded OrdinaryDiffEq
[package-load] Loading OrdinaryDiffEqSDIRK
[package-load] Loaded OrdinaryDiffEqSDIRK
[package-load] Loading OrdinaryDiffEqLowOrderRK
[package-load] Loaded OrdinaryDiffEqLowOrderRK
[package-load] Loading SciMLSensitivity
[package-load] Loaded SciMLSensitivity
[package-load] Loading ADTypes
[package-load] Loaded ADTypes
[package-load] Loading Zygote
[package-load] Loaded Zygote
[package-load] Loading Enzyme
[package-load] Loaded Enzyme
[package-load] Loading Optimization
[package-load] Loaded Optimization
[package-load] Loading OptimizationOptimisers
[package-load] Loaded OptimizationOptimisers
[package-load] Loading OptimizationOptimJL
[package-load] Loaded OptimizationOptimJL
[package-load] Loading LineSearches
[package-load] Loaded LineSearches
[package-load] Loading Lux
[package-load] Loaded Lux
[package-load] Loading Functors
[package-load] Loaded Functors
[package-load] Loading Plots
[package-load] Loaded Plots
[package-load] Included integration_AC_hpc.jl
[run_fom_hpc] Loading HPC common code
[package-load] Loading LinearAlgebra
[package-load] Loaded LinearAlgebra
[package-load] Loading SparseArrays
[package-load] Loaded SparseArrays
[package-load] Loading ComponentArrays
[package-load] Loaded ComponentArrays
[package-load] Loading OrdinaryDiffEq
[package-load] Loaded OrdinaryDiffEq
[package-load] Loading OrdinaryDiffEqLowOrderRK
[package-load] Loaded OrdinaryDiffEqLowOrderRK
[package-load] Loading Optimization
[package-load] Loaded Optimization
[package-load] Loading Dates
[package-load] Loaded Dates
[run_fom_hpc] Configuring HPC runtime
Julia version: 1.12.6
Host: node01
SLURM_JOB_ID: 2611
SLURM_ARRAY_TASK_ID: 0
Julia threads: 8
BLAS threads: 1
[run_fom_hpc] Building Allen-Cahn reference solution
Reference solve: N=256, Δx=0.0038910505836575876, Δt=0.0003785068661145513, saved_times=5283
[run_fom_hpc] Preparing FOM optimization problem
[run_fom_hpc] Prepared FOM optimization parameters
  run_name = FOM_enzyme_reproducer_T005_Nobs2_0_repeat-1
  N = 256
  L = 1.0
  ε2 = 0.01
  k = 1.0
  tfinal = 2.0
  N_obs = 100
  h = 8
  seed = 1
  reference_dt_factor = 0.5
  reference_Δx = 0.0038910505836575876
  reference_Δt = 0.0003785068661145513
  reference_save_count = 5283
  etas = [0.001]
  iterations = [100]
  window_T = [0.05]
  window_N_obs = [2]
  window_start_policy = SubString{String}["random"]
  batch_size = [1]
  loss_normalization = mean
  window_seed = 1
  β = (0.9, 0.99)
  warmup = true
  save_frequency = 100000
  print_frequency = 1
  SLURM_JOB_ID = 2611
  SLURM_ARRAY_TASK_ID = 0
[run_fom_hpc] Running FOM optimization
[run_variable_window_optimization] [2026-07-07 10:56:31] Optimization Params: eta = [0.001]; beta = (0.9, 0.99); N_iter = [100]; window_T = [0.05]; window_N_obs = [2]; window_start_policy = SubString{String}["random"]; batch_size = [1]; loss_normalization = mean; total_iterations = 100
[run_variable_window_optimization] [2026-07-07 10:56:31] Warming up
[run_variable_window_optimization] [2026-07-07 10:59:59] Warmup complete
[run_variable_window_optimization] [2026-07-07 10:59:59] Stage 1 / 1 started: eta = 0.001; N_iter = 100; window_T = 0.05; window_N_obs = 2; window_start_policy = random; batch_size = 1
[run_variable_window_optimization] [2026-07-07 11:00:00] iteration = 1, loss = 0.0002194126077627243, stage = 1, window_start = 0.19332241768834177, window_end = 0.24332241768834179, last iteration = 209.77 s
[run_variable_window_optimization] [2026-07-07 11:00:01] iteration = 2, loss = 0.000242425533305736, stage = 1, window_start = 1.3688604420815107, window_end = 1.4188604420815107, last iteration = 0.61 s
[run_variable_window_optimization] [2026-07-07 11:00:01] iteration = 3, loss = 0.00023019372608451376, stage = 1, window_start = 0.9813604823916191, window_end = 1.0313604823916191, last iteration = 0.01 s
[run_variable_window_optimization] [2026-07-07 11:00:01] iteration = 4, loss = 0.0002291414612512245, stage = 1, window_start = 1.7078903503487277, window_end = 1.7578903503487278, last iteration = 0.01 s
[run_variable_window_optimization] [2026-07-07 11:00:01] iteration = 5, loss = 0.00022231701672792263, stage = 1, window_start = 1.8592575531552509, window_end = 1.909257553155251, last iteration = 0.01 s
