[Thu Jul  2 04:50:45 PM EDT 2026] Worker 6 starting FOM_VARIABLE combination 6 / 30
Sweep file: /home/mgantcher/Brookhaven/Research_Code/Optimization/Data/Sweeps/FOM_hyperparam_opt/00_timing_scaling.txt
Run name: FOM_timing_per_iter_6_window_t-0.1__window_n_obs-5
Combination label: window_t-0.1__window_n_obs-5
ETAS=1e-3
ITERS=20
N_OBS=100
PRINT_FREQUENCY=1
RUN_NAME=FOM_timing_per_iter_6_window_t-0.1__window_n_obs-5
SAVE_FREQUENCY=1
SWEEP_COMBO_COUNT=30
SWEEP_COMBO_INDEX=6
SWEEP_COMBO_LABEL=window_t-0.1__window_n_obs-5
SWEEP_FILE=/home/mgantcher/Brookhaven/Research_Code/Optimization/Data/Sweeps/FOM_hyperparam_opt/00_timing_scaling.txt
SWEEP_TARGET=fom_variable
SWEEP_TOTAL_COUNT=30
SWEEP_WORKER_COUNT=20
SWEEP_WORKER_INDEX=6
WINDOW_N_OBS=5
WINDOW_START_POLICY=random
WINDOW_T=0.1
[Thu Jul  2 04:50:45 PM EDT 2026] Starting variable-window FOM training on node05
Variable-window args: --N 256 --L 1.0 --eps2 1e-2 --k 1.0 --tfinal 2.0 --N-obs 100 --h 8 --seed 1 --reference-dt-factor 0.5 --etas 1e-3 --iters 20 --beta 0.9,0.99 --save-frequency 1 --print-frequency 1 --warmup true --window-T 0.1 --window-N-obs 5 --window-start-policy random --windows-per-iter 1 --loss-normalization mean --window-seed 1 --run-name FOM_timing_per_iter_6_window_t-0.1__window_n_obs-5
[run_variable_fom_hpc] Julia entrypoint started
[run_variable_fom_hpc] Loading variable-window FOM helper code
[package-load] Loading LinearAlgebra
[package-load] Loaded LinearAlgebra
[package-load] Loading SparseArrays
[package-load] Loaded SparseArrays
[package-load] Loading Random
[package-load] Loaded Random
[package-load] Loading ComponentArrays
[package-load] Loaded ComponentArrays
[package-load] Loading LinearSolve
[package-load] Loaded LinearSolve
[package-load] Loading OrdinaryDiffEq
[package-load] Loaded OrdinaryDiffEq
[package-load] Loading OrdinaryDiffEqSDIRK
[package-load] Loaded OrdinaryDiffEqSDIRK
[package-load] Loading OrdinaryDiffEqLowOrderRK
[package-load] Loaded OrdinaryDiffEqLowOrderRK
[package-load] Loading SciMLSensitivity
[package-load] Loaded SciMLSensitivity
[package-load] Loading ADTypes
[package-load] Loaded ADTypes
[package-load] Loading Zygote
[package-load] Loaded Zygote
[package-load] Loading Enzyme
[package-load] Loaded Enzyme
[package-load] Loading Optimization
[package-load] Loaded Optimization
[package-load] Loading OptimizationOptimisers
[package-load] Loaded OptimizationOptimisers
[package-load] Loading OptimizationOptimJL
[package-load] Loaded OptimizationOptimJL
[package-load] Loading LineSearches
[package-load] Loaded LineSearches
[package-load] Loading Lux
[package-load] Loaded Lux
[package-load] Loading Functors
[package-load] Loaded Functors
[package-load] Loading Plots
[package-load] Loaded Plots
[package-load] Loading Dates
[package-load] Loaded Dates
[package-load] Loading Serialization
[package-load] Loaded Serialization
[package-load] Including integration_AC_hpc.jl
[package-load] Loading LinearAlgebra
[package-load] Loaded LinearAlgebra
[package-load] Loading SparseArrays
[package-load] Loaded SparseArrays
[package-load] Loading Random
[package-load] Loaded Random
[package-load] Loading ComponentArrays
[package-load] Loaded ComponentArrays
[package-load] Loading LinearSolve
[package-load] Loaded LinearSolve
[package-load] Loading OrdinaryDiffEq
[package-load] Loaded OrdinaryDiffEq
[package-load] Loading OrdinaryDiffEqSDIRK
[package-load] Loaded OrdinaryDiffEqSDIRK
[package-load] Loading OrdinaryDiffEqLowOrderRK
[package-load] Loaded OrdinaryDiffEqLowOrderRK
[package-load] Loading SciMLSensitivity
[package-load] Loaded SciMLSensitivity
[package-load] Loading ADTypes
[package-load] Loaded ADTypes
[package-load] Loading Zygote
[package-load] Loaded Zygote
[package-load] Loading Enzyme
[package-load] Loaded Enzyme
[package-load] Loading Optimization
[package-load] Loaded Optimization
[package-load] Loading OptimizationOptimisers
[package-load] Loaded OptimizationOptimisers
[package-load] Loading OptimizationOptimJL
[package-load] Loaded OptimizationOptimJL
[package-load] Loading LineSearches
[package-load] Loaded LineSearches
[package-load] Loading Lux
[package-load] Loaded Lux
[package-load] Loading Functors
[package-load] Loaded Functors
[package-load] Loading Plots
[package-load] Loaded Plots
[package-load] Included integration_AC_hpc.jl
[run_variable_fom_hpc] Loading HPC common code
[package-load] Loading LinearAlgebra
[package-load] Loaded LinearAlgebra
[package-load] Loading SparseArrays
[package-load] Loaded SparseArrays
[package-load] Loading ComponentArrays
[package-load] Loaded ComponentArrays
[package-load] Loading OrdinaryDiffEq
[package-load] Loaded OrdinaryDiffEq
[package-load] Loading OrdinaryDiffEqLowOrderRK
[package-load] Loaded OrdinaryDiffEqLowOrderRK
[package-load] Loading Optimization
[package-load] Loaded Optimization
[package-load] Loading Dates
[package-load] Loaded Dates
[run_variable_fom_hpc] Configuring HPC runtime
Julia version: 1.12.6
Host: node05
SLURM_JOB_ID: 2548
SLURM_ARRAY_TASK_ID: 6
Julia threads: 8
BLAS threads: 1
[run_variable_fom_hpc] Building Allen-Cahn reference solution
Reference solve: N=256, Δx=0.0038910505836575876, Δt=0.0003785068661145513, saved_times=5283
[run_variable_fom_hpc] Preparing FOM optimization problem
[run_variable_fom_hpc] Prepared variable-window FOM optimization parameters
  run_name = FOM_timing_per_iter_6_window_t-0.1__window_n_obs-5
  N = 256
  L = 1.0
  ε2 = 0.01
  k = 1.0
  tfinal = 2.0
  N_obs = 100
  h = 8
  seed = 1
  reference_dt_factor = 0.5
  reference_Δx = 0.0038910505836575876
  reference_Δt = 0.0003785068661145513
  reference_save_count = 5283
  etas = [0.001]
  iterations = [20]
  β = (0.9, 0.99)
  warmup = true
  save_frequency = 1
  print_frequency = 1
  window_T = [0.1]
  window_N_obs = [5]
  window_start_policy = SubString{String}["random"]
  windows_per_iter = [1]
  loss_normalization = mean
  window_seed = 1
  SLURM_JOB_ID = 2548
  SLURM_ARRAY_TASK_ID = 6
[run_variable_fom_hpc] Running variable-window FOM optimization
[run_variable_window_optimization] [2026-07-02 16:51:30] Optimization Params: eta = [0.001]; beta = (0.9, 0.99); N_iter = [20]; WINDOW_T = [0.1]; WINDOW_N_OBS = [5]; WINDOW_START_POLICY = ["random"]; WINDOWS_PER_ITER = [1]; loss_normalization = mean; total_iterations = 20; save_frequency = 1; print_frequency = 1; warmup = true
[run_variable_window_optimization] [2026-07-02 16:51:30] Warming up
[run_variable_window_optimization] [2026-07-02 16:53:08] Warmup complete
[run_variable_window_optimization] [2026-07-02 16:53:08] Beginning variable-window optimization
[run_variable_window_optimization] [2026-07-02 16:53:08] Stage 1 / 1 started: eta = 0.001; N_iter = 20; WINDOW_T = 0.1; WINDOW_N_OBS = 5; WINDOW_START_POLICY = random; WINDOWS_PER_ITER = 1
[run_variable_window_optimization] [2026-07-02 16:53:11] iteration = 1, loss = 0.0005943264196492163, stage = 1, window_start = 0.18836543261940994, window_end = 0.28836543261940994, last iteration = 100.49 s
[run_variable_window_optimization] [2026-07-02 16:53:13] iteration = 2, loss = 0.0006582940719235338, stage = 1, window_start = 1.333761456387113, window_end = 1.433761456387113, last iteration = 1.77 s
[run_variable_window_optimization] [2026-07-02 16:53:14] iteration = 3, loss = 0.0006246438019334606, stage = 1, window_start = 0.9561973930995263, window_end = 1.0561973930995263, last iteration = 1.15 s
[run_variable_window_optimization] [2026-07-02 16:53:15] iteration = 4, loss = 0.000622556544342788, stage = 1, window_start = 1.6640982900833758, window_end = 1.764098290083376, last iteration = 1.23 s
[run_variable_window_optimization] [2026-07-02 16:53:16] iteration = 5, loss = 0.0006041413796136288, stage = 1, window_start = 1.8115842825615265, window_end = 1.9115842825615266, last iteration = 1.09 s
[run_variable_window_optimization] [2026-07-02 16:53:17] iteration = 6, loss = 0.000564274211792663, stage = 1, window_start = 0.9648400850065348, window_end = 1.064840085006535, last iteration = 1.24 s
[run_variable_window_optimization] [2026-07-02 16:53:18] iteration = 7, loss = 0.0005600798869338082, stage = 1, window_start = 1.5005272107686365, window_end = 1.6005272107686366, last iteration = 1.04 s
[run_variable_window_optimization] [2026-07-02 16:53:20] iteration = 8, loss = 0.0004479709082615543, stage = 1, window_start = 0.13538285196091496, window_end = 0.23538285196091496, last iteration = 1.23 s
[run_variable_window_optimization] [2026-07-02 16:53:21] iteration = 9, loss = 0.000452652083542912, stage = 1, window_start = 0.26291835004712727, window_end = 0.36291835004712725, last iteration = 1.02 s
[run_variable_window_optimization] [2026-07-02 16:53:22] iteration = 10, loss = 0.0004794288208429914, stage = 1, window_start = 0.7470594418513582, window_end = 0.8470594418513582, last iteration = 1.13 s
[run_variable_window_optimization] [2026-07-02 16:53:23] iteration = 11, loss = 0.00042845360695039904, stage = 1, window_start = 0.33769199158456825, window_end = 0.4376919915845683, last iteration = 1.02 s
[run_variable_window_optimization] [2026-07-02 16:53:24] iteration = 12, loss = 0.00047177856554862004, stage = 1, window_start = 1.6038978096725267, window_end = 1.7038978096725268, last iteration = 1.17 s
[run_variable_window_optimization] [2026-07-02 16:53:25] iteration = 13, loss = 0.00045448921480769483, stage = 1, window_start = 1.5623643129193645, window_end = 1.6623643129193646, last iteration = 1.03 s
[run_variable_window_optimization] [2026-07-02 16:53:26] iteration = 14, loss = 0.0004421761707132976, stage = 1, window_start = 1.8609008985731401, window_end = 1.9609008985731402, last iteration = 1.23 s
[run_variable_window_optimization] [2026-07-02 16:53:27] iteration = 15, loss = 0.0004264073621911087, stage = 1, window_start = 1.8657208129980318, window_end = 1.965720812998032, last iteration = 1.06 s
[run_variable_window_optimization] [2026-07-02 16:53:28] iteration = 16, loss = 0.000411030619402855, stage = 1, window_start = 1.8675482689353329, window_end = 1.967548268935333, last iteration = 1.16 s
[run_variable_window_optimization] [2026-07-02 16:53:29] iteration = 17, loss = 0.00037866711281859036, stage = 1, window_start = 0.9950759635947334, window_end = 1.0950759635947334, last iteration = 1.03 s
[run_variable_window_optimization] [2026-07-02 16:53:31] iteration = 18, loss = 0.00036782408773942314, stage = 1, window_start = 1.1035136273996824, window_end = 1.2035136273996825, last iteration = 1.11 s
[run_variable_window_optimization] [2026-07-02 16:53:32] iteration = 19, loss = 0.0002987284162908536, stage = 1, window_start = 0.23894530206739434, window_end = 0.33894530206739437, last iteration = 1.01 s
[run_variable_window_optimization] [2026-07-02 16:53:33] iteration = 20, loss = 0.00029167820569896364, stage = 1, window_start = 0.2844739637909652, window_end = 0.3844739637909652, last iteration = 1.16 s
[run_variable_window_optimization] [2026-07-02 16:53:34] Stage 1 / 1 complete; validation_loss = 0.038417449003242836; elapsed = 25.73 s
[run_variable_fom_hpc] Saving variable-window FOM optimization data
Saved variable-window FOM output to: /home/mgantcher/Brookhaven/Research_Code/Optimization/Data/FOM_timing_per_iter_6_window_t-0.1__window_n_obs-5
Final full-trajectory loss: 0.038417449003242836
Final training-window loss: 0.00029167820569896364
[Thu Jul  2 04:53:35 PM EDT 2026] Finished variable-window FOM training
[Thu Jul  2 04:53:35 PM EDT 2026] Worker 6 finished FOM_VARIABLE combination 6
[Thu Jul  2 04:53:35 PM EDT 2026] Worker 6 starting FOM_VARIABLE combination 26 / 30
Sweep file: /home/mgantcher/Brookhaven/Research_Code/Optimization/Data/Sweeps/FOM_hyperparam_opt/00_timing_scaling.txt
Run name: FOM_timing_per_iter_26_window_t-2.0__window_n_obs-5
Combination label: window_t-2.0__window_n_obs-5
ETAS=1e-3
ITERS=20
N_OBS=100
PRINT_FREQUENCY=1
RUN_NAME=FOM_timing_per_iter_26_window_t-2.0__window_n_obs-5
SAVE_FREQUENCY=1
SWEEP_COMBO_COUNT=30
SWEEP_COMBO_INDEX=26
SWEEP_COMBO_LABEL=window_t-2.0__window_n_obs-5
SWEEP_FILE=/home/mgantcher/Brookhaven/Research_Code/Optimization/Data/Sweeps/FOM_hyperparam_opt/00_timing_scaling.txt
SWEEP_TARGET=fom_variable
SWEEP_TOTAL_COUNT=30
SWEEP_WORKER_COUNT=20
SWEEP_WORKER_INDEX=6
WINDOW_N_OBS=5
WINDOW_START_POLICY=random
WINDOW_T=2.0
[Thu Jul  2 04:53:35 PM EDT 2026] Starting variable-window FOM training on node05
Variable-window args: --N 256 --L 1.0 --eps2 1e-2 --k 1.0 --tfinal 2.0 --N-obs 100 --h 8 --seed 1 --reference-dt-factor 0.5 --etas 1e-3 --iters 20 --beta 0.9,0.99 --save-frequency 1 --print-frequency 1 --warmup true --window-T 2.0 --window-N-obs 5 --window-start-policy random --windows-per-iter 1 --loss-normalization mean --window-seed 1 --run-name FOM_timing_per_iter_26_window_t-2.0__window_n_obs-5
[run_variable_fom_hpc] Julia entrypoint started
[run_variable_fom_hpc] Loading variable-window FOM helper code
[package-load] Loading LinearAlgebra
[package-load] Loaded LinearAlgebra
[package-load] Loading SparseArrays
[package-load] Loaded SparseArrays
[package-load] Loading Random
[package-load] Loaded Random
[package-load] Loading ComponentArrays
[package-load] Loaded ComponentArrays
[package-load] Loading LinearSolve
[package-load] Loaded LinearSolve
[package-load] Loading OrdinaryDiffEq
[package-load] Loaded OrdinaryDiffEq
[package-load] Loading OrdinaryDiffEqSDIRK
[package-load] Loaded OrdinaryDiffEqSDIRK
[package-load] Loading OrdinaryDiffEqLowOrderRK
[package-load] Loaded OrdinaryDiffEqLowOrderRK
[package-load] Loading SciMLSensitivity
[package-load] Loaded SciMLSensitivity
[package-load] Loading ADTypes
[package-load] Loaded ADTypes
[package-load] Loading Zygote
[package-load] Loaded Zygote
[package-load] Loading Enzyme
[package-load] Loaded Enzyme
[package-load] Loading Optimization
[package-load] Loaded Optimization
[package-load] Loading OptimizationOptimisers
[package-load] Loaded OptimizationOptimisers
[package-load] Loading OptimizationOptimJL
[package-load] Loaded OptimizationOptimJL
[package-load] Loading LineSearches
[package-load] Loaded LineSearches
[package-load] Loading Lux
[package-load] Loaded Lux
[package-load] Loading Functors
[package-load] Loaded Functors
[package-load] Loading Plots
[package-load] Loaded Plots
[package-load] Loading Dates
[package-load] Loaded Dates
[package-load] Loading Serialization
[package-load] Loaded Serialization
[package-load] Including integration_AC_hpc.jl
[package-load] Loading LinearAlgebra
[package-load] Loaded LinearAlgebra
[package-load] Loading SparseArrays
[package-load] Loaded SparseArrays
[package-load] Loading Random
[package-load] Loaded Random
[package-load] Loading ComponentArrays
[package-load] Loaded ComponentArrays
[package-load] Loading LinearSolve
[package-load] Loaded LinearSolve
[package-load] Loading OrdinaryDiffEq
[package-load] Loaded OrdinaryDiffEq
[package-load] Loading OrdinaryDiffEqSDIRK
[package-load] Loaded OrdinaryDiffEqSDIRK
[package-load] Loading OrdinaryDiffEqLowOrderRK
[package-load] Loaded OrdinaryDiffEqLowOrderRK
[package-load] Loading SciMLSensitivity
[package-load] Loaded SciMLSensitivity
[package-load] Loading ADTypes
[package-load] Loaded ADTypes
[package-load] Loading Zygote
[package-load] Loaded Zygote
[package-load] Loading Enzyme
[package-load] Loaded Enzyme
[package-load] Loading Optimization
[package-load] Loaded Optimization
[package-load] Loading OptimizationOptimisers
[package-load] Loaded OptimizationOptimisers
[package-load] Loading OptimizationOptimJL
[package-load] Loaded OptimizationOptimJL
[package-load] Loading LineSearches
[package-load] Loaded LineSearches
[package-load] Loading Lux
[package-load] Loaded Lux
[package-load] Loading Functors
[package-load] Loaded Functors
[package-load] Loading Plots
[package-load] Loaded Plots
[package-load] Included integration_AC_hpc.jl
[run_variable_fom_hpc] Loading HPC common code
[package-load] Loading LinearAlgebra
[package-load] Loaded LinearAlgebra
[package-load] Loading SparseArrays
[package-load] Loaded SparseArrays
[package-load] Loading ComponentArrays
[package-load] Loaded ComponentArrays
[package-load] Loading OrdinaryDiffEq
[package-load] Loaded OrdinaryDiffEq
[package-load] Loading OrdinaryDiffEqLowOrderRK
[package-load] Loaded OrdinaryDiffEqLowOrderRK
[package-load] Loading Optimization
[package-load] Loaded Optimization
[package-load] Loading Dates
[package-load] Loaded Dates
[run_variable_fom_hpc] Configuring HPC runtime
Julia version: 1.12.6
Host: node05
SLURM_JOB_ID: 2548
SLURM_ARRAY_TASK_ID: 6
Julia threads: 8
BLAS threads: 1
[run_variable_fom_hpc] Building Allen-Cahn reference solution
Reference solve: N=256, Δx=0.0038910505836575876, Δt=0.0003785068661145513, saved_times=5283
[run_variable_fom_hpc] Preparing FOM optimization problem
[run_variable_fom_hpc] Prepared variable-window FOM optimization parameters
  run_name = FOM_timing_per_iter_26_window_t-2.0__window_n_obs-5
  N = 256
  L = 1.0
  ε2 = 0.01
  k = 1.0
  tfinal = 2.0
  N_obs = 100
  h = 8
  seed = 1
  reference_dt_factor = 0.5
  reference_Δx = 0.0038910505836575876
  reference_Δt = 0.0003785068661145513
  reference_save_count = 5283
  etas = [0.001]
  iterations = [20]
  β = (0.9, 0.99)
  warmup = true
  save_frequency = 1
  print_frequency = 1
  window_T = [2.0]
  window_N_obs = [5]
  window_start_policy = SubString{String}["random"]
  windows_per_iter = [1]
  loss_normalization = mean
  window_seed = 1
  SLURM_JOB_ID = 2548
  SLURM_ARRAY_TASK_ID = 6
[run_variable_fom_hpc] Running variable-window FOM optimization
[run_variable_window_optimization] [2026-07-02 16:54:16] Optimization Params: eta = [0.001]; beta = (0.9, 0.99); N_iter = [20]; WINDOW_T = [2.0]; WINDOW_N_OBS = [5]; WINDOW_START_POLICY = ["random"]; WINDOWS_PER_ITER = [1]; loss_normalization = mean; total_iterations = 20; save_frequency = 1; print_frequency = 1; warmup = true
[run_variable_window_optimization] [2026-07-02 16:54:16] Warming up
[run_variable_window_optimization] [2026-07-02 16:56:00] Warmup complete
[run_variable_window_optimization] [2026-07-02 16:56:00] Beginning variable-window optimization
[run_variable_window_optimization] [2026-07-02 16:56:00] Stage 1 / 1 started: eta = 0.001; N_iter = 20; WINDOW_T = 2.0; WINDOW_N_OBS = 5; WINDOW_START_POLICY = random; WINDOWS_PER_ITER = 1
[run_variable_window_optimization] [2026-07-02 16:56:04] iteration = 1, loss = 0.08089501015914174, stage = 1, window_start = 0.0, window_end = 2.0, last iteration = 107.73 s
[run_variable_window_optimization] [2026-07-02 16:56:07] iteration = 2, loss = 0.07865507626595394, stage = 1, window_start = 0.0, window_end = 2.0, last iteration = 3.03 s
[run_variable_window_optimization] [2026-07-02 16:56:09] iteration = 3, loss = 0.07643512363645125, stage = 1, window_start = 0.0, window_end = 2.0, last iteration = 2.48 s
[run_variable_window_optimization] [2026-07-02 16:56:12] iteration = 4, loss = 0.07423631291346122, stage = 1, window_start = 0.0, window_end = 2.0, last iteration = 2.65 s
[run_variable_window_optimization] [2026-07-02 16:56:15] iteration = 5, loss = 0.07206975794738259, stage = 1, window_start = 0.0, window_end = 2.0, last iteration = 2.54 s
[run_variable_window_optimization] [2026-07-02 16:56:17] iteration = 6, loss = 0.06993385821873277, stage = 1, window_start = 0.0, window_end = 2.0, last iteration = 2.22 s
[run_variable_window_optimization] [2026-07-02 16:56:19] iteration = 7, loss = 0.06783132178791787, stage = 1, window_start = 0.0, window_end = 2.0, last iteration = 2.26 s
[run_variable_window_optimization] [2026-07-02 16:56:22] iteration = 8, loss = 0.06576516005210371, stage = 1, window_start = 0.0, window_end = 2.0, last iteration = 2.65 s
[run_variable_window_optimization] [2026-07-02 16:56:24] iteration = 9, loss = 0.06373990428516502, stage = 1, window_start = 0.0, window_end = 2.0, last iteration = 2.51 s
[run_variable_window_optimization] [2026-07-02 16:56:26] iteration = 10, loss = 0.061754162225888184, stage = 1, window_start = 0.0, window_end = 2.0, last iteration = 2.2 s
[run_variable_window_optimization] [2026-07-02 16:56:29] iteration = 11, loss = 0.059810233759788424, stage = 1, window_start = 0.0, window_end = 2.0, last iteration = 2.14 s
[run_variable_window_optimization] [2026-07-02 16:56:31] iteration = 12, loss = 0.057892168333613124, stage = 1, window_start = 0.0, window_end = 2.0, last iteration = 2.03 s
[run_variable_window_optimization] [2026-07-02 16:56:33] iteration = 13, loss = 0.05603241391984125, stage = 1, window_start = 0.0, window_end = 2.0, last iteration = 2.04 s
[run_variable_window_optimization] [2026-07-02 16:56:34] iteration = 14, loss = 0.05419751573333999, stage = 1, window_start = 0.0, window_end = 2.0, last iteration = 1.91 s
[run_variable_window_optimization] [2026-07-02 16:56:37] iteration = 15, loss = 0.05240603099897938, stage = 1, window_start = 0.0, window_end = 2.0, last iteration = 2.25 s
[run_variable_window_optimization] [2026-07-02 16:56:39] iteration = 16, loss = 0.05064589320554963, stage = 1, window_start = 0.0, window_end = 2.0, last iteration = 2.12 s
[run_variable_window_optimization] [2026-07-02 16:56:41] iteration = 17, loss = 0.04891866538132303, stage = 1, window_start = 0.0, window_end = 2.0, last iteration = 2.02 s
[run_variable_window_optimization] [2026-07-02 16:56:43] iteration = 18, loss = 0.047223290048201215, stage = 1, window_start = 0.0, window_end = 2.0, last iteration = 2.01 s
[run_variable_window_optimization] [2026-07-02 16:56:45] iteration = 19, loss = 0.045559215918646666, stage = 1, window_start = 0.0, window_end = 2.0, last iteration = 2.06 s
[run_variable_window_optimization] [2026-07-02 16:56:47] iteration = 20, loss = 0.043925935202755687, stage = 1, window_start = 0.0, window_end = 2.0, last iteration = 1.94 s
[run_variable_window_optimization] [2026-07-02 16:56:49] Stage 1 / 1 complete; validation_loss = 0.03640432019413659; elapsed = 48.9 s
[run_variable_fom_hpc] Saving variable-window FOM optimization data
Saved variable-window FOM output to: /home/mgantcher/Brookhaven/Research_Code/Optimization/Data/FOM_timing_per_iter_26_window_t-2.0__window_n_obs-5
Final full-trajectory loss: 0.03640432019413659
Final training-window loss: 0.043925935202755687
[Thu Jul  2 04:56:50 PM EDT 2026] Finished variable-window FOM training
[Thu Jul  2 04:56:50 PM EDT 2026] Worker 6 finished FOM_VARIABLE combination 26
