[Sat Jul  4 10:24:46 PM EDT 2026] Worker 3 starting FOM combination 3 / 4
Sweep file: /home/mgantcher/Brookhaven/Research_Code/Optimization/Data/Sweeps/tests/fom_test.txt
Run name: FOM_sweep_test_20260704_222411_3_window_t-0.1_0.2__batch_size-2_1
Combination label: window_t-0.1_0.2__batch_size-2_1
BATCH_SIZE=2,1
EPS2=1e-2
ETAS=1e-3,5e-4
H=8
ITERS=2,1
K=1.0
L=1.0
LOSS_NORMALIZATION=mean
N=32
N_OBS=8
PRINT_FREQUENCY=1
REFERENCE_DT_FACTOR=0.25
RUN_NAME=FOM_sweep_test_20260704_222411_3_window_t-0.1_0.2__batch_size-2_1
SAVE_FREQUENCY=1
SEED=1
SWEEP_COMBO_COUNT=4
SWEEP_COMBO_INDEX=3
SWEEP_COMBO_LABEL=window_t-0.1_0.2__batch_size-2_1
SWEEP_FILE=/home/mgantcher/Brookhaven/Research_Code/Optimization/Data/Sweeps/tests/fom_test.txt
SWEEP_TARGET=fom
SWEEP_TOTAL_COUNT=4
SWEEP_WORKER_COUNT=4
SWEEP_WORKER_INDEX=3
TFINAL=0.2
WARMUP=false
WINDOW_N_OBS=3,8
WINDOW_SEED=42
WINDOW_START_POLICY=random,beginning
WINDOW_T=0.1,0.2
[Sat Jul  4 10:24:46 PM EDT 2026] Starting FOM training on node10
[run_fom_hpc] Julia entrypoint started
[run_fom_hpc] Loading integration helper code
[package-load] Loading LinearAlgebra
[package-load] Loaded LinearAlgebra
[package-load] Loading SparseArrays
[package-load] Loaded SparseArrays
[package-load] Loading Random
[package-load] Loaded Random
[package-load] Loading ComponentArrays
[package-load] Loaded ComponentArrays
[package-load] Loading LinearSolve
[package-load] Loaded LinearSolve
[package-load] Loading OrdinaryDiffEq
[package-load] Loaded OrdinaryDiffEq
[package-load] Loading OrdinaryDiffEqSDIRK
[package-load] Loaded OrdinaryDiffEqSDIRK
[package-load] Loading OrdinaryDiffEqLowOrderRK
[package-load] Loaded OrdinaryDiffEqLowOrderRK
[package-load] Loading SciMLSensitivity
[package-load] Loaded SciMLSensitivity
[package-load] Loading ADTypes
[package-load] Loaded ADTypes
[package-load] Loading Zygote
[package-load] Loaded Zygote
[package-load] Loading Enzyme
[package-load] Loaded Enzyme
[package-load] Loading Optimization
[package-load] Loaded Optimization
[package-load] Loading OptimizationOptimisers
[package-load] Loaded OptimizationOptimisers
[package-load] Loading OptimizationOptimJL
[package-load] Loaded OptimizationOptimJL
[package-load] Loading LineSearches
[package-load] Loaded LineSearches
[package-load] Loading Lux
[package-load] Loaded Lux
[package-load] Loading Functors
[package-load] Loaded Functors
[package-load] Loading Plots
[package-load] Loaded Plots
[run_fom_hpc] Loading FOM helper code
[package-load] Loading LinearAlgebra
[package-load] Loaded LinearAlgebra
[package-load] Loading SparseArrays
[package-load] Loaded SparseArrays
[package-load] Loading Random
[package-load] Loaded Random
[package-load] Loading ComponentArrays
[package-load] Loaded ComponentArrays
[package-load] Loading LinearSolve
[package-load] Loaded LinearSolve
[package-load] Loading OrdinaryDiffEq
[package-load] Loaded OrdinaryDiffEq
[package-load] Loading OrdinaryDiffEqSDIRK
[package-load] Loaded OrdinaryDiffEqSDIRK
[package-load] Loading OrdinaryDiffEqLowOrderRK
[package-load] Loaded OrdinaryDiffEqLowOrderRK
[package-load] Loading SciMLSensitivity
[package-load] Loaded SciMLSensitivity
[package-load] Loading ADTypes
[package-load] Loaded ADTypes
[package-load] Loading Zygote
[package-load] Loaded Zygote
[package-load] Loading Enzyme
[package-load] Loaded Enzyme
[package-load] Loading Optimization
[package-load] Loaded Optimization
[package-load] Loading OptimizationOptimisers
[package-load] Loaded OptimizationOptimisers
[package-load] Loading OptimizationOptimJL
[package-load] Loaded OptimizationOptimJL
[package-load] Loading LineSearches
[package-load] Loaded LineSearches
[package-load] Loading Lux
[package-load] Loaded Lux
[package-load] Loading Functors
[package-load] Loaded Functors
[package-load] Loading Plots
[package-load] Loaded Plots
[package-load] Loading Dates
[package-load] Loaded Dates
[package-load] Loading Serialization
[package-load] Loaded Serialization
[package-load] Including integration_AC_hpc.jl
[package-load] Loading LinearAlgebra
[package-load] Loaded LinearAlgebra
[package-load] Loading SparseArrays
[package-load] Loaded SparseArrays
[package-load] Loading Random
[package-load] Loaded Random
[package-load] Loading ComponentArrays
[package-load] Loaded ComponentArrays
[package-load] Loading LinearSolve
[package-load] Loaded LinearSolve
[package-load] Loading OrdinaryDiffEq
[package-load] Loaded OrdinaryDiffEq
[package-load] Loading OrdinaryDiffEqSDIRK
[package-load] Loaded OrdinaryDiffEqSDIRK
[package-load] Loading OrdinaryDiffEqLowOrderRK
[package-load] Loaded OrdinaryDiffEqLowOrderRK
[package-load] Loading SciMLSensitivity
[package-load] Loaded SciMLSensitivity
[package-load] Loading ADTypes
[package-load] Loaded ADTypes
[package-load] Loading Zygote
[package-load] Loaded Zygote
[package-load] Loading Enzyme
[package-load] Loaded Enzyme
[package-load] Loading Optimization
[package-load] Loaded Optimization
[package-load] Loading OptimizationOptimisers
[package-load] Loaded OptimizationOptimisers
[package-load] Loading OptimizationOptimJL
[package-load] Loaded OptimizationOptimJL
[package-load] Loading LineSearches
[package-load] Loaded LineSearches
[package-load] Loading Lux
[package-load] Loaded Lux
[package-load] Loading Functors
[package-load] Loaded Functors
[package-load] Loading Plots
[package-load] Loaded Plots
[package-load] Included integration_AC_hpc.jl
[run_fom_hpc] Loading HPC common code
[package-load] Loading LinearAlgebra
[package-load] Loaded LinearAlgebra
[package-load] Loading SparseArrays
[package-load] Loaded SparseArrays
[package-load] Loading ComponentArrays
[package-load] Loaded ComponentArrays
[package-load] Loading OrdinaryDiffEq
[package-load] Loaded OrdinaryDiffEq
[package-load] Loading OrdinaryDiffEqLowOrderRK
[package-load] Loaded OrdinaryDiffEqLowOrderRK
[package-load] Loading Optimization
[package-load] Loaded Optimization
[package-load] Loading Dates
[package-load] Loaded Dates
[run_fom_hpc] Configuring HPC runtime
Julia version: 1.12.6
Host: node10
SLURM_JOB_ID: 2575
SLURM_ARRAY_TASK_ID: 3
Julia threads: 8
BLAS threads: 1
[run_fom_hpc] Building Allen-Cahn reference solution
Reference solve: N=32, Δx=0.030303030303030304, Δt=0.011478420569329661, saved_times=17
[run_fom_hpc] Preparing FOM optimization problem
[run_fom_hpc] Prepared FOM optimization parameters
  run_name = FOM_sweep_test_20260704_222411_3_window_t-0.1_0.2__batch_size-2_1
  N = 32
  L = 1.0
  ε2 = 0.01
  k = 1.0
  tfinal = 0.2
  N_obs = 8
  h = 8
  seed = 1
  reference_dt_factor = 0.25
  reference_Δx = 0.030303030303030304
  reference_Δt = 0.011478420569329661
  reference_save_count = 17
  etas = [0.001, 0.0005]
  iterations = [2, 1]
  window_T = [0.1, 0.2]
  window_N_obs = [3, 8]
  window_start_policy = SubString{String}["random", "beginning"]
  batch_size = [2, 1]
  loss_normalization = mean
  window_seed = 42
  β = (0.9, 0.99)
  warmup = false
  save_frequency = 1
  print_frequency = 1
  SLURM_JOB_ID = 2575
  SLURM_ARRAY_TASK_ID = 3
[run_fom_hpc] Running FOM optimization
[run_variable_window_optimization] [2026-07-04 22:25:45] Optimization Params: eta = [0.001, 0.0005]; beta = (0.9, 0.99); N_iter = [2, 1]; window_T = [0.1, 0.2]; window_N_obs = [3, 8]; window_start_policy = SubString{String}["random", "beginning"]; batch_size = [2, 1]; loss_normalization = mean; total_iterations = 3
[run_variable_window_optimization] [2026-07-04 22:25:45] Stage 1 / 2 started: eta = 0.001; N_iter = 2; window_T = 0.1; window_N_obs = 3; window_start_policy = random; batch_size = 2
[run_variable_window_optimization] [2026-07-04 22:29:20] iteration = 1, loss = 0.0006597944977279569, stage = 1, window_start = 0.07108238673434464, window_end = 0.17108238673434464, last iteration = 215.47 s
[run_variable_window_optimization] [2026-07-04 22:29:21] iteration = 2, loss = 0.0006303898151725485, stage = 1, window_start = 0.0477842641066915, window_end = 0.14778426410669152, last iteration = 0.58 s
[run_variable_window_optimization] [2026-07-04 22:29:21] Stage 1 / 2 complete; validation_loss = 0.0017883308384054129; elapsed = 215.98 s
[run_variable_window_optimization] [2026-07-04 22:29:21] Stage 2 / 2 started: eta = 0.0005; N_iter = 1; window_T = 0.2; window_N_obs = 8; window_start_policy = beginning; batch_size = 1
[run_variable_window_optimization] [2026-07-04 22:29:21] iteration = 3, loss = 0.0017883308384054129, stage = 2, window_start = 0.0, window_end = 0.2, last iteration = 0.25 s
[run_variable_window_optimization] [2026-07-04 22:29:21] Stage 2 / 2 complete; validation_loss = 0.0017883308384054129; elapsed = 0.17 s
[run_fom_hpc] Saving FOM optimization data
Saved FOM output to: /home/mgantcher/Brookhaven/Research_Code/Optimization/Data/FOM_sweep_test_20260704_222411_3_window_t-0.1_0.2__batch_size-2_1
Final full-trajectory loss: 0.0017883308384054129
Final training-window loss: 0.0017883308384054129
[Sat Jul  4 10:29:23 PM EDT 2026] Finished FOM training
[Sat Jul  4 10:29:23 PM EDT 2026] Worker 3 finished FOM combination 3
