[Tue Jul  7 04:58:28 PM EDT 2026] Worker 0 starting FOM combination 0 / 90
Sweep file: /home/mgantcher/Brookhaven/Research_Code/Optimization/Data/Sweeps/FOM_hyperparam_opt/01_mooncake_true_hpo_90_cases.txt
Run name: FOM_true_hpo_mooncake_90_0_001_fast10m_w_1p0_1p0_1p0__obs_2_2_2__eta_0.01_0.003_0.001__b_1_1_1
Combination label: 001_fast10m_w_1p0_1p0_1p0__obs_2_2_2__eta_0.01_0.003_0.001__b_1_1_1
BATCH_SIZE=1,1,1
ETAS=0.01,0.003,0.001
H=8
ITERS=1676,2515,4192
LOSS_NORMALIZATION=mean
N=256
N_OBS=100
PRINT_FREQUENCY=250
RUN_NAME=FOM_true_hpo_mooncake_90_0_001_fast10m_w_1p0_1p0_1p0__obs_2_2_2__eta_0.01_0.003_0.001__b_1_1_1
SAVE_FREQUENCY=100000
SEED=1
SWEEP_COMBO_COUNT=90
SWEEP_COMBO_INDEX=0
SWEEP_COMBO_LABEL=001_fast10m_w_1p0_1p0_1p0__obs_2_2_2__eta_0.01_0.003_0.001__b_1_1_1
SWEEP_FILE=/home/mgantcher/Brookhaven/Research_Code/Optimization/Data/Sweeps/FOM_hyperparam_opt/01_mooncake_true_hpo_90_cases.txt
SWEEP_TARGET=fom
SWEEP_TOTAL_COUNT=90
SWEEP_WORKER_COUNT=12
SWEEP_WORKER_INDEX=0
TFINAL=2.0
WARMUP=true
WINDOW_N_OBS=2,2,2
WINDOW_SEED=1
WINDOW_START_POLICY=random,random,random
WINDOW_T=1.0,1.0,1.0
[Tue Jul  7 05:09:38 PM EDT 2026] Worker 0 finished FOM combination 0
[Tue Jul  7 05:09:38 PM EDT 2026] Worker 0 starting FOM combination 12 / 90
Sweep file: /home/mgantcher/Brookhaven/Research_Code/Optimization/Data/Sweeps/FOM_hyperparam_opt/01_mooncake_true_hpo_90_cases.txt
Run name: FOM_true_hpo_mooncake_90_12_013_fast10m_w_0p05_1p0_2p0__obs_2_2_2__eta_0.01_0.003_0.001__b_1_1_1
Combination label: 013_fast10m_w_0p05_1p0_2p0__obs_2_2_2__eta_0.01_0.003_0.001__b_1_1_1
BATCH_SIZE=1,1,1
ETAS=0.01,0.003,0.001
H=8
ITERS=2016,2515,3560
LOSS_NORMALIZATION=mean
N=256
N_OBS=100
PRINT_FREQUENCY=250
RUN_NAME=FOM_true_hpo_mooncake_90_12_013_fast10m_w_0p05_1p0_2p0__obs_2_2_2__eta_0.01_0.003_0.001__b_1_1_1
SAVE_FREQUENCY=100000
SEED=1
SWEEP_COMBO_COUNT=90
SWEEP_COMBO_INDEX=12
SWEEP_COMBO_LABEL=013_fast10m_w_0p05_1p0_2p0__obs_2_2_2__eta_0.01_0.003_0.001__b_1_1_1
SWEEP_FILE=/home/mgantcher/Brookhaven/Research_Code/Optimization/Data/Sweeps/FOM_hyperparam_opt/01_mooncake_true_hpo_90_cases.txt
SWEEP_TARGET=fom
SWEEP_TOTAL_COUNT=90
SWEEP_WORKER_COUNT=12
SWEEP_WORKER_INDEX=0
TFINAL=2.0
WARMUP=true
WINDOW_N_OBS=2,2,2
WINDOW_SEED=1
WINDOW_START_POLICY=random,random,random
WINDOW_T=0.05,1.0,2.0
[Tue Jul  7 05:20:27 PM EDT 2026] Worker 0 finished FOM combination 12
[Tue Jul  7 05:20:27 PM EDT 2026] Worker 0 starting FOM combination 24 / 90
Sweep file: /home/mgantcher/Brookhaven/Research_Code/Optimization/Data/Sweeps/FOM_hyperparam_opt/01_mooncake_true_hpo_90_cases.txt
Run name: FOM_true_hpo_mooncake_90_24_025_fast10m_w_0p05_0p5_2p0__obs_2_2_2__eta_0.01_0.003_0.001__b_1_1_1
Combination label: 025_fast10m_w_0p05_0p5_2p0__obs_2_2_2__eta_0.01_0.003_0.001__b_1_1_1
BATCH_SIZE=1,1,1
ETAS=0.01,0.003,0.001
H=8
ITERS=2016,2760,3560
LOSS_NORMALIZATION=mean
N=256
N_OBS=100
PRINT_FREQUENCY=250
RUN_NAME=FOM_true_hpo_mooncake_90_24_025_fast10m_w_0p05_0p5_2p0__obs_2_2_2__eta_0.01_0.003_0.001__b_1_1_1
SAVE_FREQUENCY=100000
SEED=1
SWEEP_COMBO_COUNT=90
SWEEP_COMBO_INDEX=24
SWEEP_COMBO_LABEL=025_fast10m_w_0p05_0p5_2p0__obs_2_2_2__eta_0.01_0.003_0.001__b_1_1_1
SWEEP_FILE=/home/mgantcher/Brookhaven/Research_Code/Optimization/Data/Sweeps/FOM_hyperparam_opt/01_mooncake_true_hpo_90_cases.txt
SWEEP_TARGET=fom
SWEEP_TOTAL_COUNT=90
SWEEP_WORKER_COUNT=12
SWEEP_WORKER_INDEX=0
TFINAL=2.0
WARMUP=true
WINDOW_N_OBS=2,2,2
WINDOW_SEED=1
WINDOW_START_POLICY=random,random,random
WINDOW_T=0.05,0.5,2.0
[Tue Jul  7 05:30:21 PM EDT 2026] Worker 0 finished FOM combination 24
[Tue Jul  7 05:30:21 PM EDT 2026] Worker 0 starting FOM combination 36 / 90
Sweep file: /home/mgantcher/Brookhaven/Research_Code/Optimization/Data/Sweeps/FOM_hyperparam_opt/01_mooncake_true_hpo_90_cases.txt
Run name: FOM_true_hpo_mooncake_90_36_037_medium30m_w_2p0_2p0_2p0__obs_2_5_10__eta_0.01_0.003_0.001__b_1_1_1
Combination label: 037_medium30m_w_2p0_2p0_2p0__obs_2_5_10__eta_0.01_0.003_0.001__b_1_1_1
BATCH_SIZE=1,1,1
ETAS=0.01,0.003,0.001
H=8
ITERS=4272,5370,7047
LOSS_NORMALIZATION=mean
N=256
N_OBS=100
PRINT_FREQUENCY=250
RUN_NAME=FOM_true_hpo_mooncake_90_36_037_medium30m_w_2p0_2p0_2p0__obs_2_5_10__eta_0.01_0.003_0.001__b_1_1_1
SAVE_FREQUENCY=100000
SEED=1
SWEEP_COMBO_COUNT=90
SWEEP_COMBO_INDEX=36
SWEEP_COMBO_LABEL=037_medium30m_w_2p0_2p0_2p0__obs_2_5_10__eta_0.01_0.003_0.001__b_1_1_1
SWEEP_FILE=/home/mgantcher/Brookhaven/Research_Code/Optimization/Data/Sweeps/FOM_hyperparam_opt/01_mooncake_true_hpo_90_cases.txt
SWEEP_TARGET=fom
SWEEP_TOTAL_COUNT=90
SWEEP_WORKER_COUNT=12
SWEEP_WORKER_INDEX=0
TFINAL=2.0
WARMUP=true
WINDOW_N_OBS=2,5,10
WINDOW_SEED=1
WINDOW_START_POLICY=random,random,random
WINDOW_T=2.0,2.0,2.0
[Tue Jul  7 06:01:12 PM EDT 2026] Worker 0 finished FOM combination 36
[Tue Jul  7 06:01:12 PM EDT 2026] Worker 0 starting FOM combination 48 / 90
Sweep file: /home/mgantcher/Brookhaven/Research_Code/Optimization/Data/Sweeps/FOM_hyperparam_opt/01_mooncake_true_hpo_90_cases.txt
Run name: FOM_true_hpo_mooncake_90_48_049_medium30m_w_0p1_1p0_2p0__obs_2_5_10__eta_0.01_0.003_0.001__b_1_1_1
Combination label: 049_medium30m_w_0p1_1p0_2p0__obs_2_5_10__eta_0.01_0.003_0.001__b_1_1_1
BATCH_SIZE=1,1,1
ETAS=0.01,0.003,0.001
H=8
ITERS=5987,6146,7047
LOSS_NORMALIZATION=mean
N=256
N_OBS=100
PRINT_FREQUENCY=250
RUN_NAME=FOM_true_hpo_mooncake_90_48_049_medium30m_w_0p1_1p0_2p0__obs_2_5_10__eta_0.01_0.003_0.001__b_1_1_1
SAVE_FREQUENCY=100000
SEED=1
SWEEP_COMBO_COUNT=90
SWEEP_COMBO_INDEX=48
SWEEP_COMBO_LABEL=049_medium30m_w_0p1_1p0_2p0__obs_2_5_10__eta_0.01_0.003_0.001__b_1_1_1
SWEEP_FILE=/home/mgantcher/Brookhaven/Research_Code/Optimization/Data/Sweeps/FOM_hyperparam_opt/01_mooncake_true_hpo_90_cases.txt
SWEEP_TARGET=fom
SWEEP_TOTAL_COUNT=90
SWEEP_WORKER_COUNT=12
SWEEP_WORKER_INDEX=0
TFINAL=2.0
WARMUP=true
WINDOW_N_OBS=2,5,10
WINDOW_SEED=1
WINDOW_START_POLICY=random,random,random
WINDOW_T=0.1,1.0,2.0
[Tue Jul  7 06:35:18 PM EDT 2026] Worker 0 finished FOM combination 48
[Tue Jul  7 06:35:18 PM EDT 2026] Worker 0 starting FOM combination 60 / 90
Sweep file: /home/mgantcher/Brookhaven/Research_Code/Optimization/Data/Sweeps/FOM_hyperparam_opt/01_mooncake_true_hpo_90_cases.txt
Run name: FOM_true_hpo_mooncake_90_60_061_batch30m_w_1p0_1p0_1p0__obs_2_5_10__eta_0.01_0.003_0.001__b_2_2_2
Combination label: 061_batch30m_w_1p0_1p0_1p0__obs_2_5_10__eta_0.01_0.003_0.001__b_2_2_2
BATCH_SIZE=2,2,2
ETAS=0.01,0.003,0.001
H=8
ITERS=2515,3073,3913
LOSS_NORMALIZATION=mean
N=256
N_OBS=100
PRINT_FREQUENCY=250
RUN_NAME=FOM_true_hpo_mooncake_90_60_061_batch30m_w_1p0_1p0_1p0__obs_2_5_10__eta_0.01_0.003_0.001__b_2_2_2
SAVE_FREQUENCY=100000
SEED=1
SWEEP_COMBO_COUNT=90
SWEEP_COMBO_INDEX=60
SWEEP_COMBO_LABEL=061_batch30m_w_1p0_1p0_1p0__obs_2_5_10__eta_0.01_0.003_0.001__b_2_2_2
SWEEP_FILE=/home/mgantcher/Brookhaven/Research_Code/Optimization/Data/Sweeps/FOM_hyperparam_opt/01_mooncake_true_hpo_90_cases.txt
SWEEP_TARGET=fom
SWEEP_TOTAL_COUNT=90
SWEEP_WORKER_COUNT=12
SWEEP_WORKER_INDEX=0
TFINAL=2.0
WARMUP=true
WINDOW_N_OBS=2,5,10
WINDOW_SEED=1
WINDOW_START_POLICY=random,random,random
WINDOW_T=1.0,1.0,1.0
[Tue Jul  7 07:04:33 PM EDT 2026] Worker 0 finished FOM combination 60
[Tue Jul  7 07:04:33 PM EDT 2026] Worker 0 starting FOM combination 72 / 90
Sweep file: /home/mgantcher/Brookhaven/Research_Code/Optimization/Data/Sweeps/FOM_hyperparam_opt/01_mooncake_true_hpo_90_cases.txt
Run name: FOM_true_hpo_mooncake_90_72_073_batch30m_w_0p05_0p5_2p0__obs_2_5_10__eta_0.01_0.003_0.001__b_2_2_2
Combination label: 073_batch30m_w_0p05_0p5_2p0__obs_2_5_10__eta_0.01_0.003_0.001__b_2_2_2
BATCH_SIZE=2,2,2
ETAS=0.01,0.003,0.001
H=8
ITERS=3025,3312,3523
LOSS_NORMALIZATION=mean
N=256
N_OBS=100
PRINT_FREQUENCY=250
RUN_NAME=FOM_true_hpo_mooncake_90_72_073_batch30m_w_0p05_0p5_2p0__obs_2_5_10__eta_0.01_0.003_0.001__b_2_2_2
SAVE_FREQUENCY=100000
SEED=1
SWEEP_COMBO_COUNT=90
SWEEP_COMBO_INDEX=72
SWEEP_COMBO_LABEL=073_batch30m_w_0p05_0p5_2p0__obs_2_5_10__eta_0.01_0.003_0.001__b_2_2_2
SWEEP_FILE=/home/mgantcher/Brookhaven/Research_Code/Optimization/Data/Sweeps/FOM_hyperparam_opt/01_mooncake_true_hpo_90_cases.txt
SWEEP_TARGET=fom
SWEEP_TOTAL_COUNT=90
SWEEP_WORKER_COUNT=12
SWEEP_WORKER_INDEX=0
TFINAL=2.0
WARMUP=true
WINDOW_N_OBS=2,5,10
WINDOW_SEED=1
WINDOW_START_POLICY=random,random,random
WINDOW_T=0.05,0.5,2.0
[Tue Jul  7 07:26:43 PM EDT 2026] Worker 0 finished FOM combination 72
[Tue Jul  7 07:26:43 PM EDT 2026] Worker 0 starting FOM combination 84 / 90
Sweep file: /home/mgantcher/Brookhaven/Research_Code/Optimization/Data/Sweeps/FOM_hyperparam_opt/01_mooncake_true_hpo_90_cases.txt
Run name: FOM_true_hpo_mooncake_90_84_085_long60m_w_0p1_1p0_2p0__obs_10_25_50__eta_0.01_0.003_0.001__b_1_1_1
Combination label: 085_long60m_w_0p1_1p0_2p0__obs_10_25_50__eta_0.01_0.003_0.001__b_1_1_1
BATCH_SIZE=1,1,1
ETAS=0.01,0.003,0.001
H=8
ITERS=6951,5497,5218
LOSS_NORMALIZATION=mean
N=256
N_OBS=100
PRINT_FREQUENCY=250
RUN_NAME=FOM_true_hpo_mooncake_90_84_085_long60m_w_0p1_1p0_2p0__obs_10_25_50__eta_0.01_0.003_0.001__b_1_1_1
SAVE_FREQUENCY=100000
SEED=1
SWEEP_COMBO_COUNT=90
SWEEP_COMBO_INDEX=84
SWEEP_COMBO_LABEL=085_long60m_w_0p1_1p0_2p0__obs_10_25_50__eta_0.01_0.003_0.001__b_1_1_1
SWEEP_FILE=/home/mgantcher/Brookhaven/Research_Code/Optimization/Data/Sweeps/FOM_hyperparam_opt/01_mooncake_true_hpo_90_cases.txt
SWEEP_TARGET=fom
SWEEP_TOTAL_COUNT=90
SWEEP_WORKER_COUNT=12
SWEEP_WORKER_INDEX=0
TFINAL=2.0
WARMUP=true
WINDOW_N_OBS=10,25,50
WINDOW_SEED=1
WINDOW_START_POLICY=random,random,random
WINDOW_T=0.1,1.0,2.0
[Tue Jul  7 08:16:49 PM EDT 2026] Worker 0 finished FOM combination 84
