[Thu Jul  2 04:56:51 PM EDT 2026] Worker 12 starting FOM_VARIABLE combination 12 / 30
Sweep file: /home/mgantcher/Brookhaven/Research_Code/Optimization/Data/Sweeps/FOM_hyperparam_opt/00_timing_scaling.txt
Run name: FOM_timing_per_iter_12_window_t-0.25__window_n_obs-10
Combination label: window_t-0.25__window_n_obs-10
ETAS=1e-3
ITERS=20
N_OBS=100
PRINT_FREQUENCY=1
RUN_NAME=FOM_timing_per_iter_12_window_t-0.25__window_n_obs-10
SAVE_FREQUENCY=1
SWEEP_COMBO_COUNT=30
SWEEP_COMBO_INDEX=12
SWEEP_COMBO_LABEL=window_t-0.25__window_n_obs-10
SWEEP_FILE=/home/mgantcher/Brookhaven/Research_Code/Optimization/Data/Sweeps/FOM_hyperparam_opt/00_timing_scaling.txt
SWEEP_TARGET=fom_variable
SWEEP_TOTAL_COUNT=30
SWEEP_WORKER_COUNT=20
SWEEP_WORKER_INDEX=12
WINDOW_N_OBS=10
WINDOW_START_POLICY=random
WINDOW_T=0.25
[Thu Jul  2 04:56:51 PM EDT 2026] Starting variable-window FOM training on node05
Variable-window args: --N 256 --L 1.0 --eps2 1e-2 --k 1.0 --tfinal 2.0 --N-obs 100 --h 8 --seed 1 --reference-dt-factor 0.5 --etas 1e-3 --iters 20 --beta 0.9,0.99 --save-frequency 1 --print-frequency 1 --warmup true --window-T 0.25 --window-N-obs 10 --window-start-policy random --windows-per-iter 1 --loss-normalization mean --window-seed 1 --run-name FOM_timing_per_iter_12_window_t-0.25__window_n_obs-10
[run_variable_fom_hpc] Julia entrypoint started
[run_variable_fom_hpc] Loading variable-window FOM helper code
[package-load] Loading LinearAlgebra
[package-load] Loaded LinearAlgebra
[package-load] Loading SparseArrays
[package-load] Loaded SparseArrays
[package-load] Loading Random
[package-load] Loaded Random
[package-load] Loading ComponentArrays
[package-load] Loaded ComponentArrays
[package-load] Loading LinearSolve
[package-load] Loaded LinearSolve
[package-load] Loading OrdinaryDiffEq
[package-load] Loaded OrdinaryDiffEq
[package-load] Loading OrdinaryDiffEqSDIRK
[package-load] Loaded OrdinaryDiffEqSDIRK
[package-load] Loading OrdinaryDiffEqLowOrderRK
[package-load] Loaded OrdinaryDiffEqLowOrderRK
[package-load] Loading SciMLSensitivity
[package-load] Loaded SciMLSensitivity
[package-load] Loading ADTypes
[package-load] Loaded ADTypes
[package-load] Loading Zygote
[package-load] Loaded Zygote
[package-load] Loading Enzyme
[package-load] Loaded Enzyme
[package-load] Loading Optimization
[package-load] Loaded Optimization
[package-load] Loading OptimizationOptimisers
[package-load] Loaded OptimizationOptimisers
[package-load] Loading OptimizationOptimJL
[package-load] Loaded OptimizationOptimJL
[package-load] Loading LineSearches
[package-load] Loaded LineSearches
[package-load] Loading Lux
[package-load] Loaded Lux
[package-load] Loading Functors
[package-load] Loaded Functors
[package-load] Loading Plots
[package-load] Loaded Plots
[package-load] Loading Dates
[package-load] Loaded Dates
[package-load] Loading Serialization
[package-load] Loaded Serialization
[package-load] Including integration_AC_hpc.jl
[package-load] Loading LinearAlgebra
[package-load] Loaded LinearAlgebra
[package-load] Loading SparseArrays
[package-load] Loaded SparseArrays
[package-load] Loading Random
[package-load] Loaded Random
[package-load] Loading ComponentArrays
[package-load] Loaded ComponentArrays
[package-load] Loading LinearSolve
[package-load] Loaded LinearSolve
[package-load] Loading OrdinaryDiffEq
[package-load] Loaded OrdinaryDiffEq
[package-load] Loading OrdinaryDiffEqSDIRK
[package-load] Loaded OrdinaryDiffEqSDIRK
[package-load] Loading OrdinaryDiffEqLowOrderRK
[package-load] Loaded OrdinaryDiffEqLowOrderRK
[package-load] Loading SciMLSensitivity
[package-load] Loaded SciMLSensitivity
[package-load] Loading ADTypes
[package-load] Loaded ADTypes
[package-load] Loading Zygote
[package-load] Loaded Zygote
[package-load] Loading Enzyme
[package-load] Loaded Enzyme
[package-load] Loading Optimization
[package-load] Loaded Optimization
[package-load] Loading OptimizationOptimisers
[package-load] Loaded OptimizationOptimisers
[package-load] Loading OptimizationOptimJL
[package-load] Loaded OptimizationOptimJL
[package-load] Loading LineSearches
[package-load] Loaded LineSearches
[package-load] Loading Lux
[package-load] Loaded Lux
[package-load] Loading Functors
[package-load] Loaded Functors
[package-load] Loading Plots
[package-load] Loaded Plots
[package-load] Included integration_AC_hpc.jl
[run_variable_fom_hpc] Loading HPC common code
[package-load] Loading LinearAlgebra
[package-load] Loaded LinearAlgebra
[package-load] Loading SparseArrays
[package-load] Loaded SparseArrays
[package-load] Loading ComponentArrays
[package-load] Loaded ComponentArrays
[package-load] Loading OrdinaryDiffEq
[package-load] Loaded OrdinaryDiffEq
[package-load] Loading OrdinaryDiffEqLowOrderRK
[package-load] Loaded OrdinaryDiffEqLowOrderRK
[package-load] Loading Optimization
[package-load] Loaded Optimization
[package-load] Loading Dates
[package-load] Loaded Dates
[run_variable_fom_hpc] Configuring HPC runtime
Julia version: 1.12.6
Host: node05
SLURM_JOB_ID: 2554
SLURM_ARRAY_TASK_ID: 12
Julia threads: 8
BLAS threads: 1
[run_variable_fom_hpc] Building Allen-Cahn reference solution
Reference solve: N=256, Δx=0.0038910505836575876, Δt=0.0003785068661145513, saved_times=5283
[run_variable_fom_hpc] Preparing FOM optimization problem
[run_variable_fom_hpc] Prepared variable-window FOM optimization parameters
  run_name = FOM_timing_per_iter_12_window_t-0.25__window_n_obs-10
  N = 256
  L = 1.0
  ε2 = 0.01
  k = 1.0
  tfinal = 2.0
  N_obs = 100
  h = 8
  seed = 1
  reference_dt_factor = 0.5
  reference_Δx = 0.0038910505836575876
  reference_Δt = 0.0003785068661145513
  reference_save_count = 5283
  etas = [0.001]
  iterations = [20]
  β = (0.9, 0.99)
  warmup = true
  save_frequency = 1
  print_frequency = 1
  window_T = [0.25]
  window_N_obs = [10]
  window_start_policy = SubString{String}["random"]
  windows_per_iter = [1]
  loss_normalization = mean
  window_seed = 1
  SLURM_JOB_ID = 2554
  SLURM_ARRAY_TASK_ID = 12
[run_variable_fom_hpc] Running variable-window FOM optimization
[run_variable_window_optimization] [2026-07-02 16:57:32] Optimization Params: eta = [0.001]; beta = (0.9, 0.99); N_iter = [20]; WINDOW_T = [0.25]; WINDOW_N_OBS = [10]; WINDOW_START_POLICY = ["random"]; WINDOWS_PER_ITER = [1]; loss_normalization = mean; total_iterations = 20; save_frequency = 1; print_frequency = 1; warmup = true
[run_variable_window_optimization] [2026-07-02 16:57:32] Warming up
[run_variable_window_optimization] [2026-07-02 16:59:17] Warmup complete
[run_variable_window_optimization] [2026-07-02 16:59:17] Beginning variable-window optimization
[run_variable_window_optimization] [2026-07-02 16:59:17] Stage 1 / 1 started: eta = 0.001; N_iter = 20; WINDOW_T = 0.25; WINDOW_N_OBS = 10; WINDOW_START_POLICY = random; WINDOWS_PER_ITER = 1
[run_variable_window_optimization] [2026-07-02 16:59:21] iteration = 1, loss = 0.0029347167885679587, stage = 1, window_start = 0.17349447741261442, window_end = 0.4234944774126144, last iteration = 109.36 s
[run_variable_window_optimization] [2026-07-02 16:59:24] iteration = 2, loss = 0.0032400106915523785, stage = 1, window_start = 1.2284644993039198, window_end = 1.4784644993039198, last iteration = 3.04 s
[run_variable_window_optimization] [2026-07-02 16:59:27] iteration = 3, loss = 0.0030718473544329547, stage = 1, window_start = 0.880708125223248, window_end = 1.130708125223248, last iteration = 2.38 s
[run_variable_window_optimization] [2026-07-02 16:59:29] iteration = 4, loss = 0.003068621974632536, stage = 1, window_start = 1.5327221092873198, window_end = 1.7827221092873198, last iteration = 1.9 s
[run_variable_window_optimization] [2026-07-02 16:59:31] iteration = 5, loss = 0.0029798294607098147, stage = 1, window_start = 1.6685644707803533, window_end = 1.9185644707803533, last iteration = 2.22 s
[run_variable_window_optimization] [2026-07-02 16:59:33] iteration = 6, loss = 0.0027766458122127037, stage = 1, window_start = 0.8886684993481242, window_end = 1.1386684993481242, last iteration = 2.26 s
[run_variable_window_optimization] [2026-07-02 16:59:35] iteration = 7, loss = 0.002761439916166287, stage = 1, window_start = 1.3820645362342705, window_end = 1.6320645362342705, last iteration = 2.01 s
[run_variable_window_optimization] [2026-07-02 16:59:37] iteration = 8, loss = 0.002222781010097576, stage = 1, window_start = 0.12469473206926379, window_end = 0.3746947320692638, last iteration = 2.2 s
[run_variable_window_optimization] [2026-07-02 16:59:39] iteration = 9, loss = 0.002233052726806942, stage = 1, window_start = 0.24216163820130143, window_end = 0.49216163820130143, last iteration = 2.09 s
[run_variable_window_optimization] [2026-07-02 16:59:42] iteration = 10, loss = 0.002358715303930122, stage = 1, window_start = 0.6880810648630931, window_end = 0.9380810648630931, last iteration = 2.28 s
[run_variable_window_optimization] [2026-07-02 16:59:44] iteration = 11, loss = 0.0021105948723494756, stage = 1, window_start = 0.31103209751210237, window_end = 0.5610320975121024, last iteration = 1.93 s
[run_variable_window_optimization] [2026-07-02 16:59:46] iteration = 12, loss = 0.0023287768487682404, stage = 1, window_start = 1.4772742983825904, window_end = 1.7272742983825904, last iteration = 2.25 s
[run_variable_window_optimization] [2026-07-02 16:59:48] iteration = 13, loss = 0.002243297864539615, stage = 1, window_start = 1.4390197618994147, window_end = 1.6890197618994147, last iteration = 2.12 s
[run_variable_window_optimization] [2026-07-02 16:59:50] iteration = 14, loss = 0.002185021249047279, stage = 1, window_start = 1.7139876697384187, window_end = 1.9639876697384187, last iteration = 1.88 s
[run_variable_window_optimization] [2026-07-02 16:59:52] iteration = 15, loss = 0.0021072857912161377, stage = 1, window_start = 1.7184270646034503, window_end = 1.9684270646034503, last iteration = 1.93 s
[run_variable_window_optimization] [2026-07-02 16:59:54] iteration = 16, loss = 0.002031396569211975, stage = 1, window_start = 1.720110247703596, window_end = 1.970110247703596, last iteration = 2.13 s
[run_variable_window_optimization] [2026-07-02 16:59:56] iteration = 17, loss = 0.0018641117175965862, stage = 1, window_start = 0.9165173348898861, window_end = 1.166517334889886, last iteration = 2.23 s
[run_variable_window_optimization] [2026-07-02 16:59:58] iteration = 18, loss = 0.0018114948110855664, stage = 1, window_start = 1.0163941304997075, window_end = 1.2663941304997075, last iteration = 2.31 s
[run_variable_window_optimization] [2026-07-02 17:00:01] iteration = 19, loss = 0.0014740188005699872, stage = 1, window_start = 0.22008119927260006, window_end = 0.47008119927260006, last iteration = 2.23 s
[run_variable_window_optimization] [2026-07-02 17:00:03] iteration = 20, loss = 0.0014366350846327929, stage = 1, window_start = 0.2620154929653627, window_end = 0.5120154929653626, last iteration = 2.29 s
[run_variable_window_optimization] [2026-07-02 17:00:05] Stage 1 / 1 complete; validation_loss = 0.03827787760946452; elapsed = 48.01 s
[run_variable_fom_hpc] Saving variable-window FOM optimization data
Saved variable-window FOM output to: /home/mgantcher/Brookhaven/Research_Code/Optimization/Data/FOM_timing_per_iter_12_window_t-0.25__window_n_obs-10
Final full-trajectory loss: 0.03827787760946452
Final training-window loss: 0.0014366350846327929
[Thu Jul  2 05:00:07 PM EDT 2026] Finished variable-window FOM training
[Thu Jul  2 05:00:07 PM EDT 2026] Worker 12 finished FOM_VARIABLE combination 12
