[Tue Jul  7 10:23:43 AM EDT 2026] Worker 15 starting FOM combination 15 / 30
Sweep file: /home/mgantcher/Brookhaven/Research_Code/Optimization/Data/Sweeps/FOM_hyperparam_opt/00_timing_scaling.txt
Run name: FOM_timing_per_iter_accel_15_window_t-0.5__window_n_obs-2
Combination label: window_t-0.5__window_n_obs-2
ETAS=1e-3
ITERS=100
N_OBS=100
PRINT_FREQUENCY=1
RUN_NAME=FOM_timing_per_iter_accel_15_window_t-0.5__window_n_obs-2
SAVE_FREQUENCY=100000
SWEEP_COMBO_COUNT=30
SWEEP_COMBO_INDEX=15
SWEEP_COMBO_LABEL=window_t-0.5__window_n_obs-2
SWEEP_FILE=/home/mgantcher/Brookhaven/Research_Code/Optimization/Data/Sweeps/FOM_hyperparam_opt/00_timing_scaling.txt
SWEEP_TARGET=fom
SWEEP_TOTAL_COUNT=30
SWEEP_WORKER_COUNT=20
SWEEP_WORKER_INDEX=15
WARMUP=true
WINDOW_N_OBS=2
WINDOW_START_POLICY=random
WINDOW_T=0.5
[Tue Jul  7 10:23:43 AM EDT 2026] Starting FOM training on node01
[run_fom_hpc] Julia entrypoint started
[run_fom_hpc] Loading integration helper code
[package-load] Loading LinearAlgebra
[package-load] Loaded LinearAlgebra
[package-load] Loading SparseArrays
[package-load] Loaded SparseArrays
[package-load] Loading Random
[package-load] Loaded Random
[package-load] Loading ComponentArrays
[package-load] Loaded ComponentArrays
[package-load] Loading LinearSolve
[package-load] Loaded LinearSolve
[package-load] Loading OrdinaryDiffEq
[package-load] Loaded OrdinaryDiffEq
[package-load] Loading OrdinaryDiffEqSDIRK
[package-load] Loaded OrdinaryDiffEqSDIRK
[package-load] Loading OrdinaryDiffEqLowOrderRK
[package-load] Loaded OrdinaryDiffEqLowOrderRK
[package-load] Loading SciMLSensitivity
[package-load] Loaded SciMLSensitivity
[package-load] Loading ADTypes
[package-load] Loaded ADTypes
[package-load] Loading Zygote
[package-load] Loaded Zygote
[package-load] Loading Enzyme
[package-load] Loaded Enzyme
[package-load] Loading Optimization
[package-load] Loaded Optimization
[package-load] Loading OptimizationOptimisers
[package-load] Loaded OptimizationOptimisers
[package-load] Loading OptimizationOptimJL
[package-load] Loaded OptimizationOptimJL
[package-load] Loading LineSearches
[package-load] Loaded LineSearches
[package-load] Loading Lux
[package-load] Loaded Lux
[package-load] Loading Functors
[package-load] Loaded Functors
[package-load] Loading Plots
[package-load] Loaded Plots
[run_fom_hpc] Loading FOM helper code
[package-load] Loading LinearAlgebra
[package-load] Loaded LinearAlgebra
[package-load] Loading SparseArrays
[package-load] Loaded SparseArrays
[package-load] Loading Random
[package-load] Loaded Random
[package-load] Loading ComponentArrays
[package-load] Loaded ComponentArrays
[package-load] Loading LinearSolve
[package-load] Loaded LinearSolve
[package-load] Loading OrdinaryDiffEq
[package-load] Loaded OrdinaryDiffEq
[package-load] Loading OrdinaryDiffEqSDIRK
[package-load] Loaded OrdinaryDiffEqSDIRK
[package-load] Loading OrdinaryDiffEqLowOrderRK
[package-load] Loaded OrdinaryDiffEqLowOrderRK
[package-load] Loading SciMLSensitivity
[package-load] Loaded SciMLSensitivity
[package-load] Loading ADTypes
[package-load] Loaded ADTypes
[package-load] Loading Zygote
[package-load] Loaded Zygote
[package-load] Loading Enzyme
[package-load] Loaded Enzyme
[package-load] Loading Optimization
[package-load] Loaded Optimization
[package-load] Loading OptimizationOptimisers
[package-load] Loaded OptimizationOptimisers
[package-load] Loading OptimizationOptimJL
[package-load] Loaded OptimizationOptimJL
[package-load] Loading LineSearches
[package-load] Loaded LineSearches
[package-load] Loading Lux
[package-load] Loaded Lux
[package-load] Loading Functors
[package-load] Loaded Functors
[package-load] Loading Plots
[package-load] Loaded Plots
[package-load] Loading Dates
[package-load] Loaded Dates
[package-load] Loading Serialization
[package-load] Loaded Serialization
[package-load] Including integration_AC_hpc.jl
[package-load] Loading LinearAlgebra
[package-load] Loaded LinearAlgebra
[package-load] Loading SparseArrays
[package-load] Loaded SparseArrays
[package-load] Loading Random
[package-load] Loaded Random
[package-load] Loading ComponentArrays
[package-load] Loaded ComponentArrays
[package-load] Loading LinearSolve
[package-load] Loaded LinearSolve
[package-load] Loading OrdinaryDiffEq
[package-load] Loaded OrdinaryDiffEq
[package-load] Loading OrdinaryDiffEqSDIRK
[package-load] Loaded OrdinaryDiffEqSDIRK
[package-load] Loading OrdinaryDiffEqLowOrderRK
[package-load] Loaded OrdinaryDiffEqLowOrderRK
[package-load] Loading SciMLSensitivity
[package-load] Loaded SciMLSensitivity
[package-load] Loading ADTypes
[package-load] Loaded ADTypes
[package-load] Loading Zygote
[package-load] Loaded Zygote
[package-load] Loading Enzyme
[package-load] Loaded Enzyme
[package-load] Loading Optimization
[package-load] Loaded Optimization
[package-load] Loading OptimizationOptimisers
[package-load] Loaded OptimizationOptimisers
[package-load] Loading OptimizationOptimJL
[package-load] Loaded OptimizationOptimJL
[package-load] Loading LineSearches
[package-load] Loaded LineSearches
[package-load] Loading Lux
[package-load] Loaded Lux
[package-load] Loading Functors
[package-load] Loaded Functors
[package-load] Loading Plots
[package-load] Loaded Plots
[package-load] Included integration_AC_hpc.jl
[run_fom_hpc] Loading HPC common code
[package-load] Loading LinearAlgebra
[package-load] Loaded LinearAlgebra
[package-load] Loading SparseArrays
[package-load] Loaded SparseArrays
[package-load] Loading ComponentArrays
[package-load] Loaded ComponentArrays
[package-load] Loading OrdinaryDiffEq
[package-load] Loaded OrdinaryDiffEq
[package-load] Loading OrdinaryDiffEqLowOrderRK
[package-load] Loaded OrdinaryDiffEqLowOrderRK
[package-load] Loading Optimization
[package-load] Loaded Optimization
[package-load] Loading Dates
[package-load] Loaded Dates
[run_fom_hpc] Configuring HPC runtime
Julia version: 1.12.6
Host: node01
SLURM_JOB_ID: 2606
SLURM_ARRAY_TASK_ID: 15
Julia threads: 8
BLAS threads: 1
[run_fom_hpc] Building Allen-Cahn reference solution
Reference solve: N=256, Δx=0.0038910505836575876, Δt=0.0003785068661145513, saved_times=5283
[run_fom_hpc] Preparing FOM optimization problem
[run_fom_hpc] Prepared FOM optimization parameters
  run_name = FOM_timing_per_iter_accel_15_window_t-0.5__window_n_obs-2
  N = 256
  L = 1.0
  ε2 = 0.01
  k = 1.0
  tfinal = 2.0
  N_obs = 100
  h = 8
  seed = 1
  reference_dt_factor = 0.5
  reference_Δx = 0.0038910505836575876
  reference_Δt = 0.0003785068661145513
  reference_save_count = 5283
  etas = [0.001]
  iterations = [100]
  window_T = [0.5]
  window_N_obs = [2]
  window_start_policy = SubString{String}["random"]
  batch_size = [1]
  loss_normalization = mean
  window_seed = 1
  β = (0.9, 0.99)
  warmup = true
  save_frequency = 100000
  print_frequency = 1
  SLURM_JOB_ID = 2606
  SLURM_ARRAY_TASK_ID = 15
[run_fom_hpc] Running FOM optimization
[run_variable_window_optimization] [2026-07-07 10:24:41] Optimization Params: eta = [0.001]; beta = (0.9, 0.99); N_iter = [100]; window_T = [0.5]; window_N_obs = [2]; window_start_policy = SubString{String}["random"]; batch_size = [1]; loss_normalization = mean; total_iterations = 100
[run_variable_window_optimization] [2026-07-07 10:24:41] Warming up
[run_variable_window_optimization] [2026-07-07 10:28:10] Warmup complete
[run_variable_window_optimization] [2026-07-07 10:28:10] Stage 1 / 1 started: eta = 0.001; N_iter = 100; window_T = 0.5; window_N_obs = 2; window_start_policy = random; batch_size = 1
[run_variable_window_optimization] [2026-07-07 10:28:11] iteration = 1, loss = 0.015748249153893678, stage = 1, window_start = 0.14870955206795522, window_end = 0.6487095520679552, last iteration = 210.55 s
[run_variable_window_optimization] [2026-07-07 10:28:12] iteration = 2, loss = 0.01700170930735345, stage = 1, window_start = 1.0529695708319313, window_end = 1.5529695708319313, last iteration = 0.62 s
[run_variable_window_optimization] [2026-07-07 10:28:12] iteration = 3, loss = 0.016159633072478356, stage = 1, window_start = 0.754892678762784, window_end = 1.254892678762784, last iteration = 0.01 s
[run_variable_window_optimization] [2026-07-07 10:28:12] iteration = 4, loss = 0.016141251090259347, stage = 1, window_start = 1.3137618079605597, window_end = 1.8137618079605597, last iteration = 0.03 s
[run_variable_window_optimization] [2026-07-07 10:28:12] iteration = 5, loss = 0.015695338699019283, stage = 1, window_start = 1.4301981178117313, window_end = 1.9301981178117313, last iteration = 0.01 s
[run_variable_window_optimization] [2026-07-07 10:28:12] iteration = 6, loss = 0.014655342411443527, stage = 1, window_start = 0.7617158565841065, window_end = 1.2617158565841065, last iteration = 0.01 s
