[Thu Jul  2 04:56:29 PM EDT 2026] Worker 9 starting FOM_VARIABLE combination 9 / 30
Sweep file: /home/mgantcher/Brookhaven/Research_Code/Optimization/Data/Sweeps/FOM_hyperparam_opt/00_timing_scaling.txt
Run name: FOM_timing_per_iter_9_window_t-0.1__window_n_obs-50
Combination label: window_t-0.1__window_n_obs-50
ETAS=1e-3
ITERS=20
N_OBS=100
PRINT_FREQUENCY=1
RUN_NAME=FOM_timing_per_iter_9_window_t-0.1__window_n_obs-50
SAVE_FREQUENCY=1
SWEEP_COMBO_COUNT=30
SWEEP_COMBO_INDEX=9
SWEEP_COMBO_LABEL=window_t-0.1__window_n_obs-50
SWEEP_FILE=/home/mgantcher/Brookhaven/Research_Code/Optimization/Data/Sweeps/FOM_hyperparam_opt/00_timing_scaling.txt
SWEEP_TARGET=fom_variable
SWEEP_TOTAL_COUNT=30
SWEEP_WORKER_COUNT=20
SWEEP_WORKER_INDEX=9
WINDOW_N_OBS=50
WINDOW_START_POLICY=random
WINDOW_T=0.1
[Thu Jul  2 04:56:29 PM EDT 2026] Starting variable-window FOM training on node04
Variable-window args: --N 256 --L 1.0 --eps2 1e-2 --k 1.0 --tfinal 2.0 --N-obs 100 --h 8 --seed 1 --reference-dt-factor 0.5 --etas 1e-3 --iters 20 --beta 0.9,0.99 --save-frequency 1 --print-frequency 1 --warmup true --window-T 0.1 --window-N-obs 50 --window-start-policy random --windows-per-iter 1 --loss-normalization mean --window-seed 1 --run-name FOM_timing_per_iter_9_window_t-0.1__window_n_obs-50
[run_variable_fom_hpc] Julia entrypoint started
[run_variable_fom_hpc] Loading variable-window FOM helper code
[package-load] Loading LinearAlgebra
[package-load] Loaded LinearAlgebra
[package-load] Loading SparseArrays
[package-load] Loaded SparseArrays
[package-load] Loading Random
[package-load] Loaded Random
[package-load] Loading ComponentArrays
[package-load] Loaded ComponentArrays
[package-load] Loading LinearSolve
[package-load] Loaded LinearSolve
[package-load] Loading OrdinaryDiffEq
[package-load] Loaded OrdinaryDiffEq
[package-load] Loading OrdinaryDiffEqSDIRK
[package-load] Loaded OrdinaryDiffEqSDIRK
[package-load] Loading OrdinaryDiffEqLowOrderRK
[package-load] Loaded OrdinaryDiffEqLowOrderRK
[package-load] Loading SciMLSensitivity
[package-load] Loaded SciMLSensitivity
[package-load] Loading ADTypes
[package-load] Loaded ADTypes
[package-load] Loading Zygote
[package-load] Loaded Zygote
[package-load] Loading Enzyme
[package-load] Loaded Enzyme
[package-load] Loading Optimization
[package-load] Loaded Optimization
[package-load] Loading OptimizationOptimisers
[package-load] Loaded OptimizationOptimisers
[package-load] Loading OptimizationOptimJL
[package-load] Loaded OptimizationOptimJL
[package-load] Loading LineSearches
[package-load] Loaded LineSearches
[package-load] Loading Lux
[package-load] Loaded Lux
[package-load] Loading Functors
[package-load] Loaded Functors
[package-load] Loading Plots
[package-load] Loaded Plots
[package-load] Loading Dates
[package-load] Loaded Dates
[package-load] Loading Serialization
[package-load] Loaded Serialization
[package-load] Including integration_AC_hpc.jl
[package-load] Loading LinearAlgebra
[package-load] Loaded LinearAlgebra
[package-load] Loading SparseArrays
[package-load] Loaded SparseArrays
[package-load] Loading Random
[package-load] Loaded Random
[package-load] Loading ComponentArrays
[package-load] Loaded ComponentArrays
[package-load] Loading LinearSolve
[package-load] Loaded LinearSolve
[package-load] Loading OrdinaryDiffEq
[package-load] Loaded OrdinaryDiffEq
[package-load] Loading OrdinaryDiffEqSDIRK
[package-load] Loaded OrdinaryDiffEqSDIRK
[package-load] Loading OrdinaryDiffEqLowOrderRK
[package-load] Loaded OrdinaryDiffEqLowOrderRK
[package-load] Loading SciMLSensitivity
[package-load] Loaded SciMLSensitivity
[package-load] Loading ADTypes
[package-load] Loaded ADTypes
[package-load] Loading Zygote
[package-load] Loaded Zygote
[package-load] Loading Enzyme
[package-load] Loaded Enzyme
[package-load] Loading Optimization
[package-load] Loaded Optimization
[package-load] Loading OptimizationOptimisers
[package-load] Loaded OptimizationOptimisers
[package-load] Loading OptimizationOptimJL
[package-load] Loaded OptimizationOptimJL
[package-load] Loading LineSearches
[package-load] Loaded LineSearches
[package-load] Loading Lux
[package-load] Loaded Lux
[package-load] Loading Functors
[package-load] Loaded Functors
[package-load] Loading Plots
[package-load] Loaded Plots
[package-load] Included integration_AC_hpc.jl
[run_variable_fom_hpc] Loading HPC common code
[package-load] Loading LinearAlgebra
[package-load] Loaded LinearAlgebra
[package-load] Loading SparseArrays
[package-load] Loaded SparseArrays
[package-load] Loading ComponentArrays
[package-load] Loaded ComponentArrays
[package-load] Loading OrdinaryDiffEq
[package-load] Loaded OrdinaryDiffEq
[package-load] Loading OrdinaryDiffEqLowOrderRK
[package-load] Loaded OrdinaryDiffEqLowOrderRK
[package-load] Loading Optimization
[package-load] Loaded Optimization
[package-load] Loading Dates
[package-load] Loaded Dates
[run_variable_fom_hpc] Configuring HPC runtime
Julia version: 1.12.6
Host: node04
SLURM_JOB_ID: 2551
SLURM_ARRAY_TASK_ID: 9
Julia threads: 8
BLAS threads: 1
[run_variable_fom_hpc] Building Allen-Cahn reference solution
Reference solve: N=256, Δx=0.0038910505836575876, Δt=0.0003785068661145513, saved_times=5283
[run_variable_fom_hpc] Preparing FOM optimization problem
[run_variable_fom_hpc] Prepared variable-window FOM optimization parameters
  run_name = FOM_timing_per_iter_9_window_t-0.1__window_n_obs-50
  N = 256
  L = 1.0
  ε2 = 0.01
  k = 1.0
  tfinal = 2.0
  N_obs = 100
  h = 8
  seed = 1
  reference_dt_factor = 0.5
  reference_Δx = 0.0038910505836575876
  reference_Δt = 0.0003785068661145513
  reference_save_count = 5283
  etas = [0.001]
  iterations = [20]
  β = (0.9, 0.99)
  warmup = true
  save_frequency = 1
  print_frequency = 1
  window_T = [0.1]
  window_N_obs = [50]
  window_start_policy = SubString{String}["random"]
  windows_per_iter = [1]
  loss_normalization = mean
  window_seed = 1
  SLURM_JOB_ID = 2551
  SLURM_ARRAY_TASK_ID = 9
[run_variable_fom_hpc] Running variable-window FOM optimization
[run_variable_window_optimization] [2026-07-02 16:57:09] Optimization Params: eta = [0.001]; beta = (0.9, 0.99); N_iter = [20]; WINDOW_T = [0.1]; WINDOW_N_OBS = [50]; WINDOW_START_POLICY = ["random"]; WINDOWS_PER_ITER = [1]; loss_normalization = mean; total_iterations = 20; save_frequency = 1; print_frequency = 1; warmup = true
[run_variable_window_optimization] [2026-07-02 16:57:09] Warming up
[run_variable_window_optimization] [2026-07-02 16:59:05] Warmup complete
[run_variable_window_optimization] [2026-07-02 16:59:05] Beginning variable-window optimization
[run_variable_window_optimization] [2026-07-02 16:59:05] Stage 1 / 1 started: eta = 0.001; N_iter = 20; WINDOW_T = 0.1; WINDOW_N_OBS = 50; WINDOW_START_POLICY = random; WINDOWS_PER_ITER = 1
[run_variable_window_optimization] [2026-07-02 16:59:13] iteration = 1, loss = 0.0004665976102863974, stage = 1, window_start = 0.18836543261940994, window_end = 0.28836543261940994, last iteration = 123.85 s
[run_variable_window_optimization] [2026-07-02 16:59:20] iteration = 2, loss = 0.0005167079171340863, stage = 1, window_start = 1.333761456387113, window_end = 1.433761456387113, last iteration = 7.24 s
[run_variable_window_optimization] [2026-07-02 16:59:27] iteration = 3, loss = 0.0004903076697242069, stage = 1, window_start = 0.9561973930995263, window_end = 1.0561973930995263, last iteration = 6.36 s
[run_variable_window_optimization] [2026-07-02 16:59:33] iteration = 4, loss = 0.0004886345219690154, stage = 1, window_start = 1.6640982900833758, window_end = 1.764098290083376, last iteration = 6.44 s
[run_variable_window_optimization] [2026-07-02 16:59:40] iteration = 5, loss = 0.00047417156942247094, stage = 1, window_start = 1.8115842825615265, window_end = 1.9115842825615266, last iteration = 6.66 s
[run_variable_window_optimization] [2026-07-02 16:59:46] iteration = 6, loss = 0.00044290783958777195, stage = 1, window_start = 0.9648400850065348, window_end = 1.064840085006535, last iteration = 6.44 s
[run_variable_window_optimization] [2026-07-02 16:59:53] iteration = 7, loss = 0.00043958724113400037, stage = 1, window_start = 1.5005272107686365, window_end = 1.6005272107686366, last iteration = 6.4 s
[run_variable_window_optimization] [2026-07-02 16:59:59] iteration = 8, loss = 0.00035165578508343677, stage = 1, window_start = 0.13538285196091496, window_end = 0.23538285196091496, last iteration = 6.45 s
[run_variable_window_optimization] [2026-07-02 17:00:06] iteration = 9, loss = 0.00035536529603049586, stage = 1, window_start = 0.26291835004712727, window_end = 0.36291835004712725, last iteration = 6.47 s
[run_variable_window_optimization] [2026-07-02 17:00:12] iteration = 10, loss = 0.0003763207798376659, stage = 1, window_start = 0.7470594418513582, window_end = 0.8470594418513582, last iteration = 6.59 s
[run_variable_window_optimization] [2026-07-02 17:00:19] iteration = 11, loss = 0.00033636368064791385, stage = 1, window_start = 0.33769199158456825, window_end = 0.4376919915845683, last iteration = 6.52 s
[run_variable_window_optimization] [2026-07-02 17:00:25] iteration = 12, loss = 0.00037026726243158994, stage = 1, window_start = 1.6038978096725267, window_end = 1.7038978096725268, last iteration = 6.43 s
[run_variable_window_optimization] [2026-07-02 17:00:32] iteration = 13, loss = 0.0003566980791241868, stage = 1, window_start = 1.5623643129193645, window_end = 1.6623643129193646, last iteration = 6.38 s
[run_variable_window_optimization] [2026-07-02 17:00:38] iteration = 14, loss = 0.0003470262950089415, stage = 1, window_start = 1.8609008985731401, window_end = 1.9609008985731402, last iteration = 6.33 s
[run_variable_window_optimization] [2026-07-02 17:00:44] iteration = 15, loss = 0.00033465037772739356, stage = 1, window_start = 1.8657208129980318, window_end = 1.965720812998032, last iteration = 6.31 s
[run_variable_window_optimization] [2026-07-02 17:00:51] iteration = 16, loss = 0.00032258279521832107, stage = 1, window_start = 1.8675482689353329, window_end = 1.967548268935333, last iteration = 6.48 s
[run_variable_window_optimization] [2026-07-02 17:00:57] iteration = 17, loss = 0.0002972169458952855, stage = 1, window_start = 0.9950759635947334, window_end = 1.0950759635947334, last iteration = 6.4 s
[run_variable_window_optimization] [2026-07-02 17:01:03] iteration = 18, loss = 0.0002887021325888188, stage = 1, window_start = 1.1035136273996824, window_end = 1.2035136273996825, last iteration = 6.25 s
[run_variable_window_optimization] [2026-07-02 17:01:10] iteration = 19, loss = 0.00023455015954573124, stage = 1, window_start = 0.23894530206739434, window_end = 0.33894530206739437, last iteration = 6.27 s
[run_variable_window_optimization] [2026-07-02 17:01:16] iteration = 20, loss = 0.00022902006536690514, stage = 1, window_start = 0.2844739637909652, window_end = 0.3844739637909652, last iteration = 6.46 s
[run_variable_window_optimization] [2026-07-02 17:01:23] Stage 1 / 1 complete; validation_loss = 0.03842053008027082; elapsed = 137.61 s
[run_variable_fom_hpc] Saving variable-window FOM optimization data
Saved variable-window FOM output to: /home/mgantcher/Brookhaven/Research_Code/Optimization/Data/FOM_timing_per_iter_9_window_t-0.1__window_n_obs-50
Final full-trajectory loss: 0.03842053008027082
Final training-window loss: 0.00022902006536690514
[Thu Jul  2 05:01:24 PM EDT 2026] Finished variable-window FOM training
[Thu Jul  2 05:01:24 PM EDT 2026] Worker 9 finished FOM_VARIABLE combination 9
[Thu Jul  2 05:01:24 PM EDT 2026] Worker 9 starting FOM_VARIABLE combination 29 / 30
Sweep file: /home/mgantcher/Brookhaven/Research_Code/Optimization/Data/Sweeps/FOM_hyperparam_opt/00_timing_scaling.txt
Run name: FOM_timing_per_iter_29_window_t-2.0__window_n_obs-50
Combination label: window_t-2.0__window_n_obs-50
ETAS=1e-3
ITERS=20
N_OBS=100
PRINT_FREQUENCY=1
RUN_NAME=FOM_timing_per_iter_29_window_t-2.0__window_n_obs-50
SAVE_FREQUENCY=1
SWEEP_COMBO_COUNT=30
SWEEP_COMBO_INDEX=29
SWEEP_COMBO_LABEL=window_t-2.0__window_n_obs-50
SWEEP_FILE=/home/mgantcher/Brookhaven/Research_Code/Optimization/Data/Sweeps/FOM_hyperparam_opt/00_timing_scaling.txt
SWEEP_TARGET=fom_variable
SWEEP_TOTAL_COUNT=30
SWEEP_WORKER_COUNT=20
SWEEP_WORKER_INDEX=9
WINDOW_N_OBS=50
WINDOW_START_POLICY=random
WINDOW_T=2.0
[Thu Jul  2 05:01:24 PM EDT 2026] Starting variable-window FOM training on node04
Variable-window args: --N 256 --L 1.0 --eps2 1e-2 --k 1.0 --tfinal 2.0 --N-obs 100 --h 8 --seed 1 --reference-dt-factor 0.5 --etas 1e-3 --iters 20 --beta 0.9,0.99 --save-frequency 1 --print-frequency 1 --warmup true --window-T 2.0 --window-N-obs 50 --window-start-policy random --windows-per-iter 1 --loss-normalization mean --window-seed 1 --run-name FOM_timing_per_iter_29_window_t-2.0__window_n_obs-50
[run_variable_fom_hpc] Julia entrypoint started
[run_variable_fom_hpc] Loading variable-window FOM helper code
[package-load] Loading LinearAlgebra
[package-load] Loaded LinearAlgebra
[package-load] Loading SparseArrays
[package-load] Loaded SparseArrays
[package-load] Loading Random
[package-load] Loaded Random
[package-load] Loading ComponentArrays
[package-load] Loaded ComponentArrays
[package-load] Loading LinearSolve
[package-load] Loaded LinearSolve
[package-load] Loading OrdinaryDiffEq
[package-load] Loaded OrdinaryDiffEq
[package-load] Loading OrdinaryDiffEqSDIRK
[package-load] Loaded OrdinaryDiffEqSDIRK
[package-load] Loading OrdinaryDiffEqLowOrderRK
[package-load] Loaded OrdinaryDiffEqLowOrderRK
[package-load] Loading SciMLSensitivity
[package-load] Loaded SciMLSensitivity
[package-load] Loading ADTypes
[package-load] Loaded ADTypes
[package-load] Loading Zygote
[package-load] Loaded Zygote
[package-load] Loading Enzyme
[package-load] Loaded Enzyme
[package-load] Loading Optimization
[package-load] Loaded Optimization
[package-load] Loading OptimizationOptimisers
[package-load] Loaded OptimizationOptimisers
[package-load] Loading OptimizationOptimJL
[package-load] Loaded OptimizationOptimJL
[package-load] Loading LineSearches
[package-load] Loaded LineSearches
[package-load] Loading Lux
[package-load] Loaded Lux
[package-load] Loading Functors
[package-load] Loaded Functors
[package-load] Loading Plots
[package-load] Loaded Plots
[package-load] Loading Dates
[package-load] Loaded Dates
[package-load] Loading Serialization
[package-load] Loaded Serialization
[package-load] Including integration_AC_hpc.jl
[package-load] Loading LinearAlgebra
[package-load] Loaded LinearAlgebra
[package-load] Loading SparseArrays
[package-load] Loaded SparseArrays
[package-load] Loading Random
[package-load] Loaded Random
[package-load] Loading ComponentArrays
[package-load] Loaded ComponentArrays
[package-load] Loading LinearSolve
[package-load] Loaded LinearSolve
[package-load] Loading OrdinaryDiffEq
[package-load] Loaded OrdinaryDiffEq
[package-load] Loading OrdinaryDiffEqSDIRK
[package-load] Loaded OrdinaryDiffEqSDIRK
[package-load] Loading OrdinaryDiffEqLowOrderRK
[package-load] Loaded OrdinaryDiffEqLowOrderRK
[package-load] Loading SciMLSensitivity
[package-load] Loaded SciMLSensitivity
[package-load] Loading ADTypes
[package-load] Loaded ADTypes
[package-load] Loading Zygote
[package-load] Loaded Zygote
[package-load] Loading Enzyme
[package-load] Loaded Enzyme
[package-load] Loading Optimization
[package-load] Loaded Optimization
[package-load] Loading OptimizationOptimisers
[package-load] Loaded OptimizationOptimisers
[package-load] Loading OptimizationOptimJL
[package-load] Loaded OptimizationOptimJL
[package-load] Loading LineSearches
[package-load] Loaded LineSearches
[package-load] Loading Lux
[package-load] Loaded Lux
[package-load] Loading Functors
[package-load] Loaded Functors
[package-load] Loading Plots
[package-load] Loaded Plots
[package-load] Included integration_AC_hpc.jl
[run_variable_fom_hpc] Loading HPC common code
[package-load] Loading LinearAlgebra
[package-load] Loaded LinearAlgebra
[package-load] Loading SparseArrays
[package-load] Loaded SparseArrays
[package-load] Loading ComponentArrays
[package-load] Loaded ComponentArrays
[package-load] Loading OrdinaryDiffEq
[package-load] Loaded OrdinaryDiffEq
[package-load] Loading OrdinaryDiffEqLowOrderRK
[package-load] Loaded OrdinaryDiffEqLowOrderRK
[package-load] Loading Optimization
[package-load] Loaded Optimization
[package-load] Loading Dates
[package-load] Loaded Dates
[run_variable_fom_hpc] Configuring HPC runtime
Julia version: 1.12.6
Host: node04
SLURM_JOB_ID: 2551
SLURM_ARRAY_TASK_ID: 9
Julia threads: 8
BLAS threads: 1
[run_variable_fom_hpc] Building Allen-Cahn reference solution
Reference solve: N=256, Δx=0.0038910505836575876, Δt=0.0003785068661145513, saved_times=5283
[run_variable_fom_hpc] Preparing FOM optimization problem
[run_variable_fom_hpc] Prepared variable-window FOM optimization parameters
  run_name = FOM_timing_per_iter_29_window_t-2.0__window_n_obs-50
  N = 256
  L = 1.0
  ε2 = 0.01
  k = 1.0
  tfinal = 2.0
  N_obs = 100
  h = 8
  seed = 1
  reference_dt_factor = 0.5
  reference_Δx = 0.0038910505836575876
  reference_Δt = 0.0003785068661145513
  reference_save_count = 5283
  etas = [0.001]
  iterations = [20]
  β = (0.9, 0.99)
  warmup = true
  save_frequency = 1
  print_frequency = 1
  window_T = [2.0]
  window_N_obs = [50]
  window_start_policy = SubString{String}["random"]
  windows_per_iter = [1]
  loss_normalization = mean
  window_seed = 1
  SLURM_JOB_ID = 2551
  SLURM_ARRAY_TASK_ID = 9
[run_variable_fom_hpc] Running variable-window FOM optimization
[run_variable_window_optimization] [2026-07-02 17:02:04] Optimization Params: eta = [0.001]; beta = (0.9, 0.99); N_iter = [20]; WINDOW_T = [2.0]; WINDOW_N_OBS = [50]; WINDOW_START_POLICY = ["random"]; WINDOWS_PER_ITER = [1]; loss_normalization = mean; total_iterations = 20; save_frequency = 1; print_frequency = 1; warmup = true
[run_variable_window_optimization] [2026-07-02 17:02:04] Warming up
[run_variable_window_optimization] [2026-07-02 17:04:00] Warmup complete
[run_variable_window_optimization] [2026-07-02 17:04:00] Beginning variable-window optimization
[run_variable_window_optimization] [2026-07-02 17:04:00] Stage 1 / 1 started: eta = 0.001; N_iter = 20; WINDOW_T = 2.0; WINDOW_N_OBS = 50; WINDOW_START_POLICY = random; WINDOWS_PER_ITER = 1
[run_variable_window_optimization] [2026-07-02 17:04:12] iteration = 1, loss = 0.06774591680845939, stage = 1, window_start = 0.0, window_end = 2.0, last iteration = 127.11 s
[run_variable_window_optimization] [2026-07-02 17:04:22] iteration = 2, loss = 0.06586465181228249, stage = 1, window_start = 0.0, window_end = 2.0, last iteration = 10.61 s
[run_variable_window_optimization] [2026-07-02 17:04:32] iteration = 3, loss = 0.06400474442476681, stage = 1, window_start = 0.0, window_end = 2.0, last iteration = 9.74 s
[run_variable_window_optimization] [2026-07-02 17:04:42] iteration = 4, loss = 0.06216608913249061, stage = 1, window_start = 0.0, window_end = 2.0, last iteration = 9.97 s
[run_variable_window_optimization] [2026-07-02 17:04:52] iteration = 5, loss = 0.06035284895264665, stage = 1, window_start = 0.0, window_end = 2.0, last iteration = 9.89 s
[run_variable_window_optimization] [2026-07-02 17:05:02] iteration = 6, loss = 0.058563637942920535, stage = 1, window_start = 0.0, window_end = 2.0, last iteration = 9.83 s
[run_variable_window_optimization] [2026-07-02 17:05:12] iteration = 7, loss = 0.056799259261275006, stage = 1, window_start = 0.0, window_end = 2.0, last iteration = 9.98 s
[run_variable_window_optimization] [2026-07-02 17:05:21] iteration = 8, loss = 0.055061469532919245, stage = 1, window_start = 0.0, window_end = 2.0, last iteration = 9.56 s
[run_variable_window_optimization] [2026-07-02 17:05:31] iteration = 9, loss = 0.053350655439445074, stage = 1, window_start = 0.0, window_end = 2.0, last iteration = 9.68 s
[run_variable_window_optimization] [2026-07-02 17:05:41] iteration = 10, loss = 0.05166689555127786, stage = 1, window_start = 0.0, window_end = 2.0, last iteration = 9.77 s
[run_variable_window_optimization] [2026-07-02 17:05:50] iteration = 11, loss = 0.05001165942419167, stage = 1, window_start = 0.0, window_end = 2.0, last iteration = 9.66 s
[run_variable_window_optimization] [2026-07-02 17:06:00] iteration = 12, loss = 0.04838330468124243, stage = 1, window_start = 0.0, window_end = 2.0, last iteration = 9.62 s
[run_variable_window_optimization] [2026-07-02 17:06:09] iteration = 13, loss = 0.04678481214097375, stage = 1, window_start = 0.0, window_end = 2.0, last iteration = 9.59 s
[run_variable_window_optimization] [2026-07-02 17:06:19] iteration = 14, loss = 0.04521384923368742, stage = 1, window_start = 0.0, window_end = 2.0, last iteration = 9.46 s
[run_variable_window_optimization] [2026-07-02 17:06:28] iteration = 15, loss = 0.04367083901777305, stage = 1, window_start = 0.0, window_end = 2.0, last iteration = 9.28 s
[run_variable_window_optimization] [2026-07-02 17:06:37] iteration = 16, loss = 0.0421559187153146, stage = 1, window_start = 0.0, window_end = 2.0, last iteration = 9.33 s
[run_variable_window_optimization] [2026-07-02 17:06:47] iteration = 17, loss = 0.04066867476019776, stage = 1, window_start = 0.0, window_end = 2.0, last iteration = 9.2 s
[run_variable_window_optimization] [2026-07-02 17:06:56] iteration = 18, loss = 0.03920847077641545, stage = 1, window_start = 0.0, window_end = 2.0, last iteration = 9.45 s
[run_variable_window_optimization] [2026-07-02 17:07:06] iteration = 19, loss = 0.037777386066892016, stage = 1, window_start = 0.0, window_end = 2.0, last iteration = 9.44 s
[run_variable_window_optimization] [2026-07-02 17:07:15] iteration = 20, loss = 0.036375060100700275, stage = 1, window_start = 0.0, window_end = 2.0, last iteration = 9.39 s
[run_variable_window_optimization] [2026-07-02 17:07:24] Stage 1 / 1 complete; validation_loss = 0.035987557113873865; elapsed = 204.3 s
[run_variable_fom_hpc] Saving variable-window FOM optimization data
Saved variable-window FOM output to: /home/mgantcher/Brookhaven/Research_Code/Optimization/Data/FOM_timing_per_iter_29_window_t-2.0__window_n_obs-50
Final full-trajectory loss: 0.035987557113873865
Final training-window loss: 0.036375060100700275
[Thu Jul  2 05:07:26 PM EDT 2026] Finished variable-window FOM training
[Thu Jul  2 05:07:26 PM EDT 2026] Worker 9 finished FOM_VARIABLE combination 29
