[Tue Jul  7 10:18:57 AM EDT 2026] Worker 6 starting FOM combination 6 / 30
Sweep file: /home/mgantcher/Brookhaven/Research_Code/Optimization/Data/Sweeps/FOM_hyperparam_opt/00_timing_scaling.txt
Run name: FOM_timing_per_iter_accel_6_window_t-0.1__window_n_obs-5
Combination label: window_t-0.1__window_n_obs-5
ETAS=1e-3
ITERS=100
N_OBS=100
PRINT_FREQUENCY=1
RUN_NAME=FOM_timing_per_iter_accel_6_window_t-0.1__window_n_obs-5
SAVE_FREQUENCY=100000
SWEEP_COMBO_COUNT=30
SWEEP_COMBO_INDEX=6
SWEEP_COMBO_LABEL=window_t-0.1__window_n_obs-5
SWEEP_FILE=/home/mgantcher/Brookhaven/Research_Code/Optimization/Data/Sweeps/FOM_hyperparam_opt/00_timing_scaling.txt
SWEEP_TARGET=fom
SWEEP_TOTAL_COUNT=30
SWEEP_WORKER_COUNT=20
SWEEP_WORKER_INDEX=6
WARMUP=true
WINDOW_N_OBS=5
WINDOW_START_POLICY=random
WINDOW_T=0.1
[Tue Jul  7 10:18:57 AM EDT 2026] Starting FOM training on node05
[run_fom_hpc] Julia entrypoint started
[run_fom_hpc] Loading integration helper code
[package-load] Loading LinearAlgebra
[package-load] Loaded LinearAlgebra
[package-load] Loading SparseArrays
[package-load] Loaded SparseArrays
[package-load] Loading Random
[package-load] Loaded Random
[package-load] Loading ComponentArrays
[package-load] Loaded ComponentArrays
[package-load] Loading LinearSolve
[package-load] Loaded LinearSolve
[package-load] Loading OrdinaryDiffEq
[package-load] Loaded OrdinaryDiffEq
[package-load] Loading OrdinaryDiffEqSDIRK
[package-load] Loaded OrdinaryDiffEqSDIRK
[package-load] Loading OrdinaryDiffEqLowOrderRK
[package-load] Loaded OrdinaryDiffEqLowOrderRK
[package-load] Loading SciMLSensitivity
[package-load] Loaded SciMLSensitivity
[package-load] Loading ADTypes
[package-load] Loaded ADTypes
[package-load] Loading Zygote
[package-load] Loaded Zygote
[package-load] Loading Enzyme
[package-load] Loaded Enzyme
[package-load] Loading Optimization
[package-load] Loaded Optimization
[package-load] Loading OptimizationOptimisers
[package-load] Loaded OptimizationOptimisers
[package-load] Loading OptimizationOptimJL
[package-load] Loaded OptimizationOptimJL
[package-load] Loading LineSearches
[package-load] Loaded LineSearches
[package-load] Loading Lux
[package-load] Loaded Lux
[package-load] Loading Functors
[package-load] Loaded Functors
[package-load] Loading Plots
[package-load] Loaded Plots
[run_fom_hpc] Loading FOM helper code
[package-load] Loading LinearAlgebra
[package-load] Loaded LinearAlgebra
[package-load] Loading SparseArrays
[package-load] Loaded SparseArrays
[package-load] Loading Random
[package-load] Loaded Random
[package-load] Loading ComponentArrays
[package-load] Loaded ComponentArrays
[package-load] Loading LinearSolve
[package-load] Loaded LinearSolve
[package-load] Loading OrdinaryDiffEq
[package-load] Loaded OrdinaryDiffEq
[package-load] Loading OrdinaryDiffEqSDIRK
[package-load] Loaded OrdinaryDiffEqSDIRK
[package-load] Loading OrdinaryDiffEqLowOrderRK
[package-load] Loaded OrdinaryDiffEqLowOrderRK
[package-load] Loading SciMLSensitivity
[package-load] Loaded SciMLSensitivity
[package-load] Loading ADTypes
[package-load] Loaded ADTypes
[package-load] Loading Zygote
[package-load] Loaded Zygote
[package-load] Loading Enzyme
[package-load] Loaded Enzyme
[package-load] Loading Optimization
[package-load] Loaded Optimization
[package-load] Loading OptimizationOptimisers
[package-load] Loaded OptimizationOptimisers
[package-load] Loading OptimizationOptimJL
[package-load] Loaded OptimizationOptimJL
[package-load] Loading LineSearches
[package-load] Loaded LineSearches
[package-load] Loading Lux
[package-load] Loaded Lux
[package-load] Loading Functors
[package-load] Loaded Functors
[package-load] Loading Plots
[package-load] Loaded Plots
[package-load] Loading Dates
[package-load] Loaded Dates
[package-load] Loading Serialization
[package-load] Loaded Serialization
[package-load] Including integration_AC_hpc.jl
[package-load] Loading LinearAlgebra
[package-load] Loaded LinearAlgebra
[package-load] Loading SparseArrays
[package-load] Loaded SparseArrays
[package-load] Loading Random
[package-load] Loaded Random
[package-load] Loading ComponentArrays
[package-load] Loaded ComponentArrays
[package-load] Loading LinearSolve
[package-load] Loaded LinearSolve
[package-load] Loading OrdinaryDiffEq
[package-load] Loaded OrdinaryDiffEq
[package-load] Loading OrdinaryDiffEqSDIRK
[package-load] Loaded OrdinaryDiffEqSDIRK
[package-load] Loading OrdinaryDiffEqLowOrderRK
[package-load] Loaded OrdinaryDiffEqLowOrderRK
[package-load] Loading SciMLSensitivity
[package-load] Loaded SciMLSensitivity
[package-load] Loading ADTypes
[package-load] Loaded ADTypes
[package-load] Loading Zygote
[package-load] Loaded Zygote
[package-load] Loading Enzyme
[package-load] Loaded Enzyme
[package-load] Loading Optimization
[package-load] Loaded Optimization
[package-load] Loading OptimizationOptimisers
[package-load] Loaded OptimizationOptimisers
[package-load] Loading OptimizationOptimJL
[package-load] Loaded OptimizationOptimJL
[package-load] Loading LineSearches
[package-load] Loaded LineSearches
[package-load] Loading Lux
[package-load] Loaded Lux
[package-load] Loading Functors
[package-load] Loaded Functors
[package-load] Loading Plots
[package-load] Loaded Plots
[package-load] Included integration_AC_hpc.jl
[run_fom_hpc] Loading HPC common code
[package-load] Loading LinearAlgebra
[package-load] Loaded LinearAlgebra
[package-load] Loading SparseArrays
[package-load] Loaded SparseArrays
[package-load] Loading ComponentArrays
[package-load] Loaded ComponentArrays
[package-load] Loading OrdinaryDiffEq
[package-load] Loaded OrdinaryDiffEq
[package-load] Loading OrdinaryDiffEqLowOrderRK
[package-load] Loaded OrdinaryDiffEqLowOrderRK
[package-load] Loading Optimization
[package-load] Loaded Optimization
[package-load] Loading Dates
[package-load] Loaded Dates
[run_fom_hpc] Configuring HPC runtime
Julia version: 1.12.6
Host: node05
SLURM_JOB_ID: 2597
SLURM_ARRAY_TASK_ID: 6
Julia threads: 8
BLAS threads: 1
[run_fom_hpc] Building Allen-Cahn reference solution
Reference solve: N=256, Δx=0.0038910505836575876, Δt=0.0003785068661145513, saved_times=5283
[run_fom_hpc] Preparing FOM optimization problem
[run_fom_hpc] Prepared FOM optimization parameters
  run_name = FOM_timing_per_iter_accel_6_window_t-0.1__window_n_obs-5
  N = 256
  L = 1.0
  ε2 = 0.01
  k = 1.0
  tfinal = 2.0
  N_obs = 100
  h = 8
  seed = 1
  reference_dt_factor = 0.5
  reference_Δx = 0.0038910505836575876
  reference_Δt = 0.0003785068661145513
  reference_save_count = 5283
  etas = [0.001]
  iterations = [100]
  window_T = [0.1]
  window_N_obs = [5]
  window_start_policy = SubString{String}["random"]
  batch_size = [1]
  loss_normalization = mean
  window_seed = 1
  β = (0.9, 0.99)
  warmup = true
  save_frequency = 100000
  print_frequency = 1
  SLURM_JOB_ID = 2597
  SLURM_ARRAY_TASK_ID = 6
[run_fom_hpc] Running FOM optimization
[run_variable_window_optimization] [2026-07-07 10:19:56] Optimization Params: eta = [0.001]; beta = (0.9, 0.99); N_iter = [100]; window_T = [0.1]; window_N_obs = [5]; window_start_policy = SubString{String}["random"]; batch_size = [1]; loss_normalization = mean; total_iterations = 100
[run_variable_window_optimization] [2026-07-07 10:19:57] Warming up
[run_variable_window_optimization] [2026-07-07 10:23:26] Warmup complete
[run_variable_window_optimization] [2026-07-07 10:23:26] Stage 1 / 1 started: eta = 0.001; N_iter = 100; window_T = 0.1; window_N_obs = 5; window_start_policy = random; batch_size = 1
[run_variable_window_optimization] [2026-07-07 10:23:28] iteration = 1, loss = 0.0005943264196492125, stage = 1, window_start = 0.18836543261940994, window_end = 0.28836543261940994, last iteration = 211.37 s
[run_variable_window_optimization] [2026-07-07 10:23:28] iteration = 2, loss = 0.000658294071923535, stage = 1, window_start = 1.333761456387113, window_end = 1.433761456387113, last iteration = 0.61 s
[run_variable_window_optimization] [2026-07-07 10:23:28] iteration = 3, loss = 0.0006246438019334618, stage = 1, window_start = 0.9561973930995263, window_end = 1.0561973930995263, last iteration = 0.04 s
[run_variable_window_optimization] [2026-07-07 10:23:28] iteration = 4, loss = 0.000622556544342789, stage = 1, window_start = 1.6640982900833758, window_end = 1.764098290083376, last iteration = 0.02 s
[run_variable_window_optimization] [2026-07-07 10:23:28] iteration = 5, loss = 0.0006041413796136308, stage = 1, window_start = 1.8115842825615265, window_end = 1.9115842825615266, last iteration = 0.02 s
[run_variable_window_optimization] [2026-07-07 10:23:29] iteration = 6, loss = 0.0005642742117926635, stage = 1, window_start = 0.9648400850065348, window_end = 1.064840085006535, last iteration = 0.1 s
[run_variable_window_optimization] [2026-07-07 10:23:29] iteration = 7, loss = 0.00056007988693381, stage = 1, window_start = 1.5005272107686365, window_end = 1.6005272107686366, last iteration = 0.02 s
[run_variable_window_optimization] [2026-07-07 10:23:29] iteration = 8, loss = 0.0004479709082615529, stage = 1, window_start = 0.13538285196091496, window_end = 0.23538285196091496, last iteration = 0.18 s
[run_variable_window_optimization] [2026-07-07 10:23:29] iteration = 9, loss = 0.0004526520835429113, stage = 1, window_start = 0.26291835004712727, window_end = 0.36291835004712725, last iteration = 0.02 s
[run_variable_window_optimization] [2026-07-07 10:23:29] iteration = 10, loss = 0.0004794288208429916, stage = 1, window_start = 0.7470594418513582, window_end = 0.8470594418513582, last iteration = 0.02 s
[run_variable_window_optimization] [2026-07-07 10:23:29] iteration = 11, loss = 0.0004284536069503931, stage = 1, window_start = 0.33769199158456825, window_end = 0.4376919915845683, last iteration = 0.02 s
[run_variable_window_optimization] [2026-07-07 10:23:29] iteration = 12, loss = 0.0004717785655486106, stage = 1, window_start = 1.6038978096725267, window_end = 1.7038978096725268, last iteration = 0.02 s
[run_variable_window_optimization] [2026-07-07 10:23:29] iteration = 13, loss = 0.00045448921480768805, stage = 1, window_start = 1.5623643129193645, window_end = 1.6623643129193646, last iteration = 0.02 s
[run_variable_window_optimization] [2026-07-07 10:23:29] iteration = 14, loss = 0.00044217617071329156, stage = 1, window_start = 1.8609008985731401, window_end = 1.9609008985731402, last iteration = 0.02 s
[run_variable_window_optimization] [2026-07-07 10:23:29] iteration = 15, loss = 0.00042640736219110297, stage = 1, window_start = 1.8657208129980318, window_end = 1.965720812998032, last iteration = 0.04 s
[run_variable_window_optimization] [2026-07-07 10:23:29] iteration = 16, loss = 0.00041103061940285003, stage = 1, window_start = 1.8675482689353329, window_end = 1.967548268935333, last iteration = 0.02 s
[run_variable_window_optimization] [2026-07-07 10:23:29] iteration = 17, loss = 0.00037866711281858256, stage = 1, window_start = 0.9950759635947334, window_end = 1.0950759635947334, last iteration = 0.02 s
[run_variable_window_optimization] [2026-07-07 10:23:29] iteration = 18, loss = 0.00036782408773941485, stage = 1, window_start = 1.1035136273996824, window_end = 1.2035136273996825, last iteration = 0.02 s
[run_variable_window_optimization] [2026-07-07 10:23:29] iteration = 19, loss = 0.0002987284162908543, stage = 1, window_start = 0.23894530206739434, window_end = 0.33894530206739437, last iteration = 0.03 s
[run_variable_window_optimization] [2026-07-07 10:23:29] iteration = 20, loss = 0.00029167820569895903, stage = 1, window_start = 0.2844739637909652, window_end = 0.3844739637909652, last iteration = 0.02 s
[run_variable_window_optimization] [2026-07-07 10:23:29] iteration = 21, loss = 0.00033761950585134545, stage = 1, window_start = 1.6116283335648853, window_end = 1.7116283335648854, last iteration = 0.02 s
[run_variable_window_optimization] [2026-07-07 10:23:29] iteration = 22, loss = 0.0003170881964466648, stage = 1, window_start = 1.1912439007422717, window_end = 1.2912439007422718, last iteration = 0.03 s
[run_variable_window_optimization] [2026-07-07 10:23:29] iteration = 23, loss = 0.00031507035782606064, stage = 1, window_start = 1.8355003894482367, window_end = 1.9355003894482368, last iteration = 0.02 s
[run_variable_window_optimization] [2026-07-07 10:23:29] iteration = 24, loss = 0.00030089290023740104, stage = 1, window_start = 1.6444708074100178, window_end = 1.744470807410018, last iteration = 0.03 s
[run_variable_window_optimization] [2026-07-07 10:23:29] iteration = 25, loss = 0.00028823511507876056, stage = 1, window_start = 1.5680001368079977, window_end = 1.6680001368079977, last iteration = 0.02 s
[run_variable_window_optimization] [2026-07-07 10:23:29] iteration = 26, loss = 0.00024055997949402349, stage = 1, window_start = 0.4778967413299672, window_end = 0.5778967413299672, last iteration = 0.03 s
[run_variable_window_optimization] [2026-07-07 10:23:29] iteration = 27, loss = 0.00024998578991989966, stage = 1, window_start = 0.8665964412165956, window_end = 0.9665964412165956, last iteration = 0.03 s
[run_variable_window_optimization] [2026-07-07 10:23:29] iteration = 28, loss = 0.00025726143866480164, stage = 1, window_start = 1.7090575998531885, window_end = 1.8090575998531886, last iteration = 0.02 s
[run_variable_window_optimization] [2026-07-07 10:23:29] iteration = 29, loss = 0.00024013845566275122, stage = 1, window_start = 1.2474836742055935, window_end = 1.3474836742055936, last iteration = 0.03 s
[run_variable_window_optimization] [2026-07-07 10:23:29] iteration = 30, loss = 0.00020358871302388987, stage = 1, window_start = 0.5066904377015607, window_end = 0.6066904377015607, last iteration = 0.02 s
[run_variable_window_optimization] [2026-07-07 10:23:29] iteration = 31, loss = 0.00019051838141165856, stage = 1, window_start = 0.4397264062530376, window_end = 0.5397264062530376, last iteration = 0.03 s
[run_variable_window_optimization] [2026-07-07 10:23:29] iteration = 32, loss = 0.0002169874214673958, stage = 1, window_start = 1.5742068259781232, window_end = 1.6742068259781233, last iteration = 0.02 s
[run_variable_window_optimization] [2026-07-07 10:23:29] iteration = 33, loss = 0.00020776944216473222, stage = 1, window_start = 1.5430314721078102, window_end = 1.6430314721078103, last iteration = 0.03 s
[run_variable_window_optimization] [2026-07-07 10:23:29] iteration = 34, loss = 0.00017350590253396929, stage = 1, window_start = 0.5706376730889038, window_end = 0.6706376730889038, last iteration = 0.02 s
[run_variable_window_optimization] [2026-07-07 10:23:29] iteration = 35, loss = 0.00016017324818088193, stage = 1, window_start = 0.4640598885765005, window_end = 0.5640598885765005, last iteration = 0.03 s
[run_variable_window_optimization] [2026-07-07 10:23:29] iteration = 36, loss = 0.00018217304999898276, stage = 1, window_start = 1.4667134276760143, window_end = 1.5667134276760144, last iteration = 0.02 s
[run_variable_window_optimization] [2026-07-07 10:23:29] iteration = 37, loss = 0.00017614645608984635, stage = 1, window_start = 1.6009814903915072, window_end = 1.7009814903915073, last iteration = 0.03 s
