[Thu Jul  9 02:48:35 AM EDT 2026] Worker 14 starting ROM combination 14 / 90
Sweep file: /home/mgantcher/Brookhaven/Research_Code/Optimization/Data/Sweeps/ROM_more_hyperparam_opt_for_fu_learning/00_m10_stability_fu_learning.txt
Run name: ROM_m10_stability_fu_learning_14_r3_gentle_full_finish_eta_3e-4_to_3e-6_obs_2_5_10_25_50_budget40m
Combination label: r3_gentle_full_finish_eta_3e-4_to_3e-6_obs_2_5_10_25_50_budget40m
BATCH_SIZE=1,1,1,1,1
ETAS=0.0003,0.0001,3e-05,1e-05,3e-06
H=8
ITERS=18823,13473,8727,4911,3692
LOSS_NORMALIZATION=mean
M=10
N=256
N_OBS=100
PRINT_FREQUENCY=500
R=3
RUN_NAME=ROM_m10_stability_fu_learning_14_r3_gentle_full_finish_eta_3e-4_to_3e-6_obs_2_5_10_25_50_budget40m
SAVE_FREQUENCY=100
SEED=1
SWEEP_COMBO_COUNT=90
SWEEP_COMBO_INDEX=14
SWEEP_COMBO_LABEL=r3_gentle_full_finish_eta_3e-4_to_3e-6_obs_2_5_10_25_50_budget40m
SWEEP_FILE=/home/mgantcher/Brookhaven/Research_Code/Optimization/Data/Sweeps/ROM_more_hyperparam_opt_for_fu_learning/00_m10_stability_fu_learning.txt
SWEEP_TARGET=rom
SWEEP_TOTAL_COUNT=90
SWEEP_WORKER_COUNT=20
SWEEP_WORKER_INDEX=14
TFINAL=2.0
WARMUP=true
WINDOW_N_OBS=2,5,10,25,50
WINDOW_SEED=1
WINDOW_START_POLICY=random,random,random,random,random
WINDOW_T=0.05,0.5,2,2,2
[Thu Jul  9 03:19:22 AM EDT 2026] Worker 14 finished ROM combination 14
[Thu Jul  9 03:19:22 AM EDT 2026] Worker 14 starting ROM combination 34 / 90
Sweep file: /home/mgantcher/Brookhaven/Research_Code/Optimization/Data/Sweeps/ROM_more_hyperparam_opt_for_fu_learning/00_m10_stability_fu_learning.txt
Run name: ROM_m10_stability_fu_learning_34_r4_batch_highobs_probe_eta_5e-4_to_1e-5_obs_2_5_10_25_50_budget35m
Combination label: r4_batch_highobs_probe_eta_5e-4_to_1e-5_obs_2_5_10_25_50_budget35m
BATCH_SIZE=1,1,1,2,2
ETAS=0.0005,0.0002,0.0001,3e-05,1e-05
H=8
ITERS=16470,11789,8571,2148,1615
LOSS_NORMALIZATION=mean
M=10
N=256
N_OBS=100
PRINT_FREQUENCY=500
R=4
RUN_NAME=ROM_m10_stability_fu_learning_34_r4_batch_highobs_probe_eta_5e-4_to_1e-5_obs_2_5_10_25_50_budget35m
SAVE_FREQUENCY=100
SEED=1
SWEEP_COMBO_COUNT=90
SWEEP_COMBO_INDEX=34
SWEEP_COMBO_LABEL=r4_batch_highobs_probe_eta_5e-4_to_1e-5_obs_2_5_10_25_50_budget35m
SWEEP_FILE=/home/mgantcher/Brookhaven/Research_Code/Optimization/Data/Sweeps/ROM_more_hyperparam_opt_for_fu_learning/00_m10_stability_fu_learning.txt
SWEEP_TARGET=rom
SWEEP_TOTAL_COUNT=90
SWEEP_WORKER_COUNT=20
SWEEP_WORKER_INDEX=14
TFINAL=2.0
WARMUP=true
WINDOW_N_OBS=2,5,10,25,50
WINDOW_SEED=1
WINDOW_START_POLICY=random,random,random,random,random
WINDOW_T=0.05,0.5,1,2,2
[Thu Jul  9 03:47:37 AM EDT 2026] Worker 14 finished ROM combination 34
[Thu Jul  9 03:47:37 AM EDT 2026] Worker 14 starting ROM combination 54 / 90
Sweep file: /home/mgantcher/Brookhaven/Research_Code/Optimization/Data/Sweeps/ROM_more_hyperparam_opt_for_fu_learning/00_m10_stability_fu_learning.txt
Run name: ROM_m10_stability_fu_learning_54_r10_conservative_oldshape_eta_3e-3_to_3e-4_obs_2_5_10_budget15m
Combination label: r10_conservative_oldshape_eta_3e-3_to_3e-4_obs_2_5_10_budget15m
BATCH_SIZE=1,1,1
ETAS=0.003,0.001,0.0003
H=8
ITERS=11764,9473,8181
LOSS_NORMALIZATION=mean
M=10
N=256
N_OBS=100
PRINT_FREQUENCY=500
R=10
RUN_NAME=ROM_m10_stability_fu_learning_54_r10_conservative_oldshape_eta_3e-3_to_3e-4_obs_2_5_10_budget15m
SAVE_FREQUENCY=100
SEED=1
SWEEP_COMBO_COUNT=90
SWEEP_COMBO_INDEX=54
SWEEP_COMBO_LABEL=r10_conservative_oldshape_eta_3e-3_to_3e-4_obs_2_5_10_budget15m
SWEEP_FILE=/home/mgantcher/Brookhaven/Research_Code/Optimization/Data/Sweeps/ROM_more_hyperparam_opt_for_fu_learning/00_m10_stability_fu_learning.txt
SWEEP_TARGET=rom
SWEEP_TOTAL_COUNT=90
SWEEP_WORKER_COUNT=20
SWEEP_WORKER_INDEX=14
TFINAL=2.0
WARMUP=true
WINDOW_N_OBS=2,5,10
WINDOW_SEED=1
WINDOW_START_POLICY=random,random,random
WINDOW_T=0.05,0.5,2
[Thu Jul  9 04:03:55 AM EDT 2026] Worker 14 finished ROM combination 54
[Thu Jul  9 04:03:55 AM EDT 2026] Worker 14 starting ROM combination 74 / 90
Sweep file: /home/mgantcher/Brookhaven/Research_Code/Optimization/Data/Sweeps/ROM_more_hyperparam_opt_for_fu_learning/00_m10_stability_fu_learning.txt
Run name: ROM_m10_stability_fu_learning_74_r15_conservative_oldshape_eta_3e-4_to_3e-5_obs_2_5_10_budget15m
Combination label: r15_conservative_oldshape_eta_3e-4_to_3e-5_obs_2_5_10_budget15m
BATCH_SIZE=1,1,1
ETAS=0.0003,0.0001,3e-05
H=8
ITERS=11764,9473,8181
LOSS_NORMALIZATION=mean
M=10
N=256
N_OBS=100
PRINT_FREQUENCY=500
R=15
RUN_NAME=ROM_m10_stability_fu_learning_74_r15_conservative_oldshape_eta_3e-4_to_3e-5_obs_2_5_10_budget15m
SAVE_FREQUENCY=100
SEED=1
SWEEP_COMBO_COUNT=90
SWEEP_COMBO_INDEX=74
SWEEP_COMBO_LABEL=r15_conservative_oldshape_eta_3e-4_to_3e-5_obs_2_5_10_budget15m
SWEEP_FILE=/home/mgantcher/Brookhaven/Research_Code/Optimization/Data/Sweeps/ROM_more_hyperparam_opt_for_fu_learning/00_m10_stability_fu_learning.txt
SWEEP_TARGET=rom
SWEEP_TOTAL_COUNT=90
SWEEP_WORKER_COUNT=20
SWEEP_WORKER_INDEX=14
TFINAL=2.0
WARMUP=true
WINDOW_N_OBS=2,5,10
WINDOW_SEED=1
WINDOW_START_POLICY=random,random,random
WINDOW_T=0.05,0.5,2
[Thu Jul  9 04:18:23 AM EDT 2026] Worker 14 finished ROM combination 74
