[Tue Jul  7 10:23:32 AM EDT 2026] Worker 8 starting FOM combination 8 / 30
Sweep file: /home/mgantcher/Brookhaven/Research_Code/Optimization/Data/Sweeps/FOM_hyperparam_opt/00_timing_scaling.txt
Run name: FOM_timing_per_iter_accel_8_window_t-0.1__window_n_obs-25
Combination label: window_t-0.1__window_n_obs-25
ETAS=1e-3
ITERS=100
N_OBS=100
PRINT_FREQUENCY=1
RUN_NAME=FOM_timing_per_iter_accel_8_window_t-0.1__window_n_obs-25
SAVE_FREQUENCY=100000
SWEEP_COMBO_COUNT=30
SWEEP_COMBO_INDEX=8
SWEEP_COMBO_LABEL=window_t-0.1__window_n_obs-25
SWEEP_FILE=/home/mgantcher/Brookhaven/Research_Code/Optimization/Data/Sweeps/FOM_hyperparam_opt/00_timing_scaling.txt
SWEEP_TARGET=fom
SWEEP_TOTAL_COUNT=30
SWEEP_WORKER_COUNT=20
SWEEP_WORKER_INDEX=8
WARMUP=true
WINDOW_N_OBS=25
WINDOW_START_POLICY=random
WINDOW_T=0.1
[Tue Jul  7 10:23:32 AM EDT 2026] Starting FOM training on node04
[run_fom_hpc] Julia entrypoint started
[run_fom_hpc] Loading integration helper code
[package-load] Loading LinearAlgebra
[package-load] Loaded LinearAlgebra
[package-load] Loading SparseArrays
[package-load] Loaded SparseArrays
[package-load] Loading Random
[package-load] Loaded Random
[package-load] Loading ComponentArrays
[package-load] Loaded ComponentArrays
[package-load] Loading LinearSolve
[package-load] Loaded LinearSolve
[package-load] Loading OrdinaryDiffEq
[package-load] Loaded OrdinaryDiffEq
[package-load] Loading OrdinaryDiffEqSDIRK
[package-load] Loaded OrdinaryDiffEqSDIRK
[package-load] Loading OrdinaryDiffEqLowOrderRK
[package-load] Loaded OrdinaryDiffEqLowOrderRK
[package-load] Loading SciMLSensitivity
[package-load] Loaded SciMLSensitivity
[package-load] Loading ADTypes
[package-load] Loaded ADTypes
[package-load] Loading Zygote
[package-load] Loaded Zygote
[package-load] Loading Enzyme
[package-load] Loaded Enzyme
[package-load] Loading Optimization
[package-load] Loaded Optimization
[package-load] Loading OptimizationOptimisers
[package-load] Loaded OptimizationOptimisers
[package-load] Loading OptimizationOptimJL
[package-load] Loaded OptimizationOptimJL
[package-load] Loading LineSearches
[package-load] Loaded LineSearches
[package-load] Loading Lux
[package-load] Loaded Lux
[package-load] Loading Functors
[package-load] Loaded Functors
[package-load] Loading Plots
[package-load] Loaded Plots
[run_fom_hpc] Loading FOM helper code
[package-load] Loading LinearAlgebra
[package-load] Loaded LinearAlgebra
[package-load] Loading SparseArrays
[package-load] Loaded SparseArrays
[package-load] Loading Random
[package-load] Loaded Random
[package-load] Loading ComponentArrays
[package-load] Loaded ComponentArrays
[package-load] Loading LinearSolve
[package-load] Loaded LinearSolve
[package-load] Loading OrdinaryDiffEq
[package-load] Loaded OrdinaryDiffEq
[package-load] Loading OrdinaryDiffEqSDIRK
[package-load] Loaded OrdinaryDiffEqSDIRK
[package-load] Loading OrdinaryDiffEqLowOrderRK
[package-load] Loaded OrdinaryDiffEqLowOrderRK
[package-load] Loading SciMLSensitivity
[package-load] Loaded SciMLSensitivity
[package-load] Loading ADTypes
[package-load] Loaded ADTypes
[package-load] Loading Zygote
[package-load] Loaded Zygote
[package-load] Loading Enzyme
[package-load] Loaded Enzyme
[package-load] Loading Optimization
[package-load] Loaded Optimization
[package-load] Loading OptimizationOptimisers
[package-load] Loaded OptimizationOptimisers
[package-load] Loading OptimizationOptimJL
[package-load] Loaded OptimizationOptimJL
[package-load] Loading LineSearches
[package-load] Loaded LineSearches
[package-load] Loading Lux
[package-load] Loaded Lux
[package-load] Loading Functors
[package-load] Loaded Functors
[package-load] Loading Plots
[package-load] Loaded Plots
[package-load] Loading Dates
[package-load] Loaded Dates
[package-load] Loading Serialization
[package-load] Loaded Serialization
[package-load] Including integration_AC_hpc.jl
[package-load] Loading LinearAlgebra
[package-load] Loaded LinearAlgebra
[package-load] Loading SparseArrays
[package-load] Loaded SparseArrays
[package-load] Loading Random
[package-load] Loaded Random
[package-load] Loading ComponentArrays
[package-load] Loaded ComponentArrays
[package-load] Loading LinearSolve
[package-load] Loaded LinearSolve
[package-load] Loading OrdinaryDiffEq
[package-load] Loaded OrdinaryDiffEq
[package-load] Loading OrdinaryDiffEqSDIRK
[package-load] Loaded OrdinaryDiffEqSDIRK
[package-load] Loading OrdinaryDiffEqLowOrderRK
[package-load] Loaded OrdinaryDiffEqLowOrderRK
[package-load] Loading SciMLSensitivity
[package-load] Loaded SciMLSensitivity
[package-load] Loading ADTypes
[package-load] Loaded ADTypes
[package-load] Loading Zygote
[package-load] Loaded Zygote
[package-load] Loading Enzyme
[package-load] Loaded Enzyme
[package-load] Loading Optimization
[package-load] Loaded Optimization
[package-load] Loading OptimizationOptimisers
[package-load] Loaded OptimizationOptimisers
[package-load] Loading OptimizationOptimJL
[package-load] Loaded OptimizationOptimJL
[package-load] Loading LineSearches
[package-load] Loaded LineSearches
[package-load] Loading Lux
[package-load] Loaded Lux
[package-load] Loading Functors
[package-load] Loaded Functors
[package-load] Loading Plots
[package-load] Loaded Plots
[package-load] Included integration_AC_hpc.jl
[run_fom_hpc] Loading HPC common code
[package-load] Loading LinearAlgebra
[package-load] Loaded LinearAlgebra
[package-load] Loading SparseArrays
[package-load] Loaded SparseArrays
[package-load] Loading ComponentArrays
[package-load] Loaded ComponentArrays
[package-load] Loading OrdinaryDiffEq
[package-load] Loaded OrdinaryDiffEq
[package-load] Loading OrdinaryDiffEqLowOrderRK
[package-load] Loaded OrdinaryDiffEqLowOrderRK
[package-load] Loading Optimization
[package-load] Loaded Optimization
[package-load] Loading Dates
[package-load] Loaded Dates
[run_fom_hpc] Configuring HPC runtime
Julia version: 1.12.6
Host: node04
SLURM_JOB_ID: 2599
SLURM_ARRAY_TASK_ID: 8
Julia threads: 8
BLAS threads: 1
[run_fom_hpc] Building Allen-Cahn reference solution
Reference solve: N=256, Δx=0.0038910505836575876, Δt=0.0003785068661145513, saved_times=5283
[run_fom_hpc] Preparing FOM optimization problem
[run_fom_hpc] Prepared FOM optimization parameters
  run_name = FOM_timing_per_iter_accel_8_window_t-0.1__window_n_obs-25
  N = 256
  L = 1.0
  ε2 = 0.01
  k = 1.0
  tfinal = 2.0
  N_obs = 100
  h = 8
  seed = 1
  reference_dt_factor = 0.5
  reference_Δx = 0.0038910505836575876
  reference_Δt = 0.0003785068661145513
  reference_save_count = 5283
  etas = [0.001]
  iterations = [100]
  window_T = [0.1]
  window_N_obs = [25]
  window_start_policy = SubString{String}["random"]
  batch_size = [1]
  loss_normalization = mean
  window_seed = 1
  β = (0.9, 0.99)
  warmup = true
  save_frequency = 100000
  print_frequency = 1
  SLURM_JOB_ID = 2599
  SLURM_ARRAY_TASK_ID = 8
[run_fom_hpc] Running FOM optimization
[run_variable_window_optimization] [2026-07-07 10:24:31] Optimization Params: eta = [0.001]; beta = (0.9, 0.99); N_iter = [100]; window_T = [0.1]; window_N_obs = [25]; window_start_policy = SubString{String}["random"]; batch_size = [1]; loss_normalization = mean; total_iterations = 100
[run_variable_window_optimization] [2026-07-07 10:24:31] Warming up
[run_variable_window_optimization] [2026-07-07 10:28:04] Warmup complete
[run_variable_window_optimization] [2026-07-07 10:28:04] Stage 1 / 1 started: eta = 0.001; N_iter = 100; window_T = 0.1; window_N_obs = 25; window_start_policy = random; batch_size = 1
[run_variable_window_optimization] [2026-07-07 10:28:05] iteration = 1, loss = 0.0004801156649727939, stage = 1, window_start = 0.18836543261940994, window_end = 0.28836543261940994, last iteration = 214.2 s
[run_variable_window_optimization] [2026-07-07 10:28:06] iteration = 2, loss = 0.0005316918864396276, stage = 1, window_start = 1.333761456387113, window_end = 1.433761456387113, last iteration = 0.68 s
[run_variable_window_optimization] [2026-07-07 10:28:06] iteration = 3, loss = 0.0005045244310641018, stage = 1, window_start = 0.9561973930995263, window_end = 1.0561973930995263, last iteration = 0.11 s
[run_variable_window_optimization] [2026-07-07 10:28:06] iteration = 4, loss = 0.0005028071482234312, stage = 1, window_start = 1.6640982900833758, window_end = 1.764098290083376, last iteration = 0.08 s
[run_variable_window_optimization] [2026-07-07 10:28:06] iteration = 5, loss = 0.00048792583308487577, stage = 1, window_start = 1.8115842825615265, window_end = 1.9115842825615266, last iteration = 0.1 s
[run_variable_window_optimization] [2026-07-07 10:28:06] iteration = 6, loss = 0.000455751814081579, stage = 1, window_start = 0.9648400850065348, window_end = 1.064840085006535, last iteration = 0.08 s
[run_variable_window_optimization] [2026-07-07 10:28:06] iteration = 7, loss = 0.0004523384931297864, stage = 1, window_start = 1.5005272107686365, window_end = 1.6005272107686366, last iteration = 0.1 s
[run_variable_window_optimization] [2026-07-07 10:28:07] iteration = 8, loss = 0.0003618486360645641, stage = 1, window_start = 0.13538285196091496, window_end = 0.23538285196091496, last iteration = 0.36 s
[run_variable_window_optimization] [2026-07-07 10:28:07] iteration = 9, loss = 0.00036566144866912847, stage = 1, window_start = 0.26291835004712727, window_end = 0.36291835004712725, last iteration = 0.07 s
[run_variable_window_optimization] [2026-07-07 10:28:07] iteration = 10, loss = 0.00038723249726682477, stage = 1, window_start = 0.7470594418513582, window_end = 0.8470594418513582, last iteration = 0.09 s
[run_variable_window_optimization] [2026-07-07 10:28:07] iteration = 11, loss = 0.0003461097977199941, stage = 1, window_start = 0.33769199158456825, window_end = 0.4376919915845683, last iteration = 0.08 s
[run_variable_window_optimization] [2026-07-07 10:28:07] iteration = 12, loss = 0.0003810095412086486, stage = 1, window_start = 1.6038978096725267, window_end = 1.7038978096725268, last iteration = 0.09 s
[run_variable_window_optimization] [2026-07-07 10:28:07] iteration = 13, loss = 0.00036704665627810445, stage = 1, window_start = 1.5623643129193645, window_end = 1.6623643129193646, last iteration = 0.08 s
[run_variable_window_optimization] [2026-07-07 10:28:07] iteration = 14, loss = 0.0003570952717943149, stage = 1, window_start = 1.8609008985731401, window_end = 1.9609008985731402, last iteration = 0.08 s
[run_variable_window_optimization] [2026-07-07 10:28:07] iteration = 15, loss = 0.00034436028925879963, stage = 1, window_start = 1.8657208129980318, window_end = 1.965720812998032, last iteration = 0.1 s
[run_variable_window_optimization] [2026-07-07 10:28:08] iteration = 16, loss = 0.00033194251004880674, stage = 1, window_start = 1.8675482689353329, window_end = 1.967548268935333, last iteration = 0.1 s
[run_variable_window_optimization] [2026-07-07 10:28:08] iteration = 17, loss = 0.0003058364465316326, stage = 1, window_start = 0.9950759635947334, window_end = 1.0950759635947334, last iteration = 0.08 s
[run_variable_window_optimization] [2026-07-07 10:28:08] iteration = 18, loss = 0.0002970752014497805, stage = 1, window_start = 1.1035136273996824, window_end = 1.2035136273996825, last iteration = 0.1 s
[run_variable_window_optimization] [2026-07-07 10:28:08] iteration = 19, loss = 0.00024134248502836255, stage = 1, window_start = 0.23894530206739434, window_end = 0.33894530206739437, last iteration = 0.08 s
[run_variable_window_optimization] [2026-07-07 10:28:08] iteration = 20, loss = 0.00023565157417754126, stage = 1, window_start = 0.2844739637909652, window_end = 0.3844739637909652, last iteration = 0.1 s
[run_variable_window_optimization] [2026-07-07 10:28:08] iteration = 21, loss = 0.0002726701057661654, stage = 1, window_start = 1.6116283335648853, window_end = 1.7116283335648854, last iteration = 0.09 s
[run_variable_window_optimization] [2026-07-07 10:28:08] iteration = 22, loss = 0.0002561057200175181, stage = 1, window_start = 1.1912439007422717, window_end = 1.2912439007422718, last iteration = 0.1 s
[run_variable_window_optimization] [2026-07-07 10:28:08] iteration = 23, loss = 0.0002544601420742906, stage = 1, window_start = 1.8355003894482367, window_end = 1.9355003894482368, last iteration = 0.08 s
[run_variable_window_optimization] [2026-07-07 10:28:08] iteration = 24, loss = 0.00024301792725691073, stage = 1, window_start = 1.6444708074100178, window_end = 1.744470807410018, last iteration = 0.13 s
[run_variable_window_optimization] [2026-07-07 10:28:09] iteration = 25, loss = 0.00023280098256186138, stage = 1, window_start = 1.5680001368079977, window_end = 1.6680001368079977, last iteration = 0.22 s
[run_variable_window_optimization] [2026-07-07 10:28:09] iteration = 26, loss = 0.0001943669422340584, stage = 1, window_start = 0.4778967413299672, window_end = 0.5778967413299672, last iteration = 0.06 s
[run_variable_window_optimization] [2026-07-07 10:28:09] iteration = 27, loss = 0.00020194818648540307, stage = 1, window_start = 0.8665964412165956, window_end = 0.9665964412165956, last iteration = 0.06 s
[run_variable_window_optimization] [2026-07-07 10:28:09] iteration = 28, loss = 0.00020779486796754346, stage = 1, window_start = 1.7090575998531885, window_end = 1.8090575998531886, last iteration = 0.09 s
[run_variable_window_optimization] [2026-07-07 10:28:09] iteration = 29, loss = 0.00019398388170527019, stage = 1, window_start = 1.2474836742055935, window_end = 1.3474836742055936, last iteration = 0.07 s
[run_variable_window_optimization] [2026-07-07 10:28:09] iteration = 30, loss = 0.00016451981149390033, stage = 1, window_start = 0.5066904377015607, window_end = 0.6066904377015607, last iteration = 0.09 s
[run_variable_window_optimization] [2026-07-07 10:28:09] iteration = 31, loss = 0.0001539745597076314, stage = 1, window_start = 0.4397264062530376, window_end = 0.5397264062530376, last iteration = 0.08 s
[run_variable_window_optimization] [2026-07-07 10:28:09] iteration = 32, loss = 0.00017528945598262194, stage = 1, window_start = 1.5742068259781232, window_end = 1.6742068259781233, last iteration = 0.08 s
[run_variable_window_optimization] [2026-07-07 10:28:09] iteration = 33, loss = 0.00016784999628234433, stage = 1, window_start = 1.5430314721078102, window_end = 1.6430314721078103, last iteration = 0.08 s
[run_variable_window_optimization] [2026-07-07 10:28:09] iteration = 34, loss = 0.00014023334196821476, stage = 1, window_start = 0.5706376730889038, window_end = 0.6706376730889038, last iteration = 0.09 s
[run_variable_window_optimization] [2026-07-07 10:28:09] iteration = 35, loss = 0.00012947972143772735, stage = 1, window_start = 0.4640598885765005, window_end = 0.5640598885765005, last iteration = 0.08 s
[run_variable_window_optimization] [2026-07-07 10:28:09] iteration = 36, loss = 0.00014719262953789478, stage = 1, window_start = 1.4667134276760143, window_end = 1.5667134276760144, last iteration = 0.08 s
[run_variable_window_optimization] [2026-07-07 10:28:09] iteration = 37, loss = 0.00014232615229896933, stage = 1, window_start = 1.6009814903915072, window_end = 1.7009814903915073, last iteration = 0.08 s
[run_variable_window_optimization] [2026-07-07 10:28:10] iteration = 38, loss = 0.00013594704763363966, stage = 1, window_start = 1.5534759129246645, window_end = 1.6534759129246646, last iteration = 0.09 s
[run_variable_window_optimization] [2026-07-07 10:28:10] iteration = 39, loss = 0.00013109882871627023, stage = 1, window_start = 1.6627808553988712, window_end = 1.7627808553988713, last iteration = 0.08 s
[run_variable_window_optimization] [2026-07-07 10:28:10] iteration = 40, loss = 0.00012548420989537293, stage = 1, window_start = 1.6572031130318123, window_end = 1.7572031130318124, last iteration = 0.1 s
[run_variable_window_optimization] [2026-07-07 10:28:10] iteration = 41, loss = 0.00011023548681728377, stage = 1, window_start = 0.8944659650607865, window_end = 0.9944659650607864, last iteration = 0.07 s
[run_variable_window_optimization] [2026-07-07 10:28:10] iteration = 42, loss = 0.00010477236524757357, stage = 1, window_start = 0.8692096818947599, window_end = 0.9692096818947599, last iteration = 0.32 s
[run_variable_window_optimization] [2026-07-07 10:28:10] iteration = 43, loss = 9.730002986666922e-5, stage = 1, window_start = 0.7470739556942559, window_end = 0.8470739556942559, last iteration = 0.07 s
[run_variable_window_optimization] [2026-07-07 10:28:10] iteration = 44, loss = 0.000106133357287985, stage = 1, window_start = 1.8059746768764975, window_end = 1.9059746768764976, last iteration = 0.06 s
[run_variable_window_optimization] [2026-07-07 10:28:10] iteration = 45, loss = 9.93185660074072e-5, stage = 1, window_start = 1.4887929982480594, window_end = 1.5887929982480595, last iteration = 0.06 s
[run_variable_window_optimization] [2026-07-07 10:28:10] iteration = 46, loss = 9.24307584324018e-5, stage = 1, window_start = 1.2349751117358827, window_end = 1.3349751117358828, last iteration = 0.07 s
[run_variable_window_optimization] [2026-07-07 10:28:10] iteration = 47, loss = 6.459941503354633e-5, stage = 1, window_start = 0.25017428235236744, window_end = 0.35017428235236747, last iteration = 0.09 s
[run_variable_window_optimization] [2026-07-07 10:28:11] iteration = 48, loss = 6.0674783622506574e-5, stage = 1, window_start = 0.23405866675442377, window_end = 0.33405866675442375, last iteration = 0.07 s
[run_variable_window_optimization] [2026-07-07 10:28:11] iteration = 49, loss = 6.296060391259534e-5, stage = 1, window_start = 0.36706683356350756, window_end = 0.46706683356350753, last iteration = 0.13 s
[run_variable_window_optimization] [2026-07-07 10:28:11] iteration = 50, loss = 8.095785842460705e-5, stage = 1, window_start = 1.7641555256232233, window_end = 1.8641555256232234, last iteration = 0.07 s
[run_variable_window_optimization] [2026-07-07 10:28:11] iteration = 51, loss = 6.608431755103297e-5, stage = 1, window_start = 0.7193127517944475, window_end = 0.8193127517944475, last iteration = 0.22 s
[run_variable_window_optimization] [2026-07-07 10:28:11] iteration = 52, loss = 5.791915934249014e-5, stage = 1, window_start = 0.49371401116902025, window_end = 0.5937140111690202, last iteration = 0.07 s
[run_variable_window_optimization] [2026-07-07 10:28:11] iteration = 53, loss = 6.821666653169573e-5, stage = 1, window_start = 1.3618947865110709, window_end = 1.461894786511071, last iteration = 0.06 s
[run_variable_window_optimization] [2026-07-07 10:28:11] iteration = 54, loss = 3.699442591144929e-5, stage = 1, window_start = 0.02070760555358184, window_end = 0.12070760555358184, last iteration = 0.06 s
[run_variable_window_optimization] [2026-07-07 10:28:11] iteration = 55, loss = 6.392761931927476e-5, stage = 1, window_start = 1.6107932609222648, window_end = 1.710793260922265, last iteration = 0.09 s
[run_variable_window_optimization] [2026-07-07 10:28:11] iteration = 56, loss = 5.1286086155999866e-5, stage = 1, window_start = 0.6718589915851437, window_end = 0.7718589915851437, last iteration = 0.06 s
[run_variable_window_optimization] [2026-07-07 10:28:11] iteration = 57, loss = 5.960914042162866e-5, stage = 1, window_start = 1.8731070515124295, window_end = 1.9731070515124296, last iteration = 0.09 s
[run_variable_window_optimization] [2026-07-07 10:28:11] iteration = 58, loss = 5.457725082196864e-5, stage = 1, window_start = 1.3994855754785898, window_end = 1.4994855754785898, last iteration = 0.07 s
[run_variable_window_optimization] [2026-07-07 10:28:12] iteration = 59, loss = 2.9186527484053674e-5, stage = 1, window_start = 0.037848757189919244, window_end = 0.13784875718991924, last iteration = 0.09 s
[run_variable_window_optimization] [2026-07-07 10:28:12] iteration = 60, loss = 4.9434132691486814e-5, stage = 1, window_start = 1.343747627517769, window_end = 1.4437476275177692, last iteration = 0.07 s
[run_variable_window_optimization] [2026-07-07 10:28:12] iteration = 61, loss = 4.232395281575469e-5, stage = 1, window_start = 0.8144487500078745, window_end = 0.9144487500078745, last iteration = 0.09 s
[run_variable_window_optimization] [2026-07-07 10:28:12] iteration = 62, loss = 4.401839656121469e-5, stage = 1, window_start = 1.189315771652643, window_end = 1.289315771652643, last iteration = 0.09 s
[run_variable_window_optimization] [2026-07-07 10:28:12] iteration = 63, loss = 2.9353478644374463e-5, stage = 1, window_start = 0.24009127784356754, window_end = 0.3400912778435675, last iteration = 0.07 s
[run_variable_window_optimization] [2026-07-07 10:28:12] iteration = 64, loss = 4.3218543894192656e-5, stage = 1, window_start = 1.7993204186872203, window_end = 1.8993204186872203, last iteration = 0.09 s
[run_variable_window_optimization] [2026-07-07 10:28:12] iteration = 65, loss = 4.0142780753902694e-5, stage = 1, window_start = 1.5101039364981008, window_end = 1.610103936498101, last iteration = 0.09 s
[run_variable_window_optimization] [2026-07-07 10:28:12] iteration = 66, loss = 3.821838878920175e-5, stage = 1, window_start = 1.4887289054798287, window_end = 1.5887289054798288, last iteration = 0.08 s
[run_variable_window_optimization] [2026-07-07 10:28:12] iteration = 67, loss = 3.5281260376398004e-5, stage = 1, window_start = 1.2618742492576374, window_end = 1.3618742492576374, last iteration = 0.07 s
[run_variable_window_optimization] [2026-07-07 10:28:12] iteration = 68, loss = 2.8762604599161873e-5, stage = 1, window_start = 0.6614324246092534, window_end = 0.7614324246092534, last iteration = 0.08 s
[run_variable_window_optimization] [2026-07-07 10:28:12] iteration = 69, loss = 2.826653681693734e-5, stage = 1, window_start = 0.7482293402041094, window_end = 0.8482293402041093, last iteration = 0.09 s
[run_variable_window_optimization] [2026-07-07 10:28:12] iteration = 70, loss = 2.2826118629996212e-5, stage = 1, window_start = 0.35008364010102855, window_end = 0.4500836401010285, last iteration = 0.09 s
[run_variable_window_optimization] [2026-07-07 10:28:13] iteration = 71, loss = 2.733593029725339e-5, stage = 1, window_start = 0.9568441713529628, window_end = 1.0568441713529628, last iteration = 0.09 s
[run_variable_window_optimization] [2026-07-07 10:28:13] iteration = 72, loss = 2.657033866875008e-5, stage = 1, window_start = 1.032628391938184, window_end = 1.132628391938184, last iteration = 0.07 s
[run_variable_window_optimization] [2026-07-07 10:28:13] iteration = 73, loss = 2.0536850018266292e-5, stage = 1, window_start = 0.4042277549941819, window_end = 0.5042277549941819, last iteration = 0.09 s
[run_variable_window_optimization] [2026-07-07 10:28:13] iteration = 74, loss = 2.687393575794207e-5, stage = 1, window_start = 1.6800727154423705, window_end = 1.7800727154423706, last iteration = 0.08 s
[run_variable_window_optimization] [2026-07-07 10:28:13] iteration = 75, loss = 2.5298112007097764e-5, stage = 1, window_start = 1.5567844921773681, window_end = 1.6567844921773682, last iteration = 0.08 s
[run_variable_window_optimization] [2026-07-07 10:28:13] iteration = 76, loss = 1.984037181342229e-5, stage = 1, window_start = 0.6666020498530535, window_end = 0.7666020498530535, last iteration = 0.07 s
[run_variable_window_optimization] [2026-07-07 10:28:13] iteration = 77, loss = 1.7093298984796407e-5, stage = 1, window_start = 0.3393040430848632, window_end = 0.43930404308486326, last iteration = 0.09 s
[run_variable_window_optimization] [2026-07-07 10:28:13] iteration = 78, loss = 1.6840879273710256e-5, stage = 1, window_start = 0.05894411797914079, window_end = 0.1589441179791408, last iteration = 0.09 s
[run_variable_window_optimization] [2026-07-07 10:28:13] iteration = 79, loss = 1.590380507279699e-5, stage = 1, window_start = 0.14587312664055763, window_end = 0.24587312664055763, last iteration = 0.08 s
[run_variable_window_optimization] [2026-07-07 10:28:13] iteration = 80, loss = 1.56665557274332e-5, stage = 1, window_start = 0.4087795224885506, window_end = 0.5087795224885506, last iteration = 0.07 s
[run_variable_window_optimization] [2026-07-07 10:28:13] iteration = 81, loss = 1.6514665079001696e-5, stage = 1, window_start = 0.05190873389204624, window_end = 0.15190873389204623, last iteration = 0.08 s
[run_variable_window_optimization] [2026-07-07 10:28:13] iteration = 82, loss = 1.5709024389502375e-5, stage = 1, window_start = 0.6905198974504175, window_end = 0.7905198974504175, last iteration = 0.09 s
[run_variable_window_optimization] [2026-07-07 10:28:13] iteration = 83, loss = 1.855295347260563e-5, stage = 1, window_start = 1.793426387962078, window_end = 1.893426387962078, last iteration = 0.09 s
[run_variable_window_optimization] [2026-07-07 10:28:14] iteration = 84, loss = 1.3896779021470203e-5, stage = 1, window_start = 0.3705551116431059, window_end = 0.4705551116431059, last iteration = 0.07 s
[run_variable_window_optimization] [2026-07-07 10:28:14] iteration = 85, loss = 1.3763636081139234e-5, stage = 1, window_start = 0.5524421148055141, window_end = 0.6524421148055141, last iteration = 0.09 s
[run_variable_window_optimization] [2026-07-07 10:28:14] iteration = 86, loss = 1.418405705398092e-5, stage = 1, window_start = 0.8463479277264856, window_end = 0.9463479277264856, last iteration = 0.08 s
[run_variable_window_optimization] [2026-07-07 10:28:14] iteration = 87, loss = 1.285736944246011e-5, stage = 1, window_start = 0.4550004424715408, window_end = 0.5550004424715408, last iteration = 0.07 s
[run_variable_window_optimization] [2026-07-07 10:28:14] iteration = 88, loss = 1.4063563228278011e-5, stage = 1, window_start = 0.14933695322139118, window_end = 0.24933695322139118, last iteration = 0.08 s
[run_variable_window_optimization] [2026-07-07 10:28:14] iteration = 89, loss = 1.4360965590284441e-5, stage = 1, window_start = 1.482334611109808, window_end = 1.582334611109808, last iteration = 0.09 s
[run_variable_window_optimization] [2026-07-07 10:28:14] iteration = 90, loss = 1.1911536959628754e-5, stage = 1, window_start = 0.5221320236002271, window_end = 0.6221320236002271, last iteration = 0.08 s
[run_variable_window_optimization] [2026-07-07 10:28:14] iteration = 91, loss = 1.3615821473562524e-5, stage = 1, window_start = 1.6126002255157585, window_end = 1.7126002255157586, last iteration = 0.07 s
[run_variable_window_optimization] [2026-07-07 10:28:14] iteration = 92, loss = 1.2335757868917475e-5, stage = 1, window_start = 1.171937634635528, window_end = 1.271937634635528, last iteration = 0.08 s
[run_variable_window_optimization] [2026-07-07 10:28:14] iteration = 93, loss = 1.4494970450139499e-5, stage = 1, window_start = 0.10764888734042408, window_end = 0.20764888734042408, last iteration = 0.09 s
[run_variable_window_optimization] [2026-07-07 10:28:14] iteration = 94, loss = 1.173917763474974e-5, stage = 1, window_start = 0.296828702792713, window_end = 0.396828702792713, last iteration = 0.09 s
[run_variable_window_optimization] [2026-07-07 10:28:14] iteration = 95, loss = 1.0503628114491914e-5, stage = 1, window_start = 0.7012457734692451, window_end = 0.8012457734692451, last iteration = 0.07 s
[run_variable_window_optimization] [2026-07-07 10:28:15] iteration = 96, loss = 1.1108879237845116e-5, stage = 1, window_start = 1.3314435753675042, window_end = 1.4314435753675043, last iteration = 0.09 s
[run_variable_window_optimization] [2026-07-07 10:28:15] iteration = 97, loss = 1.1009995389719845e-5, stage = 1, window_start = 1.5093412795297285, window_end = 1.6093412795297286, last iteration = 0.09 s
[run_variable_window_optimization] [2026-07-07 10:28:15] iteration = 98, loss = 9.823611978879286e-6, stage = 1, window_start = 0.8831628368359218, window_end = 0.9831628368359218, last iteration = 0.07 s
[run_variable_window_optimization] [2026-07-07 10:28:15] iteration = 99, loss = 1.0046384370399128e-5, stage = 1, window_start = 1.3032237428220765, window_end = 1.4032237428220766, last iteration = 0.09 s
[run_variable_window_optimization] [2026-07-07 10:28:15] iteration = 100, loss = 1.0110329586298056e-5, stage = 1, window_start = 1.6472780147789043, window_end = 1.7472780147789044, last iteration = 0.07 s
[run_variable_window_optimization] [2026-07-07 10:28:15] Stage 1 / 1 complete; validation_loss = 0.0005945478721200426; elapsed = 11.49 s
[run_fom_hpc] Saving FOM optimization data
Saved FOM output to: /home/mgantcher/Brookhaven/Research_Code/Optimization/Data/FOM_timing_per_iter_accel_8_window_t-0.1__window_n_obs-25
Final full-trajectory loss: 0.0005945478721200426
Final training-window loss: 1.0110329586298056e-5
[Tue Jul  7 10:28:18 AM EDT 2026] Finished FOM training
[Tue Jul  7 10:28:18 AM EDT 2026] Worker 8 finished FOM combination 8
[Tue Jul  7 10:28:18 AM EDT 2026] Worker 8 starting FOM combination 28 / 30
Sweep file: /home/mgantcher/Brookhaven/Research_Code/Optimization/Data/Sweeps/FOM_hyperparam_opt/00_timing_scaling.txt
Run name: FOM_timing_per_iter_accel_28_window_t-2.0__window_n_obs-25
Combination label: window_t-2.0__window_n_obs-25
ETAS=1e-3
ITERS=100
N_OBS=100
PRINT_FREQUENCY=1
RUN_NAME=FOM_timing_per_iter_accel_28_window_t-2.0__window_n_obs-25
SAVE_FREQUENCY=100000
SWEEP_COMBO_COUNT=30
SWEEP_COMBO_INDEX=28
SWEEP_COMBO_LABEL=window_t-2.0__window_n_obs-25
SWEEP_FILE=/home/mgantcher/Brookhaven/Research_Code/Optimization/Data/Sweeps/FOM_hyperparam_opt/00_timing_scaling.txt
SWEEP_TARGET=fom
SWEEP_TOTAL_COUNT=30
SWEEP_WORKER_COUNT=20
SWEEP_WORKER_INDEX=8
WARMUP=true
WINDOW_N_OBS=25
WINDOW_START_POLICY=random
WINDOW_T=2.0
[Tue Jul  7 10:28:18 AM EDT 2026] Starting FOM training on node04
[run_fom_hpc] Julia entrypoint started
[run_fom_hpc] Loading integration helper code
[package-load] Loading LinearAlgebra
[package-load] Loaded LinearAlgebra
[package-load] Loading SparseArrays
[package-load] Loaded SparseArrays
[package-load] Loading Random
[package-load] Loaded Random
[package-load] Loading ComponentArrays
[package-load] Loaded ComponentArrays
[package-load] Loading LinearSolve
[package-load] Loaded LinearSolve
[package-load] Loading OrdinaryDiffEq
[package-load] Loaded OrdinaryDiffEq
[package-load] Loading OrdinaryDiffEqSDIRK
[package-load] Loaded OrdinaryDiffEqSDIRK
[package-load] Loading OrdinaryDiffEqLowOrderRK
[package-load] Loaded OrdinaryDiffEqLowOrderRK
[package-load] Loading SciMLSensitivity
[package-load] Loaded SciMLSensitivity
[package-load] Loading ADTypes
[package-load] Loaded ADTypes
[package-load] Loading Zygote
[package-load] Loaded Zygote
[package-load] Loading Enzyme
[package-load] Loaded Enzyme
[package-load] Loading Optimization
[package-load] Loaded Optimization
[package-load] Loading OptimizationOptimisers
[package-load] Loaded OptimizationOptimisers
[package-load] Loading OptimizationOptimJL
[package-load] Loaded OptimizationOptimJL
[package-load] Loading LineSearches
[package-load] Loaded LineSearches
[package-load] Loading Lux
[package-load] Loaded Lux
[package-load] Loading Functors
[package-load] Loaded Functors
[package-load] Loading Plots
[package-load] Loaded Plots
[run_fom_hpc] Loading FOM helper code
[package-load] Loading LinearAlgebra
[package-load] Loaded LinearAlgebra
[package-load] Loading SparseArrays
[package-load] Loaded SparseArrays
[package-load] Loading Random
[package-load] Loaded Random
[package-load] Loading ComponentArrays
[package-load] Loaded ComponentArrays
[package-load] Loading LinearSolve
[package-load] Loaded LinearSolve
[package-load] Loading OrdinaryDiffEq
[package-load] Loaded OrdinaryDiffEq
[package-load] Loading OrdinaryDiffEqSDIRK
[package-load] Loaded OrdinaryDiffEqSDIRK
[package-load] Loading OrdinaryDiffEqLowOrderRK
[package-load] Loaded OrdinaryDiffEqLowOrderRK
[package-load] Loading SciMLSensitivity
[package-load] Loaded SciMLSensitivity
[package-load] Loading ADTypes
[package-load] Loaded ADTypes
[package-load] Loading Zygote
[package-load] Loaded Zygote
[package-load] Loading Enzyme
[package-load] Loaded Enzyme
[package-load] Loading Optimization
[package-load] Loaded Optimization
[package-load] Loading OptimizationOptimisers
[package-load] Loaded OptimizationOptimisers
[package-load] Loading OptimizationOptimJL
[package-load] Loaded OptimizationOptimJL
[package-load] Loading LineSearches
[package-load] Loaded LineSearches
[package-load] Loading Lux
[package-load] Loaded Lux
[package-load] Loading Functors
[package-load] Loaded Functors
[package-load] Loading Plots
[package-load] Loaded Plots
[package-load] Loading Dates
[package-load] Loaded Dates
[package-load] Loading Serialization
[package-load] Loaded Serialization
[package-load] Including integration_AC_hpc.jl
[package-load] Loading LinearAlgebra
[package-load] Loaded LinearAlgebra
[package-load] Loading SparseArrays
[package-load] Loaded SparseArrays
[package-load] Loading Random
[package-load] Loaded Random
[package-load] Loading ComponentArrays
[package-load] Loaded ComponentArrays
[package-load] Loading LinearSolve
[package-load] Loaded LinearSolve
[package-load] Loading OrdinaryDiffEq
[package-load] Loaded OrdinaryDiffEq
[package-load] Loading OrdinaryDiffEqSDIRK
[package-load] Loaded OrdinaryDiffEqSDIRK
[package-load] Loading OrdinaryDiffEqLowOrderRK
[package-load] Loaded OrdinaryDiffEqLowOrderRK
[package-load] Loading SciMLSensitivity
[package-load] Loaded SciMLSensitivity
[package-load] Loading ADTypes
[package-load] Loaded ADTypes
[package-load] Loading Zygote
[package-load] Loaded Zygote
[package-load] Loading Enzyme
[package-load] Loaded Enzyme
[package-load] Loading Optimization
[package-load] Loaded Optimization
[package-load] Loading OptimizationOptimisers
[package-load] Loaded OptimizationOptimisers
[package-load] Loading OptimizationOptimJL
[package-load] Loaded OptimizationOptimJL
[package-load] Loading LineSearches
[package-load] Loaded LineSearches
[package-load] Loading Lux
[package-load] Loaded Lux
[package-load] Loading Functors
[package-load] Loaded Functors
[package-load] Loading Plots
[package-load] Loaded Plots
[package-load] Included integration_AC_hpc.jl
[run_fom_hpc] Loading HPC common code
[package-load] Loading LinearAlgebra
[package-load] Loaded LinearAlgebra
[package-load] Loading SparseArrays
[package-load] Loaded SparseArrays
[package-load] Loading ComponentArrays
[package-load] Loaded ComponentArrays
[package-load] Loading OrdinaryDiffEq
[package-load] Loaded OrdinaryDiffEq
[package-load] Loading OrdinaryDiffEqLowOrderRK
[package-load] Loaded OrdinaryDiffEqLowOrderRK
[package-load] Loading Optimization
[package-load] Loaded Optimization
[package-load] Loading Dates
[package-load] Loaded Dates
[run_fom_hpc] Configuring HPC runtime
Julia version: 1.12.6
Host: node04
SLURM_JOB_ID: 2599
SLURM_ARRAY_TASK_ID: 8
Julia threads: 8
BLAS threads: 1
[run_fom_hpc] Building Allen-Cahn reference solution
Reference solve: N=256, Δx=0.0038910505836575876, Δt=0.0003785068661145513, saved_times=5283
[run_fom_hpc] Preparing FOM optimization problem
[run_fom_hpc] Prepared FOM optimization parameters
  run_name = FOM_timing_per_iter_accel_28_window_t-2.0__window_n_obs-25
  N = 256
  L = 1.0
  ε2 = 0.01
  k = 1.0
  tfinal = 2.0
  N_obs = 100
  h = 8
  seed = 1
  reference_dt_factor = 0.5
  reference_Δx = 0.0038910505836575876
  reference_Δt = 0.0003785068661145513
  reference_save_count = 5283
  etas = [0.001]
  iterations = [100]
  window_T = [2.0]
  window_N_obs = [25]
  window_start_policy = SubString{String}["random"]
  batch_size = [1]
  loss_normalization = mean
  window_seed = 1
  β = (0.9, 0.99)
  warmup = true
  save_frequency = 100000
  print_frequency = 1
  SLURM_JOB_ID = 2599
  SLURM_ARRAY_TASK_ID = 8
[run_fom_hpc] Running FOM optimization
[run_variable_window_optimization] [2026-07-07 10:29:18] Optimization Params: eta = [0.001]; beta = (0.9, 0.99); N_iter = [100]; window_T = [2.0]; window_N_obs = [25]; window_start_policy = SubString{String}["random"]; batch_size = [1]; loss_normalization = mean; total_iterations = 100
[run_variable_window_optimization] [2026-07-07 10:29:18] Warming up
[run_variable_window_optimization] [2026-07-07 10:33:00] Warmup complete
[run_variable_window_optimization] [2026-07-07 10:33:00] Stage 1 / 1 started: eta = 0.001; N_iter = 100; window_T = 2.0; window_N_obs = 25; window_start_policy = random; batch_size = 1
[run_variable_window_optimization] [2026-07-07 10:33:01] iteration = 1, loss = 0.06917387031354534, stage = 1, window_start = 0.0, window_end = 2.0, last iteration = 223.2 s
[run_variable_window_optimization] [2026-07-07 10:33:02] iteration = 2, loss = 0.06725344603200731, stage = 1, window_start = 0.0, window_end = 2.0, last iteration = 0.83 s
[run_variable_window_optimization] [2026-07-07 10:33:02] iteration = 3, loss = 0.06535439419804756, stage = 1, window_start = 0.0, window_end = 2.0, last iteration = 0.22 s
[run_variable_window_optimization] [2026-07-07 10:33:03] iteration = 4, loss = 0.0634773548416243, stage = 1, window_start = 0.0, window_end = 2.0, last iteration = 0.09 s
[run_variable_window_optimization] [2026-07-07 10:33:03] iteration = 5, loss = 0.061627456857693545, stage = 1, window_start = 0.0, window_end = 2.0, last iteration = 0.1 s
[run_variable_window_optimization] [2026-07-07 10:33:03] iteration = 6, loss = 0.05980322891749451, stage = 1, window_start = 0.0, window_end = 2.0, last iteration = 0.1 s
