[Tue Jul  7 03:34:25 PM EDT 2026] Worker 8 starting FOM combination 8 / 30
Sweep file: /home/mgantcher/Brookhaven/Research_Code/Optimization/Data/Sweeps/FOM_hyperparam_opt/00_timing_scaling_mooncake.txt
Run name: FOM_timing_per_iter_mooncake_8_window_t-0.1__window_n_obs-25
Combination label: window_t-0.1__window_n_obs-25
ETAS=1e-3
ITERS=100
N_OBS=100
PRINT_FREQUENCY=1
RUN_NAME=FOM_timing_per_iter_mooncake_8_window_t-0.1__window_n_obs-25
SAVE_FREQUENCY=100000
SWEEP_COMBO_COUNT=30
SWEEP_COMBO_INDEX=8
SWEEP_COMBO_LABEL=window_t-0.1__window_n_obs-25
SWEEP_FILE=/home/mgantcher/Brookhaven/Research_Code/Optimization/Data/Sweeps/FOM_hyperparam_opt/00_timing_scaling_mooncake.txt
SWEEP_TARGET=fom
SWEEP_TOTAL_COUNT=30
SWEEP_WORKER_COUNT=20
SWEEP_WORKER_INDEX=8
WARMUP=true
WINDOW_N_OBS=25
WINDOW_START_POLICY=random
WINDOW_T=0.1
[Tue Jul  7 03:39:06 PM EDT 2026] Worker 8 finished FOM combination 8
[Tue Jul  7 03:39:06 PM EDT 2026] Worker 8 starting FOM combination 28 / 30
Sweep file: /home/mgantcher/Brookhaven/Research_Code/Optimization/Data/Sweeps/FOM_hyperparam_opt/00_timing_scaling_mooncake.txt
Run name: FOM_timing_per_iter_mooncake_28_window_t-2.0__window_n_obs-25
Combination label: window_t-2.0__window_n_obs-25
ETAS=1e-3
ITERS=100
N_OBS=100
PRINT_FREQUENCY=1
RUN_NAME=FOM_timing_per_iter_mooncake_28_window_t-2.0__window_n_obs-25
SAVE_FREQUENCY=100000
SWEEP_COMBO_COUNT=30
SWEEP_COMBO_INDEX=28
SWEEP_COMBO_LABEL=window_t-2.0__window_n_obs-25
SWEEP_FILE=/home/mgantcher/Brookhaven/Research_Code/Optimization/Data/Sweeps/FOM_hyperparam_opt/00_timing_scaling_mooncake.txt
SWEEP_TARGET=fom
SWEEP_TOTAL_COUNT=30
SWEEP_WORKER_COUNT=20
SWEEP_WORKER_INDEX=8
WARMUP=true
WINDOW_N_OBS=25
WINDOW_START_POLICY=random
WINDOW_T=2.0
[Tue Jul  7 03:43:47 PM EDT 2026] Worker 8 finished FOM combination 28
