[Tue Jul  7 09:07:17 PM EDT 2026] Worker 9 starting FOM combination 9 / 90
Sweep file: /home/mgantcher/Brookhaven/Research_Code/Optimization/Data/Sweeps/FOM_hyperparam_opt/01_mooncake_true_hpo_90_cases.txt
Run name: FOM_true_hpo_mooncake_90_9_010_fast10m_w_2p0_2p0_2p0__obs_2_5_10__eta_0.003_0.001_0.0003__b_1_1_1
Combination label: 010_fast10m_w_2p0_2p0_2p0__obs_2_5_10__eta_0.003_0.001_0.0003__b_1_1_1
BATCH_SIZE=1,1,1
ETAS=0.003,0.001,0.0003
H=8
ITERS=1424,1790,2349
LOSS_NORMALIZATION=mean
N=256
N_OBS=100
PRINT_FREQUENCY=250
RUN_NAME=FOM_true_hpo_mooncake_90_9_010_fast10m_w_2p0_2p0_2p0__obs_2_5_10__eta_0.003_0.001_0.0003__b_1_1_1
SAVE_FREQUENCY=100000
SEED=1
SWEEP_COMBO_COUNT=90
SWEEP_COMBO_INDEX=9
SWEEP_COMBO_LABEL=010_fast10m_w_2p0_2p0_2p0__obs_2_5_10__eta_0.003_0.001_0.0003__b_1_1_1
SWEEP_FILE=/home/mgantcher/Brookhaven/Research_Code/Optimization/Data/Sweeps/FOM_hyperparam_opt/01_mooncake_true_hpo_90_cases.txt
SWEEP_TARGET=fom
SWEEP_TOTAL_COUNT=90
SWEEP_WORKER_COUNT=12
SWEEP_WORKER_INDEX=9
TFINAL=2.0
WARMUP=true
WINDOW_N_OBS=2,5,10
WINDOW_SEED=1
WINDOW_START_POLICY=random,random,random
WINDOW_T=2.0,2.0,2.0
[Tue Jul  7 09:21:50 PM EDT 2026] Worker 9 finished FOM combination 9
[Tue Jul  7 09:21:50 PM EDT 2026] Worker 9 starting FOM combination 21 / 90
Sweep file: /home/mgantcher/Brookhaven/Research_Code/Optimization/Data/Sweeps/FOM_hyperparam_opt/01_mooncake_true_hpo_90_cases.txt
Run name: FOM_true_hpo_mooncake_90_21_022_fast10m_w_0p1_1p0_2p0__obs_2_5_10__eta_0.003_0.001_0.0003__b_1_1_1
Combination label: 022_fast10m_w_0p1_1p0_2p0__obs_2_5_10__eta_0.003_0.001_0.0003__b_1_1_1
BATCH_SIZE=1,1,1
ETAS=0.003,0.001,0.0003
H=8
ITERS=1995,2048,2349
LOSS_NORMALIZATION=mean
N=256
N_OBS=100
PRINT_FREQUENCY=250
RUN_NAME=FOM_true_hpo_mooncake_90_21_022_fast10m_w_0p1_1p0_2p0__obs_2_5_10__eta_0.003_0.001_0.0003__b_1_1_1
SAVE_FREQUENCY=100000
SEED=1
SWEEP_COMBO_COUNT=90
SWEEP_COMBO_INDEX=21
SWEEP_COMBO_LABEL=022_fast10m_w_0p1_1p0_2p0__obs_2_5_10__eta_0.003_0.001_0.0003__b_1_1_1
SWEEP_FILE=/home/mgantcher/Brookhaven/Research_Code/Optimization/Data/Sweeps/FOM_hyperparam_opt/01_mooncake_true_hpo_90_cases.txt
SWEEP_TARGET=fom
SWEEP_TOTAL_COUNT=90
SWEEP_WORKER_COUNT=12
SWEEP_WORKER_INDEX=9
TFINAL=2.0
WARMUP=true
WINDOW_N_OBS=2,5,10
WINDOW_SEED=1
WINDOW_START_POLICY=random,random,random
WINDOW_T=0.1,1.0,2.0
[Tue Jul  7 09:32:06 PM EDT 2026] Worker 9 finished FOM combination 21
[Tue Jul  7 09:32:06 PM EDT 2026] Worker 9 starting FOM combination 33 / 90
Sweep file: /home/mgantcher/Brookhaven/Research_Code/Optimization/Data/Sweeps/FOM_hyperparam_opt/01_mooncake_true_hpo_90_cases.txt
Run name: FOM_true_hpo_mooncake_90_33_034_medium30m_w_1p0_1p0_1p0__obs_5_10_25__eta_0.003_0.001_0.0003__b_1_1_1
Combination label: 034_medium30m_w_1p0_1p0_1p0__obs_5_10_25__eta_0.003_0.001_0.0003__b_1_1_1
BATCH_SIZE=1,1,1
ETAS=0.003,0.001,0.0003
H=8
ITERS=4097,4695,4581
LOSS_NORMALIZATION=mean
N=256
N_OBS=100
PRINT_FREQUENCY=250
RUN_NAME=FOM_true_hpo_mooncake_90_33_034_medium30m_w_1p0_1p0_1p0__obs_5_10_25__eta_0.003_0.001_0.0003__b_1_1_1
SAVE_FREQUENCY=100000
SEED=1
SWEEP_COMBO_COUNT=90
SWEEP_COMBO_INDEX=33
SWEEP_COMBO_LABEL=034_medium30m_w_1p0_1p0_1p0__obs_5_10_25__eta_0.003_0.001_0.0003__b_1_1_1
SWEEP_FILE=/home/mgantcher/Brookhaven/Research_Code/Optimization/Data/Sweeps/FOM_hyperparam_opt/01_mooncake_true_hpo_90_cases.txt
SWEEP_TARGET=fom
SWEEP_TOTAL_COUNT=90
SWEEP_WORKER_COUNT=12
SWEEP_WORKER_INDEX=9
TFINAL=2.0
WARMUP=true
WINDOW_N_OBS=5,10,25
WINDOW_SEED=1
WINDOW_START_POLICY=random,random,random
WINDOW_T=1.0,1.0,1.0
[Tue Jul  7 09:57:26 PM EDT 2026] Worker 9 finished FOM combination 33
[Tue Jul  7 09:57:26 PM EDT 2026] Worker 9 starting FOM combination 45 / 90
Sweep file: /home/mgantcher/Brookhaven/Research_Code/Optimization/Data/Sweeps/FOM_hyperparam_opt/01_mooncake_true_hpo_90_cases.txt
Run name: FOM_true_hpo_mooncake_90_45_046_medium30m_w_0p05_1p0_2p0__obs_5_10_25__eta_0.003_0.001_0.0003__b_1_1_1
Combination label: 046_medium30m_w_0p05_1p0_2p0__obs_5_10_25__eta_0.003_0.001_0.0003__b_1_1_1
BATCH_SIZE=1,1,1
ETAS=0.003,0.001,0.0003
H=8
ITERS=4750,4695,4303
LOSS_NORMALIZATION=mean
N=256
N_OBS=100
PRINT_FREQUENCY=250
RUN_NAME=FOM_true_hpo_mooncake_90_45_046_medium30m_w_0p05_1p0_2p0__obs_5_10_25__eta_0.003_0.001_0.0003__b_1_1_1
SAVE_FREQUENCY=100000
SEED=1
SWEEP_COMBO_COUNT=90
SWEEP_COMBO_INDEX=45
SWEEP_COMBO_LABEL=046_medium30m_w_0p05_1p0_2p0__obs_5_10_25__eta_0.003_0.001_0.0003__b_1_1_1
SWEEP_FILE=/home/mgantcher/Brookhaven/Research_Code/Optimization/Data/Sweeps/FOM_hyperparam_opt/01_mooncake_true_hpo_90_cases.txt
SWEEP_TARGET=fom
SWEEP_TOTAL_COUNT=90
SWEEP_WORKER_COUNT=12
SWEEP_WORKER_INDEX=9
TFINAL=2.0
WARMUP=true
WINDOW_N_OBS=5,10,25
WINDOW_SEED=1
WINDOW_START_POLICY=random,random,random
WINDOW_T=0.05,1.0,2.0
[Tue Jul  7 10:22:00 PM EDT 2026] Worker 9 finished FOM combination 45
[Tue Jul  7 10:22:00 PM EDT 2026] Worker 9 starting FOM combination 57 / 90
Sweep file: /home/mgantcher/Brookhaven/Research_Code/Optimization/Data/Sweeps/FOM_hyperparam_opt/01_mooncake_true_hpo_90_cases.txt
Run name: FOM_true_hpo_mooncake_90_57_058_medium30m_w_0p05_0p5_2p0__obs_5_10_25__eta_0.003_0.001_0.0003__b_1_1_1
Combination label: 058_medium30m_w_0p05_0p5_2p0__obs_5_10_25__eta_0.003_0.001_0.0003__b_1_1_1
BATCH_SIZE=1,1,1
ETAS=0.003,0.001,0.0003
H=8
ITERS=4750,4970,4303
LOSS_NORMALIZATION=mean
N=256
N_OBS=100
PRINT_FREQUENCY=250
RUN_NAME=FOM_true_hpo_mooncake_90_57_058_medium30m_w_0p05_0p5_2p0__obs_5_10_25__eta_0.003_0.001_0.0003__b_1_1_1
SAVE_FREQUENCY=100000
SEED=1
SWEEP_COMBO_COUNT=90
SWEEP_COMBO_INDEX=57
SWEEP_COMBO_LABEL=058_medium30m_w_0p05_0p5_2p0__obs_5_10_25__eta_0.003_0.001_0.0003__b_1_1_1
SWEEP_FILE=/home/mgantcher/Brookhaven/Research_Code/Optimization/Data/Sweeps/FOM_hyperparam_opt/01_mooncake_true_hpo_90_cases.txt
SWEEP_TARGET=fom
SWEEP_TOTAL_COUNT=90
SWEEP_WORKER_COUNT=12
SWEEP_WORKER_INDEX=9
TFINAL=2.0
WARMUP=true
WINDOW_N_OBS=5,10,25
WINDOW_SEED=1
WINDOW_START_POLICY=random,random,random
WINDOW_T=0.05,0.5,2.0
[Tue Jul  7 10:46:20 PM EDT 2026] Worker 9 finished FOM combination 57
[Tue Jul  7 10:46:20 PM EDT 2026] Worker 9 starting FOM combination 69 / 90
Sweep file: /home/mgantcher/Brookhaven/Research_Code/Optimization/Data/Sweeps/FOM_hyperparam_opt/01_mooncake_true_hpo_90_cases.txt
Run name: FOM_true_hpo_mooncake_90_69_070_batch30m_w_0p1_1p0_2p0__obs_2_5_10__eta_0.01_0.003_0.001__b_2_2_2
Combination label: 070_batch30m_w_0p1_1p0_2p0__obs_2_5_10__eta_0.01_0.003_0.001__b_2_2_2
BATCH_SIZE=2,2,2
ETAS=0.01,0.003,0.001
H=8
ITERS=2993,3073,3523
LOSS_NORMALIZATION=mean
N=256
N_OBS=100
PRINT_FREQUENCY=250
RUN_NAME=FOM_true_hpo_mooncake_90_69_070_batch30m_w_0p1_1p0_2p0__obs_2_5_10__eta_0.01_0.003_0.001__b_2_2_2
SAVE_FREQUENCY=100000
SEED=1
SWEEP_COMBO_COUNT=90
SWEEP_COMBO_INDEX=69
SWEEP_COMBO_LABEL=070_batch30m_w_0p1_1p0_2p0__obs_2_5_10__eta_0.01_0.003_0.001__b_2_2_2
SWEEP_FILE=/home/mgantcher/Brookhaven/Research_Code/Optimization/Data/Sweeps/FOM_hyperparam_opt/01_mooncake_true_hpo_90_cases.txt
SWEEP_TARGET=fom
SWEEP_TOTAL_COUNT=90
SWEEP_WORKER_COUNT=12
SWEEP_WORKER_INDEX=9
TFINAL=2.0
WARMUP=true
WINDOW_N_OBS=2,5,10
WINDOW_SEED=1
WINDOW_START_POLICY=random,random,random
WINDOW_T=0.1,1.0,2.0
[Tue Jul  7 11:07:33 PM EDT 2026] Worker 9 finished FOM combination 69
[Tue Jul  7 11:07:33 PM EDT 2026] Worker 9 starting FOM combination 81 / 90
Sweep file: /home/mgantcher/Brookhaven/Research_Code/Optimization/Data/Sweeps/FOM_hyperparam_opt/01_mooncake_true_hpo_90_cases.txt
Run name: FOM_true_hpo_mooncake_90_81_082_long60m_w_0p05_1p0_2p0__obs_10_25_50__eta_0.01_0.003_0.001__b_1_1_1
Combination label: 082_long60m_w_0p05_1p0_2p0__obs_10_25_50__eta_0.01_0.003_0.001__b_1_1_1
BATCH_SIZE=1,1,1
ETAS=0.01,0.003,0.001
H=8
ITERS=6994,5497,5218
LOSS_NORMALIZATION=mean
N=256
N_OBS=100
PRINT_FREQUENCY=250
RUN_NAME=FOM_true_hpo_mooncake_90_81_082_long60m_w_0p05_1p0_2p0__obs_10_25_50__eta_0.01_0.003_0.001__b_1_1_1
SAVE_FREQUENCY=100000
SEED=1
SWEEP_COMBO_COUNT=90
SWEEP_COMBO_INDEX=81
SWEEP_COMBO_LABEL=082_long60m_w_0p05_1p0_2p0__obs_10_25_50__eta_0.01_0.003_0.001__b_1_1_1
SWEEP_FILE=/home/mgantcher/Brookhaven/Research_Code/Optimization/Data/Sweeps/FOM_hyperparam_opt/01_mooncake_true_hpo_90_cases.txt
SWEEP_TARGET=fom
SWEEP_TOTAL_COUNT=90
SWEEP_WORKER_COUNT=12
SWEEP_WORKER_INDEX=9
TFINAL=2.0
WARMUP=true
WINDOW_N_OBS=10,25,50
WINDOW_SEED=1
WINDOW_START_POLICY=random,random,random
WINDOW_T=0.05,1.0,2.0
[Tue Jul  7 11:57:32 PM EDT 2026] Worker 9 finished FOM combination 81
