[Wed Jul  8 11:08:36 AM EDT 2026] Worker 1 starting ROM combination 1 / 81
Sweep file: /home/mgantcher/Brookhaven/Research_Code/Optimization/Data/Sweeps/ROM_hyperparam_opt/01_mooncake_rom_FOM_best_short_with_different_m_r.txt
Run name: ROM_short_training_param_sweep_1_m-1__r-2
Combination label: m-1__r-2
BATCH_SIZE=1,1,1
ETAS=0.01,0.003,0.001
H=8
ITERS=2016,2208,2349
LOSS_NORMALIZATION=mean
M=1
N=256
N_OBS=100
PRINT_FREQUENCY=250
R=2
RUN_NAME=ROM_short_training_param_sweep_1_m-1__r-2
SAVE_FREQUENCY=100
SEED=1
SWEEP_COMBO_COUNT=81
SWEEP_COMBO_INDEX=1
SWEEP_COMBO_LABEL=m-1__r-2
SWEEP_FILE=/home/mgantcher/Brookhaven/Research_Code/Optimization/Data/Sweeps/ROM_hyperparam_opt/01_mooncake_rom_FOM_best_short_with_different_m_r.txt
SWEEP_TARGET=rom
SWEEP_TOTAL_COUNT=81
SWEEP_WORKER_COUNT=5
SWEEP_WORKER_INDEX=1
TFINAL=2.0
WARMUP=true
WINDOW_N_OBS=2,5,10
WINDOW_SEED=1
WINDOW_START_POLICY=random,random,random
WINDOW_T=0.05,0.5,2.0
[Wed Jul  8 11:13:56 AM EDT 2026] Worker 1 finished ROM combination 1
[Wed Jul  8 11:13:56 AM EDT 2026] Worker 1 starting ROM combination 6 / 81
Sweep file: /home/mgantcher/Brookhaven/Research_Code/Optimization/Data/Sweeps/ROM_hyperparam_opt/01_mooncake_rom_FOM_best_short_with_different_m_r.txt
Run name: ROM_short_training_param_sweep_6_m-1__r-15
Combination label: m-1__r-15
BATCH_SIZE=1,1,1
ETAS=0.01,0.003,0.001
H=8
ITERS=2016,2208,2349
LOSS_NORMALIZATION=mean
M=1
N=256
N_OBS=100
PRINT_FREQUENCY=250
R=15
RUN_NAME=ROM_short_training_param_sweep_6_m-1__r-15
SAVE_FREQUENCY=100
SEED=1
SWEEP_COMBO_COUNT=81
SWEEP_COMBO_INDEX=6
SWEEP_COMBO_LABEL=m-1__r-15
SWEEP_FILE=/home/mgantcher/Brookhaven/Research_Code/Optimization/Data/Sweeps/ROM_hyperparam_opt/01_mooncake_rom_FOM_best_short_with_different_m_r.txt
SWEEP_TARGET=rom
SWEEP_TOTAL_COUNT=81
SWEEP_WORKER_COUNT=5
SWEEP_WORKER_INDEX=1
TFINAL=2.0
WARMUP=true
WINDOW_N_OBS=2,5,10
WINDOW_SEED=1
WINDOW_START_POLICY=random,random,random
WINDOW_T=0.05,0.5,2.0
[Wed Jul  8 11:19:29 AM EDT 2026] Worker 1 finished ROM combination 6
[Wed Jul  8 11:19:29 AM EDT 2026] Worker 1 starting ROM combination 11 / 81
Sweep file: /home/mgantcher/Brookhaven/Research_Code/Optimization/Data/Sweeps/ROM_hyperparam_opt/01_mooncake_rom_FOM_best_short_with_different_m_r.txt
Run name: ROM_short_training_param_sweep_11_m-2__r-3
Combination label: m-2__r-3
BATCH_SIZE=1,1,1
ETAS=0.01,0.003,0.001
H=8
ITERS=2016,2208,2349
LOSS_NORMALIZATION=mean
M=2
N=256
N_OBS=100
PRINT_FREQUENCY=250
R=3
RUN_NAME=ROM_short_training_param_sweep_11_m-2__r-3
SAVE_FREQUENCY=100
SEED=1
SWEEP_COMBO_COUNT=81
SWEEP_COMBO_INDEX=11
SWEEP_COMBO_LABEL=m-2__r-3
SWEEP_FILE=/home/mgantcher/Brookhaven/Research_Code/Optimization/Data/Sweeps/ROM_hyperparam_opt/01_mooncake_rom_FOM_best_short_with_different_m_r.txt
SWEEP_TARGET=rom
SWEEP_TOTAL_COUNT=81
SWEEP_WORKER_COUNT=5
SWEEP_WORKER_INDEX=1
TFINAL=2.0
WARMUP=true
WINDOW_N_OBS=2,5,10
WINDOW_SEED=1
WINDOW_START_POLICY=random,random,random
WINDOW_T=0.05,0.5,2.0
[Wed Jul  8 11:25:02 AM EDT 2026] Worker 1 finished ROM combination 11
[Wed Jul  8 11:25:02 AM EDT 2026] Worker 1 starting ROM combination 16 / 81
Sweep file: /home/mgantcher/Brookhaven/Research_Code/Optimization/Data/Sweeps/ROM_hyperparam_opt/01_mooncake_rom_FOM_best_short_with_different_m_r.txt
Run name: ROM_short_training_param_sweep_16_m-2__r-20
Combination label: m-2__r-20
BATCH_SIZE=1,1,1
ETAS=0.01,0.003,0.001
H=8
ITERS=2016,2208,2349
LOSS_NORMALIZATION=mean
M=2
N=256
N_OBS=100
PRINT_FREQUENCY=250
R=20
RUN_NAME=ROM_short_training_param_sweep_16_m-2__r-20
SAVE_FREQUENCY=100
SEED=1
SWEEP_COMBO_COUNT=81
SWEEP_COMBO_INDEX=16
SWEEP_COMBO_LABEL=m-2__r-20
SWEEP_FILE=/home/mgantcher/Brookhaven/Research_Code/Optimization/Data/Sweeps/ROM_hyperparam_opt/01_mooncake_rom_FOM_best_short_with_different_m_r.txt
SWEEP_TARGET=rom
SWEEP_TOTAL_COUNT=81
SWEEP_WORKER_COUNT=5
SWEEP_WORKER_INDEX=1
TFINAL=2.0
WARMUP=true
WINDOW_N_OBS=2,5,10
WINDOW_SEED=1
WINDOW_START_POLICY=random,random,random
WINDOW_T=0.05,0.5,2.0
[Wed Jul  8 11:30:37 AM EDT 2026] Worker 1 finished ROM combination 16
[Wed Jul  8 11:30:37 AM EDT 2026] Worker 1 starting ROM combination 21 / 81
Sweep file: /home/mgantcher/Brookhaven/Research_Code/Optimization/Data/Sweeps/ROM_hyperparam_opt/01_mooncake_rom_FOM_best_short_with_different_m_r.txt
Run name: ROM_short_training_param_sweep_21_m-3__r-4
Combination label: m-3__r-4
BATCH_SIZE=1,1,1
ETAS=0.01,0.003,0.001
H=8
ITERS=2016,2208,2349
LOSS_NORMALIZATION=mean
M=3
N=256
N_OBS=100
PRINT_FREQUENCY=250
R=4
RUN_NAME=ROM_short_training_param_sweep_21_m-3__r-4
SAVE_FREQUENCY=100
SEED=1
SWEEP_COMBO_COUNT=81
SWEEP_COMBO_INDEX=21
SWEEP_COMBO_LABEL=m-3__r-4
SWEEP_FILE=/home/mgantcher/Brookhaven/Research_Code/Optimization/Data/Sweeps/ROM_hyperparam_opt/01_mooncake_rom_FOM_best_short_with_different_m_r.txt
SWEEP_TARGET=rom
SWEEP_TOTAL_COUNT=81
SWEEP_WORKER_COUNT=5
SWEEP_WORKER_INDEX=1
TFINAL=2.0
WARMUP=true
WINDOW_N_OBS=2,5,10
WINDOW_SEED=1
WINDOW_START_POLICY=random,random,random
WINDOW_T=0.05,0.5,2.0
[Wed Jul  8 11:36:17 AM EDT 2026] Worker 1 finished ROM combination 21
[Wed Jul  8 11:36:17 AM EDT 2026] Worker 1 starting ROM combination 26 / 81
Sweep file: /home/mgantcher/Brookhaven/Research_Code/Optimization/Data/Sweeps/ROM_hyperparam_opt/01_mooncake_rom_FOM_best_short_with_different_m_r.txt
Run name: ROM_short_training_param_sweep_26_m-3__r-30
Combination label: m-3__r-30
BATCH_SIZE=1,1,1
ETAS=0.01,0.003,0.001
H=8
ITERS=2016,2208,2349
LOSS_NORMALIZATION=mean
M=3
N=256
N_OBS=100
PRINT_FREQUENCY=250
R=30
RUN_NAME=ROM_short_training_param_sweep_26_m-3__r-30
SAVE_FREQUENCY=100
SEED=1
SWEEP_COMBO_COUNT=81
SWEEP_COMBO_INDEX=26
SWEEP_COMBO_LABEL=m-3__r-30
SWEEP_FILE=/home/mgantcher/Brookhaven/Research_Code/Optimization/Data/Sweeps/ROM_hyperparam_opt/01_mooncake_rom_FOM_best_short_with_different_m_r.txt
SWEEP_TARGET=rom
SWEEP_TOTAL_COUNT=81
SWEEP_WORKER_COUNT=5
SWEEP_WORKER_INDEX=1
TFINAL=2.0
WARMUP=true
WINDOW_N_OBS=2,5,10
WINDOW_SEED=1
WINDOW_START_POLICY=random,random,random
WINDOW_T=0.05,0.5,2.0
[Wed Jul  8 11:42:13 AM EDT 2026] Worker 1 finished ROM combination 26
[Wed Jul  8 11:42:13 AM EDT 2026] Worker 1 starting ROM combination 31 / 81
Sweep file: /home/mgantcher/Brookhaven/Research_Code/Optimization/Data/Sweeps/ROM_hyperparam_opt/01_mooncake_rom_FOM_best_short_with_different_m_r.txt
Run name: ROM_short_training_param_sweep_31_m-4__r-5
Combination label: m-4__r-5
BATCH_SIZE=1,1,1
ETAS=0.01,0.003,0.001
H=8
ITERS=2016,2208,2349
LOSS_NORMALIZATION=mean
M=4
N=256
N_OBS=100
PRINT_FREQUENCY=250
R=5
RUN_NAME=ROM_short_training_param_sweep_31_m-4__r-5
SAVE_FREQUENCY=100
SEED=1
SWEEP_COMBO_COUNT=81
SWEEP_COMBO_INDEX=31
SWEEP_COMBO_LABEL=m-4__r-5
SWEEP_FILE=/home/mgantcher/Brookhaven/Research_Code/Optimization/Data/Sweeps/ROM_hyperparam_opt/01_mooncake_rom_FOM_best_short_with_different_m_r.txt
SWEEP_TARGET=rom
SWEEP_TOTAL_COUNT=81
SWEEP_WORKER_COUNT=5
SWEEP_WORKER_INDEX=1
TFINAL=2.0
WARMUP=true
WINDOW_N_OBS=2,5,10
WINDOW_SEED=1
WINDOW_START_POLICY=random,random,random
WINDOW_T=0.05,0.5,2.0
[Wed Jul  8 11:48:19 AM EDT 2026] Worker 1 finished ROM combination 31
[Wed Jul  8 11:48:19 AM EDT 2026] Worker 1 starting ROM combination 36 / 81
Sweep file: /home/mgantcher/Brookhaven/Research_Code/Optimization/Data/Sweeps/ROM_hyperparam_opt/01_mooncake_rom_FOM_best_short_with_different_m_r.txt
Run name: ROM_short_training_param_sweep_36_m-5__r-1
Combination label: m-5__r-1
BATCH_SIZE=1,1,1
ETAS=0.01,0.003,0.001
H=8
ITERS=2016,2208,2349
LOSS_NORMALIZATION=mean
M=5
N=256
N_OBS=100
PRINT_FREQUENCY=250
R=1
RUN_NAME=ROM_short_training_param_sweep_36_m-5__r-1
SAVE_FREQUENCY=100
SEED=1
SWEEP_COMBO_COUNT=81
SWEEP_COMBO_INDEX=36
SWEEP_COMBO_LABEL=m-5__r-1
SWEEP_FILE=/home/mgantcher/Brookhaven/Research_Code/Optimization/Data/Sweeps/ROM_hyperparam_opt/01_mooncake_rom_FOM_best_short_with_different_m_r.txt
SWEEP_TARGET=rom
SWEEP_TOTAL_COUNT=81
SWEEP_WORKER_COUNT=5
SWEEP_WORKER_INDEX=1
TFINAL=2.0
WARMUP=true
WINDOW_N_OBS=2,5,10
WINDOW_SEED=1
WINDOW_START_POLICY=random,random,random
WINDOW_T=0.05,0.5,2.0
[Wed Jul  8 11:53:51 AM EDT 2026] Worker 1 finished ROM combination 36
[Wed Jul  8 11:53:51 AM EDT 2026] Worker 1 starting ROM combination 41 / 81
Sweep file: /home/mgantcher/Brookhaven/Research_Code/Optimization/Data/Sweeps/ROM_hyperparam_opt/01_mooncake_rom_FOM_best_short_with_different_m_r.txt
Run name: ROM_short_training_param_sweep_41_m-5__r-10
Combination label: m-5__r-10
BATCH_SIZE=1,1,1
ETAS=0.01,0.003,0.001
H=8
ITERS=2016,2208,2349
LOSS_NORMALIZATION=mean
M=5
N=256
N_OBS=100
PRINT_FREQUENCY=250
R=10
RUN_NAME=ROM_short_training_param_sweep_41_m-5__r-10
SAVE_FREQUENCY=100
SEED=1
SWEEP_COMBO_COUNT=81
SWEEP_COMBO_INDEX=41
SWEEP_COMBO_LABEL=m-5__r-10
SWEEP_FILE=/home/mgantcher/Brookhaven/Research_Code/Optimization/Data/Sweeps/ROM_hyperparam_opt/01_mooncake_rom_FOM_best_short_with_different_m_r.txt
SWEEP_TARGET=rom
SWEEP_TOTAL_COUNT=81
SWEEP_WORKER_COUNT=5
SWEEP_WORKER_INDEX=1
TFINAL=2.0
WARMUP=true
WINDOW_N_OBS=2,5,10
WINDOW_SEED=1
WINDOW_START_POLICY=random,random,random
WINDOW_T=0.05,0.5,2.0
[Wed Jul  8 11:59:40 AM EDT 2026] Worker 1 finished ROM combination 41
[Wed Jul  8 11:59:40 AM EDT 2026] Worker 1 starting ROM combination 46 / 81
Sweep file: /home/mgantcher/Brookhaven/Research_Code/Optimization/Data/Sweeps/ROM_hyperparam_opt/01_mooncake_rom_FOM_best_short_with_different_m_r.txt
Run name: ROM_short_training_param_sweep_46_m-10__r-2
Combination label: m-10__r-2
BATCH_SIZE=1,1,1
ETAS=0.01,0.003,0.001
H=8
ITERS=2016,2208,2349
LOSS_NORMALIZATION=mean
M=10
N=256
N_OBS=100
PRINT_FREQUENCY=250
R=2
RUN_NAME=ROM_short_training_param_sweep_46_m-10__r-2
SAVE_FREQUENCY=100
SEED=1
SWEEP_COMBO_COUNT=81
SWEEP_COMBO_INDEX=46
SWEEP_COMBO_LABEL=m-10__r-2
SWEEP_FILE=/home/mgantcher/Brookhaven/Research_Code/Optimization/Data/Sweeps/ROM_hyperparam_opt/01_mooncake_rom_FOM_best_short_with_different_m_r.txt
SWEEP_TARGET=rom
SWEEP_TOTAL_COUNT=81
SWEEP_WORKER_COUNT=5
SWEEP_WORKER_INDEX=1
TFINAL=2.0
WARMUP=true
WINDOW_N_OBS=2,5,10
WINDOW_SEED=1
WINDOW_START_POLICY=random,random,random
WINDOW_T=0.05,0.5,2.0
[Wed Jul  8 12:05:17 PM EDT 2026] Worker 1 finished ROM combination 46
[Wed Jul  8 12:05:17 PM EDT 2026] Worker 1 starting ROM combination 51 / 81
Sweep file: /home/mgantcher/Brookhaven/Research_Code/Optimization/Data/Sweeps/ROM_hyperparam_opt/01_mooncake_rom_FOM_best_short_with_different_m_r.txt
Run name: ROM_short_training_param_sweep_51_m-10__r-15
Combination label: m-10__r-15
BATCH_SIZE=1,1,1
ETAS=0.01,0.003,0.001
H=8
ITERS=2016,2208,2349
LOSS_NORMALIZATION=mean
M=10
N=256
N_OBS=100
PRINT_FREQUENCY=250
R=15
RUN_NAME=ROM_short_training_param_sweep_51_m-10__r-15
SAVE_FREQUENCY=100
SEED=1
SWEEP_COMBO_COUNT=81
SWEEP_COMBO_INDEX=51
SWEEP_COMBO_LABEL=m-10__r-15
SWEEP_FILE=/home/mgantcher/Brookhaven/Research_Code/Optimization/Data/Sweeps/ROM_hyperparam_opt/01_mooncake_rom_FOM_best_short_with_different_m_r.txt
SWEEP_TARGET=rom
SWEEP_TOTAL_COUNT=81
SWEEP_WORKER_COUNT=5
SWEEP_WORKER_INDEX=1
TFINAL=2.0
WARMUP=true
WINDOW_N_OBS=2,5,10
WINDOW_SEED=1
WINDOW_START_POLICY=random,random,random
WINDOW_T=0.05,0.5,2.0
[Wed Jul  8 12:11:36 PM EDT 2026] Worker 1 finished ROM combination 51
[Wed Jul  8 12:11:36 PM EDT 2026] Worker 1 starting ROM combination 56 / 81
Sweep file: /home/mgantcher/Brookhaven/Research_Code/Optimization/Data/Sweeps/ROM_hyperparam_opt/01_mooncake_rom_FOM_best_short_with_different_m_r.txt
Run name: ROM_short_training_param_sweep_56_m-15__r-3
Combination label: m-15__r-3
BATCH_SIZE=1,1,1
ETAS=0.01,0.003,0.001
H=8
ITERS=2016,2208,2349
LOSS_NORMALIZATION=mean
M=15
N=256
N_OBS=100
PRINT_FREQUENCY=250
R=3
RUN_NAME=ROM_short_training_param_sweep_56_m-15__r-3
SAVE_FREQUENCY=100
SEED=1
SWEEP_COMBO_COUNT=81
SWEEP_COMBO_INDEX=56
SWEEP_COMBO_LABEL=m-15__r-3
SWEEP_FILE=/home/mgantcher/Brookhaven/Research_Code/Optimization/Data/Sweeps/ROM_hyperparam_opt/01_mooncake_rom_FOM_best_short_with_different_m_r.txt
SWEEP_TARGET=rom
SWEEP_TOTAL_COUNT=81
SWEEP_WORKER_COUNT=5
SWEEP_WORKER_INDEX=1
TFINAL=2.0
WARMUP=true
WINDOW_N_OBS=2,5,10
WINDOW_SEED=1
WINDOW_START_POLICY=random,random,random
WINDOW_T=0.05,0.5,2.0
[Wed Jul  8 12:17:13 PM EDT 2026] Worker 1 finished ROM combination 56
[Wed Jul  8 12:17:14 PM EDT 2026] Worker 1 starting ROM combination 61 / 81
Sweep file: /home/mgantcher/Brookhaven/Research_Code/Optimization/Data/Sweeps/ROM_hyperparam_opt/01_mooncake_rom_FOM_best_short_with_different_m_r.txt
Run name: ROM_short_training_param_sweep_61_m-15__r-20
Combination label: m-15__r-20
BATCH_SIZE=1,1,1
ETAS=0.01,0.003,0.001
H=8
ITERS=2016,2208,2349
LOSS_NORMALIZATION=mean
M=15
N=256
N_OBS=100
PRINT_FREQUENCY=250
R=20
RUN_NAME=ROM_short_training_param_sweep_61_m-15__r-20
SAVE_FREQUENCY=100
SEED=1
SWEEP_COMBO_COUNT=81
SWEEP_COMBO_INDEX=61
SWEEP_COMBO_LABEL=m-15__r-20
SWEEP_FILE=/home/mgantcher/Brookhaven/Research_Code/Optimization/Data/Sweeps/ROM_hyperparam_opt/01_mooncake_rom_FOM_best_short_with_different_m_r.txt
SWEEP_TARGET=rom
SWEEP_TOTAL_COUNT=81
SWEEP_WORKER_COUNT=5
SWEEP_WORKER_INDEX=1
TFINAL=2.0
WARMUP=true
WINDOW_N_OBS=2,5,10
WINDOW_SEED=1
WINDOW_START_POLICY=random,random,random
WINDOW_T=0.05,0.5,2.0
[Wed Jul  8 12:24:02 PM EDT 2026] Worker 1 finished ROM combination 61
[Wed Jul  8 12:24:02 PM EDT 2026] Worker 1 starting ROM combination 66 / 81
Sweep file: /home/mgantcher/Brookhaven/Research_Code/Optimization/Data/Sweeps/ROM_hyperparam_opt/01_mooncake_rom_FOM_best_short_with_different_m_r.txt
Run name: ROM_short_training_param_sweep_66_m-20__r-4
Combination label: m-20__r-4
BATCH_SIZE=1,1,1
ETAS=0.01,0.003,0.001
H=8
ITERS=2016,2208,2349
LOSS_NORMALIZATION=mean
M=20
N=256
N_OBS=100
PRINT_FREQUENCY=250
R=4
RUN_NAME=ROM_short_training_param_sweep_66_m-20__r-4
SAVE_FREQUENCY=100
SEED=1
SWEEP_COMBO_COUNT=81
SWEEP_COMBO_INDEX=66
SWEEP_COMBO_LABEL=m-20__r-4
SWEEP_FILE=/home/mgantcher/Brookhaven/Research_Code/Optimization/Data/Sweeps/ROM_hyperparam_opt/01_mooncake_rom_FOM_best_short_with_different_m_r.txt
SWEEP_TARGET=rom
SWEEP_TOTAL_COUNT=81
SWEEP_WORKER_COUNT=5
SWEEP_WORKER_INDEX=1
TFINAL=2.0
WARMUP=true
WINDOW_N_OBS=2,5,10
WINDOW_SEED=1
WINDOW_START_POLICY=random,random,random
WINDOW_T=0.05,0.5,2.0
[Wed Jul  8 12:30:25 PM EDT 2026] Worker 1 finished ROM combination 66
[Wed Jul  8 12:30:25 PM EDT 2026] Worker 1 starting ROM combination 71 / 81
Sweep file: /home/mgantcher/Brookhaven/Research_Code/Optimization/Data/Sweeps/ROM_hyperparam_opt/01_mooncake_rom_FOM_best_short_with_different_m_r.txt
Run name: ROM_short_training_param_sweep_71_m-20__r-30
Combination label: m-20__r-30
BATCH_SIZE=1,1,1
ETAS=0.01,0.003,0.001
H=8
ITERS=2016,2208,2349
LOSS_NORMALIZATION=mean
M=20
N=256
N_OBS=100
PRINT_FREQUENCY=250
R=30
RUN_NAME=ROM_short_training_param_sweep_71_m-20__r-30
SAVE_FREQUENCY=100
SEED=1
SWEEP_COMBO_COUNT=81
SWEEP_COMBO_INDEX=71
SWEEP_COMBO_LABEL=m-20__r-30
SWEEP_FILE=/home/mgantcher/Brookhaven/Research_Code/Optimization/Data/Sweeps/ROM_hyperparam_opt/01_mooncake_rom_FOM_best_short_with_different_m_r.txt
SWEEP_TARGET=rom
SWEEP_TOTAL_COUNT=81
SWEEP_WORKER_COUNT=5
SWEEP_WORKER_INDEX=1
TFINAL=2.0
WARMUP=true
WINDOW_N_OBS=2,5,10
WINDOW_SEED=1
WINDOW_START_POLICY=random,random,random
WINDOW_T=0.05,0.5,2.0
[Wed Jul  8 12:37:20 PM EDT 2026] Worker 1 finished ROM combination 71
[Wed Jul  8 12:37:20 PM EDT 2026] Worker 1 starting ROM combination 76 / 81
Sweep file: /home/mgantcher/Brookhaven/Research_Code/Optimization/Data/Sweeps/ROM_hyperparam_opt/01_mooncake_rom_FOM_best_short_with_different_m_r.txt
Run name: ROM_short_training_param_sweep_76_m-30__r-5
Combination label: m-30__r-5
BATCH_SIZE=1,1,1
ETAS=0.01,0.003,0.001
H=8
ITERS=2016,2208,2349
LOSS_NORMALIZATION=mean
M=30
N=256
N_OBS=100
PRINT_FREQUENCY=250
R=5
RUN_NAME=ROM_short_training_param_sweep_76_m-30__r-5
SAVE_FREQUENCY=100
SEED=1
SWEEP_COMBO_COUNT=81
SWEEP_COMBO_INDEX=76
SWEEP_COMBO_LABEL=m-30__r-5
SWEEP_FILE=/home/mgantcher/Brookhaven/Research_Code/Optimization/Data/Sweeps/ROM_hyperparam_opt/01_mooncake_rom_FOM_best_short_with_different_m_r.txt
SWEEP_TARGET=rom
SWEEP_TOTAL_COUNT=81
SWEEP_WORKER_COUNT=5
SWEEP_WORKER_INDEX=1
TFINAL=2.0
WARMUP=true
WINDOW_N_OBS=2,5,10
WINDOW_SEED=1
WINDOW_START_POLICY=random,random,random
WINDOW_T=0.05,0.5,2.0
[Wed Jul  8 12:44:58 PM EDT 2026] Worker 1 finished ROM combination 76
