[Wed Jul  8 09:46:35 AM EDT 2026] Worker 3 starting FOM combination 3 / 30
Sweep file: /home/mgantcher/Brookhaven/Research_Code/Optimization/Data/Sweeps/FOM_hyperparam_opt/07_improving_on_05-25.txt
Run name: FOM_improve_05_25_mooncake_3_004_iter_one_quarter_more
Combination label: 004_iter_one_quarter_more
BATCH_SIZE=1,1,1
ETAS=0.01,0.003,0.001
H=8
ITERS=2520,2760,2936
LOSS_NORMALIZATION=mean
N=256
N_OBS=100
PRINT_FREQUENCY=250
RUN_NAME=FOM_improve_05_25_mooncake_3_004_iter_one_quarter_more
SAVE_FREQUENCY=100000
SEED=1
SWEEP_COMBO_COUNT=30
SWEEP_COMBO_INDEX=3
SWEEP_COMBO_LABEL=004_iter_one_quarter_more
SWEEP_FILE=/home/mgantcher/Brookhaven/Research_Code/Optimization/Data/Sweeps/FOM_hyperparam_opt/07_improving_on_05-25.txt
SWEEP_TARGET=fom
SWEEP_TOTAL_COUNT=30
SWEEP_WORKER_COUNT=6
SWEEP_WORKER_INDEX=3
TFINAL=2.0
WARMUP=true
WINDOW_N_OBS=2,5,10
WINDOW_SEED=1
WINDOW_START_POLICY=random,random,random
WINDOW_T=0.05,0.5,2.0
[Wed Jul  8 09:58:07 AM EDT 2026] Worker 3 finished FOM combination 3
[Wed Jul  8 09:58:07 AM EDT 2026] Worker 3 starting FOM combination 9 / 30
Sweep file: /home/mgantcher/Brookhaven/Research_Code/Optimization/Data/Sweeps/FOM_hyperparam_opt/07_improving_on_05-25.txt
Run name: FOM_improve_05_25_mooncake_9_010_window_0p05_0p25_2p0
Combination label: 010_window_0p05_0p25_2p0
BATCH_SIZE=1,1,1
ETAS=0.01,0.003,0.001
H=8
ITERS=2016,2208,2349
LOSS_NORMALIZATION=mean
N=256
N_OBS=100
PRINT_FREQUENCY=250
RUN_NAME=FOM_improve_05_25_mooncake_9_010_window_0p05_0p25_2p0
SAVE_FREQUENCY=100000
SEED=1
SWEEP_COMBO_COUNT=30
SWEEP_COMBO_INDEX=9
SWEEP_COMBO_LABEL=010_window_0p05_0p25_2p0
SWEEP_FILE=/home/mgantcher/Brookhaven/Research_Code/Optimization/Data/Sweeps/FOM_hyperparam_opt/07_improving_on_05-25.txt
SWEEP_TARGET=fom
SWEEP_TOTAL_COUNT=30
SWEEP_WORKER_COUNT=6
SWEEP_WORKER_INDEX=3
TFINAL=2.0
WARMUP=true
WINDOW_N_OBS=2,5,10
WINDOW_SEED=1
WINDOW_START_POLICY=random,random,random
WINDOW_T=0.05,0.25,2.0
[Wed Jul  8 10:08:20 AM EDT 2026] Worker 3 finished FOM combination 9
[Wed Jul  8 10:08:20 AM EDT 2026] Worker 3 starting FOM combination 15 / 30
Sweep file: /home/mgantcher/Brookhaven/Research_Code/Optimization/Data/Sweeps/FOM_hyperparam_opt/07_improving_on_05-25.txt
Run name: FOM_improve_05_25_mooncake_15_016_obs_2_3_10
Combination label: 016_obs_2_3_10
BATCH_SIZE=1,1,1
ETAS=0.01,0.003,0.001
H=8
ITERS=2016,2208,2349
LOSS_NORMALIZATION=mean
N=256
N_OBS=100
PRINT_FREQUENCY=250
RUN_NAME=FOM_improve_05_25_mooncake_15_016_obs_2_3_10
SAVE_FREQUENCY=100000
SEED=1
SWEEP_COMBO_COUNT=30
SWEEP_COMBO_INDEX=15
SWEEP_COMBO_LABEL=016_obs_2_3_10
SWEEP_FILE=/home/mgantcher/Brookhaven/Research_Code/Optimization/Data/Sweeps/FOM_hyperparam_opt/07_improving_on_05-25.txt
SWEEP_TARGET=fom
SWEEP_TOTAL_COUNT=30
SWEEP_WORKER_COUNT=6
SWEEP_WORKER_INDEX=3
TFINAL=2.0
WARMUP=true
WINDOW_N_OBS=2,3,10
WINDOW_SEED=1
WINDOW_START_POLICY=random,random,random
WINDOW_T=0.05,0.5,2.0
[Wed Jul  8 10:18:06 AM EDT 2026] Worker 3 finished FOM combination 15
[Wed Jul  8 10:18:06 AM EDT 2026] Worker 3 starting FOM combination 21 / 30
Sweep file: /home/mgantcher/Brookhaven/Research_Code/Optimization/Data/Sweeps/FOM_hyperparam_opt/07_improving_on_05-25.txt
Run name: FOM_improve_05_25_mooncake_21_022_eta_0p0075_0p0025_0p00075
Combination label: 022_eta_0p0075_0p0025_0p00075
BATCH_SIZE=1,1,1
ETAS=0.0075,0.0025,0.00075
H=8
ITERS=2016,2208,2349
LOSS_NORMALIZATION=mean
N=256
N_OBS=100
PRINT_FREQUENCY=250
RUN_NAME=FOM_improve_05_25_mooncake_21_022_eta_0p0075_0p0025_0p00075
SAVE_FREQUENCY=100000
SEED=1
SWEEP_COMBO_COUNT=30
SWEEP_COMBO_INDEX=21
SWEEP_COMBO_LABEL=022_eta_0p0075_0p0025_0p00075
SWEEP_FILE=/home/mgantcher/Brookhaven/Research_Code/Optimization/Data/Sweeps/FOM_hyperparam_opt/07_improving_on_05-25.txt
SWEEP_TARGET=fom
SWEEP_TOTAL_COUNT=30
SWEEP_WORKER_COUNT=6
SWEEP_WORKER_INDEX=3
TFINAL=2.0
WARMUP=true
WINDOW_N_OBS=2,5,10
WINDOW_SEED=1
WINDOW_START_POLICY=random,random,random
WINDOW_T=0.05,0.5,2.0
[Wed Jul  8 10:28:48 AM EDT 2026] Worker 3 finished FOM combination 21
[Wed Jul  8 10:28:48 AM EDT 2026] Worker 3 starting FOM combination 27 / 30
Sweep file: /home/mgantcher/Brookhaven/Research_Code/Optimization/Data/Sweeps/FOM_hyperparam_opt/07_improving_on_05-25.txt
Run name: FOM_improve_05_25_mooncake_27_028_seed_2
Combination label: 028_seed_2
BATCH_SIZE=1,1,1
ETAS=0.01,0.003,0.001
H=8
ITERS=2016,2208,2349
LOSS_NORMALIZATION=mean
N=256
N_OBS=100
PRINT_FREQUENCY=250
RUN_NAME=FOM_improve_05_25_mooncake_27_028_seed_2
SAVE_FREQUENCY=100000
SEED=2
SWEEP_COMBO_COUNT=30
SWEEP_COMBO_INDEX=27
SWEEP_COMBO_LABEL=028_seed_2
SWEEP_FILE=/home/mgantcher/Brookhaven/Research_Code/Optimization/Data/Sweeps/FOM_hyperparam_opt/07_improving_on_05-25.txt
SWEEP_TARGET=fom
SWEEP_TOTAL_COUNT=30
SWEEP_WORKER_COUNT=6
SWEEP_WORKER_INDEX=3
TFINAL=2.0
WARMUP=true
WINDOW_N_OBS=2,5,10
WINDOW_SEED=2
WINDOW_START_POLICY=random,random,random
WINDOW_T=0.05,0.5,2.0
[Wed Jul  8 10:39:22 AM EDT 2026] Worker 3 finished FOM combination 27
