[Thu Jul  2 04:50:45 PM EDT 2026] Worker 4 starting FOM_VARIABLE combination 4 / 30
Sweep file: /home/mgantcher/Brookhaven/Research_Code/Optimization/Data/Sweeps/FOM_hyperparam_opt/00_timing_scaling.txt
Run name: FOM_timing_per_iter_4_window_t-0.05__window_n_obs-50
Combination label: window_t-0.05__window_n_obs-50
ETAS=1e-3
ITERS=20
N_OBS=100
PRINT_FREQUENCY=1
RUN_NAME=FOM_timing_per_iter_4_window_t-0.05__window_n_obs-50
SAVE_FREQUENCY=1
SWEEP_COMBO_COUNT=30
SWEEP_COMBO_INDEX=4
SWEEP_COMBO_LABEL=window_t-0.05__window_n_obs-50
SWEEP_FILE=/home/mgantcher/Brookhaven/Research_Code/Optimization/Data/Sweeps/FOM_hyperparam_opt/00_timing_scaling.txt
SWEEP_TARGET=fom_variable
SWEEP_TOTAL_COUNT=30
SWEEP_WORKER_COUNT=20
SWEEP_WORKER_INDEX=4
WINDOW_N_OBS=50
WINDOW_START_POLICY=random
WINDOW_T=0.05
[Thu Jul  2 04:50:45 PM EDT 2026] Starting variable-window FOM training on node03
Variable-window args: --N 256 --L 1.0 --eps2 1e-2 --k 1.0 --tfinal 2.0 --N-obs 100 --h 8 --seed 1 --reference-dt-factor 0.5 --etas 1e-3 --iters 20 --beta 0.9,0.99 --save-frequency 1 --print-frequency 1 --warmup true --window-T 0.05 --window-N-obs 50 --window-start-policy random --windows-per-iter 1 --loss-normalization mean --window-seed 1 --run-name FOM_timing_per_iter_4_window_t-0.05__window_n_obs-50
[run_variable_fom_hpc] Julia entrypoint started
[run_variable_fom_hpc] Loading variable-window FOM helper code
[package-load] Loading LinearAlgebra
[package-load] Loaded LinearAlgebra
[package-load] Loading SparseArrays
[package-load] Loaded SparseArrays
[package-load] Loading Random
[package-load] Loaded Random
[package-load] Loading ComponentArrays
[package-load] Loaded ComponentArrays
[package-load] Loading LinearSolve
[package-load] Loaded LinearSolve
[package-load] Loading OrdinaryDiffEq
[package-load] Loaded OrdinaryDiffEq
[package-load] Loading OrdinaryDiffEqSDIRK
[package-load] Loaded OrdinaryDiffEqSDIRK
[package-load] Loading OrdinaryDiffEqLowOrderRK
[package-load] Loaded OrdinaryDiffEqLowOrderRK
[package-load] Loading SciMLSensitivity
[package-load] Loaded SciMLSensitivity
[package-load] Loading ADTypes
[package-load] Loaded ADTypes
[package-load] Loading Zygote
[package-load] Loaded Zygote
[package-load] Loading Enzyme
[package-load] Loaded Enzyme
[package-load] Loading Optimization
[package-load] Loaded Optimization
[package-load] Loading OptimizationOptimisers
[package-load] Loaded OptimizationOptimisers
[package-load] Loading OptimizationOptimJL
[package-load] Loaded OptimizationOptimJL
[package-load] Loading LineSearches
[package-load] Loaded LineSearches
[package-load] Loading Lux
[package-load] Loaded Lux
[package-load] Loading Functors
[package-load] Loaded Functors
[package-load] Loading Plots
[package-load] Loaded Plots
[package-load] Loading Dates
[package-load] Loaded Dates
[package-load] Loading Serialization
[package-load] Loaded Serialization
[package-load] Including integration_AC_hpc.jl
[package-load] Loading LinearAlgebra
[package-load] Loaded LinearAlgebra
[package-load] Loading SparseArrays
[package-load] Loaded SparseArrays
[package-load] Loading Random
[package-load] Loaded Random
[package-load] Loading ComponentArrays
[package-load] Loaded ComponentArrays
[package-load] Loading LinearSolve
[package-load] Loaded LinearSolve
[package-load] Loading OrdinaryDiffEq
[package-load] Loaded OrdinaryDiffEq
[package-load] Loading OrdinaryDiffEqSDIRK
[package-load] Loaded OrdinaryDiffEqSDIRK
[package-load] Loading OrdinaryDiffEqLowOrderRK
[package-load] Loaded OrdinaryDiffEqLowOrderRK
[package-load] Loading SciMLSensitivity
[package-load] Loaded SciMLSensitivity
[package-load] Loading ADTypes
[package-load] Loaded ADTypes
[package-load] Loading Zygote
[package-load] Loaded Zygote
[package-load] Loading Enzyme
[package-load] Loaded Enzyme
[package-load] Loading Optimization
[package-load] Loaded Optimization
[package-load] Loading OptimizationOptimisers
[package-load] Loaded OptimizationOptimisers
[package-load] Loading OptimizationOptimJL
[package-load] Loaded OptimizationOptimJL
[package-load] Loading LineSearches
[package-load] Loaded LineSearches
[package-load] Loading Lux
[package-load] Loaded Lux
[package-load] Loading Functors
[package-load] Loaded Functors
[package-load] Loading Plots
[package-load] Loaded Plots
[package-load] Included integration_AC_hpc.jl
[run_variable_fom_hpc] Loading HPC common code
[package-load] Loading LinearAlgebra
[package-load] Loaded LinearAlgebra
[package-load] Loading SparseArrays
[package-load] Loaded SparseArrays
[package-load] Loading ComponentArrays
[package-load] Loaded ComponentArrays
[package-load] Loading OrdinaryDiffEq
[package-load] Loaded OrdinaryDiffEq
[package-load] Loading OrdinaryDiffEqLowOrderRK
[package-load] Loaded OrdinaryDiffEqLowOrderRK
[package-load] Loading Optimization
[package-load] Loaded Optimization
[package-load] Loading Dates
[package-load] Loaded Dates
[run_variable_fom_hpc] Configuring HPC runtime
Julia version: 1.12.6
Host: node03
SLURM_JOB_ID: 2546
SLURM_ARRAY_TASK_ID: 4
Julia threads: 8
BLAS threads: 1
[run_variable_fom_hpc] Building Allen-Cahn reference solution
Reference solve: N=256, Δx=0.0038910505836575876, Δt=0.0003785068661145513, saved_times=5283
[run_variable_fom_hpc] Preparing FOM optimization problem
[run_variable_fom_hpc] Prepared variable-window FOM optimization parameters
  run_name = FOM_timing_per_iter_4_window_t-0.05__window_n_obs-50
  N = 256
  L = 1.0
  ε2 = 0.01
  k = 1.0
  tfinal = 2.0
  N_obs = 100
  h = 8
  seed = 1
  reference_dt_factor = 0.5
  reference_Δx = 0.0038910505836575876
  reference_Δt = 0.0003785068661145513
  reference_save_count = 5283
  etas = [0.001]
  iterations = [20]
  β = (0.9, 0.99)
  warmup = true
  save_frequency = 1
  print_frequency = 1
  window_T = [0.05]
  window_N_obs = [50]
  window_start_policy = SubString{String}["random"]
  windows_per_iter = [1]
  loss_normalization = mean
  window_seed = 1
  SLURM_JOB_ID = 2546
  SLURM_ARRAY_TASK_ID = 4
[run_variable_fom_hpc] Running variable-window FOM optimization
[run_variable_window_optimization] [2026-07-02 16:51:31] Optimization Params: eta = [0.001]; beta = (0.9, 0.99); N_iter = [20]; WINDOW_T = [0.05]; WINDOW_N_OBS = [50]; WINDOW_START_POLICY = ["random"]; WINDOWS_PER_ITER = [1]; loss_normalization = mean; total_iterations = 20; save_frequency = 1; print_frequency = 1; warmup = true
[run_variable_window_optimization] [2026-07-02 16:51:31] Warming up
[run_variable_window_optimization] [2026-07-02 16:53:31] Warmup complete
[run_variable_window_optimization] [2026-07-02 16:53:31] Beginning variable-window optimization
[run_variable_window_optimization] [2026-07-02 16:53:31] Stage 1 / 1 started: eta = 0.001; N_iter = 20; WINDOW_T = 0.05; WINDOW_N_OBS = 50; WINDOW_START_POLICY = random; WINDOWS_PER_ITER = 1
[run_variable_window_optimization] [2026-07-02 16:53:39] iteration = 1, loss = 0.0001215213043590123, stage = 1, window_start = 0.19332241768834177, window_end = 0.24332241768834179, last iteration = 128.39 s
[run_variable_window_optimization] [2026-07-02 16:53:48] iteration = 2, loss = 0.00013415153495070884, stage = 1, window_start = 1.3688604420815107, window_end = 1.4188604420815107, last iteration = 8.56 s
[run_variable_window_optimization] [2026-07-02 16:53:56] iteration = 3, loss = 0.00012739448508647955, stage = 1, window_start = 0.9813604823916191, window_end = 1.0313604823916191, last iteration = 7.65 s
[run_variable_window_optimization] [2026-07-02 16:54:04] iteration = 4, loss = 0.00012679430663507015, stage = 1, window_start = 1.7078903503487277, window_end = 1.7578903503487278, last iteration = 8.1 s
[run_variable_window_optimization] [2026-07-02 16:54:11] iteration = 5, loss = 0.00012301615883369098, stage = 1, window_start = 1.8592575531552509, window_end = 1.909257553155251, last iteration = 7.74 s
[run_variable_window_optimization] [2026-07-02 16:54:20] iteration = 6, loss = 0.00011508177575062712, stage = 1, window_start = 0.9902306135593384, window_end = 1.0402306135593384, last iteration = 8.16 s
[run_variable_window_optimization] [2026-07-02 16:54:27] iteration = 7, loss = 0.0001140920120278284, stage = 1, window_start = 1.5400147689467587, window_end = 1.5900147689467587, last iteration = 7.64 s
[run_variable_window_optimization] [2026-07-02 16:54:35] iteration = 8, loss = 9.158583401672322e-5, stage = 1, window_start = 0.13894555859146537, window_end = 0.1889455585914654, last iteration = 7.9 s
[run_variable_window_optimization] [2026-07-02 16:54:42] iteration = 9, loss = 9.25939499592105e-5, stage = 1, window_start = 0.2698372539957359, window_end = 0.31983725399573587, last iteration = 7.21 s
[run_variable_window_optimization] [2026-07-02 16:54:50] iteration = 10, loss = 9.786700430725028e-5, stage = 1, window_start = 0.7667189008474466, window_end = 0.8167189008474467, last iteration = 7.65 s
[run_variable_window_optimization] [2026-07-02 16:54:57] iteration = 11, loss = 8.76404545767511e-5, stage = 1, window_start = 0.34657862294205694, window_end = 0.3965786229420569, last iteration = 7.06 s
[run_variable_window_optimization] [2026-07-02 16:55:04] iteration = 12, loss = 9.609502546809784e-5, stage = 1, window_start = 1.6461056467691721, window_end = 1.6961056467691722, last iteration = 7.32 s
[run_variable_window_optimization] [2026-07-02 16:55:12] iteration = 13, loss = 9.258502687592715e-5, stage = 1, window_start = 1.6034791632593477, window_end = 1.6534791632593477, last iteration = 7.45 s
[run_variable_window_optimization] [2026-07-02 16:55:20] iteration = 14, loss = 9.003568242394265e-5, stage = 1, window_start = 1.9098719748513808, window_end = 1.9598719748513809, last iteration = 8.16 s
[run_variable_window_optimization] [2026-07-02 16:55:27] iteration = 15, loss = 8.682973771621947e-5, stage = 1, window_start = 1.9148187291295589, window_end = 1.964818729129559, last iteration = 6.97 s
[run_variable_window_optimization] [2026-07-02 16:55:35] iteration = 16, loss = 8.370491570699707e-5, stage = 1, window_start = 1.9166942760125785, window_end = 1.9666942760125785, last iteration = 7.99 s
[run_variable_window_optimization] [2026-07-02 16:55:42] iteration = 17, loss = 7.729095720337892e-5, stage = 1, window_start = 1.0212621731630158, window_end = 1.0712621731630159, last iteration = 6.76 s
[run_variable_window_optimization] [2026-07-02 16:55:50] iteration = 18, loss = 7.50614589743546e-5, stage = 1, window_start = 1.132553459699674, window_end = 1.182553459699674, last iteration = 8.09 s
[run_variable_window_optimization] [2026-07-02 16:55:57] iteration = 19, loss = 6.123261182323305e-5, stage = 1, window_start = 0.24523333633232577, window_end = 0.2952333363323258, last iteration = 7.21 s
[run_variable_window_optimization] [2026-07-02 16:56:05] iteration = 20, loss = 5.979974326537086e-5, stage = 1, window_start = 0.29196012073283273, window_end = 0.3419601207328327, last iteration = 8.05 s
[run_variable_window_optimization] [2026-07-02 16:56:12] Stage 1 / 1 complete; validation_loss = 0.038429465728256965; elapsed = 161.81 s
[run_variable_fom_hpc] Saving variable-window FOM optimization data
Saved variable-window FOM output to: /home/mgantcher/Brookhaven/Research_Code/Optimization/Data/FOM_timing_per_iter_4_window_t-0.05__window_n_obs-50
Final full-trajectory loss: 0.038429465728256965
Final training-window loss: 5.979974326537086e-5
[Thu Jul  2 04:56:14 PM EDT 2026] Finished variable-window FOM training
[Thu Jul  2 04:56:14 PM EDT 2026] Worker 4 finished FOM_VARIABLE combination 4
[Thu Jul  2 04:56:14 PM EDT 2026] Worker 4 starting FOM_VARIABLE combination 24 / 30
Sweep file: /home/mgantcher/Brookhaven/Research_Code/Optimization/Data/Sweeps/FOM_hyperparam_opt/00_timing_scaling.txt
Run name: FOM_timing_per_iter_24_window_t-1.0__window_n_obs-50
Combination label: window_t-1.0__window_n_obs-50
ETAS=1e-3
ITERS=20
N_OBS=100
PRINT_FREQUENCY=1
RUN_NAME=FOM_timing_per_iter_24_window_t-1.0__window_n_obs-50
SAVE_FREQUENCY=1
SWEEP_COMBO_COUNT=30
SWEEP_COMBO_INDEX=24
SWEEP_COMBO_LABEL=window_t-1.0__window_n_obs-50
SWEEP_FILE=/home/mgantcher/Brookhaven/Research_Code/Optimization/Data/Sweeps/FOM_hyperparam_opt/00_timing_scaling.txt
SWEEP_TARGET=fom_variable
SWEEP_TOTAL_COUNT=30
SWEEP_WORKER_COUNT=20
SWEEP_WORKER_INDEX=4
WINDOW_N_OBS=50
WINDOW_START_POLICY=random
WINDOW_T=1.0
[Thu Jul  2 04:56:14 PM EDT 2026] Starting variable-window FOM training on node03
Variable-window args: --N 256 --L 1.0 --eps2 1e-2 --k 1.0 --tfinal 2.0 --N-obs 100 --h 8 --seed 1 --reference-dt-factor 0.5 --etas 1e-3 --iters 20 --beta 0.9,0.99 --save-frequency 1 --print-frequency 1 --warmup true --window-T 1.0 --window-N-obs 50 --window-start-policy random --windows-per-iter 1 --loss-normalization mean --window-seed 1 --run-name FOM_timing_per_iter_24_window_t-1.0__window_n_obs-50
[run_variable_fom_hpc] Julia entrypoint started
[run_variable_fom_hpc] Loading variable-window FOM helper code
[package-load] Loading LinearAlgebra
[package-load] Loaded LinearAlgebra
[package-load] Loading SparseArrays
[package-load] Loaded SparseArrays
[package-load] Loading Random
[package-load] Loaded Random
[package-load] Loading ComponentArrays
[package-load] Loaded ComponentArrays
[package-load] Loading LinearSolve
[package-load] Loaded LinearSolve
[package-load] Loading OrdinaryDiffEq
[package-load] Loaded OrdinaryDiffEq
[package-load] Loading OrdinaryDiffEqSDIRK
[package-load] Loaded OrdinaryDiffEqSDIRK
[package-load] Loading OrdinaryDiffEqLowOrderRK
[package-load] Loaded OrdinaryDiffEqLowOrderRK
[package-load] Loading SciMLSensitivity
[package-load] Loaded SciMLSensitivity
[package-load] Loading ADTypes
[package-load] Loaded ADTypes
[package-load] Loading Zygote
[package-load] Loaded Zygote
[package-load] Loading Enzyme
[package-load] Loaded Enzyme
[package-load] Loading Optimization
[package-load] Loaded Optimization
[package-load] Loading OptimizationOptimisers
[package-load] Loaded OptimizationOptimisers
[package-load] Loading OptimizationOptimJL
[package-load] Loaded OptimizationOptimJL
[package-load] Loading LineSearches
[package-load] Loaded LineSearches
[package-load] Loading Lux
[package-load] Loaded Lux
[package-load] Loading Functors
[package-load] Loaded Functors
[package-load] Loading Plots
[package-load] Loaded Plots
[package-load] Loading Dates
[package-load] Loaded Dates
[package-load] Loading Serialization
[package-load] Loaded Serialization
[package-load] Including integration_AC_hpc.jl
[package-load] Loading LinearAlgebra
[package-load] Loaded LinearAlgebra
[package-load] Loading SparseArrays
[package-load] Loaded SparseArrays
[package-load] Loading Random
[package-load] Loaded Random
[package-load] Loading ComponentArrays
[package-load] Loaded ComponentArrays
[package-load] Loading LinearSolve
[package-load] Loaded LinearSolve
[package-load] Loading OrdinaryDiffEq
[package-load] Loaded OrdinaryDiffEq
[package-load] Loading OrdinaryDiffEqSDIRK
[package-load] Loaded OrdinaryDiffEqSDIRK
[package-load] Loading OrdinaryDiffEqLowOrderRK
[package-load] Loaded OrdinaryDiffEqLowOrderRK
[package-load] Loading SciMLSensitivity
[package-load] Loaded SciMLSensitivity
[package-load] Loading ADTypes
[package-load] Loaded ADTypes
[package-load] Loading Zygote
[package-load] Loaded Zygote
[package-load] Loading Enzyme
[package-load] Loaded Enzyme
[package-load] Loading Optimization
[package-load] Loaded Optimization
[package-load] Loading OptimizationOptimisers
[package-load] Loaded OptimizationOptimisers
[package-load] Loading OptimizationOptimJL
[package-load] Loaded OptimizationOptimJL
[package-load] Loading LineSearches
[package-load] Loaded LineSearches
[package-load] Loading Lux
[package-load] Loaded Lux
[package-load] Loading Functors
[package-load] Loaded Functors
[package-load] Loading Plots
[package-load] Loaded Plots
[package-load] Included integration_AC_hpc.jl
[run_variable_fom_hpc] Loading HPC common code
[package-load] Loading LinearAlgebra
[package-load] Loaded LinearAlgebra
[package-load] Loading SparseArrays
[package-load] Loaded SparseArrays
[package-load] Loading ComponentArrays
[package-load] Loaded ComponentArrays
[package-load] Loading OrdinaryDiffEq
[package-load] Loaded OrdinaryDiffEq
[package-load] Loading OrdinaryDiffEqLowOrderRK
[package-load] Loaded OrdinaryDiffEqLowOrderRK
[package-load] Loading Optimization
[package-load] Loaded Optimization
[package-load] Loading Dates
[package-load] Loaded Dates
[run_variable_fom_hpc] Configuring HPC runtime
Julia version: 1.12.6
Host: node03
SLURM_JOB_ID: 2546
SLURM_ARRAY_TASK_ID: 4
Julia threads: 8
BLAS threads: 1
[run_variable_fom_hpc] Building Allen-Cahn reference solution
Reference solve: N=256, Δx=0.0038910505836575876, Δt=0.0003785068661145513, saved_times=5283
[run_variable_fom_hpc] Preparing FOM optimization problem
[run_variable_fom_hpc] Prepared variable-window FOM optimization parameters
  run_name = FOM_timing_per_iter_24_window_t-1.0__window_n_obs-50
  N = 256
  L = 1.0
  ε2 = 0.01
  k = 1.0
  tfinal = 2.0
  N_obs = 100
  h = 8
  seed = 1
  reference_dt_factor = 0.5
  reference_Δx = 0.0038910505836575876
  reference_Δt = 0.0003785068661145513
  reference_save_count = 5283
  etas = [0.001]
  iterations = [20]
  β = (0.9, 0.99)
  warmup = true
  save_frequency = 1
  print_frequency = 1
  window_T = [1.0]
  window_N_obs = [50]
  window_start_policy = SubString{String}["random"]
  windows_per_iter = [1]
  loss_normalization = mean
  window_seed = 1
  SLURM_JOB_ID = 2546
  SLURM_ARRAY_TASK_ID = 4
[run_variable_fom_hpc] Running variable-window FOM optimization
[run_variable_window_optimization] [2026-07-02 16:56:55] Optimization Params: eta = [0.001]; beta = (0.9, 0.99); N_iter = [20]; WINDOW_T = [1.0]; WINDOW_N_OBS = [50]; WINDOW_START_POLICY = ["random"]; WINDOWS_PER_ITER = [1]; loss_normalization = mean; total_iterations = 20; save_frequency = 1; print_frequency = 1; warmup = true
[run_variable_window_optimization] [2026-07-02 16:56:55] Warming up
[run_variable_window_optimization] [2026-07-02 16:58:59] Warmup complete
[run_variable_window_optimization] [2026-07-02 16:58:59] Beginning variable-window optimization
[run_variable_window_optimization] [2026-07-02 16:58:59] Stage 1 / 1 started: eta = 0.001; N_iter = 20; WINDOW_T = 1.0; WINDOW_N_OBS = 50; WINDOW_START_POLICY = random; WINDOWS_PER_ITER = 1
[run_variable_window_optimization] [2026-07-02 16:59:11] iteration = 1, loss = 0.027811985300261983, stage = 1, window_start = 0.09913970137863681, window_end = 1.0991397013786368, last iteration = 136.64 s
[run_variable_window_optimization] [2026-07-02 16:59:23] iteration = 2, loss = 0.02909113265930701, stage = 1, window_start = 0.7019797138879542, window_end = 1.7019797138879542, last iteration = 11.4 s
[run_variable_window_optimization] [2026-07-02 16:59:33] iteration = 3, loss = 0.02775883296953567, stage = 1, window_start = 0.503261785841856, window_end = 1.503261785841856, last iteration = 10.2 s
[run_variable_window_optimization] [2026-07-02 16:59:44] iteration = 4, loss = 0.027684227872327317, stage = 1, window_start = 0.8758412053070399, window_end = 1.87584120530704, last iteration = 10.6 s
[run_variable_window_optimization] [2026-07-02 16:59:54] iteration = 5, loss = 0.026958513521154703, stage = 1, window_start = 0.9534654118744876, window_end = 1.9534654118744876, last iteration = 10.16 s
[run_variable_window_optimization] [2026-07-02 17:00:04] iteration = 6, loss = 0.025265831431779108, stage = 1, window_start = 0.507810571056071, window_end = 1.507810571056071, last iteration = 10.17 s
[run_variable_window_optimization] [2026-07-02 17:00:14] iteration = 7, loss = 0.025076722148990767, stage = 1, window_start = 0.7897511635624404, window_end = 1.7897511635624404, last iteration = 9.77 s
[run_variable_window_optimization] [2026-07-02 17:00:24] iteration = 8, loss = 0.021862751651745248, stage = 1, window_start = 0.07125413261100788, window_end = 1.0712541326110079, last iteration = 10.18 s
[run_variable_window_optimization] [2026-07-02 17:00:34] iteration = 9, loss = 0.021473776087425886, stage = 1, window_start = 0.13837807897217225, window_end = 1.1383780789721722, last iteration = 10.0 s
[run_variable_window_optimization] [2026-07-02 17:00:43] iteration = 10, loss = 0.02177782033461022, stage = 1, window_start = 0.3931891799217675, window_end = 1.3931891799217675, last iteration = 9.59 s
[run_variable_window_optimization] [2026-07-02 17:00:53] iteration = 11, loss = 0.02017977759284982, stage = 1, window_start = 0.17773262714977278, window_end = 1.1777326271497728, last iteration = 9.72 s
[run_variable_window_optimization] [2026-07-02 17:01:02] iteration = 12, loss = 0.021332830041318317, stage = 1, window_start = 0.8441567419329088, window_end = 1.8441567419329088, last iteration = 9.21 s
[run_variable_window_optimization] [2026-07-02 17:01:12] iteration = 13, loss = 0.020574623989812576, stage = 1, window_start = 0.8222970067996656, window_end = 1.8222970067996656, last iteration = 9.21 s
[run_variable_window_optimization] [2026-07-02 17:01:21] iteration = 14, loss = 0.02008981551591148, stage = 1, window_start = 0.9794215255648107, window_end = 1.9794215255648107, last iteration = 9.23 s
[run_variable_window_optimization] [2026-07-02 17:01:30] iteration = 15, loss = 0.01939735249332807, stage = 1, window_start = 0.9819583226305431, window_end = 1.981958322630543, last iteration = 9.11 s
[run_variable_window_optimization] [2026-07-02 17:01:39] iteration = 16, loss = 0.018717474511183232, stage = 1, window_start = 0.982920141544912, window_end = 1.982920141544912, last iteration = 9.2 s
[run_variable_window_optimization] [2026-07-02 17:01:48] iteration = 17, loss = 0.017227686335707697, stage = 1, window_start = 0.5237241913656492, window_end = 1.5237241913656492, last iteration = 9.19 s
[run_variable_window_optimization] [2026-07-02 17:01:58] iteration = 18, loss = 0.016719702864857265, stage = 1, window_start = 0.5807966459998328, window_end = 1.5807966459998328, last iteration = 9.34 s
[run_variable_window_optimization] [2026-07-02 17:02:07] iteration = 19, loss = 0.01457253299549483, stage = 1, window_start = 0.1257606852986286, window_end = 1.1257606852986286, last iteration = 9.4 s
[run_variable_window_optimization] [2026-07-02 17:02:16] iteration = 20, loss = 0.014091425513754507, stage = 1, window_start = 0.1497231388373501, window_end = 1.1497231388373501, last iteration = 9.2 s
[run_variable_window_optimization] [2026-07-02 17:02:25] Stage 1 / 1 complete; validation_loss = 0.036262907157290546; elapsed = 206.43 s
[run_variable_fom_hpc] Saving variable-window FOM optimization data
Saved variable-window FOM output to: /home/mgantcher/Brookhaven/Research_Code/Optimization/Data/FOM_timing_per_iter_24_window_t-1.0__window_n_obs-50
Final full-trajectory loss: 0.036262907157290546
Final training-window loss: 0.014091425513754507
[Thu Jul  2 05:02:27 PM EDT 2026] Finished variable-window FOM training
[Thu Jul  2 05:02:27 PM EDT 2026] Worker 4 finished FOM_VARIABLE combination 24
