[Sat Jul  4 10:24:46 PM EDT 2026] Worker 0 starting ROM combination 0 / 4
Sweep file: /home/mgantcher/Brookhaven/Research_Code/Optimization/Data/Sweeps/tests/rom_test.txt
Run name: ROM_sweep_test_20260704_222411_0_window_t-0.05_0.2__batch_size-1_1
Combination label: window_t-0.05_0.2__batch_size-1_1
BATCH_SIZE=1,1
EPS2=1e-2
ETAS=1e-3,5e-4
H=8
ITERS=2,1
K=1.0
L=1.0
LOSS_NORMALIZATION=mean
M=3
N=32
N_OBS=8
PRINT_FREQUENCY=1
R=3
REFERENCE_DT_FACTOR=0.25
RUN_NAME=ROM_sweep_test_20260704_222411_0_window_t-0.05_0.2__batch_size-1_1
SAVE_FREQUENCY=1
SEED=1
SWEEP_COMBO_COUNT=4
SWEEP_COMBO_INDEX=0
SWEEP_COMBO_LABEL=window_t-0.05_0.2__batch_size-1_1
SWEEP_FILE=/home/mgantcher/Brookhaven/Research_Code/Optimization/Data/Sweeps/tests/rom_test.txt
SWEEP_TARGET=rom
SWEEP_TOTAL_COUNT=4
SWEEP_WORKER_COUNT=4
SWEEP_WORKER_INDEX=0
TFINAL=0.2
WARMUP=false
WINDOW_N_OBS=3,8
WINDOW_SEED=42
WINDOW_START_POLICY=random,beginning
WINDOW_T=0.05,0.2
[Sat Jul  4 10:24:46 PM EDT 2026] Starting ROM training on node03
[run_rom_hpc] Julia entrypoint started
[run_rom_hpc] Loading ROM helper code
[package-load] Loading LinearAlgebra
[package-load] Loaded LinearAlgebra
[package-load] Loading SparseArrays
[package-load] Loaded SparseArrays
[package-load] Loading Random
[package-load] Loaded Random
[package-load] Loading ComponentArrays
[package-load] Loaded ComponentArrays
[package-load] Loading OrdinaryDiffEq
[package-load] Loaded OrdinaryDiffEq
[package-load] Loading OrdinaryDiffEqSDIRK
[package-load] Loaded OrdinaryDiffEqSDIRK
[package-load] Loading SciMLSensitivity
[package-load] Loaded SciMLSensitivity
[package-load] Loading Optimization
[package-load] Loaded Optimization
[package-load] Loading OptimizationOptimisers
[package-load] Loaded OptimizationOptimisers
[package-load] Loading Lux
[package-load] Loaded Lux
[package-load] Loading Functors
[package-load] Loaded Functors
[package-load] Loading Dates
[package-load] Loaded Dates
[package-load] Loading Serialization
[package-load] Loaded Serialization
[package-load] Including integration_AC_hpc.jl
[package-load] Loading LinearAlgebra
[package-load] Loaded LinearAlgebra
[package-load] Loading SparseArrays
[package-load] Loaded SparseArrays
[package-load] Loading Random
[package-load] Loaded Random
[package-load] Loading ComponentArrays
[package-load] Loaded ComponentArrays
[package-load] Loading LinearSolve
[package-load] Loaded LinearSolve
[package-load] Loading OrdinaryDiffEq
[package-load] Loaded OrdinaryDiffEq
[package-load] Loading OrdinaryDiffEqSDIRK
[package-load] Loaded OrdinaryDiffEqSDIRK
[package-load] Loading OrdinaryDiffEqLowOrderRK
[package-load] Loaded OrdinaryDiffEqLowOrderRK
[package-load] Loading SciMLSensitivity
[package-load] Loaded SciMLSensitivity
[package-load] Loading ADTypes
[package-load] Loaded ADTypes
[package-load] Loading Zygote
[package-load] Loaded Zygote
[package-load] Loading Enzyme
[package-load] Loaded Enzyme
[package-load] Loading Optimization
[package-load] Loaded Optimization
[package-load] Loading OptimizationOptimisers
[package-load] Loaded OptimizationOptimisers
[package-load] Loading OptimizationOptimJL
[package-load] Loaded OptimizationOptimJL
[package-load] Loading LineSearches
[package-load] Loaded LineSearches
[package-load] Loading Lux
[package-load] Loaded Lux
[package-load] Loading Functors
[package-load] Loaded Functors
[package-load] Loading Plots
[package-load] Loaded Plots
[package-load] Included integration_AC_hpc.jl
[run_rom_hpc] Loading HPC common code
[package-load] Loading LinearAlgebra
[package-load] Loaded LinearAlgebra
[package-load] Loading SparseArrays
[package-load] Loaded SparseArrays
[package-load] Loading ComponentArrays
[package-load] Loaded ComponentArrays
[package-load] Loading OrdinaryDiffEq
[package-load] Loaded OrdinaryDiffEq
[package-load] Loading OrdinaryDiffEqLowOrderRK
[package-load] Loaded OrdinaryDiffEqLowOrderRK
[package-load] Loading Optimization
[package-load] Loaded Optimization
[package-load] Loading Dates
[package-load] Loaded Dates
[run_rom_hpc] Configuring HPC runtime
Julia version: 1.12.6
Host: node03
SLURM_JOB_ID: 2580
SLURM_ARRAY_TASK_ID: 0
Julia threads: 8
BLAS threads: 1
[run_rom_hpc] Building Allen-Cahn reference solution
Reference solve: N=32, Δx=0.030303030303030304, Δt=0.011478420569329661, saved_times=17
[run_rom_hpc] Building Laplacian matrix
[run_rom_hpc] Preparing ROM optimization problem
[run_rom_hpc] Prepared ROM optimization parameters
  run_name = ROM_sweep_test_20260704_222411_0_window_t-0.05_0.2__batch_size-1_1
  N = 32
  L = 1.0
  ε2 = 0.01
  k = 1.0
  tfinal = 0.2
  N_obs = 8
  r = 3
  m = 3
  h = 8
  seed = 1
  reference_dt_factor = 0.25
  reference_Δx = 0.030303030303030304
  reference_Δt = 0.011478420569329661
  reference_save_count = 17
  etas = [0.001, 0.0005]
  iterations = [2, 1]
  window_T = [0.05, 0.2]
  window_N_obs = [3, 8]
  window_start_policy = SubString{String}["random", "beginning"]
  batch_size = [1, 1]
  loss_normalization = mean
  window_seed = 42
  β = (0.9, 0.99)
  warmup = false
  save_frequency = 1
  print_frequency = 1
  SLURM_JOB_ID = 2580
  SLURM_ARRAY_TASK_ID = 0
[run_rom_hpc] Running ROM optimization
[run_variable_window_ROM_optimization] [2026-07-04 22:25:20] Optimization Params: eta = [0.001, 0.0005]; beta = (0.9, 0.99); N_iter = [2, 1]; window_T = [0.05, 0.2]; window_N_obs = [3, 8]; window_start_policy = SubString{String}["random", "beginning"]; batch_size = [1, 1]; loss_normalization = mean; total_iterations = 3
[run_variable_window_ROM_optimization] [2026-07-04 22:25:20] Stage 1 / 2 started: eta = 0.001; N_iter = 2; window_T = 0.05; window_N_obs = 3; window_start_policy = random; batch_size = 1
[run_variable_window_ROM_optimization] [2026-07-04 22:28:11] iteration = 1, loss = 7.982541771024758e-5, stage = 1, window_start = 0.10662358010151697, window_end = 0.15662358010151697, last iteration = 170.64 s
[run_variable_window_ROM_optimization] [2026-07-04 22:28:11] iteration = 2, loss = 6.163373986969264e-5, stage = 1, window_start = 0.009672787664749006, window_end = 0.05967278766474901, last iteration = 0.58 s
[run_variable_window_ROM_optimization] [2026-07-04 22:28:11] Stage 1 / 2 complete; validation_loss = 0.0007497880088860935; elapsed = 171.12 s
[run_variable_window_ROM_optimization] [2026-07-04 22:28:11] Stage 2 / 2 started: eta = 0.0005; N_iter = 1; window_T = 0.2; window_N_obs = 8; window_start_policy = beginning; batch_size = 1
[run_variable_window_ROM_optimization] [2026-07-04 22:28:11] iteration = 3, loss = 0.0007497880088860935, stage = 2, window_start = 0.0, window_end = 0.2, last iteration = 0.12 s
[run_variable_window_ROM_optimization] [2026-07-04 22:28:11] Stage 2 / 2 complete; validation_loss = 0.0007497880088860935; elapsed = 0.01 s
[run_rom_hpc] Saving ROM optimization data
Saved ROM output to: /home/mgantcher/Brookhaven/Research_Code/Optimization/Data/ROM_sweep_test_20260704_222411_0_window_t-0.05_0.2__batch_size-1_1
Final full-trajectory loss: 0.0007497880088860935
Final training-window loss: 0.0007497880088860935
[Sat Jul  4 10:28:14 PM EDT 2026] Finished ROM training
[Sat Jul  4 10:28:14 PM EDT 2026] Worker 0 finished ROM combination 0
