[Tue Jul  7 10:23:35 AM EDT 2026] Worker 11 starting FOM combination 11 / 30
Sweep file: /home/mgantcher/Brookhaven/Research_Code/Optimization/Data/Sweeps/FOM_hyperparam_opt/00_timing_scaling.txt
Run name: FOM_timing_per_iter_accel_11_window_t-0.25__window_n_obs-5
Combination label: window_t-0.25__window_n_obs-5
ETAS=1e-3
ITERS=100
N_OBS=100
PRINT_FREQUENCY=1
RUN_NAME=FOM_timing_per_iter_accel_11_window_t-0.25__window_n_obs-5
SAVE_FREQUENCY=100000
SWEEP_COMBO_COUNT=30
SWEEP_COMBO_INDEX=11
SWEEP_COMBO_LABEL=window_t-0.25__window_n_obs-5
SWEEP_FILE=/home/mgantcher/Brookhaven/Research_Code/Optimization/Data/Sweeps/FOM_hyperparam_opt/00_timing_scaling.txt
SWEEP_TARGET=fom
SWEEP_TOTAL_COUNT=30
SWEEP_WORKER_COUNT=20
SWEEP_WORKER_INDEX=11
WARMUP=true
WINDOW_N_OBS=5
WINDOW_START_POLICY=random
WINDOW_T=0.25
[Tue Jul  7 10:23:35 AM EDT 2026] Starting FOM training on node05
[run_fom_hpc] Julia entrypoint started
[run_fom_hpc] Loading integration helper code
[package-load] Loading LinearAlgebra
[package-load] Loaded LinearAlgebra
[package-load] Loading SparseArrays
[package-load] Loaded SparseArrays
[package-load] Loading Random
[package-load] Loaded Random
[package-load] Loading ComponentArrays
[package-load] Loaded ComponentArrays
[package-load] Loading LinearSolve
[package-load] Loaded LinearSolve
[package-load] Loading OrdinaryDiffEq
[package-load] Loaded OrdinaryDiffEq
[package-load] Loading OrdinaryDiffEqSDIRK
[package-load] Loaded OrdinaryDiffEqSDIRK
[package-load] Loading OrdinaryDiffEqLowOrderRK
[package-load] Loaded OrdinaryDiffEqLowOrderRK
[package-load] Loading SciMLSensitivity
[package-load] Loaded SciMLSensitivity
[package-load] Loading ADTypes
[package-load] Loaded ADTypes
[package-load] Loading Zygote
[package-load] Loaded Zygote
[package-load] Loading Enzyme
[package-load] Loaded Enzyme
[package-load] Loading Optimization
[package-load] Loaded Optimization
[package-load] Loading OptimizationOptimisers
[package-load] Loaded OptimizationOptimisers
[package-load] Loading OptimizationOptimJL
[package-load] Loaded OptimizationOptimJL
[package-load] Loading LineSearches
[package-load] Loaded LineSearches
[package-load] Loading Lux
[package-load] Loaded Lux
[package-load] Loading Functors
[package-load] Loaded Functors
[package-load] Loading Plots
[package-load] Loaded Plots
[run_fom_hpc] Loading FOM helper code
[package-load] Loading LinearAlgebra
[package-load] Loaded LinearAlgebra
[package-load] Loading SparseArrays
[package-load] Loaded SparseArrays
[package-load] Loading Random
[package-load] Loaded Random
[package-load] Loading ComponentArrays
[package-load] Loaded ComponentArrays
[package-load] Loading LinearSolve
[package-load] Loaded LinearSolve
[package-load] Loading OrdinaryDiffEq
[package-load] Loaded OrdinaryDiffEq
[package-load] Loading OrdinaryDiffEqSDIRK
[package-load] Loaded OrdinaryDiffEqSDIRK
[package-load] Loading OrdinaryDiffEqLowOrderRK
[package-load] Loaded OrdinaryDiffEqLowOrderRK
[package-load] Loading SciMLSensitivity
[package-load] Loaded SciMLSensitivity
[package-load] Loading ADTypes
[package-load] Loaded ADTypes
[package-load] Loading Zygote
[package-load] Loaded Zygote
[package-load] Loading Enzyme
[package-load] Loaded Enzyme
[package-load] Loading Optimization
[package-load] Loaded Optimization
[package-load] Loading OptimizationOptimisers
[package-load] Loaded OptimizationOptimisers
[package-load] Loading OptimizationOptimJL
[package-load] Loaded OptimizationOptimJL
[package-load] Loading LineSearches
[package-load] Loaded LineSearches
[package-load] Loading Lux
[package-load] Loaded Lux
[package-load] Loading Functors
[package-load] Loaded Functors
[package-load] Loading Plots
[package-load] Loaded Plots
[package-load] Loading Dates
[package-load] Loaded Dates
[package-load] Loading Serialization
[package-load] Loaded Serialization
[package-load] Including integration_AC_hpc.jl
[package-load] Loading LinearAlgebra
[package-load] Loaded LinearAlgebra
[package-load] Loading SparseArrays
[package-load] Loaded SparseArrays
[package-load] Loading Random
[package-load] Loaded Random
[package-load] Loading ComponentArrays
[package-load] Loaded ComponentArrays
[package-load] Loading LinearSolve
[package-load] Loaded LinearSolve
[package-load] Loading OrdinaryDiffEq
[package-load] Loaded OrdinaryDiffEq
[package-load] Loading OrdinaryDiffEqSDIRK
[package-load] Loaded OrdinaryDiffEqSDIRK
[package-load] Loading OrdinaryDiffEqLowOrderRK
[package-load] Loaded OrdinaryDiffEqLowOrderRK
[package-load] Loading SciMLSensitivity
[package-load] Loaded SciMLSensitivity
[package-load] Loading ADTypes
[package-load] Loaded ADTypes
[package-load] Loading Zygote
[package-load] Loaded Zygote
[package-load] Loading Enzyme
[package-load] Loaded Enzyme
[package-load] Loading Optimization
[package-load] Loaded Optimization
[package-load] Loading OptimizationOptimisers
[package-load] Loaded OptimizationOptimisers
[package-load] Loading OptimizationOptimJL
[package-load] Loaded OptimizationOptimJL
[package-load] Loading LineSearches
[package-load] Loaded LineSearches
[package-load] Loading Lux
[package-load] Loaded Lux
[package-load] Loading Functors
[package-load] Loaded Functors
[package-load] Loading Plots
[package-load] Loaded Plots
[package-load] Included integration_AC_hpc.jl
[run_fom_hpc] Loading HPC common code
[package-load] Loading LinearAlgebra
[package-load] Loaded LinearAlgebra
[package-load] Loading SparseArrays
[package-load] Loaded SparseArrays
[package-load] Loading ComponentArrays
[package-load] Loaded ComponentArrays
[package-load] Loading OrdinaryDiffEq
[package-load] Loaded OrdinaryDiffEq
[package-load] Loading OrdinaryDiffEqLowOrderRK
[package-load] Loaded OrdinaryDiffEqLowOrderRK
[package-load] Loading Optimization
[package-load] Loaded Optimization
[package-load] Loading Dates
[package-load] Loaded Dates
[run_fom_hpc] Configuring HPC runtime
Julia version: 1.12.6
Host: node05
SLURM_JOB_ID: 2602
SLURM_ARRAY_TASK_ID: 11
Julia threads: 8
BLAS threads: 1
[run_fom_hpc] Building Allen-Cahn reference solution
Reference solve: N=256, Δx=0.0038910505836575876, Δt=0.0003785068661145513, saved_times=5283
[run_fom_hpc] Preparing FOM optimization problem
[run_fom_hpc] Prepared FOM optimization parameters
  run_name = FOM_timing_per_iter_accel_11_window_t-0.25__window_n_obs-5
  N = 256
  L = 1.0
  ε2 = 0.01
  k = 1.0
  tfinal = 2.0
  N_obs = 100
  h = 8
  seed = 1
  reference_dt_factor = 0.5
  reference_Δx = 0.0038910505836575876
  reference_Δt = 0.0003785068661145513
  reference_save_count = 5283
  etas = [0.001]
  iterations = [100]
  window_T = [0.25]
  window_N_obs = [5]
  window_start_policy = SubString{String}["random"]
  batch_size = [1]
  loss_normalization = mean
  window_seed = 1
  β = (0.9, 0.99)
  warmup = true
  save_frequency = 100000
  print_frequency = 1
  SLURM_JOB_ID = 2602
  SLURM_ARRAY_TASK_ID = 11
[run_fom_hpc] Running FOM optimization
[run_variable_window_optimization] [2026-07-07 10:24:34] Optimization Params: eta = [0.001]; beta = (0.9, 0.99); N_iter = [100]; window_T = [0.25]; window_N_obs = [5]; window_start_policy = SubString{String}["random"]; batch_size = [1]; loss_normalization = mean; total_iterations = 100
[run_variable_window_optimization] [2026-07-07 10:24:34] Warming up
[run_variable_window_optimization] [2026-07-07 10:28:03] Warmup complete
[run_variable_window_optimization] [2026-07-07 10:28:03] Stage 1 / 1 started: eta = 0.001; N_iter = 100; window_T = 0.25; window_N_obs = 5; window_start_policy = random; batch_size = 1
[run_variable_window_optimization] [2026-07-07 10:28:04] iteration = 1, loss = 0.0033324424966250875, stage = 1, window_start = 0.17349447741261442, window_end = 0.4234944774126144, last iteration = 210.76 s
[run_variable_window_optimization] [2026-07-07 10:28:05] iteration = 2, loss = 0.0036773079317984634, stage = 1, window_start = 1.2284644993039198, window_end = 1.4784644993039198, last iteration = 0.58 s
[run_variable_window_optimization] [2026-07-07 10:28:05] iteration = 3, loss = 0.0034867463082657404, stage = 1, window_start = 0.880708125223248, window_end = 1.130708125223248, last iteration = 0.04 s
[run_variable_window_optimization] [2026-07-07 10:28:05] iteration = 4, loss = 0.003482937077150903, stage = 1, window_start = 1.5327221092873198, window_end = 1.7827221092873198, last iteration = 0.02 s
[run_variable_window_optimization] [2026-07-07 10:28:05] iteration = 5, loss = 0.0033822448210450115, stage = 1, window_start = 1.6685644707803533, window_end = 1.9185644707803533, last iteration = 0.05 s
[run_variable_window_optimization] [2026-07-07 10:28:05] iteration = 6, loss = 0.003151971046366079, stage = 1, window_start = 0.8886684993481242, window_end = 1.1386684993481242, last iteration = 0.02 s
[run_variable_window_optimization] [2026-07-07 10:28:05] iteration = 7, loss = 0.003134616051894432, stage = 1, window_start = 1.3820645362342705, window_end = 1.6320645362342705, last iteration = 0.03 s
[run_variable_window_optimization] [2026-07-07 10:28:05] iteration = 8, loss = 0.0025250478396096616, stage = 1, window_start = 0.12469473206926379, window_end = 0.3746947320692638, last iteration = 0.02 s
[run_variable_window_optimization] [2026-07-07 10:28:05] iteration = 9, loss = 0.0025359896722688957, stage = 1, window_start = 0.24216163820130143, window_end = 0.49216163820130143, last iteration = 0.03 s
[run_variable_window_optimization] [2026-07-07 10:28:05] iteration = 10, loss = 0.0026779617939455005, stage = 1, window_start = 0.6880810648630931, window_end = 0.9380810648630931, last iteration = 0.02 s
[run_variable_window_optimization] [2026-07-07 10:28:05] iteration = 11, loss = 0.002396803859254886, stage = 1, window_start = 0.31103209751210237, window_end = 0.5610320975121024, last iteration = 0.03 s
[run_variable_window_optimization] [2026-07-07 10:28:05] iteration = 12, loss = 0.002643812709499219, stage = 1, window_start = 1.4772742983825904, window_end = 1.7272742983825904, last iteration = 0.02 s
[run_variable_window_optimization] [2026-07-07 10:28:05] iteration = 13, loss = 0.002546830145620178, stage = 1, window_start = 1.4390197618994147, window_end = 1.6890197618994147, last iteration = 0.03 s
[run_variable_window_optimization] [2026-07-07 10:28:05] iteration = 14, loss = 0.002480689253200905, stage = 1, window_start = 1.7139876697384187, window_end = 1.9639876697384187, last iteration = 0.02 s
[run_variable_window_optimization] [2026-07-07 10:28:05] iteration = 15, loss = 0.0023924797653218236, stage = 1, window_start = 1.7184270646034503, window_end = 1.9684270646034503, last iteration = 0.03 s
[run_variable_window_optimization] [2026-07-07 10:28:05] iteration = 16, loss = 0.0023063591596439313, stage = 1, window_start = 1.720110247703596, window_end = 1.970110247703596, last iteration = 0.02 s
[run_variable_window_optimization] [2026-07-07 10:28:05] iteration = 17, loss = 0.002116585182992961, stage = 1, window_start = 0.9165173348898861, window_end = 1.166517334889886, last iteration = 0.03 s
[run_variable_window_optimization] [2026-07-07 10:28:05] iteration = 18, loss = 0.00205683729384512, stage = 1, window_start = 1.0163941304997075, window_end = 1.2663941304997075, last iteration = 0.02 s
[run_variable_window_optimization] [2026-07-07 10:28:05] iteration = 19, loss = 0.0016743532939880082, stage = 1, window_start = 0.22008119927260006, window_end = 0.47008119927260006, last iteration = 0.03 s
[run_variable_window_optimization] [2026-07-07 10:28:05] iteration = 20, loss = 0.0016317588933354187, stage = 1, window_start = 0.2620154929653627, window_end = 0.5120154929653626, last iteration = 0.03 s
[run_variable_window_optimization] [2026-07-07 10:28:06] iteration = 21, loss = 0.001891882625886357, stage = 1, window_start = 1.4843945177571314, window_end = 1.7343945177571314, last iteration = 0.02 s
[run_variable_window_optimization] [2026-07-07 10:28:06] iteration = 22, loss = 0.0017724324910966566, stage = 1, window_start = 1.0971983296310397, window_end = 1.3471983296310397, last iteration = 0.03 s
[run_variable_window_optimization] [2026-07-07 10:28:06] iteration = 23, loss = 0.001766599793417311, stage = 1, window_start = 1.6905924639654812, window_end = 1.9405924639654812, last iteration = 0.02 s
[run_variable_window_optimization] [2026-07-07 10:28:06] iteration = 24, loss = 0.0016851123280041517, stage = 1, window_start = 1.5146441647197533, window_end = 1.7646441647197533, last iteration = 0.03 s
[run_variable_window_optimization] [2026-07-07 10:28:06] iteration = 25, loss = 0.001613012924115698, stage = 1, window_start = 1.444210652323156, window_end = 1.694210652323156, last iteration = 0.02 s
