[Tue Jul  7 08:22:07 PM EDT 2026] Worker 7 starting FOM combination 7 / 90
Sweep file: /home/mgantcher/Brookhaven/Research_Code/Optimization/Data/Sweeps/FOM_hyperparam_opt/01_mooncake_true_hpo_90_cases.txt
Run name: FOM_true_hpo_mooncake_90_7_008_fast10m_w_2p0_2p0_2p0__obs_2_5_10__eta_0.01_0.003_0.001__b_1_1_1
Combination label: 008_fast10m_w_2p0_2p0_2p0__obs_2_5_10__eta_0.01_0.003_0.001__b_1_1_1
BATCH_SIZE=1,1,1
ETAS=0.01,0.003,0.001
H=8
ITERS=1424,1790,2349
LOSS_NORMALIZATION=mean
N=256
N_OBS=100
PRINT_FREQUENCY=250
RUN_NAME=FOM_true_hpo_mooncake_90_7_008_fast10m_w_2p0_2p0_2p0__obs_2_5_10__eta_0.01_0.003_0.001__b_1_1_1
SAVE_FREQUENCY=100000
SEED=1
SWEEP_COMBO_COUNT=90
SWEEP_COMBO_INDEX=7
SWEEP_COMBO_LABEL=008_fast10m_w_2p0_2p0_2p0__obs_2_5_10__eta_0.01_0.003_0.001__b_1_1_1
SWEEP_FILE=/home/mgantcher/Brookhaven/Research_Code/Optimization/Data/Sweeps/FOM_hyperparam_opt/01_mooncake_true_hpo_90_cases.txt
SWEEP_TARGET=fom
SWEEP_TOTAL_COUNT=90
SWEEP_WORKER_COUNT=12
SWEEP_WORKER_INDEX=7
TFINAL=2.0
WARMUP=true
WINDOW_N_OBS=2,5,10
WINDOW_SEED=1
WINDOW_START_POLICY=random,random,random
WINDOW_T=2.0,2.0,2.0
[Tue Jul  7 08:35:05 PM EDT 2026] Worker 7 finished FOM combination 7
[Tue Jul  7 08:35:05 PM EDT 2026] Worker 7 starting FOM combination 19 / 90
Sweep file: /home/mgantcher/Brookhaven/Research_Code/Optimization/Data/Sweeps/FOM_hyperparam_opt/01_mooncake_true_hpo_90_cases.txt
Run name: FOM_true_hpo_mooncake_90_19_020_fast10m_w_0p1_1p0_2p0__obs_2_5_10__eta_0.01_0.003_0.001__b_1_1_1
Combination label: 020_fast10m_w_0p1_1p0_2p0__obs_2_5_10__eta_0.01_0.003_0.001__b_1_1_1
BATCH_SIZE=1,1,1
ETAS=0.01,0.003,0.001
H=8
ITERS=1995,2048,2349
LOSS_NORMALIZATION=mean
N=256
N_OBS=100
PRINT_FREQUENCY=250
RUN_NAME=FOM_true_hpo_mooncake_90_19_020_fast10m_w_0p1_1p0_2p0__obs_2_5_10__eta_0.01_0.003_0.001__b_1_1_1
SAVE_FREQUENCY=100000
SEED=1
SWEEP_COMBO_COUNT=90
SWEEP_COMBO_INDEX=19
SWEEP_COMBO_LABEL=020_fast10m_w_0p1_1p0_2p0__obs_2_5_10__eta_0.01_0.003_0.001__b_1_1_1
SWEEP_FILE=/home/mgantcher/Brookhaven/Research_Code/Optimization/Data/Sweeps/FOM_hyperparam_opt/01_mooncake_true_hpo_90_cases.txt
SWEEP_TARGET=fom
SWEEP_TOTAL_COUNT=90
SWEEP_WORKER_COUNT=12
SWEEP_WORKER_INDEX=7
TFINAL=2.0
WARMUP=true
WINDOW_N_OBS=2,5,10
WINDOW_SEED=1
WINDOW_START_POLICY=random,random,random
WINDOW_T=0.1,1.0,2.0
[Tue Jul  7 08:45:16 PM EDT 2026] Worker 7 finished FOM combination 19
[Tue Jul  7 08:45:16 PM EDT 2026] Worker 7 starting FOM combination 31 / 90
Sweep file: /home/mgantcher/Brookhaven/Research_Code/Optimization/Data/Sweeps/FOM_hyperparam_opt/01_mooncake_true_hpo_90_cases.txt
Run name: FOM_true_hpo_mooncake_90_31_032_medium30m_w_1p0_1p0_1p0__obs_5_10_25__eta_0.01_0.003_0.001__b_1_1_1
Combination label: 032_medium30m_w_1p0_1p0_1p0__obs_5_10_25__eta_0.01_0.003_0.001__b_1_1_1
BATCH_SIZE=1,1,1
ETAS=0.01,0.003,0.001
H=8
ITERS=4097,4695,4581
LOSS_NORMALIZATION=mean
N=256
N_OBS=100
PRINT_FREQUENCY=250
RUN_NAME=FOM_true_hpo_mooncake_90_31_032_medium30m_w_1p0_1p0_1p0__obs_5_10_25__eta_0.01_0.003_0.001__b_1_1_1
SAVE_FREQUENCY=100000
SEED=1
SWEEP_COMBO_COUNT=90
SWEEP_COMBO_INDEX=31
SWEEP_COMBO_LABEL=032_medium30m_w_1p0_1p0_1p0__obs_5_10_25__eta_0.01_0.003_0.001__b_1_1_1
SWEEP_FILE=/home/mgantcher/Brookhaven/Research_Code/Optimization/Data/Sweeps/FOM_hyperparam_opt/01_mooncake_true_hpo_90_cases.txt
SWEEP_TARGET=fom
SWEEP_TOTAL_COUNT=90
SWEEP_WORKER_COUNT=12
SWEEP_WORKER_INDEX=7
TFINAL=2.0
WARMUP=true
WINDOW_N_OBS=5,10,25
WINDOW_SEED=1
WINDOW_START_POLICY=random,random,random
WINDOW_T=1.0,1.0,1.0
[Tue Jul  7 09:12:56 PM EDT 2026] Worker 7 finished FOM combination 31
[Tue Jul  7 09:12:56 PM EDT 2026] Worker 7 starting FOM combination 43 / 90
Sweep file: /home/mgantcher/Brookhaven/Research_Code/Optimization/Data/Sweeps/FOM_hyperparam_opt/01_mooncake_true_hpo_90_cases.txt
Run name: FOM_true_hpo_mooncake_90_43_044_medium30m_w_0p05_1p0_2p0__obs_5_10_25__eta_0.01_0.003_0.001__b_1_1_1
Combination label: 044_medium30m_w_0p05_1p0_2p0__obs_5_10_25__eta_0.01_0.003_0.001__b_1_1_1
BATCH_SIZE=1,1,1
ETAS=0.01,0.003,0.001
H=8
ITERS=4750,4695,4303
LOSS_NORMALIZATION=mean
N=256
N_OBS=100
PRINT_FREQUENCY=250
RUN_NAME=FOM_true_hpo_mooncake_90_43_044_medium30m_w_0p05_1p0_2p0__obs_5_10_25__eta_0.01_0.003_0.001__b_1_1_1
SAVE_FREQUENCY=100000
SEED=1
SWEEP_COMBO_COUNT=90
SWEEP_COMBO_INDEX=43
SWEEP_COMBO_LABEL=044_medium30m_w_0p05_1p0_2p0__obs_5_10_25__eta_0.01_0.003_0.001__b_1_1_1
SWEEP_FILE=/home/mgantcher/Brookhaven/Research_Code/Optimization/Data/Sweeps/FOM_hyperparam_opt/01_mooncake_true_hpo_90_cases.txt
SWEEP_TARGET=fom
SWEEP_TOTAL_COUNT=90
SWEEP_WORKER_COUNT=12
SWEEP_WORKER_INDEX=7
TFINAL=2.0
WARMUP=true
WINDOW_N_OBS=5,10,25
WINDOW_SEED=1
WINDOW_START_POLICY=random,random,random
WINDOW_T=0.05,1.0,2.0
[Tue Jul  7 09:38:03 PM EDT 2026] Worker 7 finished FOM combination 43
[Tue Jul  7 09:38:03 PM EDT 2026] Worker 7 starting FOM combination 55 / 90
Sweep file: /home/mgantcher/Brookhaven/Research_Code/Optimization/Data/Sweeps/FOM_hyperparam_opt/01_mooncake_true_hpo_90_cases.txt
Run name: FOM_true_hpo_mooncake_90_55_056_medium30m_w_0p05_0p5_2p0__obs_5_10_25__eta_0.01_0.003_0.001__b_1_1_1
Combination label: 056_medium30m_w_0p05_0p5_2p0__obs_5_10_25__eta_0.01_0.003_0.001__b_1_1_1
BATCH_SIZE=1,1,1
ETAS=0.01,0.003,0.001
H=8
ITERS=4750,4970,4303
LOSS_NORMALIZATION=mean
N=256
N_OBS=100
PRINT_FREQUENCY=250
RUN_NAME=FOM_true_hpo_mooncake_90_55_056_medium30m_w_0p05_0p5_2p0__obs_5_10_25__eta_0.01_0.003_0.001__b_1_1_1
SAVE_FREQUENCY=100000
SEED=1
SWEEP_COMBO_COUNT=90
SWEEP_COMBO_INDEX=55
SWEEP_COMBO_LABEL=056_medium30m_w_0p05_0p5_2p0__obs_5_10_25__eta_0.01_0.003_0.001__b_1_1_1
SWEEP_FILE=/home/mgantcher/Brookhaven/Research_Code/Optimization/Data/Sweeps/FOM_hyperparam_opt/01_mooncake_true_hpo_90_cases.txt
SWEEP_TARGET=fom
SWEEP_TOTAL_COUNT=90
SWEEP_WORKER_COUNT=12
SWEEP_WORKER_INDEX=7
TFINAL=2.0
WARMUP=true
WINDOW_N_OBS=5,10,25
WINDOW_SEED=1
WINDOW_START_POLICY=random,random,random
WINDOW_T=0.05,0.5,2.0
[Tue Jul  7 10:02:36 PM EDT 2026] Worker 7 finished FOM combination 55
[Tue Jul  7 10:02:36 PM EDT 2026] Worker 7 starting FOM combination 67 / 90
Sweep file: /home/mgantcher/Brookhaven/Research_Code/Optimization/Data/Sweeps/FOM_hyperparam_opt/01_mooncake_true_hpo_90_cases.txt
Run name: FOM_true_hpo_mooncake_90_67_068_batch30m_w_0p05_1p0_2p0__obs_2_5_10__eta_0.003_0.001_0.0003__b_2_2_2
Combination label: 068_batch30m_w_0p05_1p0_2p0__obs_2_5_10__eta_0.003_0.001_0.0003__b_2_2_2
BATCH_SIZE=2,2,2
ETAS=0.003,0.001,0.0003
H=8
ITERS=3025,3073,3523
LOSS_NORMALIZATION=mean
N=256
N_OBS=100
PRINT_FREQUENCY=250
RUN_NAME=FOM_true_hpo_mooncake_90_67_068_batch30m_w_0p05_1p0_2p0__obs_2_5_10__eta_0.003_0.001_0.0003__b_2_2_2
SAVE_FREQUENCY=100000
SEED=1
SWEEP_COMBO_COUNT=90
SWEEP_COMBO_INDEX=67
SWEEP_COMBO_LABEL=068_batch30m_w_0p05_1p0_2p0__obs_2_5_10__eta_0.003_0.001_0.0003__b_2_2_2
SWEEP_FILE=/home/mgantcher/Brookhaven/Research_Code/Optimization/Data/Sweeps/FOM_hyperparam_opt/01_mooncake_true_hpo_90_cases.txt
SWEEP_TARGET=fom
SWEEP_TOTAL_COUNT=90
SWEEP_WORKER_COUNT=12
SWEEP_WORKER_INDEX=7
TFINAL=2.0
WARMUP=true
WINDOW_N_OBS=2,5,10
WINDOW_SEED=1
WINDOW_START_POLICY=random,random,random
WINDOW_T=0.05,1.0,2.0
[Tue Jul  7 10:24:18 PM EDT 2026] Worker 7 finished FOM combination 67
[Tue Jul  7 10:24:18 PM EDT 2026] Worker 7 starting FOM combination 79 / 90
Sweep file: /home/mgantcher/Brookhaven/Research_Code/Optimization/Data/Sweeps/FOM_hyperparam_opt/01_mooncake_true_hpo_90_cases.txt
Run name: FOM_true_hpo_mooncake_90_79_080_long60m_w_2p0_2p0_2p0__obs_10_25_50__eta_0.003_0.001_0.0003__b_1_1_1
Combination label: 080_long60m_w_2p0_2p0_2p0__obs_10_25_50__eta_0.003_0.001_0.0003__b_1_1_1
BATCH_SIZE=1,1,1
ETAS=0.003,0.001,0.0003
H=8
ITERS=5638,5163,5218
LOSS_NORMALIZATION=mean
N=256
N_OBS=100
PRINT_FREQUENCY=250
RUN_NAME=FOM_true_hpo_mooncake_90_79_080_long60m_w_2p0_2p0_2p0__obs_10_25_50__eta_0.003_0.001_0.0003__b_1_1_1
SAVE_FREQUENCY=100000
SEED=1
SWEEP_COMBO_COUNT=90
SWEEP_COMBO_INDEX=79
SWEEP_COMBO_LABEL=080_long60m_w_2p0_2p0_2p0__obs_10_25_50__eta_0.003_0.001_0.0003__b_1_1_1
SWEEP_FILE=/home/mgantcher/Brookhaven/Research_Code/Optimization/Data/Sweeps/FOM_hyperparam_opt/01_mooncake_true_hpo_90_cases.txt
SWEEP_TARGET=fom
SWEEP_TOTAL_COUNT=90
SWEEP_WORKER_COUNT=12
SWEEP_WORKER_INDEX=7
TFINAL=2.0
WARMUP=true
WINDOW_N_OBS=10,25,50
WINDOW_SEED=1
WINDOW_START_POLICY=random,random,random
WINDOW_T=2.0,2.0,2.0
[Tue Jul  7 11:18:30 PM EDT 2026] Worker 7 finished FOM combination 79
