[Thu Jul  2 05:00:07 PM EDT 2026] Worker 17 starting FOM_VARIABLE combination 17 / 30
Sweep file: /home/mgantcher/Brookhaven/Research_Code/Optimization/Data/Sweeps/FOM_hyperparam_opt/00_timing_scaling.txt
Run name: FOM_timing_per_iter_17_window_t-0.5__window_n_obs-10
Combination label: window_t-0.5__window_n_obs-10
ETAS=1e-3
ITERS=20
N_OBS=100
PRINT_FREQUENCY=1
RUN_NAME=FOM_timing_per_iter_17_window_t-0.5__window_n_obs-10
SAVE_FREQUENCY=1
SWEEP_COMBO_COUNT=30
SWEEP_COMBO_INDEX=17
SWEEP_COMBO_LABEL=window_t-0.5__window_n_obs-10
SWEEP_FILE=/home/mgantcher/Brookhaven/Research_Code/Optimization/Data/Sweeps/FOM_hyperparam_opt/00_timing_scaling.txt
SWEEP_TARGET=fom_variable
SWEEP_TOTAL_COUNT=30
SWEEP_WORKER_COUNT=20
SWEEP_WORKER_INDEX=17
WINDOW_N_OBS=10
WINDOW_START_POLICY=random
WINDOW_T=0.5
[Thu Jul  2 05:00:07 PM EDT 2026] Starting variable-window FOM training on node05
Variable-window args: --N 256 --L 1.0 --eps2 1e-2 --k 1.0 --tfinal 2.0 --N-obs 100 --h 8 --seed 1 --reference-dt-factor 0.5 --etas 1e-3 --iters 20 --beta 0.9,0.99 --save-frequency 1 --print-frequency 1 --warmup true --window-T 0.5 --window-N-obs 10 --window-start-policy random --windows-per-iter 1 --loss-normalization mean --window-seed 1 --run-name FOM_timing_per_iter_17_window_t-0.5__window_n_obs-10
[run_variable_fom_hpc] Julia entrypoint started
[run_variable_fom_hpc] Loading variable-window FOM helper code
[package-load] Loading LinearAlgebra
[package-load] Loaded LinearAlgebra
[package-load] Loading SparseArrays
[package-load] Loaded SparseArrays
[package-load] Loading Random
[package-load] Loaded Random
[package-load] Loading ComponentArrays
[package-load] Loaded ComponentArrays
[package-load] Loading LinearSolve
[package-load] Loaded LinearSolve
[package-load] Loading OrdinaryDiffEq
[package-load] Loaded OrdinaryDiffEq
[package-load] Loading OrdinaryDiffEqSDIRK
[package-load] Loaded OrdinaryDiffEqSDIRK
[package-load] Loading OrdinaryDiffEqLowOrderRK
[package-load] Loaded OrdinaryDiffEqLowOrderRK
[package-load] Loading SciMLSensitivity
[package-load] Loaded SciMLSensitivity
[package-load] Loading ADTypes
[package-load] Loaded ADTypes
[package-load] Loading Zygote
[package-load] Loaded Zygote
[package-load] Loading Enzyme
[package-load] Loaded Enzyme
[package-load] Loading Optimization
[package-load] Loaded Optimization
[package-load] Loading OptimizationOptimisers
[package-load] Loaded OptimizationOptimisers
[package-load] Loading OptimizationOptimJL
[package-load] Loaded OptimizationOptimJL
[package-load] Loading LineSearches
[package-load] Loaded LineSearches
[package-load] Loading Lux
[package-load] Loaded Lux
[package-load] Loading Functors
[package-load] Loaded Functors
[package-load] Loading Plots
[package-load] Loaded Plots
[package-load] Loading Dates
[package-load] Loaded Dates
[package-load] Loading Serialization
[package-load] Loaded Serialization
[package-load] Including integration_AC_hpc.jl
[package-load] Loading LinearAlgebra
[package-load] Loaded LinearAlgebra
[package-load] Loading SparseArrays
[package-load] Loaded SparseArrays
[package-load] Loading Random
[package-load] Loaded Random
[package-load] Loading ComponentArrays
[package-load] Loaded ComponentArrays
[package-load] Loading LinearSolve
[package-load] Loaded LinearSolve
[package-load] Loading OrdinaryDiffEq
[package-load] Loaded OrdinaryDiffEq
[package-load] Loading OrdinaryDiffEqSDIRK
[package-load] Loaded OrdinaryDiffEqSDIRK
[package-load] Loading OrdinaryDiffEqLowOrderRK
[package-load] Loaded OrdinaryDiffEqLowOrderRK
[package-load] Loading SciMLSensitivity
[package-load] Loaded SciMLSensitivity
[package-load] Loading ADTypes
[package-load] Loaded ADTypes
[package-load] Loading Zygote
[package-load] Loaded Zygote
[package-load] Loading Enzyme
[package-load] Loaded Enzyme
[package-load] Loading Optimization
[package-load] Loaded Optimization
[package-load] Loading OptimizationOptimisers
[package-load] Loaded OptimizationOptimisers
[package-load] Loading OptimizationOptimJL
[package-load] Loaded OptimizationOptimJL
[package-load] Loading LineSearches
[package-load] Loaded LineSearches
[package-load] Loading Lux
[package-load] Loaded Lux
[package-load] Loading Functors
[package-load] Loaded Functors
[package-load] Loading Plots
[package-load] Loaded Plots
[package-load] Included integration_AC_hpc.jl
[run_variable_fom_hpc] Loading HPC common code
[package-load] Loading LinearAlgebra
[package-load] Loaded LinearAlgebra
[package-load] Loading SparseArrays
[package-load] Loaded SparseArrays
[package-load] Loading ComponentArrays
[package-load] Loaded ComponentArrays
[package-load] Loading OrdinaryDiffEq
[package-load] Loaded OrdinaryDiffEq
[package-load] Loading OrdinaryDiffEqLowOrderRK
[package-load] Loaded OrdinaryDiffEqLowOrderRK
[package-load] Loading Optimization
[package-load] Loaded Optimization
[package-load] Loading Dates
[package-load] Loaded Dates
[run_variable_fom_hpc] Configuring HPC runtime
Julia version: 1.12.6
Host: node05
SLURM_JOB_ID: 2559
SLURM_ARRAY_TASK_ID: 17
Julia threads: 8
BLAS threads: 1
[run_variable_fom_hpc] Building Allen-Cahn reference solution
Reference solve: N=256, Δx=0.0038910505836575876, Δt=0.0003785068661145513, saved_times=5283
[run_variable_fom_hpc] Preparing FOM optimization problem
[run_variable_fom_hpc] Prepared variable-window FOM optimization parameters
  run_name = FOM_timing_per_iter_17_window_t-0.5__window_n_obs-10
  N = 256
  L = 1.0
  ε2 = 0.01
  k = 1.0
  tfinal = 2.0
  N_obs = 100
  h = 8
  seed = 1
  reference_dt_factor = 0.5
  reference_Δx = 0.0038910505836575876
  reference_Δt = 0.0003785068661145513
  reference_save_count = 5283
  etas = [0.001]
  iterations = [20]
  β = (0.9, 0.99)
  warmup = true
  save_frequency = 1
  print_frequency = 1
  window_T = [0.5]
  window_N_obs = [10]
  window_start_policy = SubString{String}["random"]
  windows_per_iter = [1]
  loss_normalization = mean
  window_seed = 1
  SLURM_JOB_ID = 2559
  SLURM_ARRAY_TASK_ID = 17
[run_variable_fom_hpc] Running variable-window FOM optimization
[run_variable_window_optimization] [2026-07-02 17:00:48] Optimization Params: eta = [0.001]; beta = (0.9, 0.99); N_iter = [20]; WINDOW_T = [0.5]; WINDOW_N_OBS = [10]; WINDOW_START_POLICY = ["random"]; WINDOWS_PER_ITER = [1]; loss_normalization = mean; total_iterations = 20; save_frequency = 1; print_frequency = 1; warmup = true
[run_variable_window_optimization] [2026-07-02 17:00:48] Warming up
[run_variable_window_optimization] [2026-07-02 17:02:30] Warmup complete
[run_variable_window_optimization] [2026-07-02 17:02:30] Beginning variable-window optimization
[run_variable_window_optimization] [2026-07-02 17:02:30] Stage 1 / 1 started: eta = 0.001; N_iter = 20; WINDOW_T = 0.5; WINDOW_N_OBS = 10; WINDOW_START_POLICY = random; WINDOWS_PER_ITER = 1
[run_variable_window_optimization] [2026-07-02 17:02:33] iteration = 1, loss = 0.010106148752448784, stage = 1, window_start = 0.14870955206795522, window_end = 0.6487095520679552, last iteration = 105.33 s
[run_variable_window_optimization] [2026-07-02 17:02:36] iteration = 2, loss = 0.010966956728541869, stage = 1, window_start = 1.0529695708319313, window_end = 1.5529695708319313, last iteration = 2.75 s
[run_variable_window_optimization] [2026-07-02 17:02:38] iteration = 3, loss = 0.010410880765311313, stage = 1, window_start = 0.754892678762784, window_end = 1.254892678762784, last iteration = 2.0 s
[run_variable_window_optimization] [2026-07-02 17:02:40] iteration = 4, loss = 0.010409248247425085, stage = 1, window_start = 1.3137618079605597, window_end = 1.8137618079605597, last iteration = 2.03 s
[run_variable_window_optimization] [2026-07-02 17:02:42] iteration = 5, loss = 0.010119641885128991, stage = 1, window_start = 1.4301981178117313, window_end = 1.9301981178117313, last iteration = 2.05 s
[run_variable_window_optimization] [2026-07-02 17:02:44] iteration = 6, loss = 0.00943161033072351, stage = 1, window_start = 0.7617158565841065, window_end = 1.2617158565841065, last iteration = 2.07 s
[run_variable_window_optimization] [2026-07-02 17:02:46] iteration = 7, loss = 0.0093864878600225, stage = 1, window_start = 1.1846267453436605, window_end = 1.6846267453436605, last iteration = 2.06 s
[run_variable_window_optimization] [2026-07-02 17:02:48] iteration = 8, loss = 0.007746324777811395, stage = 1, window_start = 0.10688119891651182, window_end = 0.6068811989165118, last iteration = 2.04 s
[run_variable_window_optimization] [2026-07-02 17:02:50] iteration = 9, loss = 0.007710834852480126, stage = 1, window_start = 0.20756711845825837, window_end = 0.7075671184582584, last iteration = 2.01 s
[run_variable_window_optimization] [2026-07-02 17:02:52] iteration = 10, loss = 0.008042185522359302, stage = 1, window_start = 0.5897837698826512, window_end = 1.0897837698826511, last iteration = 2.02 s
[run_variable_window_optimization] [2026-07-02 17:02:54] iteration = 11, loss = 0.00726923876601634, stage = 1, window_start = 0.2665989407246592, window_end = 0.7665989407246592, last iteration = 1.99 s
[run_variable_window_optimization] [2026-07-02 17:02:56] iteration = 12, loss = 0.007941307665632167, stage = 1, window_start = 1.2662351128993632, window_end = 1.7662351128993632, last iteration = 2.01 s
[run_variable_window_optimization] [2026-07-02 17:02:58] iteration = 13, loss = 0.007652669580361001, stage = 1, window_start = 1.2334455101994983, window_end = 1.7334455101994983, last iteration = 2.0 s
[run_variable_window_optimization] [2026-07-02 17:03:01] iteration = 14, loss = 0.007464124327982591, stage = 1, window_start = 1.469132288347216, window_end = 1.969132288347216, last iteration = 2.11 s
[run_variable_window_optimization] [2026-07-02 17:03:03] iteration = 15, loss = 0.00720160777430629, stage = 1, window_start = 1.4729374839458145, window_end = 1.9729374839458145, last iteration = 1.99 s
[run_variable_window_optimization] [2026-07-02 17:03:05] iteration = 16, loss = 0.0069447128703138935, stage = 1, window_start = 1.4743802123173682, window_end = 1.9743802123173682, last iteration = 2.03 s
[run_variable_window_optimization] [2026-07-02 17:03:07] iteration = 17, loss = 0.006361894588120533, stage = 1, window_start = 0.7855862870484738, window_end = 1.2855862870484738, last iteration = 2.01 s
[run_variable_window_optimization] [2026-07-02 17:03:09] iteration = 18, loss = 0.006182222035689184, stage = 1, window_start = 0.8711949689997492, window_end = 1.3711949689997494, last iteration = 2.1 s
[run_variable_window_optimization] [2026-07-02 17:03:11] iteration = 19, loss = 0.0051254901812461924, stage = 1, window_start = 0.1886410279479429, window_end = 0.6886410279479429, last iteration = 2.04 s
[run_variable_window_optimization] [2026-07-02 17:03:13] iteration = 20, loss = 0.004979518083386663, stage = 1, window_start = 0.22458470825602517, window_end = 0.7245847082560252, last iteration = 1.92 s
[run_variable_window_optimization] [2026-07-02 17:03:15] Stage 1 / 1 complete; validation_loss = 0.03778936693282723; elapsed = 45.07 s
[run_variable_fom_hpc] Saving variable-window FOM optimization data
Saved variable-window FOM output to: /home/mgantcher/Brookhaven/Research_Code/Optimization/Data/FOM_timing_per_iter_17_window_t-0.5__window_n_obs-10
Final full-trajectory loss: 0.03778936693282723
Final training-window loss: 0.004979518083386663
[Thu Jul  2 05:03:16 PM EDT 2026] Finished variable-window FOM training
[Thu Jul  2 05:03:16 PM EDT 2026] Worker 17 finished FOM_VARIABLE combination 17
