[Thu Jul  2 04:50:45 PM EDT 2026] Worker 7 starting FOM_VARIABLE combination 7 / 30
Sweep file: /home/mgantcher/Brookhaven/Research_Code/Optimization/Data/Sweeps/FOM_hyperparam_opt/00_timing_scaling.txt
Run name: FOM_timing_per_iter_7_window_t-0.1__window_n_obs-10
Combination label: window_t-0.1__window_n_obs-10
ETAS=1e-3
ITERS=20
N_OBS=100
PRINT_FREQUENCY=1
RUN_NAME=FOM_timing_per_iter_7_window_t-0.1__window_n_obs-10
SAVE_FREQUENCY=1
SWEEP_COMBO_COUNT=30
SWEEP_COMBO_INDEX=7
SWEEP_COMBO_LABEL=window_t-0.1__window_n_obs-10
SWEEP_FILE=/home/mgantcher/Brookhaven/Research_Code/Optimization/Data/Sweeps/FOM_hyperparam_opt/00_timing_scaling.txt
SWEEP_TARGET=fom_variable
SWEEP_TOTAL_COUNT=30
SWEEP_WORKER_COUNT=20
SWEEP_WORKER_INDEX=7
WINDOW_N_OBS=10
WINDOW_START_POLICY=random
WINDOW_T=0.1
[Thu Jul  2 04:50:45 PM EDT 2026] Starting variable-window FOM training on node06
Variable-window args: --N 256 --L 1.0 --eps2 1e-2 --k 1.0 --tfinal 2.0 --N-obs 100 --h 8 --seed 1 --reference-dt-factor 0.5 --etas 1e-3 --iters 20 --beta 0.9,0.99 --save-frequency 1 --print-frequency 1 --warmup true --window-T 0.1 --window-N-obs 10 --window-start-policy random --windows-per-iter 1 --loss-normalization mean --window-seed 1 --run-name FOM_timing_per_iter_7_window_t-0.1__window_n_obs-10
[run_variable_fom_hpc] Julia entrypoint started
[run_variable_fom_hpc] Loading variable-window FOM helper code
[package-load] Loading LinearAlgebra
[package-load] Loaded LinearAlgebra
[package-load] Loading SparseArrays
[package-load] Loaded SparseArrays
[package-load] Loading Random
[package-load] Loaded Random
[package-load] Loading ComponentArrays
[package-load] Loaded ComponentArrays
[package-load] Loading LinearSolve
[package-load] Loaded LinearSolve
[package-load] Loading OrdinaryDiffEq
[package-load] Loaded OrdinaryDiffEq
[package-load] Loading OrdinaryDiffEqSDIRK
[package-load] Loaded OrdinaryDiffEqSDIRK
[package-load] Loading OrdinaryDiffEqLowOrderRK
[package-load] Loaded OrdinaryDiffEqLowOrderRK
[package-load] Loading SciMLSensitivity
[package-load] Loaded SciMLSensitivity
[package-load] Loading ADTypes
[package-load] Loaded ADTypes
[package-load] Loading Zygote
[package-load] Loaded Zygote
[package-load] Loading Enzyme
[package-load] Loaded Enzyme
[package-load] Loading Optimization
[package-load] Loaded Optimization
[package-load] Loading OptimizationOptimisers
[package-load] Loaded OptimizationOptimisers
[package-load] Loading OptimizationOptimJL
[package-load] Loaded OptimizationOptimJL
[package-load] Loading LineSearches
[package-load] Loaded LineSearches
[package-load] Loading Lux
[package-load] Loaded Lux
[package-load] Loading Functors
[package-load] Loaded Functors
[package-load] Loading Plots
[package-load] Loaded Plots
[package-load] Loading Dates
[package-load] Loaded Dates
[package-load] Loading Serialization
[package-load] Loaded Serialization
[package-load] Including integration_AC_hpc.jl
[package-load] Loading LinearAlgebra
[package-load] Loaded LinearAlgebra
[package-load] Loading SparseArrays
[package-load] Loaded SparseArrays
[package-load] Loading Random
[package-load] Loaded Random
[package-load] Loading ComponentArrays
[package-load] Loaded ComponentArrays
[package-load] Loading LinearSolve
[package-load] Loaded LinearSolve
[package-load] Loading OrdinaryDiffEq
[package-load] Loaded OrdinaryDiffEq
[package-load] Loading OrdinaryDiffEqSDIRK
[package-load] Loaded OrdinaryDiffEqSDIRK
[package-load] Loading OrdinaryDiffEqLowOrderRK
[package-load] Loaded OrdinaryDiffEqLowOrderRK
[package-load] Loading SciMLSensitivity
[package-load] Loaded SciMLSensitivity
[package-load] Loading ADTypes
[package-load] Loaded ADTypes
[package-load] Loading Zygote
[package-load] Loaded Zygote
[package-load] Loading Enzyme
[package-load] Loaded Enzyme
[package-load] Loading Optimization
[package-load] Loaded Optimization
[package-load] Loading OptimizationOptimisers
[package-load] Loaded OptimizationOptimisers
[package-load] Loading OptimizationOptimJL
[package-load] Loaded OptimizationOptimJL
[package-load] Loading LineSearches
[package-load] Loaded LineSearches
[package-load] Loading Lux
[package-load] Loaded Lux
[package-load] Loading Functors
[package-load] Loaded Functors
[package-load] Loading Plots
[package-load] Loaded Plots
[package-load] Included integration_AC_hpc.jl
[run_variable_fom_hpc] Loading HPC common code
[package-load] Loading LinearAlgebra
[package-load] Loaded LinearAlgebra
[package-load] Loading SparseArrays
[package-load] Loaded SparseArrays
[package-load] Loading ComponentArrays
[package-load] Loaded ComponentArrays
[package-load] Loading OrdinaryDiffEq
[package-load] Loaded OrdinaryDiffEq
[package-load] Loading OrdinaryDiffEqLowOrderRK
[package-load] Loaded OrdinaryDiffEqLowOrderRK
[package-load] Loading Optimization
[package-load] Loaded Optimization
[package-load] Loading Dates
[package-load] Loaded Dates
[run_variable_fom_hpc] Configuring HPC runtime
Julia version: 1.12.6
Host: node06
SLURM_JOB_ID: 2549
SLURM_ARRAY_TASK_ID: 7
Julia threads: 8
BLAS threads: 1
[run_variable_fom_hpc] Building Allen-Cahn reference solution
Reference solve: N=256, Δx=0.0038910505836575876, Δt=0.0003785068661145513, saved_times=5283
[run_variable_fom_hpc] Preparing FOM optimization problem
[run_variable_fom_hpc] Prepared variable-window FOM optimization parameters
  run_name = FOM_timing_per_iter_7_window_t-0.1__window_n_obs-10
  N = 256
  L = 1.0
  ε2 = 0.01
  k = 1.0
  tfinal = 2.0
  N_obs = 100
  h = 8
  seed = 1
  reference_dt_factor = 0.5
  reference_Δx = 0.0038910505836575876
  reference_Δt = 0.0003785068661145513
  reference_save_count = 5283
  etas = [0.001]
  iterations = [20]
  β = (0.9, 0.99)
  warmup = true
  save_frequency = 1
  print_frequency = 1
  window_T = [0.1]
  window_N_obs = [10]
  window_start_policy = SubString{String}["random"]
  windows_per_iter = [1]
  loss_normalization = mean
  window_seed = 1
  SLURM_JOB_ID = 2549
  SLURM_ARRAY_TASK_ID = 7
[run_variable_fom_hpc] Running variable-window FOM optimization
[run_variable_window_optimization] [2026-07-02 16:51:31] Optimization Params: eta = [0.001]; beta = (0.9, 0.99); N_iter = [20]; WINDOW_T = [0.1]; WINDOW_N_OBS = [10]; WINDOW_START_POLICY = ["random"]; WINDOWS_PER_ITER = [1]; loss_normalization = mean; total_iterations = 20; save_frequency = 1; print_frequency = 1; warmup = true
[run_variable_window_optimization] [2026-07-02 16:51:31] Warming up
[run_variable_window_optimization] [2026-07-02 16:53:11] Warmup complete
[run_variable_window_optimization] [2026-07-02 16:53:11] Beginning variable-window optimization
[run_variable_window_optimization] [2026-07-02 16:53:11] Stage 1 / 1 started: eta = 0.001; N_iter = 20; WINDOW_T = 0.1; WINDOW_N_OBS = 10; WINDOW_START_POLICY = random; WINDOWS_PER_ITER = 1
[run_variable_window_optimization] [2026-07-02 16:53:14] iteration = 1, loss = 0.0005216810869913286, stage = 1, window_start = 0.18836543261940994, window_end = 0.28836543261940994, last iteration = 103.78 s
[run_variable_window_optimization] [2026-07-02 16:53:17] iteration = 2, loss = 0.0005777655637993626, stage = 1, window_start = 1.333761456387113, window_end = 1.433761456387113, last iteration = 2.29 s
[run_variable_window_optimization] [2026-07-02 16:53:18] iteration = 3, loss = 0.0005482389457479927, stage = 1, window_start = 0.9561973930995263, window_end = 1.0561973930995263, last iteration = 1.71 s
[run_variable_window_optimization] [2026-07-02 16:53:20] iteration = 4, loss = 0.000546386438393557, stage = 1, window_start = 1.6640982900833758, window_end = 1.764098290083376, last iteration = 1.57 s
[run_variable_window_optimization] [2026-07-02 16:53:22] iteration = 5, loss = 0.0005302188613108903, stage = 1, window_start = 1.8115842825615265, window_end = 1.9115842825615266, last iteration = 1.52 s
[run_variable_window_optimization] [2026-07-02 16:53:23] iteration = 6, loss = 0.0004952454703486106, stage = 1, window_start = 0.9648400850065348, window_end = 1.064840085006535, last iteration = 1.51 s
[run_variable_window_optimization] [2026-07-02 16:53:25] iteration = 7, loss = 0.0004915474333650528, stage = 1, window_start = 1.5005272107686365, window_end = 1.6005272107686366, last iteration = 1.59 s
[run_variable_window_optimization] [2026-07-02 16:53:26] iteration = 8, loss = 0.0003931903508178615, stage = 1, window_start = 0.13538285196091496, window_end = 0.23538285196091496, last iteration = 1.54 s
[run_variable_window_optimization] [2026-07-02 16:53:28] iteration = 9, loss = 0.0003973202612956794, stage = 1, window_start = 0.26291835004712727, window_end = 0.36291835004712725, last iteration = 1.6 s
[run_variable_window_optimization] [2026-07-02 16:53:29] iteration = 10, loss = 0.0004207846800842067, stage = 1, window_start = 0.7470594418513582, window_end = 0.8470594418513582, last iteration = 1.47 s
[run_variable_window_optimization] [2026-07-02 16:53:31] iteration = 11, loss = 0.00037607731746261473, stage = 1, window_start = 0.33769199158456825, window_end = 0.4376919915845683, last iteration = 1.59 s
[run_variable_window_optimization] [2026-07-02 16:53:32] iteration = 12, loss = 0.0004140414909664751, stage = 1, window_start = 1.6038978096725267, window_end = 1.7038978096725268, last iteration = 1.5 s
[run_variable_window_optimization] [2026-07-02 16:53:34] iteration = 13, loss = 0.00039886802659418126, stage = 1, window_start = 1.5623643129193645, window_end = 1.6623643129193646, last iteration = 1.56 s
[run_variable_window_optimization] [2026-07-02 16:53:35] iteration = 14, loss = 0.000388057036445184, stage = 1, window_start = 1.8609008985731401, window_end = 1.9609008985731402, last iteration = 1.55 s
[run_variable_window_optimization] [2026-07-02 16:53:37] iteration = 15, loss = 0.0003742179593449466, stage = 1, window_start = 1.8657208129980318, window_end = 1.965720812998032, last iteration = 1.52 s
[run_variable_window_optimization] [2026-07-02 16:53:39] iteration = 16, loss = 0.00036072333710938416, stage = 1, window_start = 1.8675482689353329, window_end = 1.967548268935333, last iteration = 1.6 s
[run_variable_window_optimization] [2026-07-02 16:53:40] iteration = 17, loss = 0.0003323405951101069, stage = 1, window_start = 0.9950759635947334, window_end = 1.0950759635947334, last iteration = 1.54 s
[run_variable_window_optimization] [2026-07-02 16:53:42] iteration = 18, loss = 0.00032282164810869225, stage = 1, window_start = 1.1035136273996824, window_end = 1.2035136273996825, last iteration = 1.49 s
[run_variable_window_optimization] [2026-07-02 16:53:43] iteration = 19, loss = 0.0002622272688701368, stage = 1, window_start = 0.23894530206739434, window_end = 0.33894530206739437, last iteration = 1.61 s
[run_variable_window_optimization] [2026-07-02 16:53:45] iteration = 20, loss = 0.00025604166595002834, stage = 1, window_start = 0.2844739637909652, window_end = 0.3844739637909652, last iteration = 1.51 s
[run_variable_window_optimization] [2026-07-02 16:53:46] Stage 1 / 1 complete; validation_loss = 0.03841910031630669; elapsed = 35.26 s
[run_variable_fom_hpc] Saving variable-window FOM optimization data
Saved variable-window FOM output to: /home/mgantcher/Brookhaven/Research_Code/Optimization/Data/FOM_timing_per_iter_7_window_t-0.1__window_n_obs-10
Final full-trajectory loss: 0.03841910031630669
Final training-window loss: 0.00025604166595002834
[Thu Jul  2 04:53:48 PM EDT 2026] Finished variable-window FOM training
[Thu Jul  2 04:53:48 PM EDT 2026] Worker 7 finished FOM_VARIABLE combination 7
[Thu Jul  2 04:53:48 PM EDT 2026] Worker 7 starting FOM_VARIABLE combination 27 / 30
Sweep file: /home/mgantcher/Brookhaven/Research_Code/Optimization/Data/Sweeps/FOM_hyperparam_opt/00_timing_scaling.txt
Run name: FOM_timing_per_iter_27_window_t-2.0__window_n_obs-10
Combination label: window_t-2.0__window_n_obs-10
ETAS=1e-3
ITERS=20
N_OBS=100
PRINT_FREQUENCY=1
RUN_NAME=FOM_timing_per_iter_27_window_t-2.0__window_n_obs-10
SAVE_FREQUENCY=1
SWEEP_COMBO_COUNT=30
SWEEP_COMBO_INDEX=27
SWEEP_COMBO_LABEL=window_t-2.0__window_n_obs-10
SWEEP_FILE=/home/mgantcher/Brookhaven/Research_Code/Optimization/Data/Sweeps/FOM_hyperparam_opt/00_timing_scaling.txt
SWEEP_TARGET=fom_variable
SWEEP_TOTAL_COUNT=30
SWEEP_WORKER_COUNT=20
SWEEP_WORKER_INDEX=7
WINDOW_N_OBS=10
WINDOW_START_POLICY=random
WINDOW_T=2.0
[Thu Jul  2 04:53:48 PM EDT 2026] Starting variable-window FOM training on node06
Variable-window args: --N 256 --L 1.0 --eps2 1e-2 --k 1.0 --tfinal 2.0 --N-obs 100 --h 8 --seed 1 --reference-dt-factor 0.5 --etas 1e-3 --iters 20 --beta 0.9,0.99 --save-frequency 1 --print-frequency 1 --warmup true --window-T 2.0 --window-N-obs 10 --window-start-policy random --windows-per-iter 1 --loss-normalization mean --window-seed 1 --run-name FOM_timing_per_iter_27_window_t-2.0__window_n_obs-10
[run_variable_fom_hpc] Julia entrypoint started
[run_variable_fom_hpc] Loading variable-window FOM helper code
[package-load] Loading LinearAlgebra
[package-load] Loaded LinearAlgebra
[package-load] Loading SparseArrays
[package-load] Loaded SparseArrays
[package-load] Loading Random
[package-load] Loaded Random
[package-load] Loading ComponentArrays
[package-load] Loaded ComponentArrays
[package-load] Loading LinearSolve
[package-load] Loaded LinearSolve
[package-load] Loading OrdinaryDiffEq
[package-load] Loaded OrdinaryDiffEq
[package-load] Loading OrdinaryDiffEqSDIRK
[package-load] Loaded OrdinaryDiffEqSDIRK
[package-load] Loading OrdinaryDiffEqLowOrderRK
[package-load] Loaded OrdinaryDiffEqLowOrderRK
[package-load] Loading SciMLSensitivity
[package-load] Loaded SciMLSensitivity
[package-load] Loading ADTypes
[package-load] Loaded ADTypes
[package-load] Loading Zygote
[package-load] Loaded Zygote
[package-load] Loading Enzyme
[package-load] Loaded Enzyme
[package-load] Loading Optimization
[package-load] Loaded Optimization
[package-load] Loading OptimizationOptimisers
[package-load] Loaded OptimizationOptimisers
[package-load] Loading OptimizationOptimJL
[package-load] Loaded OptimizationOptimJL
[package-load] Loading LineSearches
[package-load] Loaded LineSearches
[package-load] Loading Lux
[package-load] Loaded Lux
[package-load] Loading Functors
[package-load] Loaded Functors
[package-load] Loading Plots
[package-load] Loaded Plots
[package-load] Loading Dates
[package-load] Loaded Dates
[package-load] Loading Serialization
[package-load] Loaded Serialization
[package-load] Including integration_AC_hpc.jl
[package-load] Loading LinearAlgebra
[package-load] Loaded LinearAlgebra
[package-load] Loading SparseArrays
[package-load] Loaded SparseArrays
[package-load] Loading Random
[package-load] Loaded Random
[package-load] Loading ComponentArrays
[package-load] Loaded ComponentArrays
[package-load] Loading LinearSolve
[package-load] Loaded LinearSolve
[package-load] Loading OrdinaryDiffEq
[package-load] Loaded OrdinaryDiffEq
[package-load] Loading OrdinaryDiffEqSDIRK
[package-load] Loaded OrdinaryDiffEqSDIRK
[package-load] Loading OrdinaryDiffEqLowOrderRK
[package-load] Loaded OrdinaryDiffEqLowOrderRK
[package-load] Loading SciMLSensitivity
[package-load] Loaded SciMLSensitivity
[package-load] Loading ADTypes
[package-load] Loaded ADTypes
[package-load] Loading Zygote
[package-load] Loaded Zygote
[package-load] Loading Enzyme
[package-load] Loaded Enzyme
[package-load] Loading Optimization
[package-load] Loaded Optimization
[package-load] Loading OptimizationOptimisers
[package-load] Loaded OptimizationOptimisers
[package-load] Loading OptimizationOptimJL
[package-load] Loaded OptimizationOptimJL
[package-load] Loading LineSearches
[package-load] Loaded LineSearches
[package-load] Loading Lux
[package-load] Loaded Lux
[package-load] Loading Functors
[package-load] Loaded Functors
[package-load] Loading Plots
[package-load] Loaded Plots
[package-load] Included integration_AC_hpc.jl
[run_variable_fom_hpc] Loading HPC common code
[package-load] Loading LinearAlgebra
[package-load] Loaded LinearAlgebra
[package-load] Loading SparseArrays
[package-load] Loaded SparseArrays
[package-load] Loading ComponentArrays
[package-load] Loaded ComponentArrays
[package-load] Loading OrdinaryDiffEq
[package-load] Loaded OrdinaryDiffEq
[package-load] Loading OrdinaryDiffEqLowOrderRK
[package-load] Loaded OrdinaryDiffEqLowOrderRK
[package-load] Loading Optimization
[package-load] Loaded Optimization
[package-load] Loading Dates
[package-load] Loaded Dates
[run_variable_fom_hpc] Configuring HPC runtime
Julia version: 1.12.6
Host: node06
SLURM_JOB_ID: 2549
SLURM_ARRAY_TASK_ID: 7
Julia threads: 8
BLAS threads: 1
[run_variable_fom_hpc] Building Allen-Cahn reference solution
Reference solve: N=256, Δx=0.0038910505836575876, Δt=0.0003785068661145513, saved_times=5283
[run_variable_fom_hpc] Preparing FOM optimization problem
[run_variable_fom_hpc] Prepared variable-window FOM optimization parameters
  run_name = FOM_timing_per_iter_27_window_t-2.0__window_n_obs-10
  N = 256
  L = 1.0
  ε2 = 0.01
  k = 1.0
  tfinal = 2.0
  N_obs = 100
  h = 8
  seed = 1
  reference_dt_factor = 0.5
  reference_Δx = 0.0038910505836575876
  reference_Δt = 0.0003785068661145513
  reference_save_count = 5283
  etas = [0.001]
  iterations = [20]
  β = (0.9, 0.99)
  warmup = true
  save_frequency = 1
  print_frequency = 1
  window_T = [2.0]
  window_N_obs = [10]
  window_start_policy = SubString{String}["random"]
  windows_per_iter = [1]
  loss_normalization = mean
  window_seed = 1
  SLURM_JOB_ID = 2549
  SLURM_ARRAY_TASK_ID = 7
[run_variable_fom_hpc] Running variable-window FOM optimization
[run_variable_window_optimization] [2026-07-02 16:54:28] Optimization Params: eta = [0.001]; beta = (0.9, 0.99); N_iter = [20]; WINDOW_T = [2.0]; WINDOW_N_OBS = [10]; WINDOW_START_POLICY = ["random"]; WINDOWS_PER_ITER = [1]; loss_normalization = mean; total_iterations = 20; save_frequency = 1; print_frequency = 1; warmup = true
[run_variable_window_optimization] [2026-07-02 16:54:28] Warming up
[run_variable_window_optimization] [2026-07-02 16:56:10] Warmup complete
[run_variable_window_optimization] [2026-07-02 16:56:10] Beginning variable-window optimization
[run_variable_window_optimization] [2026-07-02 16:56:10] Stage 1 / 1 started: eta = 0.001; N_iter = 20; WINDOW_T = 2.0; WINDOW_N_OBS = 10; WINDOW_START_POLICY = random; WINDOWS_PER_ITER = 1
[run_variable_window_optimization] [2026-07-02 16:56:14] iteration = 1, loss = 0.0735080168702141, stage = 1, window_start = 0.0, window_end = 2.0, last iteration = 106.05 s
[run_variable_window_optimization] [2026-07-02 16:56:17] iteration = 2, loss = 0.07146905579130189, stage = 1, window_start = 0.0, window_end = 2.0, last iteration = 2.85 s
[run_variable_window_optimization] [2026-07-02 16:56:20] iteration = 3, loss = 0.0694511592044697, stage = 1, window_start = 0.0, window_end = 2.0, last iteration = 2.25 s
[run_variable_window_optimization] [2026-07-02 16:56:22] iteration = 4, loss = 0.06745560339672271, stage = 1, window_start = 0.0, window_end = 2.0, last iteration = 2.18 s
[run_variable_window_optimization] [2026-07-02 16:56:24] iteration = 5, loss = 0.06548965197079193, stage = 1, window_start = 0.0, window_end = 2.0, last iteration = 2.13 s
[run_variable_window_optimization] [2026-07-02 16:56:26] iteration = 6, loss = 0.06355267177833593, stage = 1, window_start = 0.0, window_end = 2.0, last iteration = 2.19 s
[run_variable_window_optimization] [2026-07-02 16:56:28] iteration = 7, loss = 0.06164556698049689, stage = 1, window_start = 0.0, window_end = 2.0, last iteration = 2.14 s
[run_variable_window_optimization] [2026-07-02 16:56:30] iteration = 8, loss = 0.05977068024765801, stage = 1, window_start = 0.0, window_end = 2.0, last iteration = 2.23 s
[run_variable_window_optimization] [2026-07-02 16:56:33] iteration = 9, loss = 0.05792758443492135, stage = 1, window_start = 0.0, window_end = 2.0, last iteration = 2.14 s
[run_variable_window_optimization] [2026-07-02 16:56:35] iteration = 10, loss = 0.05611721639904915, stage = 1, window_start = 0.0, window_end = 2.0, last iteration = 2.19 s
[run_variable_window_optimization] [2026-07-02 16:56:37] iteration = 11, loss = 0.054340016387873856, stage = 1, window_start = 0.0, window_end = 2.0, last iteration = 2.12 s
[run_variable_window_optimization] [2026-07-02 16:56:39] iteration = 12, loss = 0.052595059581247994, stage = 1, window_start = 0.0, window_end = 2.0, last iteration = 2.18 s
[run_variable_window_optimization] [2026-07-02 16:56:41] iteration = 13, loss = 0.05087594830719659, stage = 1, window_start = 0.0, window_end = 2.0, last iteration = 2.11 s
[run_variable_window_optimization] [2026-07-02 16:56:43] iteration = 14, loss = 0.049189015979466635, stage = 1, window_start = 0.0, window_end = 2.0, last iteration = 2.03 s
[run_variable_window_optimization] [2026-07-02 16:56:45] iteration = 15, loss = 0.04753931172428995, stage = 1, window_start = 0.0, window_end = 2.0, last iteration = 2.13 s
[run_variable_window_optimization] [2026-07-02 16:56:47] iteration = 16, loss = 0.04590542796207518, stage = 1, window_start = 0.0, window_end = 2.0, last iteration = 2.12 s
[run_variable_window_optimization] [2026-07-02 16:56:50] iteration = 17, loss = 0.04431616034670092, stage = 1, window_start = 0.0, window_end = 2.0, last iteration = 2.11 s
[run_variable_window_optimization] [2026-07-02 16:56:52] iteration = 18, loss = 0.04275336292258252, stage = 1, window_start = 0.0, window_end = 2.0, last iteration = 2.02 s
[run_variable_window_optimization] [2026-07-02 16:56:54] iteration = 19, loss = 0.041219149778444854, stage = 1, window_start = 0.0, window_end = 2.0, last iteration = 2.09 s
[run_variable_window_optimization] [2026-07-02 16:56:56] iteration = 20, loss = 0.03971382610582746, stage = 1, window_start = 0.0, window_end = 2.0, last iteration = 2.15 s
[run_variable_window_optimization] [2026-07-02 16:56:58] Stage 1 / 1 complete; validation_loss = 0.03619434463761748; elapsed = 48.32 s
[run_variable_fom_hpc] Saving variable-window FOM optimization data
Saved variable-window FOM output to: /home/mgantcher/Brookhaven/Research_Code/Optimization/Data/FOM_timing_per_iter_27_window_t-2.0__window_n_obs-10
Final full-trajectory loss: 0.03619434463761748
Final training-window loss: 0.03971382610582746
[Thu Jul  2 04:56:59 PM EDT 2026] Finished variable-window FOM training
[Thu Jul  2 04:56:59 PM EDT 2026] Worker 7 finished FOM_VARIABLE combination 27
