[Thu Jul  2 04:50:45 PM EDT 2026] Worker 0 starting FOM_VARIABLE combination 0 / 30
Sweep file: /home/mgantcher/Brookhaven/Research_Code/Optimization/Data/Sweeps/FOM_hyperparam_opt/00_timing_scaling.txt
Run name: FOM_timing_per_iter_0_window_t-0.05__window_n_obs-2
Combination label: window_t-0.05__window_n_obs-2
ETAS=1e-3
ITERS=20
N_OBS=100
PRINT_FREQUENCY=1
RUN_NAME=FOM_timing_per_iter_0_window_t-0.05__window_n_obs-2
SAVE_FREQUENCY=1
SWEEP_COMBO_COUNT=30
SWEEP_COMBO_INDEX=0
SWEEP_COMBO_LABEL=window_t-0.05__window_n_obs-2
SWEEP_FILE=/home/mgantcher/Brookhaven/Research_Code/Optimization/Data/Sweeps/FOM_hyperparam_opt/00_timing_scaling.txt
SWEEP_TARGET=fom_variable
SWEEP_TOTAL_COUNT=30
SWEEP_WORKER_COUNT=20
SWEEP_WORKER_INDEX=0
WINDOW_N_OBS=2
WINDOW_START_POLICY=random
WINDOW_T=0.05
[Thu Jul  2 04:50:45 PM EDT 2026] Starting variable-window FOM training on node01
Variable-window args: --N 256 --L 1.0 --eps2 1e-2 --k 1.0 --tfinal 2.0 --N-obs 100 --h 8 --seed 1 --reference-dt-factor 0.5 --etas 1e-3 --iters 20 --beta 0.9,0.99 --save-frequency 1 --print-frequency 1 --warmup true --window-T 0.05 --window-N-obs 2 --window-start-policy random --windows-per-iter 1 --loss-normalization mean --window-seed 1 --run-name FOM_timing_per_iter_0_window_t-0.05__window_n_obs-2
[run_variable_fom_hpc] Julia entrypoint started
[run_variable_fom_hpc] Loading variable-window FOM helper code
[package-load] Loading LinearAlgebra
[package-load] Loaded LinearAlgebra
[package-load] Loading SparseArrays
[package-load] Loaded SparseArrays
[package-load] Loading Random
[package-load] Loaded Random
[package-load] Loading ComponentArrays
[package-load] Loaded ComponentArrays
[package-load] Loading LinearSolve
[package-load] Loaded LinearSolve
[package-load] Loading OrdinaryDiffEq
[package-load] Loaded OrdinaryDiffEq
[package-load] Loading OrdinaryDiffEqSDIRK
[package-load] Loaded OrdinaryDiffEqSDIRK
[package-load] Loading OrdinaryDiffEqLowOrderRK
[package-load] Loaded OrdinaryDiffEqLowOrderRK
[package-load] Loading SciMLSensitivity
[package-load] Loaded SciMLSensitivity
[package-load] Loading ADTypes
[package-load] Loaded ADTypes
[package-load] Loading Zygote
[package-load] Loaded Zygote
[package-load] Loading Enzyme
[package-load] Loaded Enzyme
[package-load] Loading Optimization
[package-load] Loaded Optimization
[package-load] Loading OptimizationOptimisers
[package-load] Loaded OptimizationOptimisers
[package-load] Loading OptimizationOptimJL
[package-load] Loaded OptimizationOptimJL
[package-load] Loading LineSearches
[package-load] Loaded LineSearches
[package-load] Loading Lux
[package-load] Loaded Lux
[package-load] Loading Functors
[package-load] Loaded Functors
[package-load] Loading Plots
[package-load] Loaded Plots
[package-load] Loading Dates
[package-load] Loaded Dates
[package-load] Loading Serialization
[package-load] Loaded Serialization
[package-load] Including integration_AC_hpc.jl
[package-load] Loading LinearAlgebra
[package-load] Loaded LinearAlgebra
[package-load] Loading SparseArrays
[package-load] Loaded SparseArrays
[package-load] Loading Random
[package-load] Loaded Random
[package-load] Loading ComponentArrays
[package-load] Loaded ComponentArrays
[package-load] Loading LinearSolve
[package-load] Loaded LinearSolve
[package-load] Loading OrdinaryDiffEq
[package-load] Loaded OrdinaryDiffEq
[package-load] Loading OrdinaryDiffEqSDIRK
[package-load] Loaded OrdinaryDiffEqSDIRK
[package-load] Loading OrdinaryDiffEqLowOrderRK
[package-load] Loaded OrdinaryDiffEqLowOrderRK
[package-load] Loading SciMLSensitivity
[package-load] Loaded SciMLSensitivity
[package-load] Loading ADTypes
[package-load] Loaded ADTypes
[package-load] Loading Zygote
[package-load] Loaded Zygote
[package-load] Loading Enzyme
[package-load] Loaded Enzyme
[package-load] Loading Optimization
[package-load] Loaded Optimization
[package-load] Loading OptimizationOptimisers
[package-load] Loaded OptimizationOptimisers
[package-load] Loading OptimizationOptimJL
[package-load] Loaded OptimizationOptimJL
[package-load] Loading LineSearches
[package-load] Loaded LineSearches
[package-load] Loading Lux
[package-load] Loaded Lux
[package-load] Loading Functors
[package-load] Loaded Functors
[package-load] Loading Plots
[package-load] Loaded Plots
[package-load] Included integration_AC_hpc.jl
[run_variable_fom_hpc] Loading HPC common code
[package-load] Loading LinearAlgebra
[package-load] Loaded LinearAlgebra
[package-load] Loading SparseArrays
[package-load] Loaded SparseArrays
[package-load] Loading ComponentArrays
[package-load] Loaded ComponentArrays
[package-load] Loading OrdinaryDiffEq
[package-load] Loaded OrdinaryDiffEq
[package-load] Loading OrdinaryDiffEqLowOrderRK
[package-load] Loaded OrdinaryDiffEqLowOrderRK
[package-load] Loading Optimization
[package-load] Loaded Optimization
[package-load] Loading Dates
[package-load] Loaded Dates
[run_variable_fom_hpc] Configuring HPC runtime
Julia version: 1.12.6
Host: node01
SLURM_JOB_ID: 2542
SLURM_ARRAY_TASK_ID: 0
Julia threads: 8
BLAS threads: 1
[run_variable_fom_hpc] Building Allen-Cahn reference solution
Reference solve: N=256, Δx=0.0038910505836575876, Δt=0.0003785068661145513, saved_times=5283
[run_variable_fom_hpc] Preparing FOM optimization problem
[run_variable_fom_hpc] Prepared variable-window FOM optimization parameters
  run_name = FOM_timing_per_iter_0_window_t-0.05__window_n_obs-2
  N = 256
  L = 1.0
  ε2 = 0.01
  k = 1.0
  tfinal = 2.0
  N_obs = 100
  h = 8
  seed = 1
  reference_dt_factor = 0.5
  reference_Δx = 0.0038910505836575876
  reference_Δt = 0.0003785068661145513
  reference_save_count = 5283
  etas = [0.001]
  iterations = [20]
  β = (0.9, 0.99)
  warmup = true
  save_frequency = 1
  print_frequency = 1
  window_T = [0.05]
  window_N_obs = [2]
  window_start_policy = SubString{String}["random"]
  windows_per_iter = [1]
  loss_normalization = mean
  window_seed = 1
  SLURM_JOB_ID = 2542
  SLURM_ARRAY_TASK_ID = 0
[run_variable_fom_hpc] Running variable-window FOM optimization
[run_variable_window_optimization] [2026-07-02 16:51:26] Optimization Params: eta = [0.001]; beta = (0.9, 0.99); N_iter = [20]; WINDOW_T = [0.05]; WINDOW_N_OBS = [2]; WINDOW_START_POLICY = ["random"]; WINDOWS_PER_ITER = [1]; loss_normalization = mean; total_iterations = 20; save_frequency = 1; print_frequency = 1; warmup = true
[run_variable_window_optimization] [2026-07-02 16:51:26] Warming up
[run_variable_window_optimization] [2026-07-02 16:53:04] Warmup complete
[run_variable_window_optimization] [2026-07-02 16:53:04] Beginning variable-window optimization
[run_variable_window_optimization] [2026-07-02 16:53:04] Stage 1 / 1 started: eta = 0.001; N_iter = 20; WINDOW_T = 0.05; WINDOW_N_OBS = 2; WINDOW_START_POLICY = random; WINDOWS_PER_ITER = 1
[run_variable_window_optimization] [2026-07-02 16:53:06] iteration = 1, loss = 0.00021941260776272696, stage = 1, window_start = 0.19332241768834177, window_end = 0.24332241768834179, last iteration = 100.53 s
[run_variable_window_optimization] [2026-07-02 16:53:08] iteration = 2, loss = 0.00024242553330573703, stage = 1, window_start = 1.3688604420815107, window_end = 1.4188604420815107, last iteration = 1.35 s
[run_variable_window_optimization] [2026-07-02 16:53:09] iteration = 3, loss = 0.0002301937260845142, stage = 1, window_start = 0.9813604823916191, window_end = 1.0313604823916191, last iteration = 0.85 s
[run_variable_window_optimization] [2026-07-02 16:53:09] iteration = 4, loss = 0.00022914146125122488, stage = 1, window_start = 1.7078903503487277, window_end = 1.7578903503487278, last iteration = 0.74 s
[run_variable_window_optimization] [2026-07-02 16:53:10] iteration = 5, loss = 0.00022231701672792285, stage = 1, window_start = 1.8592575531552509, window_end = 1.909257553155251, last iteration = 0.81 s
[run_variable_window_optimization] [2026-07-02 16:53:11] iteration = 6, loss = 0.0002079431682379115, stage = 1, window_start = 0.9902306135593384, window_end = 1.0402306135593384, last iteration = 0.68 s
[run_variable_window_optimization] [2026-07-02 16:53:12] iteration = 7, loss = 0.00020617992956112555, stage = 1, window_start = 1.5400147689467587, window_end = 1.5900147689467587, last iteration = 0.83 s
[run_variable_window_optimization] [2026-07-02 16:53:12] iteration = 8, loss = 0.0001653271688185899, stage = 1, window_start = 0.13894555859146537, window_end = 0.1889455585914654, last iteration = 0.53 s
[run_variable_window_optimization] [2026-07-02 16:53:13] iteration = 9, loss = 0.00016718646108142605, stage = 1, window_start = 0.2698372539957359, window_end = 0.31983725399573587, last iteration = 0.75 s
[run_variable_window_optimization] [2026-07-02 16:53:13] iteration = 10, loss = 0.00017680994962220538, stage = 1, window_start = 0.7667189008474466, window_end = 0.8167189008474467, last iteration = 0.54 s
[run_variable_window_optimization] [2026-07-02 16:53:14] iteration = 11, loss = 0.00015825736371958754, stage = 1, window_start = 0.34657862294205694, window_end = 0.3965786229420569, last iteration = 0.74 s
[run_variable_window_optimization] [2026-07-02 16:53:15] iteration = 12, loss = 0.00017365223660544663, stage = 1, window_start = 1.6461056467691721, window_end = 1.6961056467691722, last iteration = 0.54 s
[run_variable_window_optimization] [2026-07-02 16:53:15] iteration = 13, loss = 0.0001673057883664924, stage = 1, window_start = 1.6034791632593477, window_end = 1.6534791632593477, last iteration = 0.79 s
[run_variable_window_optimization] [2026-07-02 16:53:16] iteration = 14, loss = 0.00016270338541972849, stage = 1, window_start = 1.9098719748513808, window_end = 1.9598719748513809, last iteration = 0.55 s
[run_variable_window_optimization] [2026-07-02 16:53:17] iteration = 15, loss = 0.0001569071285568947, stage = 1, window_start = 1.9148187291295589, window_end = 1.964818729129559, last iteration = 0.8 s
[run_variable_window_optimization] [2026-07-02 16:53:17] iteration = 16, loss = 0.00015125720213769188, stage = 1, window_start = 1.9166942760125785, window_end = 1.9666942760125785, last iteration = 0.52 s
[run_variable_window_optimization] [2026-07-02 16:53:18] iteration = 17, loss = 0.0001396320341576862, stage = 1, window_start = 1.0212621731630158, window_end = 1.0712621731630159, last iteration = 0.71 s
[run_variable_window_optimization] [2026-07-02 16:53:19] iteration = 18, loss = 0.00013560623925756897, stage = 1, window_start = 1.132553459699674, window_end = 1.182553459699674, last iteration = 0.52 s
[run_variable_window_optimization] [2026-07-02 16:53:19] iteration = 19, loss = 0.00011050800204929162, stage = 1, window_start = 0.24523333633232577, window_end = 0.2952333363323258, last iteration = 0.78 s
[run_variable_window_optimization] [2026-07-02 16:53:20] iteration = 20, loss = 0.0001079268122004274, stage = 1, window_start = 0.29196012073283273, window_end = 0.3419601207328327, last iteration = 0.62 s
[run_variable_window_optimization] [2026-07-02 16:53:21] Stage 1 / 1 complete; validation_loss = 0.03843274067171624; elapsed = 17.03 s
[run_variable_fom_hpc] Saving variable-window FOM optimization data
Saved variable-window FOM output to: /home/mgantcher/Brookhaven/Research_Code/Optimization/Data/FOM_timing_per_iter_0_window_t-0.05__window_n_obs-2
Final full-trajectory loss: 0.03843274067171624
Final training-window loss: 0.0001079268122004274
[Thu Jul  2 04:53:22 PM EDT 2026] Finished variable-window FOM training
[Thu Jul  2 04:53:22 PM EDT 2026] Worker 0 finished FOM_VARIABLE combination 0
[Thu Jul  2 04:53:22 PM EDT 2026] Worker 0 starting FOM_VARIABLE combination 20 / 30
Sweep file: /home/mgantcher/Brookhaven/Research_Code/Optimization/Data/Sweeps/FOM_hyperparam_opt/00_timing_scaling.txt
Run name: FOM_timing_per_iter_20_window_t-1.0__window_n_obs-2
Combination label: window_t-1.0__window_n_obs-2
ETAS=1e-3
ITERS=20
N_OBS=100
PRINT_FREQUENCY=1
RUN_NAME=FOM_timing_per_iter_20_window_t-1.0__window_n_obs-2
SAVE_FREQUENCY=1
SWEEP_COMBO_COUNT=30
SWEEP_COMBO_INDEX=20
SWEEP_COMBO_LABEL=window_t-1.0__window_n_obs-2
SWEEP_FILE=/home/mgantcher/Brookhaven/Research_Code/Optimization/Data/Sweeps/FOM_hyperparam_opt/00_timing_scaling.txt
SWEEP_TARGET=fom_variable
SWEEP_TOTAL_COUNT=30
SWEEP_WORKER_COUNT=20
SWEEP_WORKER_INDEX=0
WINDOW_N_OBS=2
WINDOW_START_POLICY=random
WINDOW_T=1.0
[Thu Jul  2 04:53:22 PM EDT 2026] Starting variable-window FOM training on node01
Variable-window args: --N 256 --L 1.0 --eps2 1e-2 --k 1.0 --tfinal 2.0 --N-obs 100 --h 8 --seed 1 --reference-dt-factor 0.5 --etas 1e-3 --iters 20 --beta 0.9,0.99 --save-frequency 1 --print-frequency 1 --warmup true --window-T 1.0 --window-N-obs 2 --window-start-policy random --windows-per-iter 1 --loss-normalization mean --window-seed 1 --run-name FOM_timing_per_iter_20_window_t-1.0__window_n_obs-2
[run_variable_fom_hpc] Julia entrypoint started
[run_variable_fom_hpc] Loading variable-window FOM helper code
[package-load] Loading LinearAlgebra
[package-load] Loaded LinearAlgebra
[package-load] Loading SparseArrays
[package-load] Loaded SparseArrays
[package-load] Loading Random
[package-load] Loaded Random
[package-load] Loading ComponentArrays
[package-load] Loaded ComponentArrays
[package-load] Loading LinearSolve
[package-load] Loaded LinearSolve
[package-load] Loading OrdinaryDiffEq
[package-load] Loaded OrdinaryDiffEq
[package-load] Loading OrdinaryDiffEqSDIRK
[package-load] Loaded OrdinaryDiffEqSDIRK
[package-load] Loading OrdinaryDiffEqLowOrderRK
[package-load] Loaded OrdinaryDiffEqLowOrderRK
[package-load] Loading SciMLSensitivity
[package-load] Loaded SciMLSensitivity
[package-load] Loading ADTypes
[package-load] Loaded ADTypes
[package-load] Loading Zygote
[package-load] Loaded Zygote
[package-load] Loading Enzyme
[package-load] Loaded Enzyme
[package-load] Loading Optimization
[package-load] Loaded Optimization
[package-load] Loading OptimizationOptimisers
[package-load] Loaded OptimizationOptimisers
[package-load] Loading OptimizationOptimJL
[package-load] Loaded OptimizationOptimJL
[package-load] Loading LineSearches
[package-load] Loaded LineSearches
[package-load] Loading Lux
[package-load] Loaded Lux
[package-load] Loading Functors
[package-load] Loaded Functors
[package-load] Loading Plots
[package-load] Loaded Plots
[package-load] Loading Dates
[package-load] Loaded Dates
[package-load] Loading Serialization
[package-load] Loaded Serialization
[package-load] Including integration_AC_hpc.jl
[package-load] Loading LinearAlgebra
[package-load] Loaded LinearAlgebra
[package-load] Loading SparseArrays
[package-load] Loaded SparseArrays
[package-load] Loading Random
[package-load] Loaded Random
[package-load] Loading ComponentArrays
[package-load] Loaded ComponentArrays
[package-load] Loading LinearSolve
[package-load] Loaded LinearSolve
[package-load] Loading OrdinaryDiffEq
[package-load] Loaded OrdinaryDiffEq
[package-load] Loading OrdinaryDiffEqSDIRK
[package-load] Loaded OrdinaryDiffEqSDIRK
[package-load] Loading OrdinaryDiffEqLowOrderRK
[package-load] Loaded OrdinaryDiffEqLowOrderRK
[package-load] Loading SciMLSensitivity
[package-load] Loaded SciMLSensitivity
[package-load] Loading ADTypes
[package-load] Loaded ADTypes
[package-load] Loading Zygote
[package-load] Loaded Zygote
[package-load] Loading Enzyme
[package-load] Loaded Enzyme
[package-load] Loading Optimization
[package-load] Loaded Optimization
[package-load] Loading OptimizationOptimisers
[package-load] Loaded OptimizationOptimisers
[package-load] Loading OptimizationOptimJL
[package-load] Loaded OptimizationOptimJL
[package-load] Loading LineSearches
[package-load] Loaded LineSearches
[package-load] Loading Lux
[package-load] Loaded Lux
[package-load] Loading Functors
[package-load] Loaded Functors
[package-load] Loading Plots
[package-load] Loaded Plots
[package-load] Included integration_AC_hpc.jl
[run_variable_fom_hpc] Loading HPC common code
[package-load] Loading LinearAlgebra
[package-load] Loaded LinearAlgebra
[package-load] Loading SparseArrays
[package-load] Loaded SparseArrays
[package-load] Loading ComponentArrays
[package-load] Loaded ComponentArrays
[package-load] Loading OrdinaryDiffEq
[package-load] Loaded OrdinaryDiffEq
[package-load] Loading OrdinaryDiffEqLowOrderRK
[package-load] Loaded OrdinaryDiffEqLowOrderRK
[package-load] Loading Optimization
[package-load] Loaded Optimization
[package-load] Loading Dates
[package-load] Loaded Dates
[run_variable_fom_hpc] Configuring HPC runtime
Julia version: 1.12.6
Host: node01
SLURM_JOB_ID: 2542
SLURM_ARRAY_TASK_ID: 0
Julia threads: 8
BLAS threads: 1
[run_variable_fom_hpc] Building Allen-Cahn reference solution
Reference solve: N=256, Δx=0.0038910505836575876, Δt=0.0003785068661145513, saved_times=5283
[run_variable_fom_hpc] Preparing FOM optimization problem
[run_variable_fom_hpc] Prepared variable-window FOM optimization parameters
  run_name = FOM_timing_per_iter_20_window_t-1.0__window_n_obs-2
  N = 256
  L = 1.0
  ε2 = 0.01
  k = 1.0
  tfinal = 2.0
  N_obs = 100
  h = 8
  seed = 1
  reference_dt_factor = 0.5
  reference_Δx = 0.0038910505836575876
  reference_Δt = 0.0003785068661145513
  reference_save_count = 5283
  etas = [0.001]
  iterations = [20]
  β = (0.9, 0.99)
  warmup = true
  save_frequency = 1
  print_frequency = 1
  window_T = [1.0]
  window_N_obs = [2]
  window_start_policy = SubString{String}["random"]
  windows_per_iter = [1]
  loss_normalization = mean
  window_seed = 1
  SLURM_JOB_ID = 2542
  SLURM_ARRAY_TASK_ID = 0
[run_variable_fom_hpc] Running variable-window FOM optimization
[run_variable_window_optimization] [2026-07-02 16:54:03] Optimization Params: eta = [0.001]; beta = (0.9, 0.99); N_iter = [20]; WINDOW_T = [1.0]; WINDOW_N_OBS = [2]; WINDOW_START_POLICY = ["random"]; WINDOWS_PER_ITER = [1]; loss_normalization = mean; total_iterations = 20; save_frequency = 1; print_frequency = 1; warmup = true
[run_variable_window_optimization] [2026-07-02 16:54:03] Warming up
[run_variable_window_optimization] [2026-07-02 16:55:43] Warmup complete
[run_variable_window_optimization] [2026-07-02 16:55:43] Beginning variable-window optimization
[run_variable_window_optimization] [2026-07-02 16:55:43] Stage 1 / 1 started: eta = 0.001; N_iter = 20; WINDOW_T = 1.0; WINDOW_N_OBS = 2; WINDOW_START_POLICY = random; WINDOWS_PER_ITER = 1
[run_variable_window_optimization] [2026-07-02 16:55:46] iteration = 1, loss = 0.04582257223425125, stage = 1, window_start = 0.09913970137863681, window_end = 1.0991397013786368, last iteration = 103.07 s
[run_variable_window_optimization] [2026-07-02 16:55:48] iteration = 2, loss = 0.047547758341467065, stage = 1, window_start = 0.7019797138879542, window_end = 1.7019797138879542, last iteration = 1.89 s
[run_variable_window_optimization] [2026-07-02 16:55:49] iteration = 3, loss = 0.045502930766186896, stage = 1, window_start = 0.503261785841856, window_end = 1.503261785841856, last iteration = 1.27 s
[run_variable_window_optimization] [2026-07-02 16:55:51] iteration = 4, loss = 0.0452735284748357, stage = 1, window_start = 0.8758412053070399, window_end = 1.87584120530704, last iteration = 1.45 s
[run_variable_window_optimization] [2026-07-02 16:55:52] iteration = 5, loss = 0.04410487555650168, stage = 1, window_start = 0.9534654118744876, window_end = 1.9534654118744876, last iteration = 1.34 s
[run_variable_window_optimization] [2026-07-02 16:55:54] iteration = 6, loss = 0.041532163494369875, stage = 1, window_start = 0.507810571056071, window_end = 1.507810571056071, last iteration = 1.38 s
[run_variable_window_optimization] [2026-07-02 16:55:55] iteration = 7, loss = 0.04113972733714662, stage = 1, window_start = 0.7897511635624404, window_end = 1.7897511635624404, last iteration = 1.32 s
[run_variable_window_optimization] [2026-07-02 16:55:56] iteration = 8, loss = 0.03635063192777073, stage = 1, window_start = 0.07125413261100788, window_end = 1.0712541326110079, last iteration = 1.41 s
[run_variable_window_optimization] [2026-07-02 16:55:58] iteration = 9, loss = 0.035656514089135866, stage = 1, window_start = 0.13837807897217225, window_end = 1.1383780789721722, last iteration = 1.31 s
[run_variable_window_optimization] [2026-07-02 16:55:59] iteration = 10, loss = 0.035995545649110595, stage = 1, window_start = 0.3931891799217675, window_end = 1.3931891799217675, last iteration = 1.42 s
[run_variable_window_optimization] [2026-07-02 16:56:00] iteration = 11, loss = 0.03354280647243163, stage = 1, window_start = 0.17773262714977278, window_end = 1.1777326271497728, last iteration = 1.26 s
[run_variable_window_optimization] [2026-07-02 16:56:02] iteration = 12, loss = 0.035119992869803204, stage = 1, window_start = 0.8441567419329088, window_end = 1.8441567419329088, last iteration = 1.4 s
[run_variable_window_optimization] [2026-07-02 16:56:03] iteration = 13, loss = 0.03390227104668732, stage = 1, window_start = 0.8222970067996656, window_end = 1.8222970067996656, last iteration = 1.32 s
[run_variable_window_optimization] [2026-07-02 16:56:04] iteration = 14, loss = 0.03308659884752661, stage = 1, window_start = 0.9794215255648107, window_end = 1.9794215255648107, last iteration = 1.39 s
[run_variable_window_optimization] [2026-07-02 16:56:06] iteration = 15, loss = 0.03196628843364557, stage = 1, window_start = 0.9819583226305431, window_end = 1.981958322630543, last iteration = 1.32 s
[run_variable_window_optimization] [2026-07-02 16:56:07] iteration = 16, loss = 0.03086489705267803, stage = 1, window_start = 0.982920141544912, window_end = 1.982920141544912, last iteration = 1.41 s
[run_variable_window_optimization] [2026-07-02 16:56:09] iteration = 17, loss = 0.028572712203006934, stage = 1, window_start = 0.5237241913656492, window_end = 1.5237241913656492, last iteration = 1.36 s
[run_variable_window_optimization] [2026-07-02 16:56:10] iteration = 18, loss = 0.027723845024647007, stage = 1, window_start = 0.5807966459998328, window_end = 1.5807966459998328, last iteration = 1.37 s
[run_variable_window_optimization] [2026-07-02 16:56:11] iteration = 19, loss = 0.02445664548298193, stage = 1, window_start = 0.1257606852986286, window_end = 1.1257606852986286, last iteration = 1.33 s
[run_variable_window_optimization] [2026-07-02 16:56:13] iteration = 20, loss = 0.02364945965405002, stage = 1, window_start = 0.1497231388373501, window_end = 1.1497231388373501, last iteration = 1.4 s
[run_variable_window_optimization] [2026-07-02 16:56:14] Stage 1 / 1 complete; validation_loss = 0.036030505718253905; elapsed = 30.83 s
[run_variable_fom_hpc] Saving variable-window FOM optimization data
Saved variable-window FOM output to: /home/mgantcher/Brookhaven/Research_Code/Optimization/Data/FOM_timing_per_iter_20_window_t-1.0__window_n_obs-2
Final full-trajectory loss: 0.036030505718253905
Final training-window loss: 0.02364945965405002
[Thu Jul  2 04:56:16 PM EDT 2026] Finished variable-window FOM training
[Thu Jul  2 04:56:16 PM EDT 2026] Worker 0 finished FOM_VARIABLE combination 20
