[Tue Jul  7 10:18:57 AM EDT 2026] Worker 4 starting FOM combination 4 / 30
Sweep file: /home/mgantcher/Brookhaven/Research_Code/Optimization/Data/Sweeps/FOM_hyperparam_opt/00_timing_scaling.txt
Run name: FOM_timing_per_iter_accel_4_window_t-0.05__window_n_obs-50
Combination label: window_t-0.05__window_n_obs-50
ETAS=1e-3
ITERS=100
N_OBS=100
PRINT_FREQUENCY=1
RUN_NAME=FOM_timing_per_iter_accel_4_window_t-0.05__window_n_obs-50
SAVE_FREQUENCY=100000
SWEEP_COMBO_COUNT=30
SWEEP_COMBO_INDEX=4
SWEEP_COMBO_LABEL=window_t-0.05__window_n_obs-50
SWEEP_FILE=/home/mgantcher/Brookhaven/Research_Code/Optimization/Data/Sweeps/FOM_hyperparam_opt/00_timing_scaling.txt
SWEEP_TARGET=fom
SWEEP_TOTAL_COUNT=30
SWEEP_WORKER_COUNT=20
SWEEP_WORKER_INDEX=4
WARMUP=true
WINDOW_N_OBS=50
WINDOW_START_POLICY=random
WINDOW_T=0.05
[Tue Jul  7 10:18:57 AM EDT 2026] Starting FOM training on node03
[run_fom_hpc] Julia entrypoint started
[run_fom_hpc] Loading integration helper code
[package-load] Loading LinearAlgebra
[package-load] Loaded LinearAlgebra
[package-load] Loading SparseArrays
[package-load] Loaded SparseArrays
[package-load] Loading Random
[package-load] Loaded Random
[package-load] Loading ComponentArrays
[package-load] Loaded ComponentArrays
[package-load] Loading LinearSolve
[package-load] Loaded LinearSolve
[package-load] Loading OrdinaryDiffEq
[package-load] Loaded OrdinaryDiffEq
[package-load] Loading OrdinaryDiffEqSDIRK
[package-load] Loaded OrdinaryDiffEqSDIRK
[package-load] Loading OrdinaryDiffEqLowOrderRK
[package-load] Loaded OrdinaryDiffEqLowOrderRK
[package-load] Loading SciMLSensitivity
[package-load] Loaded SciMLSensitivity
[package-load] Loading ADTypes
[package-load] Loaded ADTypes
[package-load] Loading Zygote
[package-load] Loaded Zygote
[package-load] Loading Enzyme
[package-load] Loaded Enzyme
[package-load] Loading Optimization
[package-load] Loaded Optimization
[package-load] Loading OptimizationOptimisers
[package-load] Loaded OptimizationOptimisers
[package-load] Loading OptimizationOptimJL
[package-load] Loaded OptimizationOptimJL
[package-load] Loading LineSearches
[package-load] Loaded LineSearches
[package-load] Loading Lux
[package-load] Loaded Lux
[package-load] Loading Functors
[package-load] Loaded Functors
[package-load] Loading Plots
[package-load] Loaded Plots
[run_fom_hpc] Loading FOM helper code
[package-load] Loading LinearAlgebra
[package-load] Loaded LinearAlgebra
[package-load] Loading SparseArrays
[package-load] Loaded SparseArrays
[package-load] Loading Random
[package-load] Loaded Random
[package-load] Loading ComponentArrays
[package-load] Loaded ComponentArrays
[package-load] Loading LinearSolve
[package-load] Loaded LinearSolve
[package-load] Loading OrdinaryDiffEq
[package-load] Loaded OrdinaryDiffEq
[package-load] Loading OrdinaryDiffEqSDIRK
[package-load] Loaded OrdinaryDiffEqSDIRK
[package-load] Loading OrdinaryDiffEqLowOrderRK
[package-load] Loaded OrdinaryDiffEqLowOrderRK
[package-load] Loading SciMLSensitivity
[package-load] Loaded SciMLSensitivity
[package-load] Loading ADTypes
[package-load] Loaded ADTypes
[package-load] Loading Zygote
[package-load] Loaded Zygote
[package-load] Loading Enzyme
[package-load] Loaded Enzyme
[package-load] Loading Optimization
[package-load] Loaded Optimization
[package-load] Loading OptimizationOptimisers
[package-load] Loaded OptimizationOptimisers
[package-load] Loading OptimizationOptimJL
[package-load] Loaded OptimizationOptimJL
[package-load] Loading LineSearches
[package-load] Loaded LineSearches
[package-load] Loading Lux
[package-load] Loaded Lux
[package-load] Loading Functors
[package-load] Loaded Functors
[package-load] Loading Plots
[package-load] Loaded Plots
[package-load] Loading Dates
[package-load] Loaded Dates
[package-load] Loading Serialization
[package-load] Loaded Serialization
[package-load] Including integration_AC_hpc.jl
[package-load] Loading LinearAlgebra
[package-load] Loaded LinearAlgebra
[package-load] Loading SparseArrays
[package-load] Loaded SparseArrays
[package-load] Loading Random
[package-load] Loaded Random
[package-load] Loading ComponentArrays
[package-load] Loaded ComponentArrays
[package-load] Loading LinearSolve
[package-load] Loaded LinearSolve
[package-load] Loading OrdinaryDiffEq
[package-load] Loaded OrdinaryDiffEq
[package-load] Loading OrdinaryDiffEqSDIRK
[package-load] Loaded OrdinaryDiffEqSDIRK
[package-load] Loading OrdinaryDiffEqLowOrderRK
[package-load] Loaded OrdinaryDiffEqLowOrderRK
[package-load] Loading SciMLSensitivity
[package-load] Loaded SciMLSensitivity
[package-load] Loading ADTypes
[package-load] Loaded ADTypes
[package-load] Loading Zygote
[package-load] Loaded Zygote
[package-load] Loading Enzyme
[package-load] Loaded Enzyme
[package-load] Loading Optimization
[package-load] Loaded Optimization
[package-load] Loading OptimizationOptimisers
[package-load] Loaded OptimizationOptimisers
[package-load] Loading OptimizationOptimJL
[package-load] Loaded OptimizationOptimJL
[package-load] Loading LineSearches
[package-load] Loaded LineSearches
[package-load] Loading Lux
[package-load] Loaded Lux
[package-load] Loading Functors
[package-load] Loaded Functors
[package-load] Loading Plots
[package-load] Loaded Plots
[package-load] Included integration_AC_hpc.jl
[run_fom_hpc] Loading HPC common code
[package-load] Loading LinearAlgebra
[package-load] Loaded LinearAlgebra
[package-load] Loading SparseArrays
[package-load] Loaded SparseArrays
[package-load] Loading ComponentArrays
[package-load] Loaded ComponentArrays
[package-load] Loading OrdinaryDiffEq
[package-load] Loaded OrdinaryDiffEq
[package-load] Loading OrdinaryDiffEqLowOrderRK
[package-load] Loaded OrdinaryDiffEqLowOrderRK
[package-load] Loading Optimization
[package-load] Loaded Optimization
[package-load] Loading Dates
[package-load] Loaded Dates
[run_fom_hpc] Configuring HPC runtime
Julia version: 1.12.6
Host: node03
SLURM_JOB_ID: 2595
SLURM_ARRAY_TASK_ID: 4
Julia threads: 8
BLAS threads: 1
[run_fom_hpc] Building Allen-Cahn reference solution
Reference solve: N=256, Δx=0.0038910505836575876, Δt=0.0003785068661145513, saved_times=5283
[run_fom_hpc] Preparing FOM optimization problem
[run_fom_hpc] Prepared FOM optimization parameters
  run_name = FOM_timing_per_iter_accel_4_window_t-0.05__window_n_obs-50
  N = 256
  L = 1.0
  ε2 = 0.01
  k = 1.0
  tfinal = 2.0
  N_obs = 100
  h = 8
  seed = 1
  reference_dt_factor = 0.5
  reference_Δx = 0.0038910505836575876
  reference_Δt = 0.0003785068661145513
  reference_save_count = 5283
  etas = [0.001]
  iterations = [100]
  window_T = [0.05]
  window_N_obs = [50]
  window_start_policy = SubString{String}["random"]
  batch_size = [1]
  loss_normalization = mean
  window_seed = 1
  β = (0.9, 0.99)
  warmup = true
  save_frequency = 100000
  print_frequency = 1
  SLURM_JOB_ID = 2595
  SLURM_ARRAY_TASK_ID = 4
[run_fom_hpc] Running FOM optimization
[run_variable_window_optimization] [2026-07-07 10:19:57] Optimization Params: eta = [0.001]; beta = (0.9, 0.99); N_iter = [100]; window_T = [0.05]; window_N_obs = [50]; window_start_policy = SubString{String}["random"]; batch_size = [1]; loss_normalization = mean; total_iterations = 100
[run_variable_window_optimization] [2026-07-07 10:19:57] Warming up
[run_variable_window_optimization] [2026-07-07 10:23:28] Warmup complete
[run_variable_window_optimization] [2026-07-07 10:23:28] Stage 1 / 1 started: eta = 0.001; N_iter = 100; window_T = 0.05; window_N_obs = 50; window_start_policy = random; batch_size = 1
[run_variable_window_optimization] [2026-07-07 10:23:30] iteration = 1, loss = 0.00012152130435901151, stage = 1, window_start = 0.19332241768834177, window_end = 0.24332241768834179, last iteration = 213.68 s
[run_variable_window_optimization] [2026-07-07 10:23:31] iteration = 2, loss = 0.00013415153495070824, stage = 1, window_start = 1.3688604420815107, window_end = 1.4188604420815107, last iteration = 0.75 s
[run_variable_window_optimization] [2026-07-07 10:23:31] iteration = 3, loss = 0.0001273944850864782, stage = 1, window_start = 0.9813604823916191, window_end = 1.0313604823916191, last iteration = 0.17 s
[run_variable_window_optimization] [2026-07-07 10:23:31] iteration = 4, loss = 0.00012679430663506975, stage = 1, window_start = 1.7078903503487277, window_end = 1.7578903503487278, last iteration = 0.36 s
[run_variable_window_optimization] [2026-07-07 10:23:31] iteration = 5, loss = 0.00012301615883369025, stage = 1, window_start = 1.8592575531552509, window_end = 1.909257553155251, last iteration = 0.15 s
[run_variable_window_optimization] [2026-07-07 10:23:32] iteration = 6, loss = 0.00011508177575062662, stage = 1, window_start = 0.9902306135593384, window_end = 1.0402306135593384, last iteration = 0.17 s
[run_variable_window_optimization] [2026-07-07 10:23:32] iteration = 7, loss = 0.00011409201202782648, stage = 1, window_start = 1.5400147689467587, window_end = 1.5900147689467587, last iteration = 0.18 s
[run_variable_window_optimization] [2026-07-07 10:23:32] iteration = 8, loss = 9.158583401672296e-5, stage = 1, window_start = 0.13894555859146537, window_end = 0.1889455585914654, last iteration = 0.19 s
[run_variable_window_optimization] [2026-07-07 10:23:32] iteration = 9, loss = 9.259394995920956e-5, stage = 1, window_start = 0.2698372539957359, window_end = 0.31983725399573587, last iteration = 0.18 s
[run_variable_window_optimization] [2026-07-07 10:23:32] iteration = 10, loss = 9.786700430724937e-5, stage = 1, window_start = 0.7667189008474466, window_end = 0.8167189008474467, last iteration = 0.18 s
[run_variable_window_optimization] [2026-07-07 10:23:33] iteration = 11, loss = 8.76404545767492e-5, stage = 1, window_start = 0.34657862294205694, window_end = 0.3965786229420569, last iteration = 0.19 s
[run_variable_window_optimization] [2026-07-07 10:23:33] iteration = 12, loss = 9.609502546809506e-5, stage = 1, window_start = 1.6461056467691721, window_end = 1.6961056467691722, last iteration = 0.17 s
