
[2805917] signal 11 (1): Segmentation fault
in expression starting at /home/mgantcher/Brookhaven/Research_Code/HPC_compatibility/run_fom_hpc.jl:101
jl_datatype_layout at /cache/build/builder-amdci5-4/julialang/julia-release-1-dot-12/src/julia.h:1523 [inlined]
gc_mark_outrefs at /cache/build/builder-amdci5-4/julialang/julia-release-1-dot-12/src/gc-stock.c:2356 [inlined]
gc_mark_and_steal at /cache/build/builder-amdci5-4/julialang/julia-release-1-dot-12/src/gc-stock.c:2567
gc_mark_loop_parallel at /cache/build/builder-amdci5-4/julialang/julia-release-1-dot-12/src/gc-stock.c:2722 [inlined]
jl_parallel_gc_threadfun at /cache/build/builder-amdci5-4/julialang/julia-release-1-dot-12/src/gc-stock.c:3644
start_thread at /lib64/libc.so.6 (unknown line)
__clone3 at /lib64/libc.so.6 (unknown line)
Allocations: 465032245 (Pool: 465029158; Big: 3087); GC: 135

[2805917] signal 11 (1): Segmentation fault
in expression starting at /home/mgantcher/Brookhaven/Research_Code/HPC_compatibility/run_fom_hpc.jl:101
jl_datatype_layout at /cache/build/builder-amdci5-4/julialang/julia-release-1-dot-12/src/julia.h:1523 [inlined]
gc_mark_outrefs at /cache/build/builder-amdci5-4/julialang/julia-release-1-dot-12/src/gc-stock.c:2356 [inlined]
gc_mark_and_steal at /cache/build/builder-amdci5-4/julialang/julia-release-1-dot-12/src/gc-stock.c:2567
gc_mark_loop_parallel at /cache/build/builder-amdci5-4/julialang/julia-release-1-dot-12/src/gc-stock.c:2722 [inlined]
jl_parallel_gc_threadfun at /cache/build/builder-amdci5-4/julialang/julia-release-1-dot-12/src/gc-stock.c:3644
start_thread at /lib64/libc.so.6 (unknown line)
__clone3 at /lib64/libc.so.6 (unknown line)
Allocations: 465032245 (Pool: 465029158; Big: 3087); GC: 135
/home/mgantcher/Brookhaven/Research_Code/HPC_compatibility/hpc1_run_fom.slurm: line 75: 2805917 Segmentation fault      (core dumped) "$JULIA_EXE" --project="$HPC_JULIA_PROJECT" "$HPC_DIR/run_fom_hpc.jl" "${ARGS[@]}"
