[Wed Jul  8 11:08:36 AM EDT 2026] Worker 0 starting ROM combination 0 / 81
Sweep file: /home/mgantcher/Brookhaven/Research_Code/Optimization/Data/Sweeps/ROM_hyperparam_opt/01_mooncake_rom_FOM_best_short_with_different_m_r.txt
Run name: ROM_short_training_param_sweep_0_m-1__r-1
Combination label: m-1__r-1
BATCH_SIZE=1,1,1
ETAS=0.01,0.003,0.001
H=8
ITERS=2016,2208,2349
LOSS_NORMALIZATION=mean
M=1
N=256
N_OBS=100
PRINT_FREQUENCY=250
R=1
RUN_NAME=ROM_short_training_param_sweep_0_m-1__r-1
SAVE_FREQUENCY=100
SEED=1
SWEEP_COMBO_COUNT=81
SWEEP_COMBO_INDEX=0
SWEEP_COMBO_LABEL=m-1__r-1
SWEEP_FILE=/home/mgantcher/Brookhaven/Research_Code/Optimization/Data/Sweeps/ROM_hyperparam_opt/01_mooncake_rom_FOM_best_short_with_different_m_r.txt
SWEEP_TARGET=rom
SWEEP_TOTAL_COUNT=81
SWEEP_WORKER_COUNT=5
SWEEP_WORKER_INDEX=0
TFINAL=2.0
WARMUP=true
WINDOW_N_OBS=2,5,10
WINDOW_SEED=1
WINDOW_START_POLICY=random,random,random
WINDOW_T=0.05,0.5,2.0
[Wed Jul  8 11:13:59 AM EDT 2026] Worker 0 finished ROM combination 0
[Wed Jul  8 11:13:59 AM EDT 2026] Worker 0 starting ROM combination 5 / 81
Sweep file: /home/mgantcher/Brookhaven/Research_Code/Optimization/Data/Sweeps/ROM_hyperparam_opt/01_mooncake_rom_FOM_best_short_with_different_m_r.txt
Run name: ROM_short_training_param_sweep_5_m-1__r-10
Combination label: m-1__r-10
BATCH_SIZE=1,1,1
ETAS=0.01,0.003,0.001
H=8
ITERS=2016,2208,2349
LOSS_NORMALIZATION=mean
M=1
N=256
N_OBS=100
PRINT_FREQUENCY=250
R=10
RUN_NAME=ROM_short_training_param_sweep_5_m-1__r-10
SAVE_FREQUENCY=100
SEED=1
SWEEP_COMBO_COUNT=81
SWEEP_COMBO_INDEX=5
SWEEP_COMBO_LABEL=m-1__r-10
SWEEP_FILE=/home/mgantcher/Brookhaven/Research_Code/Optimization/Data/Sweeps/ROM_hyperparam_opt/01_mooncake_rom_FOM_best_short_with_different_m_r.txt
SWEEP_TARGET=rom
SWEEP_TOTAL_COUNT=81
SWEEP_WORKER_COUNT=5
SWEEP_WORKER_INDEX=0
TFINAL=2.0
WARMUP=true
WINDOW_N_OBS=2,5,10
WINDOW_SEED=1
WINDOW_START_POLICY=random,random,random
WINDOW_T=0.05,0.5,2.0
[Wed Jul  8 11:19:49 AM EDT 2026] Worker 0 finished ROM combination 5
[Wed Jul  8 11:19:49 AM EDT 2026] Worker 0 starting ROM combination 10 / 81
Sweep file: /home/mgantcher/Brookhaven/Research_Code/Optimization/Data/Sweeps/ROM_hyperparam_opt/01_mooncake_rom_FOM_best_short_with_different_m_r.txt
Run name: ROM_short_training_param_sweep_10_m-2__r-2
Combination label: m-2__r-2
BATCH_SIZE=1,1,1
ETAS=0.01,0.003,0.001
H=8
ITERS=2016,2208,2349
LOSS_NORMALIZATION=mean
M=2
N=256
N_OBS=100
PRINT_FREQUENCY=250
R=2
RUN_NAME=ROM_short_training_param_sweep_10_m-2__r-2
SAVE_FREQUENCY=100
SEED=1
SWEEP_COMBO_COUNT=81
SWEEP_COMBO_INDEX=10
SWEEP_COMBO_LABEL=m-2__r-2
SWEEP_FILE=/home/mgantcher/Brookhaven/Research_Code/Optimization/Data/Sweeps/ROM_hyperparam_opt/01_mooncake_rom_FOM_best_short_with_different_m_r.txt
SWEEP_TARGET=rom
SWEEP_TOTAL_COUNT=81
SWEEP_WORKER_COUNT=5
SWEEP_WORKER_INDEX=0
TFINAL=2.0
WARMUP=true
WINDOW_N_OBS=2,5,10
WINDOW_SEED=1
WINDOW_START_POLICY=random,random,random
WINDOW_T=0.05,0.5,2.0
[Wed Jul  8 11:25:15 AM EDT 2026] Worker 0 finished ROM combination 10
[Wed Jul  8 11:25:16 AM EDT 2026] Worker 0 starting ROM combination 15 / 81
Sweep file: /home/mgantcher/Brookhaven/Research_Code/Optimization/Data/Sweeps/ROM_hyperparam_opt/01_mooncake_rom_FOM_best_short_with_different_m_r.txt
Run name: ROM_short_training_param_sweep_15_m-2__r-15
Combination label: m-2__r-15
BATCH_SIZE=1,1,1
ETAS=0.01,0.003,0.001
H=8
ITERS=2016,2208,2349
LOSS_NORMALIZATION=mean
M=2
N=256
N_OBS=100
PRINT_FREQUENCY=250
R=15
RUN_NAME=ROM_short_training_param_sweep_15_m-2__r-15
SAVE_FREQUENCY=100
SEED=1
SWEEP_COMBO_COUNT=81
SWEEP_COMBO_INDEX=15
SWEEP_COMBO_LABEL=m-2__r-15
SWEEP_FILE=/home/mgantcher/Brookhaven/Research_Code/Optimization/Data/Sweeps/ROM_hyperparam_opt/01_mooncake_rom_FOM_best_short_with_different_m_r.txt
SWEEP_TARGET=rom
SWEEP_TOTAL_COUNT=81
SWEEP_WORKER_COUNT=5
SWEEP_WORKER_INDEX=0
TFINAL=2.0
WARMUP=true
WINDOW_N_OBS=2,5,10
WINDOW_SEED=1
WINDOW_START_POLICY=random,random,random
WINDOW_T=0.05,0.5,2.0
[Wed Jul  8 11:30:49 AM EDT 2026] Worker 0 finished ROM combination 15
[Wed Jul  8 11:30:49 AM EDT 2026] Worker 0 starting ROM combination 20 / 81
Sweep file: /home/mgantcher/Brookhaven/Research_Code/Optimization/Data/Sweeps/ROM_hyperparam_opt/01_mooncake_rom_FOM_best_short_with_different_m_r.txt
Run name: ROM_short_training_param_sweep_20_m-3__r-3
Combination label: m-3__r-3
BATCH_SIZE=1,1,1
ETAS=0.01,0.003,0.001
H=8
ITERS=2016,2208,2349
LOSS_NORMALIZATION=mean
M=3
N=256
N_OBS=100
PRINT_FREQUENCY=250
R=3
RUN_NAME=ROM_short_training_param_sweep_20_m-3__r-3
SAVE_FREQUENCY=100
SEED=1
SWEEP_COMBO_COUNT=81
SWEEP_COMBO_INDEX=20
SWEEP_COMBO_LABEL=m-3__r-3
SWEEP_FILE=/home/mgantcher/Brookhaven/Research_Code/Optimization/Data/Sweeps/ROM_hyperparam_opt/01_mooncake_rom_FOM_best_short_with_different_m_r.txt
SWEEP_TARGET=rom
SWEEP_TOTAL_COUNT=81
SWEEP_WORKER_COUNT=5
SWEEP_WORKER_INDEX=0
TFINAL=2.0
WARMUP=true
WINDOW_N_OBS=2,5,10
WINDOW_SEED=1
WINDOW_START_POLICY=random,random,random
WINDOW_T=0.05,0.5,2.0
[Wed Jul  8 11:36:35 AM EDT 2026] Worker 0 finished ROM combination 20
[Wed Jul  8 11:36:35 AM EDT 2026] Worker 0 starting ROM combination 25 / 81
Sweep file: /home/mgantcher/Brookhaven/Research_Code/Optimization/Data/Sweeps/ROM_hyperparam_opt/01_mooncake_rom_FOM_best_short_with_different_m_r.txt
Run name: ROM_short_training_param_sweep_25_m-3__r-20
Combination label: m-3__r-20
BATCH_SIZE=1,1,1
ETAS=0.01,0.003,0.001
H=8
ITERS=2016,2208,2349
LOSS_NORMALIZATION=mean
M=3
N=256
N_OBS=100
PRINT_FREQUENCY=250
R=20
RUN_NAME=ROM_short_training_param_sweep_25_m-3__r-20
SAVE_FREQUENCY=100
SEED=1
SWEEP_COMBO_COUNT=81
SWEEP_COMBO_INDEX=25
SWEEP_COMBO_LABEL=m-3__r-20
SWEEP_FILE=/home/mgantcher/Brookhaven/Research_Code/Optimization/Data/Sweeps/ROM_hyperparam_opt/01_mooncake_rom_FOM_best_short_with_different_m_r.txt
SWEEP_TARGET=rom
SWEEP_TOTAL_COUNT=81
SWEEP_WORKER_COUNT=5
SWEEP_WORKER_INDEX=0
TFINAL=2.0
WARMUP=true
WINDOW_N_OBS=2,5,10
WINDOW_SEED=1
WINDOW_START_POLICY=random,random,random
WINDOW_T=0.05,0.5,2.0
[Wed Jul  8 11:42:16 AM EDT 2026] Worker 0 finished ROM combination 25
[Wed Jul  8 11:42:17 AM EDT 2026] Worker 0 starting ROM combination 30 / 81
Sweep file: /home/mgantcher/Brookhaven/Research_Code/Optimization/Data/Sweeps/ROM_hyperparam_opt/01_mooncake_rom_FOM_best_short_with_different_m_r.txt
Run name: ROM_short_training_param_sweep_30_m-4__r-4
Combination label: m-4__r-4
BATCH_SIZE=1,1,1
ETAS=0.01,0.003,0.001
H=8
ITERS=2016,2208,2349
LOSS_NORMALIZATION=mean
M=4
N=256
N_OBS=100
PRINT_FREQUENCY=250
R=4
RUN_NAME=ROM_short_training_param_sweep_30_m-4__r-4
SAVE_FREQUENCY=100
SEED=1
SWEEP_COMBO_COUNT=81
SWEEP_COMBO_INDEX=30
SWEEP_COMBO_LABEL=m-4__r-4
SWEEP_FILE=/home/mgantcher/Brookhaven/Research_Code/Optimization/Data/Sweeps/ROM_hyperparam_opt/01_mooncake_rom_FOM_best_short_with_different_m_r.txt
SWEEP_TARGET=rom
SWEEP_TOTAL_COUNT=81
SWEEP_WORKER_COUNT=5
SWEEP_WORKER_INDEX=0
TFINAL=2.0
WARMUP=true
WINDOW_N_OBS=2,5,10
WINDOW_SEED=1
WINDOW_START_POLICY=random,random,random
WINDOW_T=0.05,0.5,2.0
[Wed Jul  8 11:47:56 AM EDT 2026] Worker 0 finished ROM combination 30
[Wed Jul  8 11:47:56 AM EDT 2026] Worker 0 starting ROM combination 35 / 81
Sweep file: /home/mgantcher/Brookhaven/Research_Code/Optimization/Data/Sweeps/ROM_hyperparam_opt/01_mooncake_rom_FOM_best_short_with_different_m_r.txt
Run name: ROM_short_training_param_sweep_35_m-4__r-30
Combination label: m-4__r-30
BATCH_SIZE=1,1,1
ETAS=0.01,0.003,0.001
H=8
ITERS=2016,2208,2349
LOSS_NORMALIZATION=mean
M=4
N=256
N_OBS=100
PRINT_FREQUENCY=250
R=30
RUN_NAME=ROM_short_training_param_sweep_35_m-4__r-30
SAVE_FREQUENCY=100
SEED=1
SWEEP_COMBO_COUNT=81
SWEEP_COMBO_INDEX=35
SWEEP_COMBO_LABEL=m-4__r-30
SWEEP_FILE=/home/mgantcher/Brookhaven/Research_Code/Optimization/Data/Sweeps/ROM_hyperparam_opt/01_mooncake_rom_FOM_best_short_with_different_m_r.txt
SWEEP_TARGET=rom
SWEEP_TOTAL_COUNT=81
SWEEP_WORKER_COUNT=5
SWEEP_WORKER_INDEX=0
TFINAL=2.0
WARMUP=true
WINDOW_N_OBS=2,5,10
WINDOW_SEED=1
WINDOW_START_POLICY=random,random,random
WINDOW_T=0.05,0.5,2.0
[Wed Jul  8 11:53:44 AM EDT 2026] Worker 0 finished ROM combination 35
[Wed Jul  8 11:53:44 AM EDT 2026] Worker 0 starting ROM combination 40 / 81
Sweep file: /home/mgantcher/Brookhaven/Research_Code/Optimization/Data/Sweeps/ROM_hyperparam_opt/01_mooncake_rom_FOM_best_short_with_different_m_r.txt
Run name: ROM_short_training_param_sweep_40_m-5__r-5
Combination label: m-5__r-5
BATCH_SIZE=1,1,1
ETAS=0.01,0.003,0.001
H=8
ITERS=2016,2208,2349
LOSS_NORMALIZATION=mean
M=5
N=256
N_OBS=100
PRINT_FREQUENCY=250
R=5
RUN_NAME=ROM_short_training_param_sweep_40_m-5__r-5
SAVE_FREQUENCY=100
SEED=1
SWEEP_COMBO_COUNT=81
SWEEP_COMBO_INDEX=40
SWEEP_COMBO_LABEL=m-5__r-5
SWEEP_FILE=/home/mgantcher/Brookhaven/Research_Code/Optimization/Data/Sweeps/ROM_hyperparam_opt/01_mooncake_rom_FOM_best_short_with_different_m_r.txt
SWEEP_TARGET=rom
SWEEP_TOTAL_COUNT=81
SWEEP_WORKER_COUNT=5
SWEEP_WORKER_INDEX=0
TFINAL=2.0
WARMUP=true
WINDOW_N_OBS=2,5,10
WINDOW_SEED=1
WINDOW_START_POLICY=random,random,random
WINDOW_T=0.05,0.5,2.0
[Wed Jul  8 12:00:26 PM EDT 2026] Worker 0 finished ROM combination 40
[Wed Jul  8 12:00:26 PM EDT 2026] Worker 0 starting ROM combination 45 / 81
Sweep file: /home/mgantcher/Brookhaven/Research_Code/Optimization/Data/Sweeps/ROM_hyperparam_opt/01_mooncake_rom_FOM_best_short_with_different_m_r.txt
Run name: ROM_short_training_param_sweep_45_m-10__r-1
Combination label: m-10__r-1
BATCH_SIZE=1,1,1
ETAS=0.01,0.003,0.001
H=8
ITERS=2016,2208,2349
LOSS_NORMALIZATION=mean
M=10
N=256
N_OBS=100
PRINT_FREQUENCY=250
R=1
RUN_NAME=ROM_short_training_param_sweep_45_m-10__r-1
SAVE_FREQUENCY=100
SEED=1
SWEEP_COMBO_COUNT=81
SWEEP_COMBO_INDEX=45
SWEEP_COMBO_LABEL=m-10__r-1
SWEEP_FILE=/home/mgantcher/Brookhaven/Research_Code/Optimization/Data/Sweeps/ROM_hyperparam_opt/01_mooncake_rom_FOM_best_short_with_different_m_r.txt
SWEEP_TARGET=rom
SWEEP_TOTAL_COUNT=81
SWEEP_WORKER_COUNT=5
SWEEP_WORKER_INDEX=0
TFINAL=2.0
WARMUP=true
WINDOW_N_OBS=2,5,10
WINDOW_SEED=1
WINDOW_START_POLICY=random,random,random
WINDOW_T=0.05,0.5,2.0
[Wed Jul  8 12:06:06 PM EDT 2026] Worker 0 finished ROM combination 45
[Wed Jul  8 12:06:06 PM EDT 2026] Worker 0 starting ROM combination 50 / 81
Sweep file: /home/mgantcher/Brookhaven/Research_Code/Optimization/Data/Sweeps/ROM_hyperparam_opt/01_mooncake_rom_FOM_best_short_with_different_m_r.txt
Run name: ROM_short_training_param_sweep_50_m-10__r-10
Combination label: m-10__r-10
BATCH_SIZE=1,1,1
ETAS=0.01,0.003,0.001
H=8
ITERS=2016,2208,2349
LOSS_NORMALIZATION=mean
M=10
N=256
N_OBS=100
PRINT_FREQUENCY=250
R=10
RUN_NAME=ROM_short_training_param_sweep_50_m-10__r-10
SAVE_FREQUENCY=100
SEED=1
SWEEP_COMBO_COUNT=81
SWEEP_COMBO_INDEX=50
SWEEP_COMBO_LABEL=m-10__r-10
SWEEP_FILE=/home/mgantcher/Brookhaven/Research_Code/Optimization/Data/Sweeps/ROM_hyperparam_opt/01_mooncake_rom_FOM_best_short_with_different_m_r.txt
SWEEP_TARGET=rom
SWEEP_TOTAL_COUNT=81
SWEEP_WORKER_COUNT=5
SWEEP_WORKER_INDEX=0
TFINAL=2.0
WARMUP=true
WINDOW_N_OBS=2,5,10
WINDOW_SEED=1
WINDOW_START_POLICY=random,random,random
WINDOW_T=0.05,0.5,2.0
[Wed Jul  8 12:12:40 PM EDT 2026] Worker 0 finished ROM combination 50
[Wed Jul  8 12:12:40 PM EDT 2026] Worker 0 starting ROM combination 55 / 81
Sweep file: /home/mgantcher/Brookhaven/Research_Code/Optimization/Data/Sweeps/ROM_hyperparam_opt/01_mooncake_rom_FOM_best_short_with_different_m_r.txt
Run name: ROM_short_training_param_sweep_55_m-15__r-2
Combination label: m-15__r-2
BATCH_SIZE=1,1,1
ETAS=0.01,0.003,0.001
H=8
ITERS=2016,2208,2349
LOSS_NORMALIZATION=mean
M=15
N=256
N_OBS=100
PRINT_FREQUENCY=250
R=2
RUN_NAME=ROM_short_training_param_sweep_55_m-15__r-2
SAVE_FREQUENCY=100
SEED=1
SWEEP_COMBO_COUNT=81
SWEEP_COMBO_INDEX=55
SWEEP_COMBO_LABEL=m-15__r-2
SWEEP_FILE=/home/mgantcher/Brookhaven/Research_Code/Optimization/Data/Sweeps/ROM_hyperparam_opt/01_mooncake_rom_FOM_best_short_with_different_m_r.txt
SWEEP_TARGET=rom
SWEEP_TOTAL_COUNT=81
SWEEP_WORKER_COUNT=5
SWEEP_WORKER_INDEX=0
TFINAL=2.0
WARMUP=true
WINDOW_N_OBS=2,5,10
WINDOW_SEED=1
WINDOW_START_POLICY=random,random,random
WINDOW_T=0.05,0.5,2.0
[Wed Jul  8 12:18:11 PM EDT 2026] Worker 0 finished ROM combination 55
[Wed Jul  8 12:18:11 PM EDT 2026] Worker 0 starting ROM combination 60 / 81
Sweep file: /home/mgantcher/Brookhaven/Research_Code/Optimization/Data/Sweeps/ROM_hyperparam_opt/01_mooncake_rom_FOM_best_short_with_different_m_r.txt
Run name: ROM_short_training_param_sweep_60_m-15__r-15
Combination label: m-15__r-15
BATCH_SIZE=1,1,1
ETAS=0.01,0.003,0.001
H=8
ITERS=2016,2208,2349
LOSS_NORMALIZATION=mean
M=15
N=256
N_OBS=100
PRINT_FREQUENCY=250
R=15
RUN_NAME=ROM_short_training_param_sweep_60_m-15__r-15
SAVE_FREQUENCY=100
SEED=1
SWEEP_COMBO_COUNT=81
SWEEP_COMBO_INDEX=60
SWEEP_COMBO_LABEL=m-15__r-15
SWEEP_FILE=/home/mgantcher/Brookhaven/Research_Code/Optimization/Data/Sweeps/ROM_hyperparam_opt/01_mooncake_rom_FOM_best_short_with_different_m_r.txt
SWEEP_TARGET=rom
SWEEP_TOTAL_COUNT=81
SWEEP_WORKER_COUNT=5
SWEEP_WORKER_INDEX=0
TFINAL=2.0
WARMUP=true
WINDOW_N_OBS=2,5,10
WINDOW_SEED=1
WINDOW_START_POLICY=random,random,random
WINDOW_T=0.05,0.5,2.0
[Wed Jul  8 12:24:56 PM EDT 2026] Worker 0 finished ROM combination 60
[Wed Jul  8 12:24:56 PM EDT 2026] Worker 0 starting ROM combination 65 / 81
Sweep file: /home/mgantcher/Brookhaven/Research_Code/Optimization/Data/Sweeps/ROM_hyperparam_opt/01_mooncake_rom_FOM_best_short_with_different_m_r.txt
Run name: ROM_short_training_param_sweep_65_m-20__r-3
Combination label: m-20__r-3
BATCH_SIZE=1,1,1
ETAS=0.01,0.003,0.001
H=8
ITERS=2016,2208,2349
LOSS_NORMALIZATION=mean
M=20
N=256
N_OBS=100
PRINT_FREQUENCY=250
R=3
RUN_NAME=ROM_short_training_param_sweep_65_m-20__r-3
SAVE_FREQUENCY=100
SEED=1
SWEEP_COMBO_COUNT=81
SWEEP_COMBO_INDEX=65
SWEEP_COMBO_LABEL=m-20__r-3
SWEEP_FILE=/home/mgantcher/Brookhaven/Research_Code/Optimization/Data/Sweeps/ROM_hyperparam_opt/01_mooncake_rom_FOM_best_short_with_different_m_r.txt
SWEEP_TARGET=rom
SWEEP_TOTAL_COUNT=81
SWEEP_WORKER_COUNT=5
SWEEP_WORKER_INDEX=0
TFINAL=2.0
WARMUP=true
WINDOW_N_OBS=2,5,10
WINDOW_SEED=1
WINDOW_START_POLICY=random,random,random
WINDOW_T=0.05,0.5,2.0
[Wed Jul  8 12:31:08 PM EDT 2026] Worker 0 finished ROM combination 65
[Wed Jul  8 12:31:08 PM EDT 2026] Worker 0 starting ROM combination 70 / 81
Sweep file: /home/mgantcher/Brookhaven/Research_Code/Optimization/Data/Sweeps/ROM_hyperparam_opt/01_mooncake_rom_FOM_best_short_with_different_m_r.txt
Run name: ROM_short_training_param_sweep_70_m-20__r-20
Combination label: m-20__r-20
BATCH_SIZE=1,1,1
ETAS=0.01,0.003,0.001
H=8
ITERS=2016,2208,2349
LOSS_NORMALIZATION=mean
M=20
N=256
N_OBS=100
PRINT_FREQUENCY=250
R=20
RUN_NAME=ROM_short_training_param_sweep_70_m-20__r-20
SAVE_FREQUENCY=100
SEED=1
SWEEP_COMBO_COUNT=81
SWEEP_COMBO_INDEX=70
SWEEP_COMBO_LABEL=m-20__r-20
SWEEP_FILE=/home/mgantcher/Brookhaven/Research_Code/Optimization/Data/Sweeps/ROM_hyperparam_opt/01_mooncake_rom_FOM_best_short_with_different_m_r.txt
SWEEP_TARGET=rom
SWEEP_TOTAL_COUNT=81
SWEEP_WORKER_COUNT=5
SWEEP_WORKER_INDEX=0
TFINAL=2.0
WARMUP=true
WINDOW_N_OBS=2,5,10
WINDOW_SEED=1
WINDOW_START_POLICY=random,random,random
WINDOW_T=0.05,0.5,2.0
[Wed Jul  8 12:37:51 PM EDT 2026] Worker 0 finished ROM combination 70
[Wed Jul  8 12:37:51 PM EDT 2026] Worker 0 starting ROM combination 75 / 81
Sweep file: /home/mgantcher/Brookhaven/Research_Code/Optimization/Data/Sweeps/ROM_hyperparam_opt/01_mooncake_rom_FOM_best_short_with_different_m_r.txt
Run name: ROM_short_training_param_sweep_75_m-30__r-4
Combination label: m-30__r-4
BATCH_SIZE=1,1,1
ETAS=0.01,0.003,0.001
H=8
ITERS=2016,2208,2349
LOSS_NORMALIZATION=mean
M=30
N=256
N_OBS=100
PRINT_FREQUENCY=250
R=4
RUN_NAME=ROM_short_training_param_sweep_75_m-30__r-4
SAVE_FREQUENCY=100
SEED=1
SWEEP_COMBO_COUNT=81
SWEEP_COMBO_INDEX=75
SWEEP_COMBO_LABEL=m-30__r-4
SWEEP_FILE=/home/mgantcher/Brookhaven/Research_Code/Optimization/Data/Sweeps/ROM_hyperparam_opt/01_mooncake_rom_FOM_best_short_with_different_m_r.txt
SWEEP_TARGET=rom
SWEEP_TOTAL_COUNT=81
SWEEP_WORKER_COUNT=5
SWEEP_WORKER_INDEX=0
TFINAL=2.0
WARMUP=true
WINDOW_N_OBS=2,5,10
WINDOW_SEED=1
WINDOW_START_POLICY=random,random,random
WINDOW_T=0.05,0.5,2.0
[Wed Jul  8 12:44:22 PM EDT 2026] Worker 0 finished ROM combination 75
[Wed Jul  8 12:44:22 PM EDT 2026] Worker 0 starting ROM combination 80 / 81
Sweep file: /home/mgantcher/Brookhaven/Research_Code/Optimization/Data/Sweeps/ROM_hyperparam_opt/01_mooncake_rom_FOM_best_short_with_different_m_r.txt
Run name: ROM_short_training_param_sweep_80_m-30__r-30
Combination label: m-30__r-30
BATCH_SIZE=1,1,1
ETAS=0.01,0.003,0.001
H=8
ITERS=2016,2208,2349
LOSS_NORMALIZATION=mean
M=30
N=256
N_OBS=100
PRINT_FREQUENCY=250
R=30
RUN_NAME=ROM_short_training_param_sweep_80_m-30__r-30
SAVE_FREQUENCY=100
SEED=1
SWEEP_COMBO_COUNT=81
SWEEP_COMBO_INDEX=80
SWEEP_COMBO_LABEL=m-30__r-30
SWEEP_FILE=/home/mgantcher/Brookhaven/Research_Code/Optimization/Data/Sweeps/ROM_hyperparam_opt/01_mooncake_rom_FOM_best_short_with_different_m_r.txt
SWEEP_TARGET=rom
SWEEP_TOTAL_COUNT=81
SWEEP_WORKER_COUNT=5
SWEEP_WORKER_INDEX=0
TFINAL=2.0
WARMUP=true
WINDOW_N_OBS=2,5,10
WINDOW_SEED=1
WINDOW_START_POLICY=random,random,random
WINDOW_T=0.05,0.5,2.0
[Wed Jul  8 12:52:44 PM EDT 2026] Worker 0 finished ROM combination 80
