[Tue Jul  7 08:48:39 PM EDT 2026] Worker 8 starting FOM combination 8 / 90
Sweep file: /home/mgantcher/Brookhaven/Research_Code/Optimization/Data/Sweeps/FOM_hyperparam_opt/01_mooncake_true_hpo_90_cases.txt
Run name: FOM_true_hpo_mooncake_90_8_009_fast10m_w_2p0_2p0_2p0__obs_2_2_2__eta_0.003_0.001_0.0003__b_1_1_1
Combination label: 009_fast10m_w_2p0_2p0_2p0__obs_2_2_2__eta_0.003_0.001_0.0003__b_1_1_1
BATCH_SIZE=1,1,1
ETAS=0.003,0.001,0.0003
H=8
ITERS=1424,2136,3560
LOSS_NORMALIZATION=mean
N=256
N_OBS=100
PRINT_FREQUENCY=250
RUN_NAME=FOM_true_hpo_mooncake_90_8_009_fast10m_w_2p0_2p0_2p0__obs_2_2_2__eta_0.003_0.001_0.0003__b_1_1_1
SAVE_FREQUENCY=100000
SEED=1
SWEEP_COMBO_COUNT=90
SWEEP_COMBO_INDEX=8
SWEEP_COMBO_LABEL=009_fast10m_w_2p0_2p0_2p0__obs_2_2_2__eta_0.003_0.001_0.0003__b_1_1_1
SWEEP_FILE=/home/mgantcher/Brookhaven/Research_Code/Optimization/Data/Sweeps/FOM_hyperparam_opt/01_mooncake_true_hpo_90_cases.txt
SWEEP_TARGET=fom
SWEEP_TOTAL_COUNT=90
SWEEP_WORKER_COUNT=12
SWEEP_WORKER_INDEX=8
TFINAL=2.0
WARMUP=true
WINDOW_N_OBS=2,2,2
WINDOW_SEED=1
WINDOW_START_POLICY=random,random,random
WINDOW_T=2.0,2.0,2.0
[Tue Jul  7 09:00:27 PM EDT 2026] Worker 8 finished FOM combination 8
[Tue Jul  7 09:00:27 PM EDT 2026] Worker 8 starting FOM combination 20 / 90
Sweep file: /home/mgantcher/Brookhaven/Research_Code/Optimization/Data/Sweeps/FOM_hyperparam_opt/01_mooncake_true_hpo_90_cases.txt
Run name: FOM_true_hpo_mooncake_90_20_021_fast10m_w_0p1_1p0_2p0__obs_2_2_2__eta_0.003_0.001_0.0003__b_1_1_1
Combination label: 021_fast10m_w_0p1_1p0_2p0__obs_2_2_2__eta_0.003_0.001_0.0003__b_1_1_1
BATCH_SIZE=1,1,1
ETAS=0.003,0.001,0.0003
H=8
ITERS=1995,2515,3560
LOSS_NORMALIZATION=mean
N=256
N_OBS=100
PRINT_FREQUENCY=250
RUN_NAME=FOM_true_hpo_mooncake_90_20_021_fast10m_w_0p1_1p0_2p0__obs_2_2_2__eta_0.003_0.001_0.0003__b_1_1_1
SAVE_FREQUENCY=100000
SEED=1
SWEEP_COMBO_COUNT=90
SWEEP_COMBO_INDEX=20
SWEEP_COMBO_LABEL=021_fast10m_w_0p1_1p0_2p0__obs_2_2_2__eta_0.003_0.001_0.0003__b_1_1_1
SWEEP_FILE=/home/mgantcher/Brookhaven/Research_Code/Optimization/Data/Sweeps/FOM_hyperparam_opt/01_mooncake_true_hpo_90_cases.txt
SWEEP_TARGET=fom
SWEEP_TOTAL_COUNT=90
SWEEP_WORKER_COUNT=12
SWEEP_WORKER_INDEX=8
TFINAL=2.0
WARMUP=true
WINDOW_N_OBS=2,2,2
WINDOW_SEED=1
WINDOW_START_POLICY=random,random,random
WINDOW_T=0.1,1.0,2.0
[Tue Jul  7 09:12:01 PM EDT 2026] Worker 8 finished FOM combination 20
[Tue Jul  7 09:12:01 PM EDT 2026] Worker 8 starting FOM combination 32 / 90
Sweep file: /home/mgantcher/Brookhaven/Research_Code/Optimization/Data/Sweeps/FOM_hyperparam_opt/01_mooncake_true_hpo_90_cases.txt
Run name: FOM_true_hpo_mooncake_90_32_033_medium30m_w_1p0_1p0_1p0__obs_2_5_10__eta_0.003_0.001_0.0003__b_1_1_1
Combination label: 033_medium30m_w_1p0_1p0_1p0__obs_2_5_10__eta_0.003_0.001_0.0003__b_1_1_1
BATCH_SIZE=1,1,1
ETAS=0.003,0.001,0.0003
H=8
ITERS=5030,6146,7826
LOSS_NORMALIZATION=mean
N=256
N_OBS=100
PRINT_FREQUENCY=250
RUN_NAME=FOM_true_hpo_mooncake_90_32_033_medium30m_w_1p0_1p0_1p0__obs_2_5_10__eta_0.003_0.001_0.0003__b_1_1_1
SAVE_FREQUENCY=100000
SEED=1
SWEEP_COMBO_COUNT=90
SWEEP_COMBO_INDEX=32
SWEEP_COMBO_LABEL=033_medium30m_w_1p0_1p0_1p0__obs_2_5_10__eta_0.003_0.001_0.0003__b_1_1_1
SWEEP_FILE=/home/mgantcher/Brookhaven/Research_Code/Optimization/Data/Sweeps/FOM_hyperparam_opt/01_mooncake_true_hpo_90_cases.txt
SWEEP_TARGET=fom
SWEEP_TOTAL_COUNT=90
SWEEP_WORKER_COUNT=12
SWEEP_WORKER_INDEX=8
TFINAL=2.0
WARMUP=true
WINDOW_N_OBS=2,5,10
WINDOW_SEED=1
WINDOW_START_POLICY=random,random,random
WINDOW_T=1.0,1.0,1.0
[Tue Jul  7 09:38:31 PM EDT 2026] Worker 8 finished FOM combination 32
[Tue Jul  7 09:38:31 PM EDT 2026] Worker 8 starting FOM combination 44 / 90
Sweep file: /home/mgantcher/Brookhaven/Research_Code/Optimization/Data/Sweeps/FOM_hyperparam_opt/01_mooncake_true_hpo_90_cases.txt
Run name: FOM_true_hpo_mooncake_90_44_045_medium30m_w_0p05_1p0_2p0__obs_2_5_10__eta_0.003_0.001_0.0003__b_1_1_1
Combination label: 045_medium30m_w_0p05_1p0_2p0__obs_2_5_10__eta_0.003_0.001_0.0003__b_1_1_1
BATCH_SIZE=1,1,1
ETAS=0.003,0.001,0.0003
H=8
ITERS=6050,6146,7047
LOSS_NORMALIZATION=mean
N=256
N_OBS=100
PRINT_FREQUENCY=250
RUN_NAME=FOM_true_hpo_mooncake_90_44_045_medium30m_w_0p05_1p0_2p0__obs_2_5_10__eta_0.003_0.001_0.0003__b_1_1_1
SAVE_FREQUENCY=100000
SEED=1
SWEEP_COMBO_COUNT=90
SWEEP_COMBO_INDEX=44
SWEEP_COMBO_LABEL=045_medium30m_w_0p05_1p0_2p0__obs_2_5_10__eta_0.003_0.001_0.0003__b_1_1_1
SWEEP_FILE=/home/mgantcher/Brookhaven/Research_Code/Optimization/Data/Sweeps/FOM_hyperparam_opt/01_mooncake_true_hpo_90_cases.txt
SWEEP_TARGET=fom
SWEEP_TOTAL_COUNT=90
SWEEP_WORKER_COUNT=12
SWEEP_WORKER_INDEX=8
TFINAL=2.0
WARMUP=true
WINDOW_N_OBS=2,5,10
WINDOW_SEED=1
WINDOW_START_POLICY=random,random,random
WINDOW_T=0.05,1.0,2.0
[Tue Jul  7 10:00:57 PM EDT 2026] Worker 8 finished FOM combination 44
[Tue Jul  7 10:00:57 PM EDT 2026] Worker 8 starting FOM combination 56 / 90
Sweep file: /home/mgantcher/Brookhaven/Research_Code/Optimization/Data/Sweeps/FOM_hyperparam_opt/01_mooncake_true_hpo_90_cases.txt
Run name: FOM_true_hpo_mooncake_90_56_057_medium30m_w_0p05_0p5_2p0__obs_2_5_10__eta_0.003_0.001_0.0003__b_1_1_1
Combination label: 057_medium30m_w_0p05_0p5_2p0__obs_2_5_10__eta_0.003_0.001_0.0003__b_1_1_1
BATCH_SIZE=1,1,1
ETAS=0.003,0.001,0.0003
H=8
ITERS=6050,6625,7047
LOSS_NORMALIZATION=mean
N=256
N_OBS=100
PRINT_FREQUENCY=250
RUN_NAME=FOM_true_hpo_mooncake_90_56_057_medium30m_w_0p05_0p5_2p0__obs_2_5_10__eta_0.003_0.001_0.0003__b_1_1_1
SAVE_FREQUENCY=100000
SEED=1
SWEEP_COMBO_COUNT=90
SWEEP_COMBO_INDEX=56
SWEEP_COMBO_LABEL=057_medium30m_w_0p05_0p5_2p0__obs_2_5_10__eta_0.003_0.001_0.0003__b_1_1_1
SWEEP_FILE=/home/mgantcher/Brookhaven/Research_Code/Optimization/Data/Sweeps/FOM_hyperparam_opt/01_mooncake_true_hpo_90_cases.txt
SWEEP_TARGET=fom
SWEEP_TOTAL_COUNT=90
SWEEP_WORKER_COUNT=12
SWEEP_WORKER_INDEX=8
TFINAL=2.0
WARMUP=true
WINDOW_N_OBS=2,5,10
WINDOW_SEED=1
WINDOW_START_POLICY=random,random,random
WINDOW_T=0.05,0.5,2.0
[Tue Jul  7 10:24:44 PM EDT 2026] Worker 8 finished FOM combination 56
[Tue Jul  7 10:24:44 PM EDT 2026] Worker 8 starting FOM combination 68 / 90
Sweep file: /home/mgantcher/Brookhaven/Research_Code/Optimization/Data/Sweeps/FOM_hyperparam_opt/01_mooncake_true_hpo_90_cases.txt
Run name: FOM_true_hpo_mooncake_90_68_069_batch30m_w_0p05_1p0_2p0__obs_2_5_10__eta_0.001_0.0003_0.0001__b_2_2_2
Combination label: 069_batch30m_w_0p05_1p0_2p0__obs_2_5_10__eta_0.001_0.0003_0.0001__b_2_2_2
BATCH_SIZE=2,2,2
ETAS=0.001,0.0003,0.0001
H=8
ITERS=3025,3073,3523
LOSS_NORMALIZATION=mean
N=256
N_OBS=100
PRINT_FREQUENCY=250
RUN_NAME=FOM_true_hpo_mooncake_90_68_069_batch30m_w_0p05_1p0_2p0__obs_2_5_10__eta_0.001_0.0003_0.0001__b_2_2_2
SAVE_FREQUENCY=100000
SEED=1
SWEEP_COMBO_COUNT=90
SWEEP_COMBO_INDEX=68
SWEEP_COMBO_LABEL=069_batch30m_w_0p05_1p0_2p0__obs_2_5_10__eta_0.001_0.0003_0.0001__b_2_2_2
SWEEP_FILE=/home/mgantcher/Brookhaven/Research_Code/Optimization/Data/Sweeps/FOM_hyperparam_opt/01_mooncake_true_hpo_90_cases.txt
SWEEP_TARGET=fom
SWEEP_TOTAL_COUNT=90
SWEEP_WORKER_COUNT=12
SWEEP_WORKER_INDEX=8
TFINAL=2.0
WARMUP=true
WINDOW_N_OBS=2,5,10
WINDOW_SEED=1
WINDOW_START_POLICY=random,random,random
WINDOW_T=0.05,1.0,2.0
[Tue Jul  7 10:46:37 PM EDT 2026] Worker 8 finished FOM combination 68
[Tue Jul  7 10:46:37 PM EDT 2026] Worker 8 starting FOM combination 80 / 90
Sweep file: /home/mgantcher/Brookhaven/Research_Code/Optimization/Data/Sweeps/FOM_hyperparam_opt/01_mooncake_true_hpo_90_cases.txt
Run name: FOM_true_hpo_mooncake_90_80_081_long60m_w_2p0_2p0_2p0__obs_10_25_50__eta_0.001_0.0003_0.0001__b_1_1_1
Combination label: 081_long60m_w_2p0_2p0_2p0__obs_10_25_50__eta_0.001_0.0003_0.0001__b_1_1_1
BATCH_SIZE=1,1,1
ETAS=0.001,0.0003,0.0001
H=8
ITERS=5638,5163,5218
LOSS_NORMALIZATION=mean
N=256
N_OBS=100
PRINT_FREQUENCY=250
RUN_NAME=FOM_true_hpo_mooncake_90_80_081_long60m_w_2p0_2p0_2p0__obs_10_25_50__eta_0.001_0.0003_0.0001__b_1_1_1
SAVE_FREQUENCY=100000
SEED=1
SWEEP_COMBO_COUNT=90
SWEEP_COMBO_INDEX=80
SWEEP_COMBO_LABEL=081_long60m_w_2p0_2p0_2p0__obs_10_25_50__eta_0.001_0.0003_0.0001__b_1_1_1
SWEEP_FILE=/home/mgantcher/Brookhaven/Research_Code/Optimization/Data/Sweeps/FOM_hyperparam_opt/01_mooncake_true_hpo_90_cases.txt
SWEEP_TARGET=fom
SWEEP_TOTAL_COUNT=90
SWEEP_WORKER_COUNT=12
SWEEP_WORKER_INDEX=8
TFINAL=2.0
WARMUP=true
WINDOW_N_OBS=10,25,50
WINDOW_SEED=1
WINDOW_START_POLICY=random,random,random
WINDOW_T=2.0,2.0,2.0
[Tue Jul  7 11:38:53 PM EDT 2026] Worker 8 finished FOM combination 80
