[Tue Jul  7 10:18:57 AM EDT 2026] Worker 7 starting FOM combination 7 / 30
Sweep file: /home/mgantcher/Brookhaven/Research_Code/Optimization/Data/Sweeps/FOM_hyperparam_opt/00_timing_scaling.txt
Run name: FOM_timing_per_iter_accel_7_window_t-0.1__window_n_obs-10
Combination label: window_t-0.1__window_n_obs-10
ETAS=1e-3
ITERS=100
N_OBS=100
PRINT_FREQUENCY=1
RUN_NAME=FOM_timing_per_iter_accel_7_window_t-0.1__window_n_obs-10
SAVE_FREQUENCY=100000
SWEEP_COMBO_COUNT=30
SWEEP_COMBO_INDEX=7
SWEEP_COMBO_LABEL=window_t-0.1__window_n_obs-10
SWEEP_FILE=/home/mgantcher/Brookhaven/Research_Code/Optimization/Data/Sweeps/FOM_hyperparam_opt/00_timing_scaling.txt
SWEEP_TARGET=fom
SWEEP_TOTAL_COUNT=30
SWEEP_WORKER_COUNT=20
SWEEP_WORKER_INDEX=7
WARMUP=true
WINDOW_N_OBS=10
WINDOW_START_POLICY=random
WINDOW_T=0.1
[Tue Jul  7 10:18:57 AM EDT 2026] Starting FOM training on node06
[run_fom_hpc] Julia entrypoint started
[run_fom_hpc] Loading integration helper code
[package-load] Loading LinearAlgebra
[package-load] Loaded LinearAlgebra
[package-load] Loading SparseArrays
[package-load] Loaded SparseArrays
[package-load] Loading Random
[package-load] Loaded Random
[package-load] Loading ComponentArrays
[package-load] Loaded ComponentArrays
[package-load] Loading LinearSolve
[package-load] Loaded LinearSolve
[package-load] Loading OrdinaryDiffEq
[package-load] Loaded OrdinaryDiffEq
[package-load] Loading OrdinaryDiffEqSDIRK
[package-load] Loaded OrdinaryDiffEqSDIRK
[package-load] Loading OrdinaryDiffEqLowOrderRK
[package-load] Loaded OrdinaryDiffEqLowOrderRK
[package-load] Loading SciMLSensitivity
[package-load] Loaded SciMLSensitivity
[package-load] Loading ADTypes
[package-load] Loaded ADTypes
[package-load] Loading Zygote
[package-load] Loaded Zygote
[package-load] Loading Enzyme
[package-load] Loaded Enzyme
[package-load] Loading Optimization
[package-load] Loaded Optimization
[package-load] Loading OptimizationOptimisers
[package-load] Loaded OptimizationOptimisers
[package-load] Loading OptimizationOptimJL
[package-load] Loaded OptimizationOptimJL
[package-load] Loading LineSearches
[package-load] Loaded LineSearches
[package-load] Loading Lux
[package-load] Loaded Lux
[package-load] Loading Functors
[package-load] Loaded Functors
[package-load] Loading Plots
[package-load] Loaded Plots
[run_fom_hpc] Loading FOM helper code
[package-load] Loading LinearAlgebra
[package-load] Loaded LinearAlgebra
[package-load] Loading SparseArrays
[package-load] Loaded SparseArrays
[package-load] Loading Random
[package-load] Loaded Random
[package-load] Loading ComponentArrays
[package-load] Loaded ComponentArrays
[package-load] Loading LinearSolve
[package-load] Loaded LinearSolve
[package-load] Loading OrdinaryDiffEq
[package-load] Loaded OrdinaryDiffEq
[package-load] Loading OrdinaryDiffEqSDIRK
[package-load] Loaded OrdinaryDiffEqSDIRK
[package-load] Loading OrdinaryDiffEqLowOrderRK
[package-load] Loaded OrdinaryDiffEqLowOrderRK
[package-load] Loading SciMLSensitivity
[package-load] Loaded SciMLSensitivity
[package-load] Loading ADTypes
[package-load] Loaded ADTypes
[package-load] Loading Zygote
[package-load] Loaded Zygote
[package-load] Loading Enzyme
[package-load] Loaded Enzyme
[package-load] Loading Optimization
[package-load] Loaded Optimization
[package-load] Loading OptimizationOptimisers
[package-load] Loaded OptimizationOptimisers
[package-load] Loading OptimizationOptimJL
[package-load] Loaded OptimizationOptimJL
[package-load] Loading LineSearches
[package-load] Loaded LineSearches
[package-load] Loading Lux
[package-load] Loaded Lux
[package-load] Loading Functors
[package-load] Loaded Functors
[package-load] Loading Plots
[package-load] Loaded Plots
[package-load] Loading Dates
[package-load] Loaded Dates
[package-load] Loading Serialization
[package-load] Loaded Serialization
[package-load] Including integration_AC_hpc.jl
[package-load] Loading LinearAlgebra
[package-load] Loaded LinearAlgebra
[package-load] Loading SparseArrays
[package-load] Loaded SparseArrays
[package-load] Loading Random
[package-load] Loaded Random
[package-load] Loading ComponentArrays
[package-load] Loaded ComponentArrays
[package-load] Loading LinearSolve
[package-load] Loaded LinearSolve
[package-load] Loading OrdinaryDiffEq
[package-load] Loaded OrdinaryDiffEq
[package-load] Loading OrdinaryDiffEqSDIRK
[package-load] Loaded OrdinaryDiffEqSDIRK
[package-load] Loading OrdinaryDiffEqLowOrderRK
[package-load] Loaded OrdinaryDiffEqLowOrderRK
[package-load] Loading SciMLSensitivity
[package-load] Loaded SciMLSensitivity
[package-load] Loading ADTypes
[package-load] Loaded ADTypes
[package-load] Loading Zygote
[package-load] Loaded Zygote
[package-load] Loading Enzyme
[package-load] Loaded Enzyme
[package-load] Loading Optimization
[package-load] Loaded Optimization
[package-load] Loading OptimizationOptimisers
[package-load] Loaded OptimizationOptimisers
[package-load] Loading OptimizationOptimJL
[package-load] Loaded OptimizationOptimJL
[package-load] Loading LineSearches
[package-load] Loaded LineSearches
[package-load] Loading Lux
[package-load] Loaded Lux
[package-load] Loading Functors
[package-load] Loaded Functors
[package-load] Loading Plots
[package-load] Loaded Plots
[package-load] Included integration_AC_hpc.jl
[run_fom_hpc] Loading HPC common code
[package-load] Loading LinearAlgebra
[package-load] Loaded LinearAlgebra
[package-load] Loading SparseArrays
[package-load] Loaded SparseArrays
[package-load] Loading ComponentArrays
[package-load] Loaded ComponentArrays
[package-load] Loading OrdinaryDiffEq
[package-load] Loaded OrdinaryDiffEq
[package-load] Loading OrdinaryDiffEqLowOrderRK
[package-load] Loaded OrdinaryDiffEqLowOrderRK
[package-load] Loading Optimization
[package-load] Loaded Optimization
[package-load] Loading Dates
[package-load] Loaded Dates
[run_fom_hpc] Configuring HPC runtime
Julia version: 1.12.6
Host: node06
SLURM_JOB_ID: 2598
SLURM_ARRAY_TASK_ID: 7
Julia threads: 8
BLAS threads: 1
[run_fom_hpc] Building Allen-Cahn reference solution
Reference solve: N=256, Δx=0.0038910505836575876, Δt=0.0003785068661145513, saved_times=5283
[run_fom_hpc] Preparing FOM optimization problem
[run_fom_hpc] Prepared FOM optimization parameters
  run_name = FOM_timing_per_iter_accel_7_window_t-0.1__window_n_obs-10
  N = 256
  L = 1.0
  ε2 = 0.01
  k = 1.0
  tfinal = 2.0
  N_obs = 100
  h = 8
  seed = 1
  reference_dt_factor = 0.5
  reference_Δx = 0.0038910505836575876
  reference_Δt = 0.0003785068661145513
  reference_save_count = 5283
  etas = [0.001]
  iterations = [100]
  window_T = [0.1]
  window_N_obs = [10]
  window_start_policy = SubString{String}["random"]
  batch_size = [1]
  loss_normalization = mean
  window_seed = 1
  β = (0.9, 0.99)
  warmup = true
  save_frequency = 100000
  print_frequency = 1
  SLURM_JOB_ID = 2598
  SLURM_ARRAY_TASK_ID = 7
[run_fom_hpc] Running FOM optimization
[run_variable_window_optimization] [2026-07-07 10:19:56] Optimization Params: eta = [0.001]; beta = (0.9, 0.99); N_iter = [100]; window_T = [0.1]; window_N_obs = [10]; window_start_policy = SubString{String}["random"]; batch_size = [1]; loss_normalization = mean; total_iterations = 100
[run_variable_window_optimization] [2026-07-07 10:19:56] Warming up
[run_variable_window_optimization] [2026-07-07 10:23:26] Warmup complete
[run_variable_window_optimization] [2026-07-07 10:23:26] Stage 1 / 1 started: eta = 0.001; N_iter = 100; window_T = 0.1; window_N_obs = 10; window_start_policy = random; batch_size = 1
[run_variable_window_optimization] [2026-07-07 10:23:28] iteration = 1, loss = 0.000521681086991325, stage = 1, window_start = 0.18836543261940994, window_end = 0.28836543261940994, last iteration = 211.81 s
[run_variable_window_optimization] [2026-07-07 10:23:29] iteration = 2, loss = 0.000577765563799363, stage = 1, window_start = 1.333761456387113, window_end = 1.433761456387113, last iteration = 0.62 s
[run_variable_window_optimization] [2026-07-07 10:23:29] iteration = 3, loss = 0.0005482389457479931, stage = 1, window_start = 0.9561973930995263, window_end = 1.0561973930995263, last iteration = 0.03 s
[run_variable_window_optimization] [2026-07-07 10:23:29] iteration = 4, loss = 0.000546386438393559, stage = 1, window_start = 1.6640982900833758, window_end = 1.764098290083376, last iteration = 0.06 s
[run_variable_window_optimization] [2026-07-07 10:23:29] iteration = 5, loss = 0.0005302188613108915, stage = 1, window_start = 1.8115842825615265, window_end = 1.9115842825615266, last iteration = 0.04 s
[run_variable_window_optimization] [2026-07-07 10:23:29] iteration = 6, loss = 0.0004952454703486109, stage = 1, window_start = 0.9648400850065348, window_end = 1.064840085006535, last iteration = 0.03 s
[run_variable_window_optimization] [2026-07-07 10:23:29] iteration = 7, loss = 0.0004915474333650539, stage = 1, window_start = 1.5005272107686365, window_end = 1.6005272107686366, last iteration = 0.04 s
[run_variable_window_optimization] [2026-07-07 10:23:29] iteration = 8, loss = 0.0003931903508178593, stage = 1, window_start = 0.13538285196091496, window_end = 0.23538285196091496, last iteration = 0.04 s
[run_variable_window_optimization] [2026-07-07 10:23:29] iteration = 9, loss = 0.0003973202612956782, stage = 1, window_start = 0.26291835004712727, window_end = 0.36291835004712725, last iteration = 0.04 s
[run_variable_window_optimization] [2026-07-07 10:23:29] iteration = 10, loss = 0.00042078468008420813, stage = 1, window_start = 0.7470594418513582, window_end = 0.8470594418513582, last iteration = 0.04 s
[run_variable_window_optimization] [2026-07-07 10:23:29] iteration = 11, loss = 0.00037607731746261153, stage = 1, window_start = 0.33769199158456825, window_end = 0.4376919915845683, last iteration = 0.04 s
[run_variable_window_optimization] [2026-07-07 10:23:29] iteration = 12, loss = 0.00041404149096646787, stage = 1, window_start = 1.6038978096725267, window_end = 1.7038978096725268, last iteration = 0.04 s
[run_variable_window_optimization] [2026-07-07 10:23:29] iteration = 13, loss = 0.0003988680265941731, stage = 1, window_start = 1.5623643129193645, window_end = 1.6623643129193646, last iteration = 0.03 s
[run_variable_window_optimization] [2026-07-07 10:23:29] iteration = 14, loss = 0.0003880570364451786, stage = 1, window_start = 1.8609008985731401, window_end = 1.9609008985731402, last iteration = 0.04 s
[run_variable_window_optimization] [2026-07-07 10:23:29] iteration = 15, loss = 0.0003742179593449419, stage = 1, window_start = 1.8657208129980318, window_end = 1.965720812998032, last iteration = 0.04 s
[run_variable_window_optimization] [2026-07-07 10:23:29] iteration = 16, loss = 0.0003607233371093803, stage = 1, window_start = 1.8675482689353329, window_end = 1.967548268935333, last iteration = 0.04 s
