[Wed Jul  8 08:07:21 PM EDT 2026] Worker 3 starting ROM combination 3 / 8
Sweep file: /home/mgantcher/Brookhaven/Research_Code/Optimization/Data/Sweeps/ROM_hyperparam_opt/02_m4_r10_longer_fu_tuning.txt
Run name: ROM_m4_r10_longer_fu_tuning_3_030m_full_stage_lower_final_eta
Combination label: 030m_full_stage_lower_final_eta
BATCH_SIZE=1,1,1
ETAS=0.01,0.003,0.0005
H=8
ITERS=5000,8000,42000
LOSS_NORMALIZATION=mean
M=4
N=256
N_OBS=100
PRINT_FREQUENCY=500
R=10
RUN_NAME=ROM_m4_r10_longer_fu_tuning_3_030m_full_stage_lower_final_eta
SAVE_FREQUENCY=100
SEED=1
SWEEP_COMBO_COUNT=8
SWEEP_COMBO_INDEX=3
SWEEP_COMBO_LABEL=030m_full_stage_lower_final_eta
SWEEP_FILE=/home/mgantcher/Brookhaven/Research_Code/Optimization/Data/Sweeps/ROM_hyperparam_opt/02_m4_r10_longer_fu_tuning.txt
SWEEP_TARGET=rom
SWEEP_TOTAL_COUNT=8
SWEEP_WORKER_COUNT=8
SWEEP_WORKER_INDEX=3
TFINAL=2.0
WARMUP=true
WINDOW_N_OBS=2,5,10
WINDOW_SEED=1
WINDOW_START_POLICY=random,random,random
WINDOW_T=0.05,0.5,2.0
[Wed Jul  8 08:35:33 PM EDT 2026] Worker 3 finished ROM combination 3
