[Thu Jul  9 12:43:48 AM EDT 2026] Worker 2 starting ROM combination 2 / 90
Sweep file: /home/mgantcher/Brookhaven/Research_Code/Optimization/Data/Sweeps/ROM_more_hyperparam_opt_for_fu_learning/00_m10_stability_fu_learning.txt
Run name: ROM_m10_stability_fu_learning_2_r3_conservative_oldshape_eta_3e-4_to_3e-5_obs_2_5_10_budget15m
Combination label: r3_conservative_oldshape_eta_3e-4_to_3e-5_obs_2_5_10_budget15m
BATCH_SIZE=1,1,1
ETAS=0.0003,0.0001,3e-05
H=8
ITERS=11764,9473,8181
LOSS_NORMALIZATION=mean
M=10
N=256
N_OBS=100
PRINT_FREQUENCY=500
R=3
RUN_NAME=ROM_m10_stability_fu_learning_2_r3_conservative_oldshape_eta_3e-4_to_3e-5_obs_2_5_10_budget15m
SAVE_FREQUENCY=100
SEED=1
SWEEP_COMBO_COUNT=90
SWEEP_COMBO_INDEX=2
SWEEP_COMBO_LABEL=r3_conservative_oldshape_eta_3e-4_to_3e-5_obs_2_5_10_budget15m
SWEEP_FILE=/home/mgantcher/Brookhaven/Research_Code/Optimization/Data/Sweeps/ROM_more_hyperparam_opt_for_fu_learning/00_m10_stability_fu_learning.txt
SWEEP_TARGET=rom
SWEEP_TOTAL_COUNT=90
SWEEP_WORKER_COUNT=20
SWEEP_WORKER_INDEX=2
TFINAL=2.0
WARMUP=true
WINDOW_N_OBS=2,5,10
WINDOW_SEED=1
WINDOW_START_POLICY=random,random,random
WINDOW_T=0.05,0.5,2
[Thu Jul  9 12:56:51 AM EDT 2026] Worker 2 finished ROM combination 2
[Thu Jul  9 12:56:51 AM EDT 2026] Worker 2 starting ROM combination 22 / 90
Sweep file: /home/mgantcher/Brookhaven/Research_Code/Optimization/Data/Sweeps/ROM_more_hyperparam_opt_for_fu_learning/00_m10_stability_fu_learning.txt
Run name: ROM_m10_stability_fu_learning_22_r4_five_stage_taper_eta_1e-3_to_2e-5_obs_2_3_5_8_10_budget20m
Combination label: r4_five_stage_taper_eta_1e-3_to_2e-5_obs_2_3_5_8_10_budget20m
BATCH_SIZE=1,1,1,1,1
ETAS=0.001,0.0005,0.0002,8e-05,2e-05
H=8
ITERS=9411,9746,8421,6285,6545
LOSS_NORMALIZATION=mean
M=10
N=256
N_OBS=100
PRINT_FREQUENCY=500
R=4
RUN_NAME=ROM_m10_stability_fu_learning_22_r4_five_stage_taper_eta_1e-3_to_2e-5_obs_2_3_5_8_10_budget20m
SAVE_FREQUENCY=100
SEED=1
SWEEP_COMBO_COUNT=90
SWEEP_COMBO_INDEX=22
SWEEP_COMBO_LABEL=r4_five_stage_taper_eta_1e-3_to_2e-5_obs_2_3_5_8_10_budget20m
SWEEP_FILE=/home/mgantcher/Brookhaven/Research_Code/Optimization/Data/Sweeps/ROM_more_hyperparam_opt_for_fu_learning/00_m10_stability_fu_learning.txt
SWEEP_TARGET=rom
SWEEP_TOTAL_COUNT=90
SWEEP_WORKER_COUNT=20
SWEEP_WORKER_INDEX=2
TFINAL=2.0
WARMUP=true
WINDOW_N_OBS=2,3,5,8,10
WINDOW_SEED=1
WINDOW_START_POLICY=random,random,random,random,random
WINDOW_T=0.05,0.2,0.5,1,2
[Thu Jul  9 01:13:28 AM EDT 2026] Worker 2 finished ROM combination 22
[Thu Jul  9 01:13:28 AM EDT 2026] Worker 2 starting ROM combination 42 / 90
Sweep file: /home/mgantcher/Brookhaven/Research_Code/Optimization/Data/Sweeps/ROM_more_hyperparam_opt_for_fu_learning/00_m10_stability_fu_learning.txt
Run name: ROM_m10_stability_fu_learning_42_r5_high_obs_late_eta_3e-3_to_3e-5_obs_2_5_10_25_50_budget30m
Combination label: r5_high_obs_late_eta_3e-3_to_3e-5_obs_2_5_10_25_50_budget30m
BATCH_SIZE=1,1,1,1,1
ETAS=0.003,0.001,0.0003,0.0001,3e-05
H=8
ITERS=14117,10105,7346,3683,2769
LOSS_NORMALIZATION=mean
M=10
N=256
N_OBS=100
PRINT_FREQUENCY=500
R=5
RUN_NAME=ROM_m10_stability_fu_learning_42_r5_high_obs_late_eta_3e-3_to_3e-5_obs_2_5_10_25_50_budget30m
SAVE_FREQUENCY=100
SEED=1
SWEEP_COMBO_COUNT=90
SWEEP_COMBO_INDEX=42
SWEEP_COMBO_LABEL=r5_high_obs_late_eta_3e-3_to_3e-5_obs_2_5_10_25_50_budget30m
SWEEP_FILE=/home/mgantcher/Brookhaven/Research_Code/Optimization/Data/Sweeps/ROM_more_hyperparam_opt_for_fu_learning/00_m10_stability_fu_learning.txt
SWEEP_TARGET=rom
SWEEP_TOTAL_COUNT=90
SWEEP_WORKER_COUNT=20
SWEEP_WORKER_INDEX=2
TFINAL=2.0
WARMUP=true
WINDOW_N_OBS=2,5,10,25,50
WINDOW_SEED=1
WINDOW_START_POLICY=random,random,random,random,random
WINDOW_T=0.05,0.5,1,2,2
[Thu Jul  9 01:40:44 AM EDT 2026] Worker 2 finished ROM combination 42
[Thu Jul  9 01:40:44 AM EDT 2026] Worker 2 starting ROM combination 62 / 90
Sweep file: /home/mgantcher/Brookhaven/Research_Code/Optimization/Data/Sweeps/ROM_more_hyperparam_opt_for_fu_learning/00_m10_stability_fu_learning.txt
Run name: ROM_m10_stability_fu_learning_62_r10_high_obs_late_eta_5e-4_to_1e-5_obs_2_5_10_25_50_budget30m
Combination label: r10_high_obs_late_eta_5e-4_to_1e-5_obs_2_5_10_25_50_budget30m
BATCH_SIZE=1,1,1,1,1
ETAS=0.0005,0.0002,0.0001,3e-05,1e-05
H=8
ITERS=14117,10105,7346,3683,2769
LOSS_NORMALIZATION=mean
M=10
N=256
N_OBS=100
PRINT_FREQUENCY=500
R=10
RUN_NAME=ROM_m10_stability_fu_learning_62_r10_high_obs_late_eta_5e-4_to_1e-5_obs_2_5_10_25_50_budget30m
SAVE_FREQUENCY=100
SEED=1
SWEEP_COMBO_COUNT=90
SWEEP_COMBO_INDEX=62
SWEEP_COMBO_LABEL=r10_high_obs_late_eta_5e-4_to_1e-5_obs_2_5_10_25_50_budget30m
SWEEP_FILE=/home/mgantcher/Brookhaven/Research_Code/Optimization/Data/Sweeps/ROM_more_hyperparam_opt_for_fu_learning/00_m10_stability_fu_learning.txt
SWEEP_TARGET=rom
SWEEP_TOTAL_COUNT=90
SWEEP_WORKER_COUNT=20
SWEEP_WORKER_INDEX=2
TFINAL=2.0
WARMUP=true
WINDOW_N_OBS=2,5,10,25,50
WINDOW_SEED=1
WINDOW_START_POLICY=random,random,random,random,random
WINDOW_T=0.05,0.5,1,2,2
[Thu Jul  9 02:06:26 AM EDT 2026] Worker 2 finished ROM combination 62
[Thu Jul  9 02:06:26 AM EDT 2026] Worker 2 starting ROM combination 82 / 90
Sweep file: /home/mgantcher/Brookhaven/Research_Code/Optimization/Data/Sweeps/ROM_more_hyperparam_opt_for_fu_learning/00_m10_stability_fu_learning.txt
Run name: ROM_m10_stability_fu_learning_82_r15_short_pretrain_heavy_eta_1e-3_to_2e-5_obs_2_2_3_5_10_budget20m
Combination label: r15_short_pretrain_heavy_eta_1e-3_to_2e-5_obs_2_2_3_5_10_budget20m
BATCH_SIZE=1,1,1,1,1
ETAS=0.001,0.0005,0.0002,8e-05,2e-05
H=8
ITERS=9411,12549,12182,9263,6545
LOSS_NORMALIZATION=mean
M=10
N=256
N_OBS=100
PRINT_FREQUENCY=500
R=15
RUN_NAME=ROM_m10_stability_fu_learning_82_r15_short_pretrain_heavy_eta_1e-3_to_2e-5_obs_2_2_3_5_10_budget20m
SAVE_FREQUENCY=100
SEED=1
SWEEP_COMBO_COUNT=90
SWEEP_COMBO_INDEX=82
SWEEP_COMBO_LABEL=r15_short_pretrain_heavy_eta_1e-3_to_2e-5_obs_2_2_3_5_10_budget20m
SWEEP_FILE=/home/mgantcher/Brookhaven/Research_Code/Optimization/Data/Sweeps/ROM_more_hyperparam_opt_for_fu_learning/00_m10_stability_fu_learning.txt
SWEEP_TARGET=rom
SWEEP_TOTAL_COUNT=90
SWEEP_WORKER_COUNT=20
SWEEP_WORKER_INDEX=2
TFINAL=2.0
WARMUP=true
WINDOW_N_OBS=2,2,3,5,10
WINDOW_SEED=1
WINDOW_START_POLICY=random,random,random,random,random
WINDOW_T=0.05,0.05,0.2,0.5,2
[Thu Jul  9 02:25:39 AM EDT 2026] Worker 2 finished ROM combination 82
