[Tue Jul  7 10:23:37 AM EDT 2026] Worker 13 starting FOM combination 13 / 30
Sweep file: /home/mgantcher/Brookhaven/Research_Code/Optimization/Data/Sweeps/FOM_hyperparam_opt/00_timing_scaling.txt
Run name: FOM_timing_per_iter_accel_13_window_t-0.25__window_n_obs-25
Combination label: window_t-0.25__window_n_obs-25
ETAS=1e-3
ITERS=100
N_OBS=100
PRINT_FREQUENCY=1
RUN_NAME=FOM_timing_per_iter_accel_13_window_t-0.25__window_n_obs-25
SAVE_FREQUENCY=100000
SWEEP_COMBO_COUNT=30
SWEEP_COMBO_INDEX=13
SWEEP_COMBO_LABEL=window_t-0.25__window_n_obs-25
SWEEP_FILE=/home/mgantcher/Brookhaven/Research_Code/Optimization/Data/Sweeps/FOM_hyperparam_opt/00_timing_scaling.txt
SWEEP_TARGET=fom
SWEEP_TOTAL_COUNT=30
SWEEP_WORKER_COUNT=20
SWEEP_WORKER_INDEX=13
WARMUP=true
WINDOW_N_OBS=25
WINDOW_START_POLICY=random
WINDOW_T=0.25
[Tue Jul  7 10:23:37 AM EDT 2026] Starting FOM training on node02
[run_fom_hpc] Julia entrypoint started
[run_fom_hpc] Loading integration helper code
[package-load] Loading LinearAlgebra
[package-load] Loaded LinearAlgebra
[package-load] Loading SparseArrays
[package-load] Loaded SparseArrays
[package-load] Loading Random
[package-load] Loaded Random
[package-load] Loading ComponentArrays
[package-load] Loaded ComponentArrays
[package-load] Loading LinearSolve
[package-load] Loaded LinearSolve
[package-load] Loading OrdinaryDiffEq
[package-load] Loaded OrdinaryDiffEq
[package-load] Loading OrdinaryDiffEqSDIRK
[package-load] Loaded OrdinaryDiffEqSDIRK
[package-load] Loading OrdinaryDiffEqLowOrderRK
[package-load] Loaded OrdinaryDiffEqLowOrderRK
[package-load] Loading SciMLSensitivity
[package-load] Loaded SciMLSensitivity
[package-load] Loading ADTypes
[package-load] Loaded ADTypes
[package-load] Loading Zygote
[package-load] Loaded Zygote
[package-load] Loading Enzyme
[package-load] Loaded Enzyme
[package-load] Loading Optimization
[package-load] Loaded Optimization
[package-load] Loading OptimizationOptimisers
[package-load] Loaded OptimizationOptimisers
[package-load] Loading OptimizationOptimJL
[package-load] Loaded OptimizationOptimJL
[package-load] Loading LineSearches
[package-load] Loaded LineSearches
[package-load] Loading Lux
[package-load] Loaded Lux
[package-load] Loading Functors
[package-load] Loaded Functors
[package-load] Loading Plots
[package-load] Loaded Plots
[run_fom_hpc] Loading FOM helper code
[package-load] Loading LinearAlgebra
[package-load] Loaded LinearAlgebra
[package-load] Loading SparseArrays
[package-load] Loaded SparseArrays
[package-load] Loading Random
[package-load] Loaded Random
[package-load] Loading ComponentArrays
[package-load] Loaded ComponentArrays
[package-load] Loading LinearSolve
[package-load] Loaded LinearSolve
[package-load] Loading OrdinaryDiffEq
[package-load] Loaded OrdinaryDiffEq
[package-load] Loading OrdinaryDiffEqSDIRK
[package-load] Loaded OrdinaryDiffEqSDIRK
[package-load] Loading OrdinaryDiffEqLowOrderRK
[package-load] Loaded OrdinaryDiffEqLowOrderRK
[package-load] Loading SciMLSensitivity
[package-load] Loaded SciMLSensitivity
[package-load] Loading ADTypes
[package-load] Loaded ADTypes
[package-load] Loading Zygote
[package-load] Loaded Zygote
[package-load] Loading Enzyme
[package-load] Loaded Enzyme
[package-load] Loading Optimization
[package-load] Loaded Optimization
[package-load] Loading OptimizationOptimisers
[package-load] Loaded OptimizationOptimisers
[package-load] Loading OptimizationOptimJL
[package-load] Loaded OptimizationOptimJL
[package-load] Loading LineSearches
[package-load] Loaded LineSearches
[package-load] Loading Lux
[package-load] Loaded Lux
[package-load] Loading Functors
[package-load] Loaded Functors
[package-load] Loading Plots
[package-load] Loaded Plots
[package-load] Loading Dates
[package-load] Loaded Dates
[package-load] Loading Serialization
[package-load] Loaded Serialization
[package-load] Including integration_AC_hpc.jl
[package-load] Loading LinearAlgebra
[package-load] Loaded LinearAlgebra
[package-load] Loading SparseArrays
[package-load] Loaded SparseArrays
[package-load] Loading Random
[package-load] Loaded Random
[package-load] Loading ComponentArrays
[package-load] Loaded ComponentArrays
[package-load] Loading LinearSolve
[package-load] Loaded LinearSolve
[package-load] Loading OrdinaryDiffEq
[package-load] Loaded OrdinaryDiffEq
[package-load] Loading OrdinaryDiffEqSDIRK
[package-load] Loaded OrdinaryDiffEqSDIRK
[package-load] Loading OrdinaryDiffEqLowOrderRK
[package-load] Loaded OrdinaryDiffEqLowOrderRK
[package-load] Loading SciMLSensitivity
[package-load] Loaded SciMLSensitivity
[package-load] Loading ADTypes
[package-load] Loaded ADTypes
[package-load] Loading Zygote
[package-load] Loaded Zygote
[package-load] Loading Enzyme
[package-load] Loaded Enzyme
[package-load] Loading Optimization
[package-load] Loaded Optimization
[package-load] Loading OptimizationOptimisers
[package-load] Loaded OptimizationOptimisers
[package-load] Loading OptimizationOptimJL
[package-load] Loaded OptimizationOptimJL
[package-load] Loading LineSearches
[package-load] Loaded LineSearches
[package-load] Loading Lux
[package-load] Loaded Lux
[package-load] Loading Functors
[package-load] Loaded Functors
[package-load] Loading Plots
[package-load] Loaded Plots
[package-load] Included integration_AC_hpc.jl
[run_fom_hpc] Loading HPC common code
[package-load] Loading LinearAlgebra
[package-load] Loaded LinearAlgebra
[package-load] Loading SparseArrays
[package-load] Loaded SparseArrays
[package-load] Loading ComponentArrays
[package-load] Loaded ComponentArrays
[package-load] Loading OrdinaryDiffEq
[package-load] Loaded OrdinaryDiffEq
[package-load] Loading OrdinaryDiffEqLowOrderRK
[package-load] Loaded OrdinaryDiffEqLowOrderRK
[package-load] Loading Optimization
[package-load] Loaded Optimization
[package-load] Loading Dates
[package-load] Loaded Dates
[run_fom_hpc] Configuring HPC runtime
Julia version: 1.12.6
Host: node02
SLURM_JOB_ID: 2604
SLURM_ARRAY_TASK_ID: 13
Julia threads: 8
BLAS threads: 1
[run_fom_hpc] Building Allen-Cahn reference solution
Reference solve: N=256, Δx=0.0038910505836575876, Δt=0.0003785068661145513, saved_times=5283
[run_fom_hpc] Preparing FOM optimization problem
[run_fom_hpc] Prepared FOM optimization parameters
  run_name = FOM_timing_per_iter_accel_13_window_t-0.25__window_n_obs-25
  N = 256
  L = 1.0
  ε2 = 0.01
  k = 1.0
  tfinal = 2.0
  N_obs = 100
  h = 8
  seed = 1
  reference_dt_factor = 0.5
  reference_Δx = 0.0038910505836575876
  reference_Δt = 0.0003785068661145513
  reference_save_count = 5283
  etas = [0.001]
  iterations = [100]
  window_T = [0.25]
  window_N_obs = [25]
  window_start_policy = SubString{String}["random"]
  batch_size = [1]
  loss_normalization = mean
  window_seed = 1
  β = (0.9, 0.99)
  warmup = true
  save_frequency = 100000
  print_frequency = 1
  SLURM_JOB_ID = 2604
  SLURM_ARRAY_TASK_ID = 13
[run_fom_hpc] Running FOM optimization
[run_variable_window_optimization] [2026-07-07 10:24:36] Optimization Params: eta = [0.001]; beta = (0.9, 0.99); N_iter = [100]; window_T = [0.25]; window_N_obs = [25]; window_start_policy = SubString{String}["random"]; batch_size = [1]; loss_normalization = mean; total_iterations = 100
[run_variable_window_optimization] [2026-07-07 10:24:36] Warming up
[run_variable_window_optimization] [2026-07-07 10:28:10] Warmup complete
[run_variable_window_optimization] [2026-07-07 10:28:10] Stage 1 / 1 started: eta = 0.001; N_iter = 100; window_T = 0.25; window_N_obs = 25; window_start_policy = random; batch_size = 1
[run_variable_window_optimization] [2026-07-07 10:28:12] iteration = 1, loss = 0.002706636684697763, stage = 1, window_start = 0.17349447741261442, window_end = 0.4234944774126144, last iteration = 215.57 s
[run_variable_window_optimization] [2026-07-07 10:28:12] iteration = 2, loss = 0.0029891464746070995, stage = 1, window_start = 1.2284644993039198, window_end = 1.4784644993039198, last iteration = 0.66 s
[run_variable_window_optimization] [2026-07-07 10:28:12] iteration = 3, loss = 0.0028338477475220304, stage = 1, window_start = 0.880708125223248, window_end = 1.130708125223248, last iteration = 0.1 s
[run_variable_window_optimization] [2026-07-07 10:28:12] iteration = 4, loss = 0.0028309484026257433, stage = 1, window_start = 1.5327221092873198, window_end = 1.7827221092873198, last iteration = 0.1 s
[run_variable_window_optimization] [2026-07-07 10:28:13] iteration = 5, loss = 0.0027489862308873714, stage = 1, window_start = 1.6685644707803533, window_end = 1.9185644707803533, last iteration = 0.35 s
[run_variable_window_optimization] [2026-07-07 10:28:13] iteration = 6, loss = 0.002561360293246019, stage = 1, window_start = 0.8886684993481242, window_end = 1.1386684993481242, last iteration = 0.07 s
[run_variable_window_optimization] [2026-07-07 10:28:13] iteration = 7, loss = 0.0025473813204465517, stage = 1, window_start = 1.3820645362342705, window_end = 1.6320645362342705, last iteration = 0.09 s
[run_variable_window_optimization] [2026-07-07 10:28:13] iteration = 8, loss = 0.002049478241056774, stage = 1, window_start = 0.12469473206926379, window_end = 0.3746947320692638, last iteration = 0.07 s
[run_variable_window_optimization] [2026-07-07 10:28:13] iteration = 9, loss = 0.0020593447083205084, stage = 1, window_start = 0.24216163820130143, window_end = 0.49216163820130143, last iteration = 0.14 s
[run_variable_window_optimization] [2026-07-07 10:28:13] iteration = 10, loss = 0.0021756158998567647, stage = 1, window_start = 0.6880810648630931, window_end = 0.9380810648630931, last iteration = 0.07 s
[run_variable_window_optimization] [2026-07-07 10:28:13] iteration = 11, loss = 0.0019464725840781427, stage = 1, window_start = 0.31103209751210237, window_end = 0.5610320975121024, last iteration = 0.22 s
[run_variable_window_optimization] [2026-07-07 10:28:14] iteration = 12, loss = 0.0021480835863589894, stage = 1, window_start = 1.4772742983825904, window_end = 1.7272742983825904, last iteration = 0.07 s
[run_variable_window_optimization] [2026-07-07 10:28:14] iteration = 13, loss = 0.0020692053217517808, stage = 1, window_start = 1.4390197618994147, window_end = 1.6890197618994147, last iteration = 0.09 s
[run_variable_window_optimization] [2026-07-07 10:28:14] iteration = 14, loss = 0.0020154404785244196, stage = 1, window_start = 1.7139876697384187, window_end = 1.9639876697384187, last iteration = 0.07 s
[run_variable_window_optimization] [2026-07-07 10:28:14] iteration = 15, loss = 0.0019437145288511489, stage = 1, window_start = 1.7184270646034503, window_end = 1.9684270646034503, last iteration = 0.09 s
[run_variable_window_optimization] [2026-07-07 10:28:14] iteration = 16, loss = 0.0018736952764325894, stage = 1, window_start = 1.720110247703596, window_end = 1.970110247703596, last iteration = 0.07 s
[run_variable_window_optimization] [2026-07-07 10:28:14] iteration = 17, loss = 0.0017193148160575334, stage = 1, window_start = 0.9165173348898861, window_end = 1.166517334889886, last iteration = 0.09 s
[run_variable_window_optimization] [2026-07-07 10:28:14] iteration = 18, loss = 0.0016707879105881992, stage = 1, window_start = 1.0163941304997075, window_end = 1.2663941304997075, last iteration = 0.08 s
[run_variable_window_optimization] [2026-07-07 10:28:14] iteration = 19, loss = 0.0013591556670992995, stage = 1, window_start = 0.22008119927260006, window_end = 0.47008119927260006, last iteration = 0.1 s
[run_variable_window_optimization] [2026-07-07 10:28:14] iteration = 20, loss = 0.001324752831255518, stage = 1, window_start = 0.2620154929653627, window_end = 0.5120154929653626, last iteration = 0.08 s
