[Thu Jul  9 04:08:21 AM EDT 2026] Worker 16 starting ROM combination 16 / 90
Sweep file: /home/mgantcher/Brookhaven/Research_Code/Optimization/Data/Sweeps/ROM_more_hyperparam_opt_for_fu_learning/00_m10_stability_fu_learning.txt
Run name: ROM_m10_stability_fu_learning_16_r3_batch_highobs_probe_eta_5e-4_to_1e-5_obs_2_5_10_25_50_budget35m
Combination label: r3_batch_highobs_probe_eta_5e-4_to_1e-5_obs_2_5_10_25_50_budget35m
BATCH_SIZE=1,1,1,2,2
ETAS=0.0005,0.0002,0.0001,3e-05,1e-05
H=8
ITERS=16470,11789,8571,2148,1615
LOSS_NORMALIZATION=mean
M=10
N=256
N_OBS=100
PRINT_FREQUENCY=500
R=3
RUN_NAME=ROM_m10_stability_fu_learning_16_r3_batch_highobs_probe_eta_5e-4_to_1e-5_obs_2_5_10_25_50_budget35m
SAVE_FREQUENCY=100
SEED=1
SWEEP_COMBO_COUNT=90
SWEEP_COMBO_INDEX=16
SWEEP_COMBO_LABEL=r3_batch_highobs_probe_eta_5e-4_to_1e-5_obs_2_5_10_25_50_budget35m
SWEEP_FILE=/home/mgantcher/Brookhaven/Research_Code/Optimization/Data/Sweeps/ROM_more_hyperparam_opt_for_fu_learning/00_m10_stability_fu_learning.txt
SWEEP_TARGET=rom
SWEEP_TOTAL_COUNT=90
SWEEP_WORKER_COUNT=20
SWEEP_WORKER_INDEX=16
TFINAL=2.0
WARMUP=true
WINDOW_N_OBS=2,5,10,25,50
WINDOW_SEED=1
WINDOW_START_POLICY=random,random,random,random,random
WINDOW_T=0.05,0.5,1,2,2
[Thu Jul  9 04:35:48 AM EDT 2026] Worker 16 finished ROM combination 16
[Thu Jul  9 04:35:48 AM EDT 2026] Worker 16 starting ROM combination 36 / 90
Sweep file: /home/mgantcher/Brookhaven/Research_Code/Optimization/Data/Sweeps/ROM_more_hyperparam_opt_for_fu_learning/00_m10_stability_fu_learning.txt
Run name: ROM_m10_stability_fu_learning_36_r5_conservative_oldshape_eta_3e-3_to_3e-4_obs_2_5_10_budget15m
Combination label: r5_conservative_oldshape_eta_3e-3_to_3e-4_obs_2_5_10_budget15m
BATCH_SIZE=1,1,1
ETAS=0.003,0.001,0.0003
H=8
ITERS=11764,9473,8181
LOSS_NORMALIZATION=mean
M=10
N=256
N_OBS=100
PRINT_FREQUENCY=500
R=5
RUN_NAME=ROM_m10_stability_fu_learning_36_r5_conservative_oldshape_eta_3e-3_to_3e-4_obs_2_5_10_budget15m
SAVE_FREQUENCY=100
SEED=1
SWEEP_COMBO_COUNT=90
SWEEP_COMBO_INDEX=36
SWEEP_COMBO_LABEL=r5_conservative_oldshape_eta_3e-3_to_3e-4_obs_2_5_10_budget15m
SWEEP_FILE=/home/mgantcher/Brookhaven/Research_Code/Optimization/Data/Sweeps/ROM_more_hyperparam_opt_for_fu_learning/00_m10_stability_fu_learning.txt
SWEEP_TARGET=rom
SWEEP_TOTAL_COUNT=90
SWEEP_WORKER_COUNT=20
SWEEP_WORKER_INDEX=16
TFINAL=2.0
WARMUP=true
WINDOW_N_OBS=2,5,10
WINDOW_SEED=1
WINDOW_START_POLICY=random,random,random
WINDOW_T=0.05,0.5,2
[Thu Jul  9 04:51:42 AM EDT 2026] Worker 16 finished ROM combination 36
[Thu Jul  9 04:51:42 AM EDT 2026] Worker 16 starting ROM combination 56 / 90
Sweep file: /home/mgantcher/Brookhaven/Research_Code/Optimization/Data/Sweeps/ROM_more_hyperparam_opt_for_fu_learning/00_m10_stability_fu_learning.txt
Run name: ROM_m10_stability_fu_learning_56_r10_conservative_oldshape_eta_3e-4_to_3e-5_obs_2_5_10_budget15m
Combination label: r10_conservative_oldshape_eta_3e-4_to_3e-5_obs_2_5_10_budget15m
BATCH_SIZE=1,1,1
ETAS=0.0003,0.0001,3e-05
H=8
ITERS=11764,9473,8181
LOSS_NORMALIZATION=mean
M=10
N=256
N_OBS=100
PRINT_FREQUENCY=500
R=10
RUN_NAME=ROM_m10_stability_fu_learning_56_r10_conservative_oldshape_eta_3e-4_to_3e-5_obs_2_5_10_budget15m
SAVE_FREQUENCY=100
SEED=1
SWEEP_COMBO_COUNT=90
SWEEP_COMBO_INDEX=56
SWEEP_COMBO_LABEL=r10_conservative_oldshape_eta_3e-4_to_3e-5_obs_2_5_10_budget15m
SWEEP_FILE=/home/mgantcher/Brookhaven/Research_Code/Optimization/Data/Sweeps/ROM_more_hyperparam_opt_for_fu_learning/00_m10_stability_fu_learning.txt
SWEEP_TARGET=rom
SWEEP_TOTAL_COUNT=90
SWEEP_WORKER_COUNT=20
SWEEP_WORKER_INDEX=16
TFINAL=2.0
WARMUP=true
WINDOW_N_OBS=2,5,10
WINDOW_SEED=1
WINDOW_START_POLICY=random,random,random
WINDOW_T=0.05,0.5,2
[Thu Jul  9 05:05:44 AM EDT 2026] Worker 16 finished ROM combination 56
[Thu Jul  9 05:05:44 AM EDT 2026] Worker 16 starting ROM combination 76 / 90
Sweep file: /home/mgantcher/Brookhaven/Research_Code/Optimization/Data/Sweeps/ROM_more_hyperparam_opt_for_fu_learning/00_m10_stability_fu_learning.txt
Run name: ROM_m10_stability_fu_learning_76_r15_five_stage_taper_eta_1e-3_to_2e-5_obs_2_3_5_8_10_budget20m
Combination label: r15_five_stage_taper_eta_1e-3_to_2e-5_obs_2_3_5_8_10_budget20m
BATCH_SIZE=1,1,1,1,1
ETAS=0.001,0.0005,0.0002,8e-05,2e-05
H=8
ITERS=9411,9746,8421,6285,6545
LOSS_NORMALIZATION=mean
M=10
N=256
N_OBS=100
PRINT_FREQUENCY=500
R=15
RUN_NAME=ROM_m10_stability_fu_learning_76_r15_five_stage_taper_eta_1e-3_to_2e-5_obs_2_3_5_8_10_budget20m
SAVE_FREQUENCY=100
SEED=1
SWEEP_COMBO_COUNT=90
SWEEP_COMBO_INDEX=76
SWEEP_COMBO_LABEL=r15_five_stage_taper_eta_1e-3_to_2e-5_obs_2_3_5_8_10_budget20m
SWEEP_FILE=/home/mgantcher/Brookhaven/Research_Code/Optimization/Data/Sweeps/ROM_more_hyperparam_opt_for_fu_learning/00_m10_stability_fu_learning.txt
SWEEP_TARGET=rom
SWEEP_TOTAL_COUNT=90
SWEEP_WORKER_COUNT=20
SWEEP_WORKER_INDEX=16
TFINAL=2.0
WARMUP=true
WINDOW_N_OBS=2,3,5,8,10
WINDOW_SEED=1
WINDOW_START_POLICY=random,random,random,random,random
WINDOW_T=0.05,0.2,0.5,1,2
[Thu Jul  9 05:24:31 AM EDT 2026] Worker 16 finished ROM combination 76
