[Tue Jul  7 04:58:28 PM EDT 2026] Worker 4 starting FOM combination 4 / 90
Sweep file: /home/mgantcher/Brookhaven/Research_Code/Optimization/Data/Sweeps/FOM_hyperparam_opt/01_mooncake_true_hpo_90_cases.txt
Run name: FOM_true_hpo_mooncake_90_4_005_fast10m_w_1p0_1p0_1p0__obs_2_2_2__eta_0.001_0.0003_0.0001__b_1_1_1
Combination label: 005_fast10m_w_1p0_1p0_1p0__obs_2_2_2__eta_0.001_0.0003_0.0001__b_1_1_1
BATCH_SIZE=1,1,1
ETAS=0.001,0.0003,0.0001
H=8
ITERS=1676,2515,4192
LOSS_NORMALIZATION=mean
N=256
N_OBS=100
PRINT_FREQUENCY=250
RUN_NAME=FOM_true_hpo_mooncake_90_4_005_fast10m_w_1p0_1p0_1p0__obs_2_2_2__eta_0.001_0.0003_0.0001__b_1_1_1
SAVE_FREQUENCY=100000
SEED=1
SWEEP_COMBO_COUNT=90
SWEEP_COMBO_INDEX=4
SWEEP_COMBO_LABEL=005_fast10m_w_1p0_1p0_1p0__obs_2_2_2__eta_0.001_0.0003_0.0001__b_1_1_1
SWEEP_FILE=/home/mgantcher/Brookhaven/Research_Code/Optimization/Data/Sweeps/FOM_hyperparam_opt/01_mooncake_true_hpo_90_cases.txt
SWEEP_TARGET=fom
SWEEP_TOTAL_COUNT=90
SWEEP_WORKER_COUNT=12
SWEEP_WORKER_INDEX=4
TFINAL=2.0
WARMUP=true
WINDOW_N_OBS=2,2,2
WINDOW_SEED=1
WINDOW_START_POLICY=random,random,random
WINDOW_T=1.0,1.0,1.0
[Tue Jul  7 05:09:35 PM EDT 2026] Worker 4 finished FOM combination 4
[Tue Jul  7 05:09:35 PM EDT 2026] Worker 4 starting FOM combination 16 / 90
Sweep file: /home/mgantcher/Brookhaven/Research_Code/Optimization/Data/Sweeps/FOM_hyperparam_opt/01_mooncake_true_hpo_90_cases.txt
Run name: FOM_true_hpo_mooncake_90_16_017_fast10m_w_0p05_1p0_2p0__obs_2_2_2__eta_0.001_0.0003_0.0001__b_1_1_1
Combination label: 017_fast10m_w_0p05_1p0_2p0__obs_2_2_2__eta_0.001_0.0003_0.0001__b_1_1_1
BATCH_SIZE=1,1,1
ETAS=0.001,0.0003,0.0001
H=8
ITERS=2016,2515,3560
LOSS_NORMALIZATION=mean
N=256
N_OBS=100
PRINT_FREQUENCY=250
RUN_NAME=FOM_true_hpo_mooncake_90_16_017_fast10m_w_0p05_1p0_2p0__obs_2_2_2__eta_0.001_0.0003_0.0001__b_1_1_1
SAVE_FREQUENCY=100000
SEED=1
SWEEP_COMBO_COUNT=90
SWEEP_COMBO_INDEX=16
SWEEP_COMBO_LABEL=017_fast10m_w_0p05_1p0_2p0__obs_2_2_2__eta_0.001_0.0003_0.0001__b_1_1_1
SWEEP_FILE=/home/mgantcher/Brookhaven/Research_Code/Optimization/Data/Sweeps/FOM_hyperparam_opt/01_mooncake_true_hpo_90_cases.txt
SWEEP_TARGET=fom
SWEEP_TOTAL_COUNT=90
SWEEP_WORKER_COUNT=12
SWEEP_WORKER_INDEX=4
TFINAL=2.0
WARMUP=true
WINDOW_N_OBS=2,2,2
WINDOW_SEED=1
WINDOW_START_POLICY=random,random,random
WINDOW_T=0.05,1.0,2.0
[Tue Jul  7 05:20:14 PM EDT 2026] Worker 4 finished FOM combination 16
[Tue Jul  7 05:20:14 PM EDT 2026] Worker 4 starting FOM combination 28 / 90
Sweep file: /home/mgantcher/Brookhaven/Research_Code/Optimization/Data/Sweeps/FOM_hyperparam_opt/01_mooncake_true_hpo_90_cases.txt
Run name: FOM_true_hpo_mooncake_90_28_029_fast10m_w_0p05_0p5_2p0__obs_2_2_2__eta_0.001_0.0003_0.0001__b_1_1_1
Combination label: 029_fast10m_w_0p05_0p5_2p0__obs_2_2_2__eta_0.001_0.0003_0.0001__b_1_1_1
BATCH_SIZE=1,1,1
ETAS=0.001,0.0003,0.0001
H=8
ITERS=2016,2760,3560
LOSS_NORMALIZATION=mean
N=256
N_OBS=100
PRINT_FREQUENCY=250
RUN_NAME=FOM_true_hpo_mooncake_90_28_029_fast10m_w_0p05_0p5_2p0__obs_2_2_2__eta_0.001_0.0003_0.0001__b_1_1_1
SAVE_FREQUENCY=100000
SEED=1
SWEEP_COMBO_COUNT=90
SWEEP_COMBO_INDEX=28
SWEEP_COMBO_LABEL=029_fast10m_w_0p05_0p5_2p0__obs_2_2_2__eta_0.001_0.0003_0.0001__b_1_1_1
SWEEP_FILE=/home/mgantcher/Brookhaven/Research_Code/Optimization/Data/Sweeps/FOM_hyperparam_opt/01_mooncake_true_hpo_90_cases.txt
SWEEP_TARGET=fom
SWEEP_TOTAL_COUNT=90
SWEEP_WORKER_COUNT=12
SWEEP_WORKER_INDEX=4
TFINAL=2.0
WARMUP=true
WINDOW_N_OBS=2,2,2
WINDOW_SEED=1
WINDOW_START_POLICY=random,random,random
WINDOW_T=0.05,0.5,2.0
[Tue Jul  7 05:31:10 PM EDT 2026] Worker 4 finished FOM combination 28
[Tue Jul  7 05:31:10 PM EDT 2026] Worker 4 starting FOM combination 40 / 90
Sweep file: /home/mgantcher/Brookhaven/Research_Code/Optimization/Data/Sweeps/FOM_hyperparam_opt/01_mooncake_true_hpo_90_cases.txt
Run name: FOM_true_hpo_mooncake_90_40_041_medium30m_w_2p0_2p0_2p0__obs_2_5_10__eta_0.001_0.0003_0.0001__b_1_1_1
Combination label: 041_medium30m_w_2p0_2p0_2p0__obs_2_5_10__eta_0.001_0.0003_0.0001__b_1_1_1
BATCH_SIZE=1,1,1
ETAS=0.001,0.0003,0.0001
H=8
ITERS=4272,5370,7047
LOSS_NORMALIZATION=mean
N=256
N_OBS=100
PRINT_FREQUENCY=250
RUN_NAME=FOM_true_hpo_mooncake_90_40_041_medium30m_w_2p0_2p0_2p0__obs_2_5_10__eta_0.001_0.0003_0.0001__b_1_1_1
SAVE_FREQUENCY=100000
SEED=1
SWEEP_COMBO_COUNT=90
SWEEP_COMBO_INDEX=40
SWEEP_COMBO_LABEL=041_medium30m_w_2p0_2p0_2p0__obs_2_5_10__eta_0.001_0.0003_0.0001__b_1_1_1
SWEEP_FILE=/home/mgantcher/Brookhaven/Research_Code/Optimization/Data/Sweeps/FOM_hyperparam_opt/01_mooncake_true_hpo_90_cases.txt
SWEEP_TARGET=fom
SWEEP_TOTAL_COUNT=90
SWEEP_WORKER_COUNT=12
SWEEP_WORKER_INDEX=4
TFINAL=2.0
WARMUP=true
WINDOW_N_OBS=2,5,10
WINDOW_SEED=1
WINDOW_START_POLICY=random,random,random
WINDOW_T=2.0,2.0,2.0
[Tue Jul  7 06:09:23 PM EDT 2026] Worker 4 finished FOM combination 40
[Tue Jul  7 06:09:23 PM EDT 2026] Worker 4 starting FOM combination 52 / 90
Sweep file: /home/mgantcher/Brookhaven/Research_Code/Optimization/Data/Sweeps/FOM_hyperparam_opt/01_mooncake_true_hpo_90_cases.txt
Run name: FOM_true_hpo_mooncake_90_52_053_medium30m_w_0p1_1p0_2p0__obs_2_5_10__eta_0.001_0.0003_0.0001__b_1_1_1
Combination label: 053_medium30m_w_0p1_1p0_2p0__obs_2_5_10__eta_0.001_0.0003_0.0001__b_1_1_1
BATCH_SIZE=1,1,1
ETAS=0.001,0.0003,0.0001
H=8
ITERS=5987,6146,7047
LOSS_NORMALIZATION=mean
N=256
N_OBS=100
PRINT_FREQUENCY=250
RUN_NAME=FOM_true_hpo_mooncake_90_52_053_medium30m_w_0p1_1p0_2p0__obs_2_5_10__eta_0.001_0.0003_0.0001__b_1_1_1
SAVE_FREQUENCY=100000
SEED=1
SWEEP_COMBO_COUNT=90
SWEEP_COMBO_INDEX=52
SWEEP_COMBO_LABEL=053_medium30m_w_0p1_1p0_2p0__obs_2_5_10__eta_0.001_0.0003_0.0001__b_1_1_1
SWEEP_FILE=/home/mgantcher/Brookhaven/Research_Code/Optimization/Data/Sweeps/FOM_hyperparam_opt/01_mooncake_true_hpo_90_cases.txt
SWEEP_TARGET=fom
SWEEP_TOTAL_COUNT=90
SWEEP_WORKER_COUNT=12
SWEEP_WORKER_INDEX=4
TFINAL=2.0
WARMUP=true
WINDOW_N_OBS=2,5,10
WINDOW_SEED=1
WINDOW_START_POLICY=random,random,random
WINDOW_T=0.1,1.0,2.0
[Tue Jul  7 06:31:55 PM EDT 2026] Worker 4 finished FOM combination 52
[Tue Jul  7 06:31:55 PM EDT 2026] Worker 4 starting FOM combination 64 / 90
Sweep file: /home/mgantcher/Brookhaven/Research_Code/Optimization/Data/Sweeps/FOM_hyperparam_opt/01_mooncake_true_hpo_90_cases.txt
Run name: FOM_true_hpo_mooncake_90_64_065_batch30m_w_2p0_2p0_2p0__obs_2_5_10__eta_0.003_0.001_0.0003__b_2_2_2
Combination label: 065_batch30m_w_2p0_2p0_2p0__obs_2_5_10__eta_0.003_0.001_0.0003__b_2_2_2
BATCH_SIZE=2,2,2
ETAS=0.003,0.001,0.0003
H=8
ITERS=2136,2685,3523
LOSS_NORMALIZATION=mean
N=256
N_OBS=100
PRINT_FREQUENCY=250
RUN_NAME=FOM_true_hpo_mooncake_90_64_065_batch30m_w_2p0_2p0_2p0__obs_2_5_10__eta_0.003_0.001_0.0003__b_2_2_2
SAVE_FREQUENCY=100000
SEED=1
SWEEP_COMBO_COUNT=90
SWEEP_COMBO_INDEX=64
SWEEP_COMBO_LABEL=065_batch30m_w_2p0_2p0_2p0__obs_2_5_10__eta_0.003_0.001_0.0003__b_2_2_2
SWEEP_FILE=/home/mgantcher/Brookhaven/Research_Code/Optimization/Data/Sweeps/FOM_hyperparam_opt/01_mooncake_true_hpo_90_cases.txt
SWEEP_TARGET=fom
SWEEP_TOTAL_COUNT=90
SWEEP_WORKER_COUNT=12
SWEEP_WORKER_INDEX=4
TFINAL=2.0
WARMUP=true
WINDOW_N_OBS=2,5,10
WINDOW_SEED=1
WINDOW_START_POLICY=random,random,random
WINDOW_T=2.0,2.0,2.0
[Tue Jul  7 07:05:51 PM EDT 2026] Worker 4 finished FOM combination 64
[Tue Jul  7 07:05:51 PM EDT 2026] Worker 4 starting FOM combination 76 / 90
Sweep file: /home/mgantcher/Brookhaven/Research_Code/Optimization/Data/Sweeps/FOM_hyperparam_opt/01_mooncake_true_hpo_90_cases.txt
Run name: FOM_true_hpo_mooncake_90_76_077_long60m_w_1p0_1p0_1p0__obs_10_25_50__eta_0.003_0.001_0.0003__b_1_1_1
Combination label: 077_long60m_w_1p0_1p0_1p0__obs_10_25_50__eta_0.003_0.001_0.0003__b_1_1_1
BATCH_SIZE=1,1,1
ETAS=0.003,0.001,0.0003
H=8
ITERS=6260,5497,5418
LOSS_NORMALIZATION=mean
N=256
N_OBS=100
PRINT_FREQUENCY=250
RUN_NAME=FOM_true_hpo_mooncake_90_76_077_long60m_w_1p0_1p0_1p0__obs_10_25_50__eta_0.003_0.001_0.0003__b_1_1_1
SAVE_FREQUENCY=100000
SEED=1
SWEEP_COMBO_COUNT=90
SWEEP_COMBO_INDEX=76
SWEEP_COMBO_LABEL=077_long60m_w_1p0_1p0_1p0__obs_10_25_50__eta_0.003_0.001_0.0003__b_1_1_1
SWEEP_FILE=/home/mgantcher/Brookhaven/Research_Code/Optimization/Data/Sweeps/FOM_hyperparam_opt/01_mooncake_true_hpo_90_cases.txt
SWEEP_TARGET=fom
SWEEP_TOTAL_COUNT=90
SWEEP_WORKER_COUNT=12
SWEEP_WORKER_INDEX=4
TFINAL=2.0
WARMUP=true
WINDOW_N_OBS=10,25,50
WINDOW_SEED=1
WINDOW_START_POLICY=random,random,random
WINDOW_T=1.0,1.0,1.0
[Tue Jul  7 07:57:58 PM EDT 2026] Worker 4 finished FOM combination 76
[Tue Jul  7 07:57:58 PM EDT 2026] Worker 4 starting FOM combination 88 / 90
Sweep file: /home/mgantcher/Brookhaven/Research_Code/Optimization/Data/Sweeps/FOM_hyperparam_opt/01_mooncake_true_hpo_90_cases.txt
Run name: FOM_true_hpo_mooncake_90_88_089_long60m_w_0p05_0p5_2p0__obs_10_25_50__eta_0.003_0.001_0.0003__b_1_1_1
Combination label: 089_long60m_w_0p05_0p5_2p0__obs_10_25_50__eta_0.003_0.001_0.0003__b_1_1_1
BATCH_SIZE=1,1,1
ETAS=0.003,0.001,0.0003
H=8
ITERS=6994,5681,5218
LOSS_NORMALIZATION=mean
N=256
N_OBS=100
PRINT_FREQUENCY=250
RUN_NAME=FOM_true_hpo_mooncake_90_88_089_long60m_w_0p05_0p5_2p0__obs_10_25_50__eta_0.003_0.001_0.0003__b_1_1_1
SAVE_FREQUENCY=100000
SEED=1
SWEEP_COMBO_COUNT=90
SWEEP_COMBO_INDEX=88
SWEEP_COMBO_LABEL=089_long60m_w_0p05_0p5_2p0__obs_10_25_50__eta_0.003_0.001_0.0003__b_1_1_1
SWEEP_FILE=/home/mgantcher/Brookhaven/Research_Code/Optimization/Data/Sweeps/FOM_hyperparam_opt/01_mooncake_true_hpo_90_cases.txt
SWEEP_TARGET=fom
SWEEP_TOTAL_COUNT=90
SWEEP_WORKER_COUNT=12
SWEEP_WORKER_INDEX=4
TFINAL=2.0
WARMUP=true
WINDOW_N_OBS=10,25,50
WINDOW_SEED=1
WINDOW_START_POLICY=random,random,random
WINDOW_T=0.05,0.5,2.0
[Tue Jul  7 08:48:39 PM EDT 2026] Worker 4 finished FOM combination 88
