[Tue Jul  7 02:34:09 PM EDT 2026] Worker 0 starting FOM combination 0 / 5
Sweep file: /home/mgantcher/Brookhaven/Research_Code/Optimization/Data/Sweeps/FOM_hyperparam_opt/03_enzyme_singlethread_reproducer_005x.txt
Run name: FOM_enzyme_singlethread_reproducer_T005_Nobs2_0_repeat-1
Combination label: repeat-1
ETAS=1e-3
ITERS=100
JULIA_BLAS_THREADS=1
JULIA_NUM_GC_THREADS=1
JULIA_NUM_THREADS=1
N_OBS=100
PRINT_FREQUENCY=1
RUN_NAME=FOM_enzyme_singlethread_reproducer_T005_Nobs2_0_repeat-1
SAVE_FREQUENCY=100000
SWEEP_COMBO_COUNT=5
SWEEP_COMBO_INDEX=0
SWEEP_COMBO_LABEL=repeat-1
SWEEP_FILE=/home/mgantcher/Brookhaven/Research_Code/Optimization/Data/Sweeps/FOM_hyperparam_opt/03_enzyme_singlethread_reproducer_005x.txt
SWEEP_TARGET=fom
SWEEP_TOTAL_COUNT=5
SWEEP_WORKER_COUNT=5
SWEEP_WORKER_INDEX=0
WARMUP=true
WINDOW_N_OBS=2
WINDOW_START_POLICY=random
WINDOW_T=0.05
