[Thu Jul  9 12:43:48 AM EDT 2026] Worker 1 starting ROM combination 1 / 90
Sweep file: /home/mgantcher/Brookhaven/Research_Code/Optimization/Data/Sweeps/ROM_more_hyperparam_opt_for_fu_learning/00_m10_stability_fu_learning.txt
Run name: ROM_m10_stability_fu_learning_1_r3_conservative_oldshape_eta_1e-3_to_1e-4_obs_2_5_10_budget15m
Combination label: r3_conservative_oldshape_eta_1e-3_to_1e-4_obs_2_5_10_budget15m
BATCH_SIZE=1,1,1
ETAS=0.001,0.0003,0.0001
H=8
ITERS=11764,9473,8181
LOSS_NORMALIZATION=mean
M=10
N=256
N_OBS=100
PRINT_FREQUENCY=500
R=3
RUN_NAME=ROM_m10_stability_fu_learning_1_r3_conservative_oldshape_eta_1e-3_to_1e-4_obs_2_5_10_budget15m
SAVE_FREQUENCY=100
SEED=1
SWEEP_COMBO_COUNT=90
SWEEP_COMBO_INDEX=1
SWEEP_COMBO_LABEL=r3_conservative_oldshape_eta_1e-3_to_1e-4_obs_2_5_10_budget15m
SWEEP_FILE=/home/mgantcher/Brookhaven/Research_Code/Optimization/Data/Sweeps/ROM_more_hyperparam_opt_for_fu_learning/00_m10_stability_fu_learning.txt
SWEEP_TARGET=rom
SWEEP_TOTAL_COUNT=90
SWEEP_WORKER_COUNT=20
SWEEP_WORKER_INDEX=1
TFINAL=2.0
WARMUP=true
WINDOW_N_OBS=2,5,10
WINDOW_SEED=1
WINDOW_START_POLICY=random,random,random
WINDOW_T=0.05,0.5,2
[Thu Jul  9 12:57:07 AM EDT 2026] Worker 1 finished ROM combination 1
[Thu Jul  9 12:57:07 AM EDT 2026] Worker 1 starting ROM combination 21 / 90
Sweep file: /home/mgantcher/Brookhaven/Research_Code/Optimization/Data/Sweeps/ROM_more_hyperparam_opt_for_fu_learning/00_m10_stability_fu_learning.txt
Run name: ROM_m10_stability_fu_learning_21_r4_five_stage_taper_eta_3e-3_to_3e-5_obs_2_3_5_8_10_budget20m
Combination label: r4_five_stage_taper_eta_3e-3_to_3e-5_obs_2_3_5_8_10_budget20m
BATCH_SIZE=1,1,1,1,1
ETAS=0.003,0.001,0.0003,0.0001,3e-05
H=8
ITERS=9411,9746,8421,6285,6545
LOSS_NORMALIZATION=mean
M=10
N=256
N_OBS=100
PRINT_FREQUENCY=500
R=4
RUN_NAME=ROM_m10_stability_fu_learning_21_r4_five_stage_taper_eta_3e-3_to_3e-5_obs_2_3_5_8_10_budget20m
SAVE_FREQUENCY=100
SEED=1
SWEEP_COMBO_COUNT=90
SWEEP_COMBO_INDEX=21
SWEEP_COMBO_LABEL=r4_five_stage_taper_eta_3e-3_to_3e-5_obs_2_3_5_8_10_budget20m
SWEEP_FILE=/home/mgantcher/Brookhaven/Research_Code/Optimization/Data/Sweeps/ROM_more_hyperparam_opt_for_fu_learning/00_m10_stability_fu_learning.txt
SWEEP_TARGET=rom
SWEEP_TOTAL_COUNT=90
SWEEP_WORKER_COUNT=20
SWEEP_WORKER_INDEX=1
TFINAL=2.0
WARMUP=true
WINDOW_N_OBS=2,3,5,8,10
WINDOW_SEED=1
WINDOW_START_POLICY=random,random,random,random,random
WINDOW_T=0.05,0.2,0.5,1,2
[Thu Jul  9 01:14:00 AM EDT 2026] Worker 1 finished ROM combination 21
[Thu Jul  9 01:14:00 AM EDT 2026] Worker 1 starting ROM combination 41 / 90
Sweep file: /home/mgantcher/Brookhaven/Research_Code/Optimization/Data/Sweeps/ROM_more_hyperparam_opt_for_fu_learning/00_m10_stability_fu_learning.txt
Run name: ROM_m10_stability_fu_learning_41_r5_five_stage_taper_eta_5e-4_to_1e-5_obs_2_3_5_8_10_budget20m
Combination label: r5_five_stage_taper_eta_5e-4_to_1e-5_obs_2_3_5_8_10_budget20m
BATCH_SIZE=1,1,1,1,1
ETAS=0.0005,0.0002,0.0001,3e-05,1e-05
H=8
ITERS=9411,9746,8421,6285,6545
LOSS_NORMALIZATION=mean
M=10
N=256
N_OBS=100
PRINT_FREQUENCY=500
R=5
RUN_NAME=ROM_m10_stability_fu_learning_41_r5_five_stage_taper_eta_5e-4_to_1e-5_obs_2_3_5_8_10_budget20m
SAVE_FREQUENCY=100
SEED=1
SWEEP_COMBO_COUNT=90
SWEEP_COMBO_INDEX=41
SWEEP_COMBO_LABEL=r5_five_stage_taper_eta_5e-4_to_1e-5_obs_2_3_5_8_10_budget20m
SWEEP_FILE=/home/mgantcher/Brookhaven/Research_Code/Optimization/Data/Sweeps/ROM_more_hyperparam_opt_for_fu_learning/00_m10_stability_fu_learning.txt
SWEEP_TARGET=rom
SWEEP_TOTAL_COUNT=90
SWEEP_WORKER_COUNT=20
SWEEP_WORKER_INDEX=1
TFINAL=2.0
WARMUP=true
WINDOW_N_OBS=2,3,5,8,10
WINDOW_SEED=1
WINDOW_START_POLICY=random,random,random,random,random
WINDOW_T=0.05,0.2,0.5,1,2
[Thu Jul  9 01:32:00 AM EDT 2026] Worker 1 finished ROM combination 41
[Thu Jul  9 01:32:00 AM EDT 2026] Worker 1 starting ROM combination 61 / 90
Sweep file: /home/mgantcher/Brookhaven/Research_Code/Optimization/Data/Sweeps/ROM_more_hyperparam_opt_for_fu_learning/00_m10_stability_fu_learning.txt
Run name: ROM_m10_stability_fu_learning_61_r10_high_obs_late_eta_1e-3_to_2e-5_obs_2_5_10_25_50_budget30m
Combination label: r10_high_obs_late_eta_1e-3_to_2e-5_obs_2_5_10_25_50_budget30m
BATCH_SIZE=1,1,1,1,1
ETAS=0.001,0.0005,0.0002,8e-05,2e-05
H=8
ITERS=14117,10105,7346,3683,2769
LOSS_NORMALIZATION=mean
M=10
N=256
N_OBS=100
PRINT_FREQUENCY=500
R=10
RUN_NAME=ROM_m10_stability_fu_learning_61_r10_high_obs_late_eta_1e-3_to_2e-5_obs_2_5_10_25_50_budget30m
SAVE_FREQUENCY=100
SEED=1
SWEEP_COMBO_COUNT=90
SWEEP_COMBO_INDEX=61
SWEEP_COMBO_LABEL=r10_high_obs_late_eta_1e-3_to_2e-5_obs_2_5_10_25_50_budget30m
SWEEP_FILE=/home/mgantcher/Brookhaven/Research_Code/Optimization/Data/Sweeps/ROM_more_hyperparam_opt_for_fu_learning/00_m10_stability_fu_learning.txt
SWEEP_TARGET=rom
SWEEP_TOTAL_COUNT=90
SWEEP_WORKER_COUNT=20
SWEEP_WORKER_INDEX=1
TFINAL=2.0
WARMUP=true
WINDOW_N_OBS=2,5,10,25,50
WINDOW_SEED=1
WINDOW_START_POLICY=random,random,random,random,random
WINDOW_T=0.05,0.5,1,2,2
[Thu Jul  9 01:58:39 AM EDT 2026] Worker 1 finished ROM combination 61
[Thu Jul  9 01:58:39 AM EDT 2026] Worker 1 starting ROM combination 81 / 90
Sweep file: /home/mgantcher/Brookhaven/Research_Code/Optimization/Data/Sweeps/ROM_more_hyperparam_opt_for_fu_learning/00_m10_stability_fu_learning.txt
Run name: ROM_m10_stability_fu_learning_81_r15_short_pretrain_heavy_eta_3e-3_to_3e-5_obs_2_2_3_5_10_budget20m
Combination label: r15_short_pretrain_heavy_eta_3e-3_to_3e-5_obs_2_2_3_5_10_budget20m
BATCH_SIZE=1,1,1,1,1
ETAS=0.003,0.001,0.0003,0.0001,3e-05
H=8
ITERS=9411,12549,12182,9263,6545
LOSS_NORMALIZATION=mean
M=10
N=256
N_OBS=100
PRINT_FREQUENCY=500
R=15
RUN_NAME=ROM_m10_stability_fu_learning_81_r15_short_pretrain_heavy_eta_3e-3_to_3e-5_obs_2_2_3_5_10_budget20m
SAVE_FREQUENCY=100
SEED=1
SWEEP_COMBO_COUNT=90
SWEEP_COMBO_INDEX=81
SWEEP_COMBO_LABEL=r15_short_pretrain_heavy_eta_3e-3_to_3e-5_obs_2_2_3_5_10_budget20m
SWEEP_FILE=/home/mgantcher/Brookhaven/Research_Code/Optimization/Data/Sweeps/ROM_more_hyperparam_opt_for_fu_learning/00_m10_stability_fu_learning.txt
SWEEP_TARGET=rom
SWEEP_TOTAL_COUNT=90
SWEEP_WORKER_COUNT=20
SWEEP_WORKER_INDEX=1
TFINAL=2.0
WARMUP=true
WINDOW_N_OBS=2,2,3,5,10
WINDOW_SEED=1
WINDOW_START_POLICY=random,random,random,random,random
WINDOW_T=0.05,0.05,0.2,0.5,2
[Thu Jul  9 02:20:13 AM EDT 2026] Worker 1 finished ROM combination 81
