[Thu Jul  2 04:56:16 PM EDT 2026] Worker 8 starting FOM_VARIABLE combination 8 / 30
Sweep file: /home/mgantcher/Brookhaven/Research_Code/Optimization/Data/Sweeps/FOM_hyperparam_opt/00_timing_scaling.txt
Run name: FOM_timing_per_iter_8_window_t-0.1__window_n_obs-25
Combination label: window_t-0.1__window_n_obs-25
ETAS=1e-3
ITERS=20
N_OBS=100
PRINT_FREQUENCY=1
RUN_NAME=FOM_timing_per_iter_8_window_t-0.1__window_n_obs-25
SAVE_FREQUENCY=1
SWEEP_COMBO_COUNT=30
SWEEP_COMBO_INDEX=8
SWEEP_COMBO_LABEL=window_t-0.1__window_n_obs-25
SWEEP_FILE=/home/mgantcher/Brookhaven/Research_Code/Optimization/Data/Sweeps/FOM_hyperparam_opt/00_timing_scaling.txt
SWEEP_TARGET=fom_variable
SWEEP_TOTAL_COUNT=30
SWEEP_WORKER_COUNT=20
SWEEP_WORKER_INDEX=8
WINDOW_N_OBS=25
WINDOW_START_POLICY=random
WINDOW_T=0.1
[Thu Jul  2 04:56:16 PM EDT 2026] Starting variable-window FOM training on node01
Variable-window args: --N 256 --L 1.0 --eps2 1e-2 --k 1.0 --tfinal 2.0 --N-obs 100 --h 8 --seed 1 --reference-dt-factor 0.5 --etas 1e-3 --iters 20 --beta 0.9,0.99 --save-frequency 1 --print-frequency 1 --warmup true --window-T 0.1 --window-N-obs 25 --window-start-policy random --windows-per-iter 1 --loss-normalization mean --window-seed 1 --run-name FOM_timing_per_iter_8_window_t-0.1__window_n_obs-25
[run_variable_fom_hpc] Julia entrypoint started
[run_variable_fom_hpc] Loading variable-window FOM helper code
[package-load] Loading LinearAlgebra
[package-load] Loaded LinearAlgebra
[package-load] Loading SparseArrays
[package-load] Loaded SparseArrays
[package-load] Loading Random
[package-load] Loaded Random
[package-load] Loading ComponentArrays
[package-load] Loaded ComponentArrays
[package-load] Loading LinearSolve
[package-load] Loaded LinearSolve
[package-load] Loading OrdinaryDiffEq
[package-load] Loaded OrdinaryDiffEq
[package-load] Loading OrdinaryDiffEqSDIRK
[package-load] Loaded OrdinaryDiffEqSDIRK
[package-load] Loading OrdinaryDiffEqLowOrderRK
[package-load] Loaded OrdinaryDiffEqLowOrderRK
[package-load] Loading SciMLSensitivity
[package-load] Loaded SciMLSensitivity
[package-load] Loading ADTypes
[package-load] Loaded ADTypes
[package-load] Loading Zygote
[package-load] Loaded Zygote
[package-load] Loading Enzyme
[package-load] Loaded Enzyme
[package-load] Loading Optimization
[package-load] Loaded Optimization
[package-load] Loading OptimizationOptimisers
[package-load] Loaded OptimizationOptimisers
[package-load] Loading OptimizationOptimJL
[package-load] Loaded OptimizationOptimJL
[package-load] Loading LineSearches
[package-load] Loaded LineSearches
[package-load] Loading Lux
[package-load] Loaded Lux
[package-load] Loading Functors
[package-load] Loaded Functors
[package-load] Loading Plots
[package-load] Loaded Plots
[package-load] Loading Dates
[package-load] Loaded Dates
[package-load] Loading Serialization
[package-load] Loaded Serialization
[package-load] Including integration_AC_hpc.jl
[package-load] Loading LinearAlgebra
[package-load] Loaded LinearAlgebra
[package-load] Loading SparseArrays
[package-load] Loaded SparseArrays
[package-load] Loading Random
[package-load] Loaded Random
[package-load] Loading ComponentArrays
[package-load] Loaded ComponentArrays
[package-load] Loading LinearSolve
[package-load] Loaded LinearSolve
[package-load] Loading OrdinaryDiffEq
[package-load] Loaded OrdinaryDiffEq
[package-load] Loading OrdinaryDiffEqSDIRK
[package-load] Loaded OrdinaryDiffEqSDIRK
[package-load] Loading OrdinaryDiffEqLowOrderRK
[package-load] Loaded OrdinaryDiffEqLowOrderRK
[package-load] Loading SciMLSensitivity
[package-load] Loaded SciMLSensitivity
[package-load] Loading ADTypes
[package-load] Loaded ADTypes
[package-load] Loading Zygote
[package-load] Loaded Zygote
[package-load] Loading Enzyme
[package-load] Loaded Enzyme
[package-load] Loading Optimization
[package-load] Loaded Optimization
[package-load] Loading OptimizationOptimisers
[package-load] Loaded OptimizationOptimisers
[package-load] Loading OptimizationOptimJL
[package-load] Loaded OptimizationOptimJL
[package-load] Loading LineSearches
[package-load] Loaded LineSearches
[package-load] Loading Lux
[package-load] Loaded Lux
[package-load] Loading Functors
[package-load] Loaded Functors
[package-load] Loading Plots
[package-load] Loaded Plots
[package-load] Included integration_AC_hpc.jl
[run_variable_fom_hpc] Loading HPC common code
[package-load] Loading LinearAlgebra
[package-load] Loaded LinearAlgebra
[package-load] Loading SparseArrays
[package-load] Loaded SparseArrays
[package-load] Loading ComponentArrays
[package-load] Loaded ComponentArrays
[package-load] Loading OrdinaryDiffEq
[package-load] Loaded OrdinaryDiffEq
[package-load] Loading OrdinaryDiffEqLowOrderRK
[package-load] Loaded OrdinaryDiffEqLowOrderRK
[package-load] Loading Optimization
[package-load] Loaded Optimization
[package-load] Loading Dates
[package-load] Loaded Dates
[run_variable_fom_hpc] Configuring HPC runtime
Julia version: 1.12.6
Host: node01
SLURM_JOB_ID: 2550
SLURM_ARRAY_TASK_ID: 8
Julia threads: 8
BLAS threads: 1
[run_variable_fom_hpc] Building Allen-Cahn reference solution
Reference solve: N=256, Δx=0.0038910505836575876, Δt=0.0003785068661145513, saved_times=5283
[run_variable_fom_hpc] Preparing FOM optimization problem
[run_variable_fom_hpc] Prepared variable-window FOM optimization parameters
  run_name = FOM_timing_per_iter_8_window_t-0.1__window_n_obs-25
  N = 256
  L = 1.0
  ε2 = 0.01
  k = 1.0
  tfinal = 2.0
  N_obs = 100
  h = 8
  seed = 1
  reference_dt_factor = 0.5
  reference_Δx = 0.0038910505836575876
  reference_Δt = 0.0003785068661145513
  reference_save_count = 5283
  etas = [0.001]
  iterations = [20]
  β = (0.9, 0.99)
  warmup = true
  save_frequency = 1
  print_frequency = 1
  window_T = [0.1]
  window_N_obs = [25]
  window_start_policy = SubString{String}["random"]
  windows_per_iter = [1]
  loss_normalization = mean
  window_seed = 1
  SLURM_JOB_ID = 2550
  SLURM_ARRAY_TASK_ID = 8
[run_variable_fom_hpc] Running variable-window FOM optimization
[run_variable_window_optimization] [2026-07-02 16:56:56] Optimization Params: eta = [0.001]; beta = (0.9, 0.99); N_iter = [20]; WINDOW_T = [0.1]; WINDOW_N_OBS = [25]; WINDOW_START_POLICY = ["random"]; WINDOWS_PER_ITER = [1]; loss_normalization = mean; total_iterations = 20; save_frequency = 1; print_frequency = 1; warmup = true
[run_variable_window_optimization] [2026-07-02 16:56:56] Warming up
[run_variable_window_optimization] [2026-07-02 16:58:39] Warmup complete
[run_variable_window_optimization] [2026-07-02 16:58:39] Beginning variable-window optimization
[run_variable_window_optimization] [2026-07-02 16:58:39] Stage 1 / 1 started: eta = 0.001; N_iter = 20; WINDOW_T = 0.1; WINDOW_N_OBS = 25; WINDOW_START_POLICY = random; WINDOWS_PER_ITER = 1
[run_variable_window_optimization] [2026-07-02 16:58:44] iteration = 1, loss = 0.000480115664972797, stage = 1, window_start = 0.18836543261940994, window_end = 0.28836543261940994, last iteration = 107.9 s
[run_variable_window_optimization] [2026-07-02 16:58:48] iteration = 2, loss = 0.000531691886439627, stage = 1, window_start = 1.333761456387113, window_end = 1.433761456387113, last iteration = 4.14 s
[run_variable_window_optimization] [2026-07-02 16:58:52] iteration = 3, loss = 0.0005045244310641018, stage = 1, window_start = 0.9561973930995263, window_end = 1.0561973930995263, last iteration = 3.44 s
[run_variable_window_optimization] [2026-07-02 16:58:55] iteration = 4, loss = 0.0005028071482234294, stage = 1, window_start = 1.6640982900833758, window_end = 1.764098290083376, last iteration = 3.56 s
[run_variable_window_optimization] [2026-07-02 16:58:59] iteration = 5, loss = 0.00048792583308487485, stage = 1, window_start = 1.8115842825615265, window_end = 1.9115842825615266, last iteration = 3.41 s
[run_variable_window_optimization] [2026-07-02 16:59:02] iteration = 6, loss = 0.0004557518140815785, stage = 1, window_start = 0.9648400850065348, window_end = 1.064840085006535, last iteration = 3.44 s
[run_variable_window_optimization] [2026-07-02 16:59:05] iteration = 7, loss = 0.00045233849312978467, stage = 1, window_start = 1.5005272107686365, window_end = 1.6005272107686366, last iteration = 3.37 s
[run_variable_window_optimization] [2026-07-02 16:59:09] iteration = 8, loss = 0.00036184863606456436, stage = 1, window_start = 0.13538285196091496, window_end = 0.23538285196091496, last iteration = 3.45 s
[run_variable_window_optimization] [2026-07-02 16:59:12] iteration = 9, loss = 0.0003656614486691292, stage = 1, window_start = 0.26291835004712727, window_end = 0.36291835004712725, last iteration = 3.5 s
[run_variable_window_optimization] [2026-07-02 16:59:16] iteration = 10, loss = 0.0003872324972668252, stage = 1, window_start = 0.7470594418513582, window_end = 0.8470594418513582, last iteration = 3.47 s
[run_variable_window_optimization] [2026-07-02 16:59:19] iteration = 11, loss = 0.0003461097977199971, stage = 1, window_start = 0.33769199158456825, window_end = 0.4376919915845683, last iteration = 3.37 s
[run_variable_window_optimization] [2026-07-02 16:59:23] iteration = 12, loss = 0.00038100954120865566, stage = 1, window_start = 1.6038978096725267, window_end = 1.7038978096725268, last iteration = 3.46 s
[run_variable_window_optimization] [2026-07-02 16:59:26] iteration = 13, loss = 0.00036704665627811014, stage = 1, window_start = 1.5623643129193645, window_end = 1.6623643129193646, last iteration = 3.42 s
[run_variable_window_optimization] [2026-07-02 16:59:29] iteration = 14, loss = 0.0003570952717943206, stage = 1, window_start = 1.8609008985731401, window_end = 1.9609008985731402, last iteration = 3.4 s
[run_variable_window_optimization] [2026-07-02 16:59:33] iteration = 15, loss = 0.000344360289258805, stage = 1, window_start = 1.8657208129980318, window_end = 1.965720812998032, last iteration = 3.42 s
[run_variable_window_optimization] [2026-07-02 16:59:36] iteration = 16, loss = 0.0003319425100488108, stage = 1, window_start = 1.8675482689353329, window_end = 1.967548268935333, last iteration = 3.44 s
[run_variable_window_optimization] [2026-07-02 16:59:40] iteration = 17, loss = 0.00030583644653163977, stage = 1, window_start = 0.9950759635947334, window_end = 1.0950759635947334, last iteration = 3.47 s
[run_variable_window_optimization] [2026-07-02 16:59:43] iteration = 18, loss = 0.0002970752014497853, stage = 1, window_start = 1.1035136273996824, window_end = 1.2035136273996825, last iteration = 3.39 s
[run_variable_window_optimization] [2026-07-02 16:59:47] iteration = 19, loss = 0.00024134248502836228, stage = 1, window_start = 0.23894530206739434, window_end = 0.33894530206739437, last iteration = 3.41 s
[run_variable_window_optimization] [2026-07-02 16:59:50] iteration = 20, loss = 0.0002356515741775456, stage = 1, window_start = 0.2844739637909652, window_end = 0.3844739637909652, last iteration = 3.49 s
[run_variable_window_optimization] [2026-07-02 16:59:54] Stage 1 / 1 complete; validation_loss = 0.03842008232707395; elapsed = 74.89 s
[run_variable_fom_hpc] Saving variable-window FOM optimization data
Saved variable-window FOM output to: /home/mgantcher/Brookhaven/Research_Code/Optimization/Data/FOM_timing_per_iter_8_window_t-0.1__window_n_obs-25
Final full-trajectory loss: 0.03842008232707395
Final training-window loss: 0.0002356515741775456
[Thu Jul  2 04:59:55 PM EDT 2026] Finished variable-window FOM training
[Thu Jul  2 04:59:55 PM EDT 2026] Worker 8 finished FOM_VARIABLE combination 8
[Thu Jul  2 04:59:55 PM EDT 2026] Worker 8 starting FOM_VARIABLE combination 28 / 30
Sweep file: /home/mgantcher/Brookhaven/Research_Code/Optimization/Data/Sweeps/FOM_hyperparam_opt/00_timing_scaling.txt
Run name: FOM_timing_per_iter_28_window_t-2.0__window_n_obs-25
Combination label: window_t-2.0__window_n_obs-25
ETAS=1e-3
ITERS=20
N_OBS=100
PRINT_FREQUENCY=1
RUN_NAME=FOM_timing_per_iter_28_window_t-2.0__window_n_obs-25
SAVE_FREQUENCY=1
SWEEP_COMBO_COUNT=30
SWEEP_COMBO_INDEX=28
SWEEP_COMBO_LABEL=window_t-2.0__window_n_obs-25
SWEEP_FILE=/home/mgantcher/Brookhaven/Research_Code/Optimization/Data/Sweeps/FOM_hyperparam_opt/00_timing_scaling.txt
SWEEP_TARGET=fom_variable
SWEEP_TOTAL_COUNT=30
SWEEP_WORKER_COUNT=20
SWEEP_WORKER_INDEX=8
WINDOW_N_OBS=25
WINDOW_START_POLICY=random
WINDOW_T=2.0
[Thu Jul  2 04:59:55 PM EDT 2026] Starting variable-window FOM training on node01
Variable-window args: --N 256 --L 1.0 --eps2 1e-2 --k 1.0 --tfinal 2.0 --N-obs 100 --h 8 --seed 1 --reference-dt-factor 0.5 --etas 1e-3 --iters 20 --beta 0.9,0.99 --save-frequency 1 --print-frequency 1 --warmup true --window-T 2.0 --window-N-obs 25 --window-start-policy random --windows-per-iter 1 --loss-normalization mean --window-seed 1 --run-name FOM_timing_per_iter_28_window_t-2.0__window_n_obs-25
[run_variable_fom_hpc] Julia entrypoint started
[run_variable_fom_hpc] Loading variable-window FOM helper code
[package-load] Loading LinearAlgebra
[package-load] Loaded LinearAlgebra
[package-load] Loading SparseArrays
[package-load] Loaded SparseArrays
[package-load] Loading Random
[package-load] Loaded Random
[package-load] Loading ComponentArrays
[package-load] Loaded ComponentArrays
[package-load] Loading LinearSolve
[package-load] Loaded LinearSolve
[package-load] Loading OrdinaryDiffEq
[package-load] Loaded OrdinaryDiffEq
[package-load] Loading OrdinaryDiffEqSDIRK
[package-load] Loaded OrdinaryDiffEqSDIRK
[package-load] Loading OrdinaryDiffEqLowOrderRK
[package-load] Loaded OrdinaryDiffEqLowOrderRK
[package-load] Loading SciMLSensitivity
[package-load] Loaded SciMLSensitivity
[package-load] Loading ADTypes
[package-load] Loaded ADTypes
[package-load] Loading Zygote
[package-load] Loaded Zygote
[package-load] Loading Enzyme
[package-load] Loaded Enzyme
[package-load] Loading Optimization
[package-load] Loaded Optimization
[package-load] Loading OptimizationOptimisers
[package-load] Loaded OptimizationOptimisers
[package-load] Loading OptimizationOptimJL
[package-load] Loaded OptimizationOptimJL
[package-load] Loading LineSearches
[package-load] Loaded LineSearches
[package-load] Loading Lux
[package-load] Loaded Lux
[package-load] Loading Functors
[package-load] Loaded Functors
[package-load] Loading Plots
[package-load] Loaded Plots
[package-load] Loading Dates
[package-load] Loaded Dates
[package-load] Loading Serialization
[package-load] Loaded Serialization
[package-load] Including integration_AC_hpc.jl
[package-load] Loading LinearAlgebra
[package-load] Loaded LinearAlgebra
[package-load] Loading SparseArrays
[package-load] Loaded SparseArrays
[package-load] Loading Random
[package-load] Loaded Random
[package-load] Loading ComponentArrays
[package-load] Loaded ComponentArrays
[package-load] Loading LinearSolve
[package-load] Loaded LinearSolve
[package-load] Loading OrdinaryDiffEq
[package-load] Loaded OrdinaryDiffEq
[package-load] Loading OrdinaryDiffEqSDIRK
[package-load] Loaded OrdinaryDiffEqSDIRK
[package-load] Loading OrdinaryDiffEqLowOrderRK
[package-load] Loaded OrdinaryDiffEqLowOrderRK
[package-load] Loading SciMLSensitivity
[package-load] Loaded SciMLSensitivity
[package-load] Loading ADTypes
[package-load] Loaded ADTypes
[package-load] Loading Zygote
[package-load] Loaded Zygote
[package-load] Loading Enzyme
[package-load] Loaded Enzyme
[package-load] Loading Optimization
[package-load] Loaded Optimization
[package-load] Loading OptimizationOptimisers
[package-load] Loaded OptimizationOptimisers
[package-load] Loading OptimizationOptimJL
[package-load] Loaded OptimizationOptimJL
[package-load] Loading LineSearches
[package-load] Loaded LineSearches
[package-load] Loading Lux
[package-load] Loaded Lux
[package-load] Loading Functors
[package-load] Loaded Functors
[package-load] Loading Plots
[package-load] Loaded Plots
[package-load] Included integration_AC_hpc.jl
[run_variable_fom_hpc] Loading HPC common code
[package-load] Loading LinearAlgebra
[package-load] Loaded LinearAlgebra
[package-load] Loading SparseArrays
[package-load] Loaded SparseArrays
[package-load] Loading ComponentArrays
[package-load] Loaded ComponentArrays
[package-load] Loading OrdinaryDiffEq
[package-load] Loaded OrdinaryDiffEq
[package-load] Loading OrdinaryDiffEqLowOrderRK
[package-load] Loaded OrdinaryDiffEqLowOrderRK
[package-load] Loading Optimization
[package-load] Loaded Optimization
[package-load] Loading Dates
[package-load] Loaded Dates
[run_variable_fom_hpc] Configuring HPC runtime
Julia version: 1.12.6
Host: node01
SLURM_JOB_ID: 2550
SLURM_ARRAY_TASK_ID: 8
Julia threads: 8
BLAS threads: 1
[run_variable_fom_hpc] Building Allen-Cahn reference solution
Reference solve: N=256, Δx=0.0038910505836575876, Δt=0.0003785068661145513, saved_times=5283
[run_variable_fom_hpc] Preparing FOM optimization problem
[run_variable_fom_hpc] Prepared variable-window FOM optimization parameters
  run_name = FOM_timing_per_iter_28_window_t-2.0__window_n_obs-25
  N = 256
  L = 1.0
  ε2 = 0.01
  k = 1.0
  tfinal = 2.0
  N_obs = 100
  h = 8
  seed = 1
  reference_dt_factor = 0.5
  reference_Δx = 0.0038910505836575876
  reference_Δt = 0.0003785068661145513
  reference_save_count = 5283
  etas = [0.001]
  iterations = [20]
  β = (0.9, 0.99)
  warmup = true
  save_frequency = 1
  print_frequency = 1
  window_T = [2.0]
  window_N_obs = [25]
  window_start_policy = SubString{String}["random"]
  windows_per_iter = [1]
  loss_normalization = mean
  window_seed = 1
  SLURM_JOB_ID = 2550
  SLURM_ARRAY_TASK_ID = 8
[run_variable_fom_hpc] Running variable-window FOM optimization
[run_variable_window_optimization] [2026-07-02 17:00:36] Optimization Params: eta = [0.001]; beta = (0.9, 0.99); N_iter = [20]; WINDOW_T = [2.0]; WINDOW_N_OBS = [25]; WINDOW_START_POLICY = ["random"]; WINDOWS_PER_ITER = [1]; loss_normalization = mean; total_iterations = 20; save_frequency = 1; print_frequency = 1; warmup = true
[run_variable_window_optimization] [2026-07-02 17:00:36] Warming up
[run_variable_window_optimization] [2026-07-02 17:02:23] Warmup complete
[run_variable_window_optimization] [2026-07-02 17:02:23] Beginning variable-window optimization
[run_variable_window_optimization] [2026-07-02 17:02:23] Stage 1 / 1 started: eta = 0.001; N_iter = 20; WINDOW_T = 2.0; WINDOW_N_OBS = 25; WINDOW_START_POLICY = random; WINDOWS_PER_ITER = 1
[run_variable_window_optimization] [2026-07-02 17:02:29] iteration = 1, loss = 0.06917387031354648, stage = 1, window_start = 0.0, window_end = 2.0, last iteration = 113.81 s
[run_variable_window_optimization] [2026-07-02 17:02:36] iteration = 2, loss = 0.06725344603200849, stage = 1, window_start = 0.0, window_end = 2.0, last iteration = 6.63 s
[run_variable_window_optimization] [2026-07-02 17:02:41] iteration = 3, loss = 0.06535439419804827, stage = 1, window_start = 0.0, window_end = 2.0, last iteration = 5.25 s
[run_variable_window_optimization] [2026-07-02 17:02:47] iteration = 4, loss = 0.06347735484162395, stage = 1, window_start = 0.0, window_end = 2.0, last iteration = 5.91 s
[run_variable_window_optimization] [2026-07-02 17:02:53] iteration = 5, loss = 0.06162745685769529, stage = 1, window_start = 0.0, window_end = 2.0, last iteration = 5.59 s
[run_variable_window_optimization] [2026-07-02 17:02:58] iteration = 6, loss = 0.059803228917496246, stage = 1, window_start = 0.0, window_end = 2.0, last iteration = 5.6 s
[run_variable_window_optimization] [2026-07-02 17:03:04] iteration = 7, loss = 0.058004914070881874, stage = 1, window_start = 0.0, window_end = 2.0, last iteration = 5.23 s
[run_variable_window_optimization] [2026-07-02 17:03:09] iteration = 8, loss = 0.056234606499829407, stage = 1, window_start = 0.0, window_end = 2.0, last iteration = 5.8 s
[run_variable_window_optimization] [2026-07-02 17:03:15] iteration = 9, loss = 0.05449088276083307, stage = 1, window_start = 0.0, window_end = 2.0, last iteration = 5.39 s
[run_variable_window_optimization] [2026-07-02 17:03:21] iteration = 10, loss = 0.05277633512330562, stage = 1, window_start = 0.0, window_end = 2.0, last iteration = 5.88 s
[run_variable_window_optimization] [2026-07-02 17:03:26] iteration = 11, loss = 0.05109066745201875, stage = 1, window_start = 0.0, window_end = 2.0, last iteration = 5.37 s
[run_variable_window_optimization] [2026-07-02 17:03:32] iteration = 12, loss = 0.04943385037924295, stage = 1, window_start = 0.0, window_end = 2.0, last iteration = 6.21 s
[run_variable_window_optimization] [2026-07-02 17:03:37] iteration = 13, loss = 0.04780672072253095, stage = 1, window_start = 0.0, window_end = 2.0, last iteration = 5.19 s
[run_variable_window_optimization] [2026-07-02 17:03:43] iteration = 14, loss = 0.04620783959548042, stage = 1, window_start = 0.0, window_end = 2.0, last iteration = 5.87 s
[run_variable_window_optimization] [2026-07-02 17:03:49] iteration = 15, loss = 0.044635679279688104, stage = 1, window_start = 0.0, window_end = 2.0, last iteration = 5.73 s
[run_variable_window_optimization] [2026-07-02 17:03:55] iteration = 16, loss = 0.043090712717783274, stage = 1, window_start = 0.0, window_end = 2.0, last iteration = 6.05 s
[run_variable_window_optimization] [2026-07-02 17:04:01] iteration = 17, loss = 0.041574130597304644, stage = 1, window_start = 0.0, window_end = 2.0, last iteration = 5.62 s
[run_variable_window_optimization] [2026-07-02 17:04:07] iteration = 18, loss = 0.04008685438456308, stage = 1, window_start = 0.0, window_end = 2.0, last iteration = 6.03 s
[run_variable_window_optimization] [2026-07-02 17:04:12] iteration = 19, loss = 0.03862856880516917, stage = 1, window_start = 0.0, window_end = 2.0, last iteration = 5.84 s
[run_variable_window_optimization] [2026-07-02 17:04:18] iteration = 20, loss = 0.03719927357409359, stage = 1, window_start = 0.0, window_end = 2.0, last iteration = 5.95 s
[run_variable_window_optimization] [2026-07-02 17:04:24] Stage 1 / 1 complete; validation_loss = 0.03603409243246028; elapsed = 121.79 s
[run_variable_fom_hpc] Saving variable-window FOM optimization data
Saved variable-window FOM output to: /home/mgantcher/Brookhaven/Research_Code/Optimization/Data/FOM_timing_per_iter_28_window_t-2.0__window_n_obs-25
Final full-trajectory loss: 0.03603409243246028
Final training-window loss: 0.03719927357409359
[Thu Jul  2 05:04:26 PM EDT 2026] Finished variable-window FOM training
[Thu Jul  2 05:04:26 PM EDT 2026] Worker 8 finished FOM_VARIABLE combination 28
