[Tue Jul  7 03:35:47 PM EDT 2026] Worker 15 starting FOM combination 15 / 30
Sweep file: /home/mgantcher/Brookhaven/Research_Code/Optimization/Data/Sweeps/FOM_hyperparam_opt/00_timing_scaling_mooncake.txt
Run name: FOM_timing_per_iter_mooncake_15_window_t-0.5__window_n_obs-2
Combination label: window_t-0.5__window_n_obs-2
ETAS=1e-3
ITERS=100
N_OBS=100
PRINT_FREQUENCY=1
RUN_NAME=FOM_timing_per_iter_mooncake_15_window_t-0.5__window_n_obs-2
SAVE_FREQUENCY=100000
SWEEP_COMBO_COUNT=30
SWEEP_COMBO_INDEX=15
SWEEP_COMBO_LABEL=window_t-0.5__window_n_obs-2
SWEEP_FILE=/home/mgantcher/Brookhaven/Research_Code/Optimization/Data/Sweeps/FOM_hyperparam_opt/00_timing_scaling_mooncake.txt
SWEEP_TARGET=fom
SWEEP_TOTAL_COUNT=30
SWEEP_WORKER_COUNT=20
SWEEP_WORKER_INDEX=15
WARMUP=true
WINDOW_N_OBS=2
WINDOW_START_POLICY=random
WINDOW_T=0.5
[Tue Jul  7 03:40:15 PM EDT 2026] Worker 15 finished FOM combination 15
