[Wed Jul  8 11:08:36 AM EDT 2026] Worker 2 starting ROM combination 2 / 81
Sweep file: /home/mgantcher/Brookhaven/Research_Code/Optimization/Data/Sweeps/ROM_hyperparam_opt/01_mooncake_rom_FOM_best_short_with_different_m_r.txt
Run name: ROM_short_training_param_sweep_2_m-1__r-3
Combination label: m-1__r-3
BATCH_SIZE=1,1,1
ETAS=0.01,0.003,0.001
H=8
ITERS=2016,2208,2349
LOSS_NORMALIZATION=mean
M=1
N=256
N_OBS=100
PRINT_FREQUENCY=250
R=3
RUN_NAME=ROM_short_training_param_sweep_2_m-1__r-3
SAVE_FREQUENCY=100
SEED=1
SWEEP_COMBO_COUNT=81
SWEEP_COMBO_INDEX=2
SWEEP_COMBO_LABEL=m-1__r-3
SWEEP_FILE=/home/mgantcher/Brookhaven/Research_Code/Optimization/Data/Sweeps/ROM_hyperparam_opt/01_mooncake_rom_FOM_best_short_with_different_m_r.txt
SWEEP_TARGET=rom
SWEEP_TOTAL_COUNT=81
SWEEP_WORKER_COUNT=5
SWEEP_WORKER_INDEX=2
TFINAL=2.0
WARMUP=true
WINDOW_N_OBS=2,5,10
WINDOW_SEED=1
WINDOW_START_POLICY=random,random,random
WINDOW_T=0.05,0.5,2.0
[Wed Jul  8 11:14:01 AM EDT 2026] Worker 2 finished ROM combination 2
[Wed Jul  8 11:14:01 AM EDT 2026] Worker 2 starting ROM combination 7 / 81
Sweep file: /home/mgantcher/Brookhaven/Research_Code/Optimization/Data/Sweeps/ROM_hyperparam_opt/01_mooncake_rom_FOM_best_short_with_different_m_r.txt
Run name: ROM_short_training_param_sweep_7_m-1__r-20
Combination label: m-1__r-20
BATCH_SIZE=1,1,1
ETAS=0.01,0.003,0.001
H=8
ITERS=2016,2208,2349
LOSS_NORMALIZATION=mean
M=1
N=256
N_OBS=100
PRINT_FREQUENCY=250
R=20
RUN_NAME=ROM_short_training_param_sweep_7_m-1__r-20
SAVE_FREQUENCY=100
SEED=1
SWEEP_COMBO_COUNT=81
SWEEP_COMBO_INDEX=7
SWEEP_COMBO_LABEL=m-1__r-20
SWEEP_FILE=/home/mgantcher/Brookhaven/Research_Code/Optimization/Data/Sweeps/ROM_hyperparam_opt/01_mooncake_rom_FOM_best_short_with_different_m_r.txt
SWEEP_TARGET=rom
SWEEP_TOTAL_COUNT=81
SWEEP_WORKER_COUNT=5
SWEEP_WORKER_INDEX=2
TFINAL=2.0
WARMUP=true
WINDOW_N_OBS=2,5,10
WINDOW_SEED=1
WINDOW_START_POLICY=random,random,random
WINDOW_T=0.05,0.5,2.0
[Wed Jul  8 11:19:35 AM EDT 2026] Worker 2 finished ROM combination 7
[Wed Jul  8 11:19:35 AM EDT 2026] Worker 2 starting ROM combination 12 / 81
Sweep file: /home/mgantcher/Brookhaven/Research_Code/Optimization/Data/Sweeps/ROM_hyperparam_opt/01_mooncake_rom_FOM_best_short_with_different_m_r.txt
Run name: ROM_short_training_param_sweep_12_m-2__r-4
Combination label: m-2__r-4
BATCH_SIZE=1,1,1
ETAS=0.01,0.003,0.001
H=8
ITERS=2016,2208,2349
LOSS_NORMALIZATION=mean
M=2
N=256
N_OBS=100
PRINT_FREQUENCY=250
R=4
RUN_NAME=ROM_short_training_param_sweep_12_m-2__r-4
SAVE_FREQUENCY=100
SEED=1
SWEEP_COMBO_COUNT=81
SWEEP_COMBO_INDEX=12
SWEEP_COMBO_LABEL=m-2__r-4
SWEEP_FILE=/home/mgantcher/Brookhaven/Research_Code/Optimization/Data/Sweeps/ROM_hyperparam_opt/01_mooncake_rom_FOM_best_short_with_different_m_r.txt
SWEEP_TARGET=rom
SWEEP_TOTAL_COUNT=81
SWEEP_WORKER_COUNT=5
SWEEP_WORKER_INDEX=2
TFINAL=2.0
WARMUP=true
WINDOW_N_OBS=2,5,10
WINDOW_SEED=1
WINDOW_START_POLICY=random,random,random
WINDOW_T=0.05,0.5,2.0
[Wed Jul  8 11:25:02 AM EDT 2026] Worker 2 finished ROM combination 12
[Wed Jul  8 11:25:02 AM EDT 2026] Worker 2 starting ROM combination 17 / 81
Sweep file: /home/mgantcher/Brookhaven/Research_Code/Optimization/Data/Sweeps/ROM_hyperparam_opt/01_mooncake_rom_FOM_best_short_with_different_m_r.txt
Run name: ROM_short_training_param_sweep_17_m-2__r-30
Combination label: m-2__r-30
BATCH_SIZE=1,1,1
ETAS=0.01,0.003,0.001
H=8
ITERS=2016,2208,2349
LOSS_NORMALIZATION=mean
M=2
N=256
N_OBS=100
PRINT_FREQUENCY=250
R=30
RUN_NAME=ROM_short_training_param_sweep_17_m-2__r-30
SAVE_FREQUENCY=100
SEED=1
SWEEP_COMBO_COUNT=81
SWEEP_COMBO_INDEX=17
SWEEP_COMBO_LABEL=m-2__r-30
SWEEP_FILE=/home/mgantcher/Brookhaven/Research_Code/Optimization/Data/Sweeps/ROM_hyperparam_opt/01_mooncake_rom_FOM_best_short_with_different_m_r.txt
SWEEP_TARGET=rom
SWEEP_TOTAL_COUNT=81
SWEEP_WORKER_COUNT=5
SWEEP_WORKER_INDEX=2
TFINAL=2.0
WARMUP=true
WINDOW_N_OBS=2,5,10
WINDOW_SEED=1
WINDOW_START_POLICY=random,random,random
WINDOW_T=0.05,0.5,2.0
[Wed Jul  8 11:30:42 AM EDT 2026] Worker 2 finished ROM combination 17
[Wed Jul  8 11:30:42 AM EDT 2026] Worker 2 starting ROM combination 22 / 81
Sweep file: /home/mgantcher/Brookhaven/Research_Code/Optimization/Data/Sweeps/ROM_hyperparam_opt/01_mooncake_rom_FOM_best_short_with_different_m_r.txt
Run name: ROM_short_training_param_sweep_22_m-3__r-5
Combination label: m-3__r-5
BATCH_SIZE=1,1,1
ETAS=0.01,0.003,0.001
H=8
ITERS=2016,2208,2349
LOSS_NORMALIZATION=mean
M=3
N=256
N_OBS=100
PRINT_FREQUENCY=250
R=5
RUN_NAME=ROM_short_training_param_sweep_22_m-3__r-5
SAVE_FREQUENCY=100
SEED=1
SWEEP_COMBO_COUNT=81
SWEEP_COMBO_INDEX=22
SWEEP_COMBO_LABEL=m-3__r-5
SWEEP_FILE=/home/mgantcher/Brookhaven/Research_Code/Optimization/Data/Sweeps/ROM_hyperparam_opt/01_mooncake_rom_FOM_best_short_with_different_m_r.txt
SWEEP_TARGET=rom
SWEEP_TOTAL_COUNT=81
SWEEP_WORKER_COUNT=5
SWEEP_WORKER_INDEX=2
TFINAL=2.0
WARMUP=true
WINDOW_N_OBS=2,5,10
WINDOW_SEED=1
WINDOW_START_POLICY=random,random,random
WINDOW_T=0.05,0.5,2.0
[Wed Jul  8 11:36:32 AM EDT 2026] Worker 2 finished ROM combination 22
[Wed Jul  8 11:36:32 AM EDT 2026] Worker 2 starting ROM combination 27 / 81
Sweep file: /home/mgantcher/Brookhaven/Research_Code/Optimization/Data/Sweeps/ROM_hyperparam_opt/01_mooncake_rom_FOM_best_short_with_different_m_r.txt
Run name: ROM_short_training_param_sweep_27_m-4__r-1
Combination label: m-4__r-1
BATCH_SIZE=1,1,1
ETAS=0.01,0.003,0.001
H=8
ITERS=2016,2208,2349
LOSS_NORMALIZATION=mean
M=4
N=256
N_OBS=100
PRINT_FREQUENCY=250
R=1
RUN_NAME=ROM_short_training_param_sweep_27_m-4__r-1
SAVE_FREQUENCY=100
SEED=1
SWEEP_COMBO_COUNT=81
SWEEP_COMBO_INDEX=27
SWEEP_COMBO_LABEL=m-4__r-1
SWEEP_FILE=/home/mgantcher/Brookhaven/Research_Code/Optimization/Data/Sweeps/ROM_hyperparam_opt/01_mooncake_rom_FOM_best_short_with_different_m_r.txt
SWEEP_TARGET=rom
SWEEP_TOTAL_COUNT=81
SWEEP_WORKER_COUNT=5
SWEEP_WORKER_INDEX=2
TFINAL=2.0
WARMUP=true
WINDOW_N_OBS=2,5,10
WINDOW_SEED=1
WINDOW_START_POLICY=random,random,random
WINDOW_T=0.05,0.5,2.0
[Wed Jul  8 11:42:04 AM EDT 2026] Worker 2 finished ROM combination 27
[Wed Jul  8 11:42:04 AM EDT 2026] Worker 2 starting ROM combination 32 / 81
Sweep file: /home/mgantcher/Brookhaven/Research_Code/Optimization/Data/Sweeps/ROM_hyperparam_opt/01_mooncake_rom_FOM_best_short_with_different_m_r.txt
Run name: ROM_short_training_param_sweep_32_m-4__r-10
Combination label: m-4__r-10
BATCH_SIZE=1,1,1
ETAS=0.01,0.003,0.001
H=8
ITERS=2016,2208,2349
LOSS_NORMALIZATION=mean
M=4
N=256
N_OBS=100
PRINT_FREQUENCY=250
R=10
RUN_NAME=ROM_short_training_param_sweep_32_m-4__r-10
SAVE_FREQUENCY=100
SEED=1
SWEEP_COMBO_COUNT=81
SWEEP_COMBO_INDEX=32
SWEEP_COMBO_LABEL=m-4__r-10
SWEEP_FILE=/home/mgantcher/Brookhaven/Research_Code/Optimization/Data/Sweeps/ROM_hyperparam_opt/01_mooncake_rom_FOM_best_short_with_different_m_r.txt
SWEEP_TARGET=rom
SWEEP_TOTAL_COUNT=81
SWEEP_WORKER_COUNT=5
SWEEP_WORKER_INDEX=2
TFINAL=2.0
WARMUP=true
WINDOW_N_OBS=2,5,10
WINDOW_SEED=1
WINDOW_START_POLICY=random,random,random
WINDOW_T=0.05,0.5,2.0
[Wed Jul  8 11:47:38 AM EDT 2026] Worker 2 finished ROM combination 32
[Wed Jul  8 11:47:38 AM EDT 2026] Worker 2 starting ROM combination 37 / 81
Sweep file: /home/mgantcher/Brookhaven/Research_Code/Optimization/Data/Sweeps/ROM_hyperparam_opt/01_mooncake_rom_FOM_best_short_with_different_m_r.txt
Run name: ROM_short_training_param_sweep_37_m-5__r-2
Combination label: m-5__r-2
BATCH_SIZE=1,1,1
ETAS=0.01,0.003,0.001
H=8
ITERS=2016,2208,2349
LOSS_NORMALIZATION=mean
M=5
N=256
N_OBS=100
PRINT_FREQUENCY=250
R=2
RUN_NAME=ROM_short_training_param_sweep_37_m-5__r-2
SAVE_FREQUENCY=100
SEED=1
SWEEP_COMBO_COUNT=81
SWEEP_COMBO_INDEX=37
SWEEP_COMBO_LABEL=m-5__r-2
SWEEP_FILE=/home/mgantcher/Brookhaven/Research_Code/Optimization/Data/Sweeps/ROM_hyperparam_opt/01_mooncake_rom_FOM_best_short_with_different_m_r.txt
SWEEP_TARGET=rom
SWEEP_TOTAL_COUNT=81
SWEEP_WORKER_COUNT=5
SWEEP_WORKER_INDEX=2
TFINAL=2.0
WARMUP=true
WINDOW_N_OBS=2,5,10
WINDOW_SEED=1
WINDOW_START_POLICY=random,random,random
WINDOW_T=0.05,0.5,2.0
[Wed Jul  8 11:53:03 AM EDT 2026] Worker 2 finished ROM combination 37
[Wed Jul  8 11:53:03 AM EDT 2026] Worker 2 starting ROM combination 42 / 81
Sweep file: /home/mgantcher/Brookhaven/Research_Code/Optimization/Data/Sweeps/ROM_hyperparam_opt/01_mooncake_rom_FOM_best_short_with_different_m_r.txt
Run name: ROM_short_training_param_sweep_42_m-5__r-15
Combination label: m-5__r-15
BATCH_SIZE=1,1,1
ETAS=0.01,0.003,0.001
H=8
ITERS=2016,2208,2349
LOSS_NORMALIZATION=mean
M=5
N=256
N_OBS=100
PRINT_FREQUENCY=250
R=15
RUN_NAME=ROM_short_training_param_sweep_42_m-5__r-15
SAVE_FREQUENCY=100
SEED=1
SWEEP_COMBO_COUNT=81
SWEEP_COMBO_INDEX=42
SWEEP_COMBO_LABEL=m-5__r-15
SWEEP_FILE=/home/mgantcher/Brookhaven/Research_Code/Optimization/Data/Sweeps/ROM_hyperparam_opt/01_mooncake_rom_FOM_best_short_with_different_m_r.txt
SWEEP_TARGET=rom
SWEEP_TOTAL_COUNT=81
SWEEP_WORKER_COUNT=5
SWEEP_WORKER_INDEX=2
TFINAL=2.0
WARMUP=true
WINDOW_N_OBS=2,5,10
WINDOW_SEED=1
WINDOW_START_POLICY=random,random,random
WINDOW_T=0.05,0.5,2.0
[Wed Jul  8 11:58:52 AM EDT 2026] Worker 2 finished ROM combination 42
[Wed Jul  8 11:58:52 AM EDT 2026] Worker 2 starting ROM combination 47 / 81
Sweep file: /home/mgantcher/Brookhaven/Research_Code/Optimization/Data/Sweeps/ROM_hyperparam_opt/01_mooncake_rom_FOM_best_short_with_different_m_r.txt
Run name: ROM_short_training_param_sweep_47_m-10__r-3
Combination label: m-10__r-3
BATCH_SIZE=1,1,1
ETAS=0.01,0.003,0.001
H=8
ITERS=2016,2208,2349
LOSS_NORMALIZATION=mean
M=10
N=256
N_OBS=100
PRINT_FREQUENCY=250
R=3
RUN_NAME=ROM_short_training_param_sweep_47_m-10__r-3
SAVE_FREQUENCY=100
SEED=1
SWEEP_COMBO_COUNT=81
SWEEP_COMBO_INDEX=47
SWEEP_COMBO_LABEL=m-10__r-3
SWEEP_FILE=/home/mgantcher/Brookhaven/Research_Code/Optimization/Data/Sweeps/ROM_hyperparam_opt/01_mooncake_rom_FOM_best_short_with_different_m_r.txt
SWEEP_TARGET=rom
SWEEP_TOTAL_COUNT=81
SWEEP_WORKER_COUNT=5
SWEEP_WORKER_INDEX=2
TFINAL=2.0
WARMUP=true
WINDOW_N_OBS=2,5,10
WINDOW_SEED=1
WINDOW_START_POLICY=random,random,random
WINDOW_T=0.05,0.5,2.0
[Wed Jul  8 12:04:29 PM EDT 2026] Worker 2 finished ROM combination 47
[Wed Jul  8 12:04:29 PM EDT 2026] Worker 2 starting ROM combination 52 / 81
Sweep file: /home/mgantcher/Brookhaven/Research_Code/Optimization/Data/Sweeps/ROM_hyperparam_opt/01_mooncake_rom_FOM_best_short_with_different_m_r.txt
Run name: ROM_short_training_param_sweep_52_m-10__r-20
Combination label: m-10__r-20
BATCH_SIZE=1,1,1
ETAS=0.01,0.003,0.001
H=8
ITERS=2016,2208,2349
LOSS_NORMALIZATION=mean
M=10
N=256
N_OBS=100
PRINT_FREQUENCY=250
R=20
RUN_NAME=ROM_short_training_param_sweep_52_m-10__r-20
SAVE_FREQUENCY=100
SEED=1
SWEEP_COMBO_COUNT=81
SWEEP_COMBO_INDEX=52
SWEEP_COMBO_LABEL=m-10__r-20
SWEEP_FILE=/home/mgantcher/Brookhaven/Research_Code/Optimization/Data/Sweeps/ROM_hyperparam_opt/01_mooncake_rom_FOM_best_short_with_different_m_r.txt
SWEEP_TARGET=rom
SWEEP_TOTAL_COUNT=81
SWEEP_WORKER_COUNT=5
SWEEP_WORKER_INDEX=2
TFINAL=2.0
WARMUP=true
WINDOW_N_OBS=2,5,10
WINDOW_SEED=1
WINDOW_START_POLICY=random,random,random
WINDOW_T=0.05,0.5,2.0
[Wed Jul  8 12:10:52 PM EDT 2026] Worker 2 finished ROM combination 52
[Wed Jul  8 12:10:52 PM EDT 2026] Worker 2 starting ROM combination 57 / 81
Sweep file: /home/mgantcher/Brookhaven/Research_Code/Optimization/Data/Sweeps/ROM_hyperparam_opt/01_mooncake_rom_FOM_best_short_with_different_m_r.txt
Run name: ROM_short_training_param_sweep_57_m-15__r-4
Combination label: m-15__r-4
BATCH_SIZE=1,1,1
ETAS=0.01,0.003,0.001
H=8
ITERS=2016,2208,2349
LOSS_NORMALIZATION=mean
M=15
N=256
N_OBS=100
PRINT_FREQUENCY=250
R=4
RUN_NAME=ROM_short_training_param_sweep_57_m-15__r-4
SAVE_FREQUENCY=100
SEED=1
SWEEP_COMBO_COUNT=81
SWEEP_COMBO_INDEX=57
SWEEP_COMBO_LABEL=m-15__r-4
SWEEP_FILE=/home/mgantcher/Brookhaven/Research_Code/Optimization/Data/Sweeps/ROM_hyperparam_opt/01_mooncake_rom_FOM_best_short_with_different_m_r.txt
SWEEP_TARGET=rom
SWEEP_TOTAL_COUNT=81
SWEEP_WORKER_COUNT=5
SWEEP_WORKER_INDEX=2
TFINAL=2.0
WARMUP=true
WINDOW_N_OBS=2,5,10
WINDOW_SEED=1
WINDOW_START_POLICY=random,random,random
WINDOW_T=0.05,0.5,2.0
[Wed Jul  8 12:16:43 PM EDT 2026] Worker 2 finished ROM combination 57
[Wed Jul  8 12:16:43 PM EDT 2026] Worker 2 starting ROM combination 62 / 81
Sweep file: /home/mgantcher/Brookhaven/Research_Code/Optimization/Data/Sweeps/ROM_hyperparam_opt/01_mooncake_rom_FOM_best_short_with_different_m_r.txt
Run name: ROM_short_training_param_sweep_62_m-15__r-30
Combination label: m-15__r-30
BATCH_SIZE=1,1,1
ETAS=0.01,0.003,0.001
H=8
ITERS=2016,2208,2349
LOSS_NORMALIZATION=mean
M=15
N=256
N_OBS=100
PRINT_FREQUENCY=250
R=30
RUN_NAME=ROM_short_training_param_sweep_62_m-15__r-30
SAVE_FREQUENCY=100
SEED=1
SWEEP_COMBO_COUNT=81
SWEEP_COMBO_INDEX=62
SWEEP_COMBO_LABEL=m-15__r-30
SWEEP_FILE=/home/mgantcher/Brookhaven/Research_Code/Optimization/Data/Sweeps/ROM_hyperparam_opt/01_mooncake_rom_FOM_best_short_with_different_m_r.txt
SWEEP_TARGET=rom
SWEEP_TOTAL_COUNT=81
SWEEP_WORKER_COUNT=5
SWEEP_WORKER_INDEX=2
TFINAL=2.0
WARMUP=true
WINDOW_N_OBS=2,5,10
WINDOW_SEED=1
WINDOW_START_POLICY=random,random,random
WINDOW_T=0.05,0.5,2.0
[Wed Jul  8 12:23:50 PM EDT 2026] Worker 2 finished ROM combination 62
[Wed Jul  8 12:23:50 PM EDT 2026] Worker 2 starting ROM combination 67 / 81
Sweep file: /home/mgantcher/Brookhaven/Research_Code/Optimization/Data/Sweeps/ROM_hyperparam_opt/01_mooncake_rom_FOM_best_short_with_different_m_r.txt
Run name: ROM_short_training_param_sweep_67_m-20__r-5
Combination label: m-20__r-5
BATCH_SIZE=1,1,1
ETAS=0.01,0.003,0.001
H=8
ITERS=2016,2208,2349
LOSS_NORMALIZATION=mean
M=20
N=256
N_OBS=100
PRINT_FREQUENCY=250
R=5
RUN_NAME=ROM_short_training_param_sweep_67_m-20__r-5
SAVE_FREQUENCY=100
SEED=1
SWEEP_COMBO_COUNT=81
SWEEP_COMBO_INDEX=67
SWEEP_COMBO_LABEL=m-20__r-5
SWEEP_FILE=/home/mgantcher/Brookhaven/Research_Code/Optimization/Data/Sweeps/ROM_hyperparam_opt/01_mooncake_rom_FOM_best_short_with_different_m_r.txt
SWEEP_TARGET=rom
SWEEP_TOTAL_COUNT=81
SWEEP_WORKER_COUNT=5
SWEEP_WORKER_INDEX=2
TFINAL=2.0
WARMUP=true
WINDOW_N_OBS=2,5,10
WINDOW_SEED=1
WINDOW_START_POLICY=random,random,random
WINDOW_T=0.05,0.5,2.0
[Wed Jul  8 12:30:50 PM EDT 2026] Worker 2 finished ROM combination 67
[Wed Jul  8 12:30:50 PM EDT 2026] Worker 2 starting ROM combination 72 / 81
Sweep file: /home/mgantcher/Brookhaven/Research_Code/Optimization/Data/Sweeps/ROM_hyperparam_opt/01_mooncake_rom_FOM_best_short_with_different_m_r.txt
Run name: ROM_short_training_param_sweep_72_m-30__r-1
Combination label: m-30__r-1
BATCH_SIZE=1,1,1
ETAS=0.01,0.003,0.001
H=8
ITERS=2016,2208,2349
LOSS_NORMALIZATION=mean
M=30
N=256
N_OBS=100
PRINT_FREQUENCY=250
R=1
RUN_NAME=ROM_short_training_param_sweep_72_m-30__r-1
SAVE_FREQUENCY=100
SEED=1
SWEEP_COMBO_COUNT=81
SWEEP_COMBO_INDEX=72
SWEEP_COMBO_LABEL=m-30__r-1
SWEEP_FILE=/home/mgantcher/Brookhaven/Research_Code/Optimization/Data/Sweeps/ROM_hyperparam_opt/01_mooncake_rom_FOM_best_short_with_different_m_r.txt
SWEEP_TARGET=rom
SWEEP_TOTAL_COUNT=81
SWEEP_WORKER_COUNT=5
SWEEP_WORKER_INDEX=2
TFINAL=2.0
WARMUP=true
WINDOW_N_OBS=2,5,10
WINDOW_SEED=1
WINDOW_START_POLICY=random,random,random
WINDOW_T=0.05,0.5,2.0
[Wed Jul  8 12:36:28 PM EDT 2026] Worker 2 finished ROM combination 72
[Wed Jul  8 12:36:28 PM EDT 2026] Worker 2 starting ROM combination 77 / 81
Sweep file: /home/mgantcher/Brookhaven/Research_Code/Optimization/Data/Sweeps/ROM_hyperparam_opt/01_mooncake_rom_FOM_best_short_with_different_m_r.txt
Run name: ROM_short_training_param_sweep_77_m-30__r-10
Combination label: m-30__r-10
BATCH_SIZE=1,1,1
ETAS=0.01,0.003,0.001
H=8
ITERS=2016,2208,2349
LOSS_NORMALIZATION=mean
M=30
N=256
N_OBS=100
PRINT_FREQUENCY=250
R=10
RUN_NAME=ROM_short_training_param_sweep_77_m-30__r-10
SAVE_FREQUENCY=100
SEED=1
SWEEP_COMBO_COUNT=81
SWEEP_COMBO_INDEX=77
SWEEP_COMBO_LABEL=m-30__r-10
SWEEP_FILE=/home/mgantcher/Brookhaven/Research_Code/Optimization/Data/Sweeps/ROM_hyperparam_opt/01_mooncake_rom_FOM_best_short_with_different_m_r.txt
SWEEP_TARGET=rom
SWEEP_TOTAL_COUNT=81
SWEEP_WORKER_COUNT=5
SWEEP_WORKER_INDEX=2
TFINAL=2.0
WARMUP=true
WINDOW_N_OBS=2,5,10
WINDOW_SEED=1
WINDOW_START_POLICY=random,random,random
WINDOW_T=0.05,0.5,2.0
[Wed Jul  8 12:43:44 PM EDT 2026] Worker 2 finished ROM combination 77
