[Thu Jul  9 09:26:16 AM EDT 2026] Worker 4 starting ROM combination 4 / 31
Sweep file: /home/mgantcher/Brookhaven/Research_Code/Optimization/Data/Sweeps/ROM_more_hyperparam_opt_for_fu_learning/01_2d_periodic_fu_learning.txt
Run name: ROM_2D_periodic_fu_learning_4_m4_r10_gentle_finish_eta_1e-3_to_1e-5_budget40m
Combination label: m4_r10_gentle_finish_eta_1e-3_to_1e-5_budget40m
BATCH_SIZE=1,1,1,1,1
BOUNDARY_CONDITION=periodic
DIMENSION=2
ETAS=0.001,0.0003,0.0001,0.00003,0.00001
H=8
ITERS=3200,3400,3600,3600,3800
LOSS_NORMALIZATION=mean
M=4
N=128
N_OBS=100
PRINT_FREQUENCY=500
R=10
RUN_NAME=ROM_2D_periodic_fu_learning_4_m4_r10_gentle_finish_eta_1e-3_to_1e-5_budget40m
SAVE_FREQUENCY=100
SEED=1
SWEEP_COMBO_COUNT=31
SWEEP_COMBO_INDEX=4
SWEEP_COMBO_LABEL=m4_r10_gentle_finish_eta_1e-3_to_1e-5_budget40m
SWEEP_FILE=/home/mgantcher/Brookhaven/Research_Code/Optimization/Data/Sweeps/ROM_more_hyperparam_opt_for_fu_learning/01_2d_periodic_fu_learning.txt
SWEEP_TARGET=rom
SWEEP_TOTAL_COUNT=31
SWEEP_WORKER_COUNT=31
SWEEP_WORKER_INDEX=4
TFINAL=2.0
WARMUP=true
WINDOW_N_OBS=3,6,12,30,60
WINDOW_SEED=1
WINDOW_START_POLICY=random,random,random,random,random
WINDOW_T=0.05,0.5,2,2,2
