[Thu Jul  9 09:47:17 AM EDT 2026] Worker 25 starting ROM combination 25 / 31
Sweep file: /home/mgantcher/Brookhaven/Research_Code/Optimization/Data/Sweeps/ROM_more_hyperparam_opt_for_fu_learning/01_2d_periodic_fu_learning.txt
Run name: ROM_2D_periodic_fu_learning_25_m15_r15_batched_highobs_eta_3e-4_to_3e-6_budget60m
Combination label: m15_r15_batched_highobs_eta_3e-4_to_3e-6_budget60m
BATCH_SIZE=1,1,1,2,2
BOUNDARY_CONDITION=periodic
DIMENSION=2
ETAS=0.0003,0.0001,0.00003,0.00001,0.000003
H=8
ITERS=4200,4400,4600,3000,3000
LOSS_NORMALIZATION=mean
M=15
N=128
N_OBS=100
PRINT_FREQUENCY=500
R=15
RUN_NAME=ROM_2D_periodic_fu_learning_25_m15_r15_batched_highobs_eta_3e-4_to_3e-6_budget60m
SAVE_FREQUENCY=100
SEED=1
SWEEP_COMBO_COUNT=31
SWEEP_COMBO_INDEX=25
SWEEP_COMBO_LABEL=m15_r15_batched_highobs_eta_3e-4_to_3e-6_budget60m
SWEEP_FILE=/home/mgantcher/Brookhaven/Research_Code/Optimization/Data/Sweeps/ROM_more_hyperparam_opt_for_fu_learning/01_2d_periodic_fu_learning.txt
SWEEP_TARGET=rom
SWEEP_TOTAL_COUNT=31
SWEEP_WORKER_COUNT=31
SWEEP_WORKER_INDEX=25
TFINAL=2.0
WARMUP=true
WINDOW_N_OBS=3,6,12,30,60
WINDOW_SEED=1
WINDOW_START_POLICY=random,random,random,random,random
WINDOW_T=0.05,0.5,1,2,2
