[Thu Jul  9 09:30:16 AM EDT 2026] Worker 8 starting ROM combination 8 / 31
Sweep file: /home/mgantcher/Brookhaven/Research_Code/Optimization/Data/Sweeps/ROM_more_hyperparam_opt_for_fu_learning/01_2d_periodic_fu_learning.txt
Run name: ROM_2D_periodic_fu_learning_8_m10_r4_five_stage_eta_3e-3_to_3e-5_budget25m
Combination label: m10_r4_five_stage_eta_3e-3_to_3e-5_budget25m
BATCH_SIZE=1,1,1,1,1
BOUNDARY_CONDITION=periodic
DIMENSION=2
ETAS=0.003,0.001,0.0003,0.0001,0.00003
H=8
ITERS=2200,2400,2600,2600,2800
LOSS_NORMALIZATION=mean
M=10
N=128
N_OBS=100
PRINT_FREQUENCY=500
R=4
RUN_NAME=ROM_2D_periodic_fu_learning_8_m10_r4_five_stage_eta_3e-3_to_3e-5_budget25m
SAVE_FREQUENCY=100
SEED=1
SWEEP_COMBO_COUNT=31
SWEEP_COMBO_INDEX=8
SWEEP_COMBO_LABEL=m10_r4_five_stage_eta_3e-3_to_3e-5_budget25m
SWEEP_FILE=/home/mgantcher/Brookhaven/Research_Code/Optimization/Data/Sweeps/ROM_more_hyperparam_opt_for_fu_learning/01_2d_periodic_fu_learning.txt
SWEEP_TARGET=rom
SWEEP_TOTAL_COUNT=31
SWEEP_WORKER_COUNT=31
SWEEP_WORKER_INDEX=8
TFINAL=2.0
WARMUP=true
WINDOW_N_OBS=3,4,6,10,12
WINDOW_SEED=1
WINDOW_START_POLICY=random,random,random,random,random
WINDOW_T=0.05,0.2,0.5,1,2
