[Thu Jul  9 09:46:17 AM EDT 2026] Worker 24 starting ROM combination 24 / 31
Sweep file: /home/mgantcher/Brookhaven/Research_Code/Optimization/Data/Sweeps/ROM_more_hyperparam_opt_for_fu_learning/01_2d_periodic_fu_learning.txt
Run name: ROM_2D_periodic_fu_learning_24_m15_r10_gentle_finish_eta_3e-4_to_3e-6_budget60m
Combination label: m15_r10_gentle_finish_eta_3e-4_to_3e-6_budget60m
BATCH_SIZE=1,1,1,1,1
BOUNDARY_CONDITION=periodic
DIMENSION=2
ETAS=0.0003,0.0001,0.00003,0.00001,0.000003
H=8
ITERS=5000,5200,5400,5400,5600
LOSS_NORMALIZATION=mean
M=15
N=128
N_OBS=100
PRINT_FREQUENCY=500
R=10
RUN_NAME=ROM_2D_periodic_fu_learning_24_m15_r10_gentle_finish_eta_3e-4_to_3e-6_budget60m
SAVE_FREQUENCY=100
SEED=1
SWEEP_COMBO_COUNT=31
SWEEP_COMBO_INDEX=24
SWEEP_COMBO_LABEL=m15_r10_gentle_finish_eta_3e-4_to_3e-6_budget60m
SWEEP_FILE=/home/mgantcher/Brookhaven/Research_Code/Optimization/Data/Sweeps/ROM_more_hyperparam_opt_for_fu_learning/01_2d_periodic_fu_learning.txt
SWEEP_TARGET=rom
SWEEP_TOTAL_COUNT=31
SWEEP_WORKER_COUNT=31
SWEEP_WORKER_INDEX=24
TFINAL=2.0
WARMUP=true
WINDOW_N_OBS=3,6,12,30,60
WINDOW_SEED=1
WINDOW_START_POLICY=random,random,random,random,random
WINDOW_T=0.05,0.5,2,2,2
