[Thu Jul  9 09:22:15 AM EDT 2026] Worker 0 starting ROM combination 0 / 31
Sweep file: /home/mgantcher/Brookhaven/Research_Code/Optimization/Data/Sweeps/ROM_more_hyperparam_opt_for_fu_learning/01_2d_periodic_fu_learning.txt
Run name: ROM_2D_periodic_fu_learning_0_m4_r10_oldshape_base_eta_budget20m
Combination label: m4_r10_oldshape_base_eta_budget20m
BATCH_SIZE=1,1,1
BOUNDARY_CONDITION=periodic
DIMENSION=2
ETAS=0.01,0.003,0.001
H=8
ITERS=3000,3300,3600
LOSS_NORMALIZATION=mean
M=4
N=128
N_OBS=100
PRINT_FREQUENCY=500
R=10
RUN_NAME=ROM_2D_periodic_fu_learning_0_m4_r10_oldshape_base_eta_budget20m
SAVE_FREQUENCY=100
SEED=1
SWEEP_COMBO_COUNT=31
SWEEP_COMBO_INDEX=0
SWEEP_COMBO_LABEL=m4_r10_oldshape_base_eta_budget20m
SWEEP_FILE=/home/mgantcher/Brookhaven/Research_Code/Optimization/Data/Sweeps/ROM_more_hyperparam_opt_for_fu_learning/01_2d_periodic_fu_learning.txt
SWEEP_TARGET=rom
SWEEP_TOTAL_COUNT=31
SWEEP_WORKER_COUNT=31
SWEEP_WORKER_INDEX=0
TFINAL=2.0
WARMUP=true
WINDOW_N_OBS=3,6,12
WINDOW_SEED=1
WINDOW_START_POLICY=random,random,random
WINDOW_T=0.05,0.5,2
