[Thu Jul  9 09:20:15 AM EDT 2026] Worker 1 starting ROM combination 1 / 3
Sweep file: /home/mgantcher/Brookhaven/Research_Code/Optimization/Data/Sweeps/FOM_ROM_2D_periodic_boundary/01_rom_boundary_learning_tests.txt
Run name: ROM_boundary_learning_tests_m4_r10_1_002_1d_periodic
Combination label: 002_1d_periodic
BATCH_SIZE=1,1,1
BOUNDARY_CONDITION=periodic
DIMENSION=1
ETAS=0.01,0.003,0.001
H=8
ITERS=2016,2208,2349
LOSS_NORMALIZATION=mean
M=4
N=256
N_OBS=100
PRINT_FREQUENCY=250
R=10
RUN_NAME=ROM_boundary_learning_tests_m4_r10_1_002_1d_periodic
SAVE_FREQUENCY=100
SEED=1
SWEEP_COMBO_COUNT=3
SWEEP_COMBO_INDEX=1
SWEEP_COMBO_LABEL=002_1d_periodic
SWEEP_FILE=/home/mgantcher/Brookhaven/Research_Code/Optimization/Data/Sweeps/FOM_ROM_2D_periodic_boundary/01_rom_boundary_learning_tests.txt
SWEEP_TARGET=rom
SWEEP_TOTAL_COUNT=3
SWEEP_WORKER_COUNT=3
SWEEP_WORKER_INDEX=1
TFINAL=2.0
WARMUP=true
WINDOW_N_OBS=2,5,10
WINDOW_SEED=1
WINDOW_START_POLICY=random,random,random
WINDOW_T=0.05,0.5,2.0
[Thu Jul  9 09:25:51 AM EDT 2026] Worker 1 finished ROM combination 1
