[Thu Jul  9 09:16:01 AM EDT 2026] Starting ROM training on node09
[run_rom_hpc] Julia entrypoint started
[run_rom_hpc] Loading ROM helper code
[package-load] Loading LinearAlgebra
[package-load] Loaded LinearAlgebra
[package-load] Loading SparseArrays
[package-load] Loaded SparseArrays
[package-load] Loading Random
[package-load] Loaded Random
[package-load] Loading ComponentArrays
[package-load] Loaded ComponentArrays
[package-load] Loading OrdinaryDiffEq
[package-load] Loaded OrdinaryDiffEq
[package-load] Loading OrdinaryDiffEqSDIRK
[package-load] Loaded OrdinaryDiffEqSDIRK
[package-load] Loading SciMLSensitivity
[package-load] Loaded SciMLSensitivity
[package-load] Loading Mooncake
[package-load] Loaded Mooncake
[package-load] Loading Optimization
[package-load] Loaded Optimization
[package-load] Loading OptimizationOptimisers
[package-load] Loaded OptimizationOptimisers
[package-load] Loading Lux
[package-load] Loaded Lux
[package-load] Loading Functors
[package-load] Loaded Functors
[package-load] Loading Dates
[package-load] Loaded Dates
[package-load] Loading Serialization
[package-load] Loaded Serialization
[package-load] Including integration_AC_hpc.jl
[package-load] Loading LinearAlgebra
[package-load] Loaded LinearAlgebra
[package-load] Loading SparseArrays
[package-load] Loaded SparseArrays
[package-load] Loading Random
[package-load] Loaded Random
[package-load] Loading ComponentArrays
[package-load] Loaded ComponentArrays
[package-load] Loading LinearSolve
[package-load] Loaded LinearSolve
[package-load] Loading OrdinaryDiffEq
[package-load] Loaded OrdinaryDiffEq
[package-load] Loading OrdinaryDiffEqSDIRK
[package-load] Loaded OrdinaryDiffEqSDIRK
[package-load] Loading OrdinaryDiffEqLowOrderRK
[package-load] Loaded OrdinaryDiffEqLowOrderRK
[package-load] Loading SciMLSensitivity
[package-load] Loaded SciMLSensitivity
[package-load] Loading ADTypes
[package-load] Loaded ADTypes
[package-load] Loading Zygote
[package-load] Loaded Zygote
[package-load] Loading Optimization
[package-load] Loaded Optimization
[package-load] Loading OptimizationOptimisers
[package-load] Loaded OptimizationOptimisers
[package-load] Loading OptimizationOptimJL
[package-load] Loaded OptimizationOptimJL
[package-load] Loading LineSearches
[package-load] Loaded LineSearches
[package-load] Loading Lux
[package-load] Loaded Lux
[package-load] Loading Functors
[package-load] Loaded Functors
[package-load] Loading Plots
[package-load] Loaded Plots
[package-load] Included integration_AC_hpc.jl
[run_rom_hpc] Loading HPC common code
[package-load] Loading LinearAlgebra
[package-load] Loaded LinearAlgebra
[package-load] Loading SparseArrays
[package-load] Loaded SparseArrays
[package-load] Loading ComponentArrays
[package-load] Loaded ComponentArrays
[package-load] Loading OrdinaryDiffEq
[package-load] Loaded OrdinaryDiffEq
[package-load] Loading OrdinaryDiffEqLowOrderRK
[package-load] Loaded OrdinaryDiffEqLowOrderRK
[package-load] Loading Optimization
[package-load] Loaded Optimization
[package-load] Loading Dates
[package-load] Loaded Dates
[run_rom_hpc] Configuring HPC runtime
Julia version: 1.12.6
Host: node09
SLURM_JOB_ID: 2769
SLURM_ARRAY_TASK_ID: 9
Julia threads: 8
BLAS threads: 1
[run_rom_hpc] Building Allen-Cahn reference solution
Reference solve: dimension=1, boundary_condition=homogeneous_dirichlet, N=256, state_length=256, Δx=0.0038910505836575876, Δt=0.0003785068661145513, saved_times=5284
[run_rom_hpc] Building Laplacian matrix
[run_rom_hpc] Preparing ROM optimization problem
[run_rom_hpc] Prepared ROM optimization parameters
  run_name = ROM_m4_r10_longer_fu_tuning_logical_extension_9_010_extend_40k_40k_eta1e-4_3e-5_obs50_100
  N = 256
  L = 1.0
  dimension = 1
  boundary_condition = homogeneous_dirichlet
  ε2 = 0.01
  k = 1.0
  tfinal = 2.0
  N_obs = 100
  r = 10
  m = 4
  h = 8
  seed = 1
  reference_dt_factor = 0.5
  reference_Δx = 0.0038910505836575876
  reference_Δt = 0.0003785068661145513
  reference_save_count = 5284
  etas = [0.01, 0.003, 0.001, 0.0001, 3.0e-5]
  iterations = [2016, 2208, 2349, 40000, 40000]
  window_T = [0.05, 0.5, 2.0, 2.0, 2.0]
  window_N_obs = [2, 5, 10, 50, 100]
  window_start_policy = SubString{String}["random", "random", "random", "random", "random"]
  batch_size = [1, 1, 1, 1, 1]
  loss_normalization = mean
  window_seed = 1
  β = (0.9, 0.99)
  warmup = true
  save_frequency = 100
  print_frequency = 500
  SLURM_JOB_ID = 2769
  SLURM_ARRAY_TASK_ID = 9
[run_rom_hpc] Running ROM optimization
[run_variable_window_ROM_optimization] [2026-07-09 09:16:41] Optimization Params: ode_algorithm = TRBDF2(autodiff=AutoFiniteDiff()); sensitivity_algorithm = GaussAdjoint(MooncakeVJP); eta = [0.01, 0.003, 0.001, 0.0001, 3.0e-5]; beta = (0.9, 0.99); N_iter = [2016, 2208, 2349, 40000, 40000]; window_T = [0.05, 0.5, 2.0, 2.0, 2.0]; window_N_obs = [2, 5, 10, 50, 100]; window_start_policy = SubString{String}["random", "random", "random", "random", "random"]; batch_size = [1, 1, 1, 1, 1]; loss_normalization = mean; total_iterations = 86573
[run_variable_window_ROM_optimization] [2026-07-09 09:16:41] Warming up
[run_variable_window_ROM_optimization] [2026-07-09 09:19:14] Warmup complete
[run_variable_window_ROM_optimization] [2026-07-09 09:19:14] Stage 1 / 5 started: eta = 0.01; N_iter = 2016; window_T = 0.05; window_N_obs = 2; window_start_policy = random; batch_size = 1
[run_variable_window_ROM_optimization] [2026-07-09 09:19:21] iteration = 500, loss = 5.657702420733283e-8, stage = 1, window_start = 0.2982426310878005, window_end = 0.3482426310878005, last iteration = 0.01 s
[run_variable_window_ROM_optimization] [2026-07-09 09:19:26] iteration = 1000, loss = 2.2827383300905572e-8, stage = 1, window_start = 1.2670578392309229, window_end = 1.317057839230923, last iteration = 0.01 s
[run_variable_window_ROM_optimization] [2026-07-09 09:19:32] iteration = 1500, loss = 3.0269768289465186e-7, stage = 1, window_start = 0.49268113013685594, window_end = 0.5426811301368559, last iteration = 0.01 s
[run_variable_window_ROM_optimization] [2026-07-09 09:19:37] iteration = 2000, loss = 1.4582131068919432e-7, stage = 1, window_start = 1.6379324427581616, window_end = 1.6879324427581617, last iteration = 0.01 s
[run_variable_window_ROM_optimization] [2026-07-09 09:19:37] Stage 1 / 5 complete; validation_loss = 1.8600257767440165e-6; elapsed = 23.03 s
[run_variable_window_ROM_optimization] [2026-07-09 09:19:37] Stage 2 / 5 started: eta = 0.003; N_iter = 2208; window_T = 0.5; window_N_obs = 5; window_start_policy = random; batch_size = 1
[run_variable_window_ROM_optimization] [2026-07-09 09:19:46] iteration = 2500, loss = 2.7918594548319376e-8, stage = 2, window_start = 0.611949036723412, window_end = 1.111949036723412, last iteration = 0.03 s
[run_variable_window_ROM_optimization] [2026-07-09 09:19:56] iteration = 3000, loss = 1.0467664421714239e-7, stage = 2, window_start = 1.4881025991544696, window_end = 1.9881025991544696, last iteration = 0.02 s
[run_variable_window_ROM_optimization] [2026-07-09 09:20:05] iteration = 3500, loss = 2.3192297492752598e-7, stage = 2, window_start = 1.1154827574701, window_end = 1.6154827574701, last iteration = 0.01 s
[run_variable_window_ROM_optimization] [2026-07-09 09:20:15] iteration = 4000, loss = 1.0033786574660962e-7, stage = 2, window_start = 0.7003171210366089, window_end = 1.2003171210366088, last iteration = 0.02 s
[run_variable_window_ROM_optimization] [2026-07-09 09:20:19] Stage 2 / 5 complete; validation_loss = 7.171954078745859e-7; elapsed = 41.9 s
[run_variable_window_ROM_optimization] [2026-07-09 09:20:19] Stage 3 / 5 started: eta = 0.001; N_iter = 2349; window_T = 2.0; window_N_obs = 10; window_start_policy = random; batch_size = 1
[run_variable_window_ROM_optimization] [2026-07-09 09:20:28] iteration = 4500, loss = 3.6612591999838806e-8, stage = 3, window_start = 0.0, window_end = 2.0, last iteration = 0.03 s
[run_variable_window_ROM_optimization] [2026-07-09 09:20:44] iteration = 5000, loss = 3.642031106007311e-8, stage = 3, window_start = 0.0, window_end = 2.0, last iteration = 0.03 s
[run_variable_window_ROM_optimization] [2026-07-09 09:21:00] iteration = 5500, loss = 3.8658854579523824e-8, stage = 3, window_start = 0.0, window_end = 2.0, last iteration = 0.03 s
[run_variable_window_ROM_optimization] [2026-07-09 09:21:16] iteration = 6000, loss = 7.243839921523355e-8, stage = 3, window_start = 0.0, window_end = 2.0, last iteration = 0.03 s
[run_variable_window_ROM_optimization] [2026-07-09 09:21:32] iteration = 6500, loss = 4.5508867586125115e-8, stage = 3, window_start = 0.0, window_end = 2.0, last iteration = 0.03 s
[run_variable_window_ROM_optimization] [2026-07-09 09:21:35] Stage 3 / 5 complete; validation_loss = 5.278739543524011e-8; elapsed = 75.78 s
[run_variable_window_ROM_optimization] [2026-07-09 09:21:35] Stage 4 / 5 started: eta = 0.0001; N_iter = 40000; window_T = 2.0; window_N_obs = 50; window_start_policy = random; batch_size = 1
[run_variable_window_ROM_optimization] [2026-07-09 09:22:36] iteration = 7000, loss = 4.051688043427004e-8, stage = 4, window_start = 0.0, window_end = 2.0, last iteration = 0.14 s
[run_variable_window_ROM_optimization] [2026-07-09 09:23:47] iteration = 7500, loss = 3.9838828655984085e-8, stage = 4, window_start = 0.0, window_end = 2.0, last iteration = 0.12 s
[run_variable_window_ROM_optimization] [2026-07-09 09:24:58] iteration = 8000, loss = 3.937924770786187e-8, stage = 4, window_start = 0.0, window_end = 2.0, last iteration = 0.12 s
[run_variable_window_ROM_optimization] [2026-07-09 09:26:08] iteration = 8500, loss = 3.9162242025905855e-8, stage = 4, window_start = 0.0, window_end = 2.0, last iteration = 0.14 s
[run_variable_window_ROM_optimization] [2026-07-09 09:27:19] iteration = 9000, loss = 3.90264139697816e-8, stage = 4, window_start = 0.0, window_end = 2.0, last iteration = 0.14 s
[run_variable_window_ROM_optimization] [2026-07-09 09:28:29] iteration = 9500, loss = 3.8877366190464684e-8, stage = 4, window_start = 0.0, window_end = 2.0, last iteration = 0.14 s
[run_variable_window_ROM_optimization] [2026-07-09 09:29:41] iteration = 10000, loss = 3.879795603655473e-8, stage = 4, window_start = 0.0, window_end = 2.0, last iteration = 0.12 s
[run_variable_window_ROM_optimization] [2026-07-09 09:30:52] iteration = 10500, loss = 3.867843278759712e-8, stage = 4, window_start = 0.0, window_end = 2.0, last iteration = 0.14 s
[run_variable_window_ROM_optimization] [2026-07-09 09:32:03] iteration = 11000, loss = 3.8534769797375075e-8, stage = 4, window_start = 0.0, window_end = 2.0, last iteration = 0.12 s
[run_variable_window_ROM_optimization] [2026-07-09 09:33:14] iteration = 11500, loss = 3.8441874089689586e-8, stage = 4, window_start = 0.0, window_end = 2.0, last iteration = 0.12 s
[run_variable_window_ROM_optimization] [2026-07-09 09:34:25] iteration = 12000, loss = 3.842712043448139e-8, stage = 4, window_start = 0.0, window_end = 2.0, last iteration = 0.12 s
[run_variable_window_ROM_optimization] [2026-07-09 09:35:36] iteration = 12500, loss = 3.833036641493643e-8, stage = 4, window_start = 0.0, window_end = 2.0, last iteration = 0.15 s
[run_variable_window_ROM_optimization] [2026-07-09 09:36:47] iteration = 13000, loss = 3.8316453668328715e-8, stage = 4, window_start = 0.0, window_end = 2.0, last iteration = 0.15 s
[run_variable_window_ROM_optimization] [2026-07-09 09:37:58] iteration = 13500, loss = 3.8298974434733906e-8, stage = 4, window_start = 0.0, window_end = 2.0, last iteration = 0.12 s
[run_variable_window_ROM_optimization] [2026-07-09 09:39:09] iteration = 14000, loss = 3.817937104919041e-8, stage = 4, window_start = 0.0, window_end = 2.0, last iteration = 0.15 s
[run_variable_window_ROM_optimization] [2026-07-09 09:40:20] iteration = 14500, loss = 3.901722855123091e-8, stage = 4, window_start = 0.0, window_end = 2.0, last iteration = 0.13 s
[run_variable_window_ROM_optimization] [2026-07-09 09:41:31] iteration = 15000, loss = 3.803485576868162e-8, stage = 4, window_start = 0.0, window_end = 2.0, last iteration = 0.15 s
[run_variable_window_ROM_optimization] [2026-07-09 09:42:44] iteration = 15500, loss = 3.824832075137766e-8, stage = 4, window_start = 0.0, window_end = 2.0, last iteration = 0.16 s
[run_variable_window_ROM_optimization] [2026-07-09 09:44:00] iteration = 16000, loss = 3.795680789654301e-8, stage = 4, window_start = 0.0, window_end = 2.0, last iteration = 0.15 s
[run_variable_window_ROM_optimization] [2026-07-09 09:45:16] iteration = 16500, loss = 4.050081174650357e-8, stage = 4, window_start = 0.0, window_end = 2.0, last iteration = 0.15 s
[run_variable_window_ROM_optimization] [2026-07-09 09:46:31] iteration = 17000, loss = 3.8006755976061174e-8, stage = 4, window_start = 0.0, window_end = 2.0, last iteration = 0.12 s
[run_variable_window_ROM_optimization] [2026-07-09 09:47:46] iteration = 17500, loss = 3.8074500521002814e-8, stage = 4, window_start = 0.0, window_end = 2.0, last iteration = 0.15 s
[run_variable_window_ROM_optimization] [2026-07-09 09:49:01] iteration = 18000, loss = 3.977106804883376e-8, stage = 4, window_start = 0.0, window_end = 2.0, last iteration = 0.12 s
[run_variable_window_ROM_optimization] [2026-07-09 09:50:15] iteration = 18500, loss = 3.944949580921654e-8, stage = 4, window_start = 0.0, window_end = 2.0, last iteration = 0.15 s
[run_variable_window_ROM_optimization] [2026-07-09 09:51:30] iteration = 19000, loss = 3.9723326869422194e-8, stage = 4, window_start = 0.0, window_end = 2.0, last iteration = 0.2 s
[run_variable_window_ROM_optimization] [2026-07-09 09:52:45] iteration = 19500, loss = 3.992797554855634e-8, stage = 4, window_start = 0.0, window_end = 2.0, last iteration = 0.15 s
[run_variable_window_ROM_optimization] [2026-07-09 09:53:59] iteration = 20000, loss = 3.8573000936356334e-8, stage = 4, window_start = 0.0, window_end = 2.0, last iteration = 0.15 s
[run_variable_window_ROM_optimization] [2026-07-09 09:55:14] iteration = 20500, loss = 3.82961936939721e-8, stage = 4, window_start = 0.0, window_end = 2.0, last iteration = 0.15 s
[run_variable_window_ROM_optimization] [2026-07-09 09:56:29] iteration = 21000, loss = 3.926180468139477e-8, stage = 4, window_start = 0.0, window_end = 2.0, last iteration = 0.12 s
[run_variable_window_ROM_optimization] [2026-07-09 09:57:44] iteration = 21500, loss = 3.925893225298653e-8, stage = 4, window_start = 0.0, window_end = 2.0, last iteration = 0.2 s
[run_variable_window_ROM_optimization] [2026-07-09 09:58:58] iteration = 22000, loss = 3.9293717393308155e-8, stage = 4, window_start = 0.0, window_end = 2.0, last iteration = 0.12 s
[run_variable_window_ROM_optimization] [2026-07-09 10:00:13] iteration = 22500, loss = 3.921535665625564e-8, stage = 4, window_start = 0.0, window_end = 2.0, last iteration = 0.12 s
[run_variable_window_ROM_optimization] [2026-07-09 10:01:27] iteration = 23000, loss = 3.895751494267465e-8, stage = 4, window_start = 0.0, window_end = 2.0, last iteration = 0.12 s
[run_variable_window_ROM_optimization] [2026-07-09 10:02:42] iteration = 23500, loss = 3.8901137211368515e-8, stage = 4, window_start = 0.0, window_end = 2.0, last iteration = 0.19 s
[run_variable_window_ROM_optimization] [2026-07-09 10:03:57] iteration = 24000, loss = 3.886133575780208e-8, stage = 4, window_start = 0.0, window_end = 2.0, last iteration = 0.15 s
[run_variable_window_ROM_optimization] [2026-07-09 10:05:11] iteration = 24500, loss = 3.8777012902343856e-8, stage = 4, window_start = 0.0, window_end = 2.0, last iteration = 0.15 s
[run_variable_window_ROM_optimization] [2026-07-09 10:06:26] iteration = 25000, loss = 3.878979774812742e-8, stage = 4, window_start = 0.0, window_end = 2.0, last iteration = 0.12 s
[run_variable_window_ROM_optimization] [2026-07-09 10:07:41] iteration = 25500, loss = 3.869679704222492e-8, stage = 4, window_start = 0.0, window_end = 2.0, last iteration = 0.15 s
[run_variable_window_ROM_optimization] [2026-07-09 10:08:56] iteration = 26000, loss = 3.8644797173094456e-8, stage = 4, window_start = 0.0, window_end = 2.0, last iteration = 0.12 s
[run_variable_window_ROM_optimization] [2026-07-09 10:10:10] iteration = 26500, loss = 3.861730001381923e-8, stage = 4, window_start = 0.0, window_end = 2.0, last iteration = 0.15 s
[run_variable_window_ROM_optimization] [2026-07-09 10:11:24] iteration = 27000, loss = 3.8638957961353764e-8, stage = 4, window_start = 0.0, window_end = 2.0, last iteration = 0.2 s
[run_variable_window_ROM_optimization] [2026-07-09 10:12:39] iteration = 27500, loss = 3.873108754980356e-8, stage = 4, window_start = 0.0, window_end = 2.0, last iteration = 0.15 s
[run_variable_window_ROM_optimization] [2026-07-09 10:13:53] iteration = 28000, loss = 3.8533091873783125e-8, stage = 4, window_start = 0.0, window_end = 2.0, last iteration = 0.21 s
[run_variable_window_ROM_optimization] [2026-07-09 10:15:07] iteration = 28500, loss = 3.9216697324872955e-8, stage = 4, window_start = 0.0, window_end = 2.0, last iteration = 0.15 s
[run_variable_window_ROM_optimization] [2026-07-09 10:16:21] iteration = 29000, loss = 3.85481092512317e-8, stage = 4, window_start = 0.0, window_end = 2.0, last iteration = 0.15 s
[run_variable_window_ROM_optimization] [2026-07-09 10:17:35] iteration = 29500, loss = 3.8462470087157574e-8, stage = 4, window_start = 0.0, window_end = 2.0, last iteration = 0.12 s
[run_variable_window_ROM_optimization] [2026-07-09 10:18:49] iteration = 30000, loss = 3.84424381037396e-8, stage = 4, window_start = 0.0, window_end = 2.0, last iteration = 0.15 s
[run_variable_window_ROM_optimization] [2026-07-09 10:20:04] iteration = 30500, loss = 3.83950582513245e-8, stage = 4, window_start = 0.0, window_end = 2.0, last iteration = 0.12 s
[run_variable_window_ROM_optimization] [2026-07-09 10:21:18] iteration = 31000, loss = 3.838247695476611e-8, stage = 4, window_start = 0.0, window_end = 2.0, last iteration = 0.16 s
[run_variable_window_ROM_optimization] [2026-07-09 10:22:32] iteration = 31500, loss = 3.834851856756178e-8, stage = 4, window_start = 0.0, window_end = 2.0, last iteration = 0.21 s
[run_variable_window_ROM_optimization] [2026-07-09 10:23:47] iteration = 32000, loss = 3.832477721226197e-8, stage = 4, window_start = 0.0, window_end = 2.0, last iteration = 0.15 s
[run_variable_window_ROM_optimization] [2026-07-09 10:25:01] iteration = 32500, loss = 3.831377080961718e-8, stage = 4, window_start = 0.0, window_end = 2.0, last iteration = 0.12 s
[run_variable_window_ROM_optimization] [2026-07-09 10:26:15] iteration = 33000, loss = 3.8318540400762237e-8, stage = 4, window_start = 0.0, window_end = 2.0, last iteration = 0.15 s
[run_variable_window_ROM_optimization] [2026-07-09 10:27:29] iteration = 33500, loss = 3.911834023452051e-8, stage = 4, window_start = 0.0, window_end = 2.0, last iteration = 0.15 s
[run_variable_window_ROM_optimization] [2026-07-09 10:28:44] iteration = 34000, loss = 3.830188761561756e-8, stage = 4, window_start = 0.0, window_end = 2.0, last iteration = 0.12 s
[run_variable_window_ROM_optimization] [2026-07-09 10:29:58] iteration = 34500, loss = 3.821814199047053e-8, stage = 4, window_start = 0.0, window_end = 2.0, last iteration = 0.12 s
[run_variable_window_ROM_optimization] [2026-07-09 10:31:12] iteration = 35000, loss = 3.8249608817643103e-8, stage = 4, window_start = 0.0, window_end = 2.0, last iteration = 0.12 s
[run_variable_window_ROM_optimization] [2026-07-09 10:32:26] iteration = 35500, loss = 3.8280036509644796e-8, stage = 4, window_start = 0.0, window_end = 2.0, last iteration = 0.15 s
[run_variable_window_ROM_optimization] [2026-07-09 10:33:41] iteration = 36000, loss = 3.814786470807758e-8, stage = 4, window_start = 0.0, window_end = 2.0, last iteration = 0.31 s
[run_variable_window_ROM_optimization] [2026-07-09 10:34:55] iteration = 36500, loss = 3.8122873076836575e-8, stage = 4, window_start = 0.0, window_end = 2.0, last iteration = 0.15 s
[run_variable_window_ROM_optimization] [2026-07-09 10:36:09] iteration = 37000, loss = 3.812816493526538e-8, stage = 4, window_start = 0.0, window_end = 2.0, last iteration = 0.15 s
[run_variable_window_ROM_optimization] [2026-07-09 10:37:24] iteration = 37500, loss = 3.81262782141629e-8, stage = 4, window_start = 0.0, window_end = 2.0, last iteration = 0.16 s
[run_variable_window_ROM_optimization] [2026-07-09 10:38:38] iteration = 38000, loss = 3.805650049125862e-8, stage = 4, window_start = 0.0, window_end = 2.0, last iteration = 0.15 s
[run_variable_window_ROM_optimization] [2026-07-09 10:39:52] iteration = 38500, loss = 3.804774812854444e-8, stage = 4, window_start = 0.0, window_end = 2.0, last iteration = 0.16 s
[run_variable_window_ROM_optimization] [2026-07-09 10:41:07] iteration = 39000, loss = 3.8435149027154365e-8, stage = 4, window_start = 0.0, window_end = 2.0, last iteration = 0.15 s
[run_variable_window_ROM_optimization] [2026-07-09 10:42:21] iteration = 39500, loss = 3.803270426900024e-8, stage = 4, window_start = 0.0, window_end = 2.0, last iteration = 0.16 s
[run_variable_window_ROM_optimization] [2026-07-09 10:43:35] iteration = 40000, loss = 3.7980133267315954e-8, stage = 4, window_start = 0.0, window_end = 2.0, last iteration = 0.15 s
[run_variable_window_ROM_optimization] [2026-07-09 10:44:50] iteration = 40500, loss = 3.8111934228524006e-8, stage = 4, window_start = 0.0, window_end = 2.0, last iteration = 0.15 s
[run_variable_window_ROM_optimization] [2026-07-09 10:46:03] iteration = 41000, loss = 3.792806527469203e-8, stage = 4, window_start = 0.0, window_end = 2.0, last iteration = 0.15 s
[run_variable_window_ROM_optimization] [2026-07-09 10:47:17] iteration = 41500, loss = 3.8011085057122505e-8, stage = 4, window_start = 0.0, window_end = 2.0, last iteration = 0.12 s
[run_variable_window_ROM_optimization] [2026-07-09 10:48:30] iteration = 42000, loss = 3.79266280895091e-8, stage = 4, window_start = 0.0, window_end = 2.0, last iteration = 0.15 s
[run_variable_window_ROM_optimization] [2026-07-09 10:49:43] iteration = 42500, loss = 3.797877057628651e-8, stage = 4, window_start = 0.0, window_end = 2.0, last iteration = 0.15 s
[run_variable_window_ROM_optimization] [2026-07-09 10:50:57] iteration = 43000, loss = 3.783794946185687e-8, stage = 4, window_start = 0.0, window_end = 2.0, last iteration = 0.14 s
[run_variable_window_ROM_optimization] [2026-07-09 10:52:07] iteration = 43500, loss = 3.7952303671406226e-8, stage = 4, window_start = 0.0, window_end = 2.0, last iteration = 0.12 s
[run_variable_window_ROM_optimization] [2026-07-09 10:53:18] iteration = 44000, loss = 3.780210862981163e-8, stage = 4, window_start = 0.0, window_end = 2.0, last iteration = 0.12 s
[run_variable_window_ROM_optimization] [2026-07-09 10:54:28] iteration = 44500, loss = 3.780970761034596e-8, stage = 4, window_start = 0.0, window_end = 2.0, last iteration = 0.16 s
[run_variable_window_ROM_optimization] [2026-07-09 10:55:38] iteration = 45000, loss = 3.775095520975105e-8, stage = 4, window_start = 0.0, window_end = 2.0, last iteration = 0.12 s
[run_variable_window_ROM_optimization] [2026-07-09 10:56:48] iteration = 45500, loss = 3.775124668504747e-8, stage = 4, window_start = 0.0, window_end = 2.0, last iteration = 0.12 s
[run_variable_window_ROM_optimization] [2026-07-09 10:57:58] iteration = 46000, loss = 3.777998357887618e-8, stage = 4, window_start = 0.0, window_end = 2.0, last iteration = 0.12 s
[run_variable_window_ROM_optimization] [2026-07-09 10:59:09] iteration = 46500, loss = 3.78132210589242e-8, stage = 4, window_start = 0.0, window_end = 2.0, last iteration = 0.14 s
[run_variable_window_ROM_optimization] [2026-07-09 10:59:19] Stage 4 / 5 complete; validation_loss = 3.860807533008014e-8; elapsed = 5864.28 s
[run_variable_window_ROM_optimization] [2026-07-09 10:59:19] Stage 5 / 5 started: eta = 3.0e-5; N_iter = 40000; window_T = 2.0; window_N_obs = 100; window_start_policy = random; batch_size = 1
[run_variable_window_ROM_optimization] [2026-07-09 11:01:17] iteration = 47000, loss = 3.859800199605978e-8, stage = 5, window_start = 0.0, window_end = 2.0, last iteration = 0.23 s
[run_variable_window_ROM_optimization] [2026-07-09 11:03:35] iteration = 47500, loss = 3.858867860989043e-8, stage = 5, window_start = 0.0, window_end = 2.0, last iteration = 0.26 s
[run_variable_window_ROM_optimization] [2026-07-09 11:05:54] iteration = 48000, loss = 3.861333211666872e-8, stage = 5, window_start = 0.0, window_end = 2.0, last iteration = 0.26 s
[run_variable_window_ROM_optimization] [2026-07-09 11:08:12] iteration = 48500, loss = 3.8612992481595545e-8, stage = 5, window_start = 0.0, window_end = 2.0, last iteration = 0.29 s
[run_variable_window_ROM_optimization] [2026-07-09 11:10:30] iteration = 49000, loss = 3.854818404319002e-8, stage = 5, window_start = 0.0, window_end = 2.0, last iteration = 0.27 s
[run_variable_window_ROM_optimization] [2026-07-09 11:12:49] iteration = 49500, loss = 3.8567636932610474e-8, stage = 5, window_start = 0.0, window_end = 2.0, last iteration = 0.23 s
[run_variable_window_ROM_optimization] [2026-07-09 11:15:07] iteration = 50000, loss = 3.8532564029030617e-8, stage = 5, window_start = 0.0, window_end = 2.0, last iteration = 0.26 s
[run_variable_window_ROM_optimization] [2026-07-09 11:17:25] iteration = 50500, loss = 3.8508038092803506e-8, stage = 5, window_start = 0.0, window_end = 2.0, last iteration = 0.26 s
[run_variable_window_ROM_optimization] [2026-07-09 11:19:43] iteration = 51000, loss = 3.850594947420862e-8, stage = 5, window_start = 0.0, window_end = 2.0, last iteration = 0.28 s
[run_variable_window_ROM_optimization] [2026-07-09 11:22:02] iteration = 51500, loss = 3.84814396045018e-8, stage = 5, window_start = 0.0, window_end = 2.0, last iteration = 0.26 s
[run_variable_window_ROM_optimization] [2026-07-09 11:24:20] iteration = 52000, loss = 3.847084426198577e-8, stage = 5, window_start = 0.0, window_end = 2.0, last iteration = 0.26 s
[run_variable_window_ROM_optimization] [2026-07-09 11:26:38] iteration = 52500, loss = 3.84548202473999e-8, stage = 5, window_start = 0.0, window_end = 2.0, last iteration = 0.26 s
[run_variable_window_ROM_optimization] [2026-07-09 11:28:57] iteration = 53000, loss = 3.844218034840108e-8, stage = 5, window_start = 0.0, window_end = 2.0, last iteration = 0.26 s
[run_variable_window_ROM_optimization] [2026-07-09 11:31:15] iteration = 53500, loss = 3.8428224545243006e-8, stage = 5, window_start = 0.0, window_end = 2.0, last iteration = 0.29 s
[run_variable_window_ROM_optimization] [2026-07-09 11:33:33] iteration = 54000, loss = 3.842087589781471e-8, stage = 5, window_start = 0.0, window_end = 2.0, last iteration = 0.27 s
[run_variable_window_ROM_optimization] [2026-07-09 11:35:52] iteration = 54500, loss = 3.8401630274917146e-8, stage = 5, window_start = 0.0, window_end = 2.0, last iteration = 0.27 s
[run_variable_window_ROM_optimization] [2026-07-09 11:38:10] iteration = 55000, loss = 3.839825808058781e-8, stage = 5, window_start = 0.0, window_end = 2.0, last iteration = 0.26 s
[run_variable_window_ROM_optimization] [2026-07-09 11:40:28] iteration = 55500, loss = 3.83756154328947e-8, stage = 5, window_start = 0.0, window_end = 2.0, last iteration = 0.27 s
[run_variable_window_ROM_optimization] [2026-07-09 11:42:47] iteration = 56000, loss = 3.836581122549451e-8, stage = 5, window_start = 0.0, window_end = 2.0, last iteration = 0.26 s
[run_variable_window_ROM_optimization] [2026-07-09 11:45:05] iteration = 56500, loss = 3.835147792805238e-8, stage = 5, window_start = 0.0, window_end = 2.0, last iteration = 0.29 s
[run_variable_window_ROM_optimization] [2026-07-09 11:47:23] iteration = 57000, loss = 3.8341805320531774e-8, stage = 5, window_start = 0.0, window_end = 2.0, last iteration = 0.26 s
[run_variable_window_ROM_optimization] [2026-07-09 11:49:42] iteration = 57500, loss = 3.833816634230313e-8, stage = 5, window_start = 0.0, window_end = 2.0, last iteration = 0.23 s
[run_variable_window_ROM_optimization] [2026-07-09 11:52:00] iteration = 58000, loss = 3.831121229084757e-8, stage = 5, window_start = 0.0, window_end = 2.0, last iteration = 0.26 s
[run_variable_window_ROM_optimization] [2026-07-09 11:54:18] iteration = 58500, loss = 3.829821018256392e-8, stage = 5, window_start = 0.0, window_end = 2.0, last iteration = 0.26 s
[run_variable_window_ROM_optimization] [2026-07-09 11:56:36] iteration = 59000, loss = 3.829520396593645e-8, stage = 5, window_start = 0.0, window_end = 2.0, last iteration = 0.27 s
[run_variable_window_ROM_optimization] [2026-07-09 11:58:55] iteration = 59500, loss = 3.827687253305769e-8, stage = 5, window_start = 0.0, window_end = 2.0, last iteration = 0.27 s
[run_variable_window_ROM_optimization] [2026-07-09 12:01:13] iteration = 60000, loss = 3.82641915063084e-8, stage = 5, window_start = 0.0, window_end = 2.0, last iteration = 0.26 s
[run_variable_window_ROM_optimization] [2026-07-09 12:03:31] iteration = 60500, loss = 3.8251942114947e-8, stage = 5, window_start = 0.0, window_end = 2.0, last iteration = 0.29 s
[run_variable_window_ROM_optimization] [2026-07-09 12:05:49] iteration = 61000, loss = 3.823683521703542e-8, stage = 5, window_start = 0.0, window_end = 2.0, last iteration = 0.26 s
[run_variable_window_ROM_optimization] [2026-07-09 12:08:08] iteration = 61500, loss = 3.8222224910907366e-8, stage = 5, window_start = 0.0, window_end = 2.0, last iteration = 0.26 s
[run_variable_window_ROM_optimization] [2026-07-09 12:10:26] iteration = 62000, loss = 3.8214749218679586e-8, stage = 5, window_start = 0.0, window_end = 2.0, last iteration = 0.26 s
