[2026-07-09 09:12:14] enqueued 2 jobs from /home/mgantcher/Brookhaven/Research_Code/Optimization/Data/Sweeps/FOM_ROM_2D_periodic_boundary/03_fom_larger.txt
[2026-07-09 09:12:14] enqueued 2 jobs from /home/mgantcher/Brookhaven/Research_Code/Optimization/Data/Sweeps/FOM_ROM_2D_periodic_boundary/04_rom_larger.txt
[2026-07-09 09:12:14] enqueued 3 jobs from /home/mgantcher/Brookhaven/Research_Code/Optimization/Data/Sweeps/FOM_ROM_2D_periodic_boundary/00_fom_boundary_learning_tests.txt
[2026-07-09 09:12:14] enqueued 3 jobs from /home/mgantcher/Brookhaven/Research_Code/Optimization/Data/Sweeps/FOM_ROM_2D_periodic_boundary/01_rom_boundary_learning_tests.txt
[2026-07-09 09:12:14] enqueued 31 jobs from /home/mgantcher/Brookhaven/Research_Code/Optimization/Data/Sweeps/ROM_more_hyperparam_opt_for_fu_learning/01_2d_periodic_fu_learning.txt
[2026-07-09 09:12:14] started daemon PID 183457
[2026-07-09 09:12:14] daemon loop started: job_name=ac_vqueue max_concurrent=8 cluster_max_submitted=20 sleep_seconds=60
[2026-07-09 09:12:14] check pending=41 virtual_active=0 user_active=10
[2026-07-09 09:12:14] submitted job_id=2779 sweep=/home/mgantcher/Brookhaven/Research_Code/Optimization/Data/Sweeps/FOM_ROM_2D_periodic_boundary/03_fom_larger.txt combo=0/2 summary=[H=8 TFINAL=2.0 N_OBS=100 LOSS_NORMALIZATION=mean WINDOW_START_POLICY=random,random,random WINDOW_SEED=1 SEED=1 WARMUP=true SAVE_FREQUENCY=100 PRINT_FREQUENCY=250 ETAS=0.006,0.002,0.0006 ITERS=2016,2208,2349 WINDOW_T=0.05,0.5,2.0 WINDOW_N_OBS=2,5,10 BATCH_SIZE=1,1,1 DIMENSION=2 BOUNDARY_CONDITION=periodic CASE_NAME=2d_periodic_long N=128]
[2026-07-09 09:13:14] check pending=40 virtual_active=0 user_active=10
[2026-07-09 09:13:14] submitted job_id=2780 sweep=/home/mgantcher/Brookhaven/Research_Code/Optimization/Data/Sweeps/FOM_ROM_2D_periodic_boundary/03_fom_larger.txt combo=1/2 summary=[H=8 TFINAL=2.0 N_OBS=100 LOSS_NORMALIZATION=mean WINDOW_START_POLICY=random,random,random WINDOW_SEED=1 SEED=1 WARMUP=true SAVE_FREQUENCY=100 PRINT_FREQUENCY=250 ETAS=0.006,0.002,0.0006 ITERS=2016,2208,2349 WINDOW_T=0.05,0.5,2.0 WINDOW_N_OBS=2,5,10 BATCH_SIZE=1,1,1 DIMENSION=2 BOUNDARY_CONDITION=periodic CASE_NAME=2d_periodic_longer N=256]
[2026-07-09 09:14:14] check pending=39 virtual_active=0 user_active=10
[2026-07-09 09:14:14] submitted job_id=2781 sweep=/home/mgantcher/Brookhaven/Research_Code/Optimization/Data/Sweeps/FOM_ROM_2D_periodic_boundary/04_rom_larger.txt combo=0/2 summary=[H=8 TFINAL=2.0 N_OBS=100 M=4 R=10 LOSS_NORMALIZATION=mean WINDOW_START_POLICY=random,random,random WINDOW_SEED=1 SEED=1 WARMUP=true SAVE_FREQUENCY=100 PRINT_FREQUENCY=250 ETAS=0.01,0.003,0.001 ITERS=2016,2208,2349 WINDOW_T=0.05,0.5,2.0 WINDOW_N_OBS=2,5,10 BATCH_SIZE=1,1,1 DIMENSION=2 BOUNDARY_CONDITION=periodic CASE_NAME=2d_periodic_long N=128]
[2026-07-09 09:15:14] check pending=38 virtual_active=0 user_active=10
[2026-07-09 09:15:14] submitted job_id=2782 sweep=/home/mgantcher/Brookhaven/Research_Code/Optimization/Data/Sweeps/FOM_ROM_2D_periodic_boundary/04_rom_larger.txt combo=1/2 summary=[H=8 TFINAL=2.0 N_OBS=100 M=4 R=10 LOSS_NORMALIZATION=mean WINDOW_START_POLICY=random,random,random WINDOW_SEED=1 SEED=1 WARMUP=true SAVE_FREQUENCY=100 PRINT_FREQUENCY=250 ETAS=0.01,0.003,0.001 ITERS=2016,2208,2349 WINDOW_T=0.05,0.5,2.0 WINDOW_N_OBS=2,5,10 BATCH_SIZE=1,1,1 DIMENSION=2 BOUNDARY_CONDITION=periodic CASE_NAME=2d_periodic_longer N=256]
[2026-07-09 09:16:14] check pending=37 virtual_active=0 user_active=9
[2026-07-09 09:16:14] submitted job_id=2783 sweep=/home/mgantcher/Brookhaven/Research_Code/Optimization/Data/Sweeps/FOM_ROM_2D_periodic_boundary/00_fom_boundary_learning_tests.txt combo=0/3 summary=[H=8 TFINAL=2.0 N_OBS=100 LOSS_NORMALIZATION=mean WINDOW_START_POLICY=random,random,random WINDOW_SEED=1 SEED=1 WARMUP=true SAVE_FREQUENCY=100 PRINT_FREQUENCY=250 ETAS=0.006,0.002,0.0006 ITERS=2016,2208,2349 WINDOW_T=0.05,0.5,2.0 WINDOW_N_OBS=2,5,10 BATCH_SIZE=1,1,1 CASE_NAME=001_2d_dirichlet N=64 DIMENSION=2 BOUNDARY_CONDITION=homogeneous_dirichlet]
[2026-07-09 09:17:14] check pending=36 virtual_active=1 user_active=9
[2026-07-09 09:17:14] submitted job_id=2784 sweep=/home/mgantcher/Brookhaven/Research_Code/Optimization/Data/Sweeps/FOM_ROM_2D_periodic_boundary/00_fom_boundary_learning_tests.txt combo=1/3 summary=[H=8 TFINAL=2.0 N_OBS=100 LOSS_NORMALIZATION=mean WINDOW_START_POLICY=random,random,random WINDOW_SEED=1 SEED=1 WARMUP=true SAVE_FREQUENCY=100 PRINT_FREQUENCY=250 ETAS=0.006,0.002,0.0006 ITERS=2016,2208,2349 WINDOW_T=0.05,0.5,2.0 WINDOW_N_OBS=2,5,10 BATCH_SIZE=1,1,1 CASE_NAME=002_1d_periodic N=256 DIMENSION=1 BOUNDARY_CONDITION=periodic]
[2026-07-09 09:18:14] check pending=35 virtual_active=2 user_active=10
[2026-07-09 09:18:15] submitted job_id=2785 sweep=/home/mgantcher/Brookhaven/Research_Code/Optimization/Data/Sweeps/FOM_ROM_2D_periodic_boundary/00_fom_boundary_learning_tests.txt combo=2/3 summary=[H=8 TFINAL=2.0 N_OBS=100 LOSS_NORMALIZATION=mean WINDOW_START_POLICY=random,random,random WINDOW_SEED=1 SEED=1 WARMUP=true SAVE_FREQUENCY=100 PRINT_FREQUENCY=250 ETAS=0.006,0.002,0.0006 ITERS=2016,2208,2349 WINDOW_T=0.05,0.5,2.0 WINDOW_N_OBS=2,5,10 BATCH_SIZE=1,1,1 CASE_NAME=003_2d_periodic N=64 DIMENSION=2 BOUNDARY_CONDITION=periodic]
[2026-07-09 09:19:15] check pending=34 virtual_active=2 user_active=9
[2026-07-09 09:19:15] submitted job_id=2786 sweep=/home/mgantcher/Brookhaven/Research_Code/Optimization/Data/Sweeps/FOM_ROM_2D_periodic_boundary/01_rom_boundary_learning_tests.txt combo=0/3 summary=[H=8 TFINAL=2.0 N_OBS=100 M=4 R=10 LOSS_NORMALIZATION=mean WINDOW_START_POLICY=random,random,random WINDOW_SEED=1 SEED=1 WARMUP=true SAVE_FREQUENCY=100 PRINT_FREQUENCY=250 ETAS=0.01,0.003,0.001 ITERS=2016,2208,2349 WINDOW_T=0.05,0.5,2.0 WINDOW_N_OBS=2,5,10 BATCH_SIZE=1,1,1 CASE_NAME=001_2d_dirichlet N=64 DIMENSION=2 BOUNDARY_CONDITION=homogeneous_dirichlet]
[2026-07-09 09:20:15] check pending=33 virtual_active=2 user_active=9
[2026-07-09 09:20:15] submitted job_id=2787 sweep=/home/mgantcher/Brookhaven/Research_Code/Optimization/Data/Sweeps/FOM_ROM_2D_periodic_boundary/01_rom_boundary_learning_tests.txt combo=1/3 summary=[H=8 TFINAL=2.0 N_OBS=100 M=4 R=10 LOSS_NORMALIZATION=mean WINDOW_START_POLICY=random,random,random WINDOW_SEED=1 SEED=1 WARMUP=true SAVE_FREQUENCY=100 PRINT_FREQUENCY=250 ETAS=0.01,0.003,0.001 ITERS=2016,2208,2349 WINDOW_T=0.05,0.5,2.0 WINDOW_N_OBS=2,5,10 BATCH_SIZE=1,1,1 CASE_NAME=002_1d_periodic N=256 DIMENSION=1 BOUNDARY_CONDITION=periodic]
[2026-07-09 09:21:15] check pending=32 virtual_active=2 user_active=9
[2026-07-09 09:21:15] submitted job_id=2788 sweep=/home/mgantcher/Brookhaven/Research_Code/Optimization/Data/Sweeps/FOM_ROM_2D_periodic_boundary/01_rom_boundary_learning_tests.txt combo=2/3 summary=[H=8 TFINAL=2.0 N_OBS=100 M=4 R=10 LOSS_NORMALIZATION=mean WINDOW_START_POLICY=random,random,random WINDOW_SEED=1 SEED=1 WARMUP=true SAVE_FREQUENCY=100 PRINT_FREQUENCY=250 ETAS=0.01,0.003,0.001 ITERS=2016,2208,2349 WINDOW_T=0.05,0.5,2.0 WINDOW_N_OBS=2,5,10 BATCH_SIZE=1,1,1 CASE_NAME=003_2d_periodic N=64 DIMENSION=2 BOUNDARY_CONDITION=periodic]
[2026-07-09 09:22:15] check pending=31 virtual_active=3 user_active=10
[2026-07-09 09:22:15] submitted job_id=2789 sweep=/home/mgantcher/Brookhaven/Research_Code/Optimization/Data/Sweeps/ROM_more_hyperparam_opt_for_fu_learning/01_2d_periodic_fu_learning.txt combo=0/31 summary=[N=128 H=8 TFINAL=2.0 N_OBS=100 DIMENSION=2 BOUNDARY_CONDITION=periodic LOSS_NORMALIZATION=mean WINDOW_SEED=1 SEED=1 WARMUP=true SAVE_FREQUENCY=100 PRINT_FREQUENCY=500 CASE_NAME=m4_r10_oldshape_base_eta_budget20m HPO_GROUP=m4_controls ESTIMATED_OPT_SECONDS=1200 M=4 R=10 ETAS=0.01,0.003,0.001 ITERS=3000,3300,3600 WINDOW_T=0.05,0.5,2 WINDOW_N_OBS=3,6,12 WINDOW_START_POLICY=random,random,random BATCH_SIZE=1,1,1]
[2026-07-09 09:23:15] check pending=30 virtual_active=3 user_active=10
[2026-07-09 09:23:15] submitted job_id=2790 sweep=/home/mgantcher/Brookhaven/Research_Code/Optimization/Data/Sweeps/ROM_more_hyperparam_opt_for_fu_learning/01_2d_periodic_fu_learning.txt combo=1/31 summary=[N=128 H=8 TFINAL=2.0 N_OBS=100 DIMENSION=2 BOUNDARY_CONDITION=periodic LOSS_NORMALIZATION=mean WINDOW_SEED=1 SEED=1 WARMUP=true SAVE_FREQUENCY=100 PRINT_FREQUENCY=500 CASE_NAME=m4_r10_five_stage_eta_1e-2_to_3e-4_budget25m HPO_GROUP=m4_controls ESTIMATED_OPT_SECONDS=1500 M=4 R=10 ETAS=0.01,0.003,0.001,0.0006,0.0003 ITERS=1800,2200,2600,2600,3000 WINDOW_T=0.05,0.2,0.5,1,2 WINDOW_N_OBS=3,4,6,10,12 WINDOW_START_POLICY=random,random,random,random,random BATCH_SIZE=1,1,1,1,1]
[2026-07-09 09:24:15] check pending=29 virtual_active=3 user_active=10
[2026-07-09 09:24:15] submitted job_id=2791 sweep=/home/mgantcher/Brookhaven/Research_Code/Optimization/Data/Sweeps/ROM_more_hyperparam_opt_for_fu_learning/01_2d_periodic_fu_learning.txt combo=2/31 summary=[N=128 H=8 TFINAL=2.0 N_OBS=100 DIMENSION=2 BOUNDARY_CONDITION=periodic LOSS_NORMALIZATION=mean WINDOW_SEED=1 SEED=1 WARMUP=true SAVE_FREQUENCY=100 PRINT_FREQUENCY=500 CASE_NAME=m4_r10_highobs_late_eta_3e-3_to_3e-5_budget30m HPO_GROUP=m4_controls ESTIMATED_OPT_SECONDS=1800 M=4 R=10 ETAS=0.003,0.001,0.0003,0.0001,0.00003 ITERS=2200,2400,2600,2600,2600 WINDOW_T=0.05,0.5,1,2,2 WINDOW_N_OBS=3,6,12,30,60 WINDOW_START_POLICY=random,random,random,random,random BATCH_SIZE=1,1,1,1,1]
[2026-07-09 09:25:15] check pending=28 virtual_active=3 user_active=10
[2026-07-09 09:25:15] submitted job_id=2792 sweep=/home/mgantcher/Brookhaven/Research_Code/Optimization/Data/Sweeps/ROM_more_hyperparam_opt_for_fu_learning/01_2d_periodic_fu_learning.txt combo=3/31 summary=[N=128 H=8 TFINAL=2.0 N_OBS=100 DIMENSION=2 BOUNDARY_CONDITION=periodic LOSS_NORMALIZATION=mean WINDOW_SEED=1 SEED=1 WARMUP=true SAVE_FREQUENCY=100 PRINT_FREQUENCY=500 CASE_NAME=m4_r15_highobs_late_eta_3e-3_to_3e-5_budget30m HPO_GROUP=m4_controls ESTIMATED_OPT_SECONDS=1800 M=4 R=15 ETAS=0.003,0.001,0.0003,0.0001,0.00003 ITERS=2200,2400,2600,2600,2600 WINDOW_T=0.05,0.5,1,2,2 WINDOW_N_OBS=3,6,12,30,60 WINDOW_START_POLICY=random,random,random,random,random BATCH_SIZE=1,1,1,1,1]
[2026-07-09 09:26:15] check pending=27 virtual_active=2 user_active=9
[2026-07-09 09:26:15] submitted job_id=2793 sweep=/home/mgantcher/Brookhaven/Research_Code/Optimization/Data/Sweeps/ROM_more_hyperparam_opt_for_fu_learning/01_2d_periodic_fu_learning.txt combo=4/31 summary=[N=128 H=8 TFINAL=2.0 N_OBS=100 DIMENSION=2 BOUNDARY_CONDITION=periodic LOSS_NORMALIZATION=mean WINDOW_SEED=1 SEED=1 WARMUP=true SAVE_FREQUENCY=100 PRINT_FREQUENCY=500 CASE_NAME=m4_r10_gentle_finish_eta_1e-3_to_1e-5_budget40m HPO_GROUP=m4_controls ESTIMATED_OPT_SECONDS=2400 M=4 R=10 ETAS=0.001,0.0003,0.0001,0.00003,0.00001 ITERS=3200,3400,3600,3600,3800 WINDOW_T=0.05,0.5,2,2,2 WINDOW_N_OBS=3,6,12,30,60 WINDOW_START_POLICY=random,random,random,random,random BATCH_SIZE=1,1,1,1,1]
[2026-07-09 09:27:15] check pending=26 virtual_active=2 user_active=9
[2026-07-09 09:27:15] submitted job_id=2794 sweep=/home/mgantcher/Brookhaven/Research_Code/Optimization/Data/Sweeps/ROM_more_hyperparam_opt_for_fu_learning/01_2d_periodic_fu_learning.txt combo=5/31 summary=[N=128 H=8 TFINAL=2.0 N_OBS=100 DIMENSION=2 BOUNDARY_CONDITION=periodic LOSS_NORMALIZATION=mean WINDOW_SEED=1 SEED=1 WARMUP=true SAVE_FREQUENCY=100 PRINT_FREQUENCY=500 CASE_NAME=m4_r10_batched_highobs_eta_1e-3_to_2e-5_budget40m HPO_GROUP=m4_controls ESTIMATED_OPT_SECONDS=2400 M=4 R=10 ETAS=0.001,0.0005,0.0002,0.00008,0.00002 ITERS=2600,2800,3000,1700,1700 WINDOW_T=0.05,0.5,1,2,2 WINDOW_N_OBS=3,6,12,30,60 WINDOW_START_POLICY=random,random,random,random,random BATCH_SIZE=1,1,1,2,2]
[2026-07-09 09:28:15] check pending=25 virtual_active=2 user_active=9
[2026-07-09 09:28:15] submitted job_id=2795 sweep=/home/mgantcher/Brookhaven/Research_Code/Optimization/Data/Sweeps/ROM_more_hyperparam_opt_for_fu_learning/01_2d_periodic_fu_learning.txt combo=6/31 summary=[N=128 H=8 TFINAL=2.0 N_OBS=100 DIMENSION=2 BOUNDARY_CONDITION=periodic LOSS_NORMALIZATION=mean WINDOW_SEED=1 SEED=1 WARMUP=true SAVE_FREQUENCY=100 PRINT_FREQUENCY=500 CASE_NAME=m10_r3_five_stage_eta_3e-3_to_3e-5_budget25m HPO_GROUP=m10_stability ESTIMATED_OPT_SECONDS=1500 M=10 R=3 ETAS=0.003,0.001,0.0003,0.0001,0.00003 ITERS=2200,2400,2600,2600,2800 WINDOW_T=0.05,0.2,0.5,1,2 WINDOW_N_OBS=3,4,6,10,12 WINDOW_START_POLICY=random,random,random,random,random BATCH_SIZE=1,1,1,1,1]
[2026-07-09 09:29:15] check pending=24 virtual_active=2 user_active=9
[2026-07-09 09:29:15] submitted job_id=2796 sweep=/home/mgantcher/Brookhaven/Research_Code/Optimization/Data/Sweeps/ROM_more_hyperparam_opt_for_fu_learning/01_2d_periodic_fu_learning.txt combo=7/31 summary=[N=128 H=8 TFINAL=2.0 N_OBS=100 DIMENSION=2 BOUNDARY_CONDITION=periodic LOSS_NORMALIZATION=mean WINDOW_SEED=1 SEED=1 WARMUP=true SAVE_FREQUENCY=100 PRINT_FREQUENCY=500 CASE_NAME=m10_r3_highobs_late_eta_1e-3_to_2e-5_budget30m HPO_GROUP=m10_stability ESTIMATED_OPT_SECONDS=1800 M=10 R=3 ETAS=0.001,0.0005,0.0002,0.00008,0.00002 ITERS=2400,2600,2800,2800,3000 WINDOW_T=0.05,0.5,1,2,2 WINDOW_N_OBS=3,6,12,30,60 WINDOW_START_POLICY=random,random,random,random,random BATCH_SIZE=1,1,1,1,1]
[2026-07-09 09:30:15] check pending=23 virtual_active=2 user_active=9
[2026-07-09 09:30:15] submitted job_id=2797 sweep=/home/mgantcher/Brookhaven/Research_Code/Optimization/Data/Sweeps/ROM_more_hyperparam_opt_for_fu_learning/01_2d_periodic_fu_learning.txt combo=8/31 summary=[N=128 H=8 TFINAL=2.0 N_OBS=100 DIMENSION=2 BOUNDARY_CONDITION=periodic LOSS_NORMALIZATION=mean WINDOW_SEED=1 SEED=1 WARMUP=true SAVE_FREQUENCY=100 PRINT_FREQUENCY=500 CASE_NAME=m10_r4_five_stage_eta_3e-3_to_3e-5_budget25m HPO_GROUP=m10_stability ESTIMATED_OPT_SECONDS=1500 M=10 R=4 ETAS=0.003,0.001,0.0003,0.0001,0.00003 ITERS=2200,2400,2600,2600,2800 WINDOW_T=0.05,0.2,0.5,1,2 WINDOW_N_OBS=3,4,6,10,12 WINDOW_START_POLICY=random,random,random,random,random BATCH_SIZE=1,1,1,1,1]
[2026-07-09 09:31:15] check pending=22 virtual_active=2 user_active=9
[2026-07-09 09:31:15] submitted job_id=2798 sweep=/home/mgantcher/Brookhaven/Research_Code/Optimization/Data/Sweeps/ROM_more_hyperparam_opt_for_fu_learning/01_2d_periodic_fu_learning.txt combo=9/31 summary=[N=128 H=8 TFINAL=2.0 N_OBS=100 DIMENSION=2 BOUNDARY_CONDITION=periodic LOSS_NORMALIZATION=mean WINDOW_SEED=1 SEED=1 WARMUP=true SAVE_FREQUENCY=100 PRINT_FREQUENCY=500 CASE_NAME=m10_r4_highobs_late_eta_3e-3_to_3e-5_budget30m HPO_GROUP=m10_stability ESTIMATED_OPT_SECONDS=1800 M=10 R=4 ETAS=0.003,0.001,0.0003,0.0001,0.00003 ITERS=2400,2600,2800,2800,3000 WINDOW_T=0.05,0.5,1,2,2 WINDOW_N_OBS=3,6,12,30,60 WINDOW_START_POLICY=random,random,random,random,random BATCH_SIZE=1,1,1,1,1]
[2026-07-09 09:32:15] check pending=21 virtual_active=2 user_active=9
[2026-07-09 09:32:15] submitted job_id=2799 sweep=/home/mgantcher/Brookhaven/Research_Code/Optimization/Data/Sweeps/ROM_more_hyperparam_opt_for_fu_learning/01_2d_periodic_fu_learning.txt combo=10/31 summary=[N=128 H=8 TFINAL=2.0 N_OBS=100 DIMENSION=2 BOUNDARY_CONDITION=periodic LOSS_NORMALIZATION=mean WINDOW_SEED=1 SEED=1 WARMUP=true SAVE_FREQUENCY=100 PRINT_FREQUENCY=500 CASE_NAME=m10_r4_highobs_late_eta_1e-3_to_2e-5_budget30m HPO_GROUP=m10_stability ESTIMATED_OPT_SECONDS=1800 M=10 R=4 ETAS=0.001,0.0005,0.0002,0.00008,0.00002 ITERS=2400,2600,2800,2800,3000 WINDOW_T=0.05,0.5,1,2,2 WINDOW_N_OBS=3,6,12,30,60 WINDOW_START_POLICY=random,random,random,random,random BATCH_SIZE=1,1,1,1,1]
[2026-07-09 09:33:15] check pending=20 virtual_active=2 user_active=9
[2026-07-09 09:33:15] submitted job_id=2800 sweep=/home/mgantcher/Brookhaven/Research_Code/Optimization/Data/Sweeps/ROM_more_hyperparam_opt_for_fu_learning/01_2d_periodic_fu_learning.txt combo=11/31 summary=[N=128 H=8 TFINAL=2.0 N_OBS=100 DIMENSION=2 BOUNDARY_CONDITION=periodic LOSS_NORMALIZATION=mean WINDOW_SEED=1 SEED=1 WARMUP=true SAVE_FREQUENCY=100 PRINT_FREQUENCY=500 CASE_NAME=m10_r4_short_pretrain_eta_1e-3_to_2e-5_budget30m HPO_GROUP=m10_stability ESTIMATED_OPT_SECONDS=1800 M=10 R=4 ETAS=0.001,0.0005,0.0002,0.00008,0.00002 ITERS=2600,3000,3200,3000,3000 WINDOW_T=0.05,0.05,0.2,0.5,2 WINDOW_N_OBS=3,3,4,6,12 WINDOW_START_POLICY=random,random,random,random,random BATCH_SIZE=1,1,1,1,1]
[2026-07-09 09:34:15] check pending=19 virtual_active=2 user_active=9
[2026-07-09 09:34:15] submitted job_id=2801 sweep=/home/mgantcher/Brookhaven/Research_Code/Optimization/Data/Sweeps/ROM_more_hyperparam_opt_for_fu_learning/01_2d_periodic_fu_learning.txt combo=12/31 summary=[N=128 H=8 TFINAL=2.0 N_OBS=100 DIMENSION=2 BOUNDARY_CONDITION=periodic LOSS_NORMALIZATION=mean WINDOW_SEED=1 SEED=1 WARMUP=true SAVE_FREQUENCY=100 PRINT_FREQUENCY=500 CASE_NAME=m10_r4_gentle_finish_eta_5e-4_to_1e-5_budget45m HPO_GROUP=m10_stability ESTIMATED_OPT_SECONDS=2700 M=10 R=4 ETAS=0.0005,0.0002,0.00008,0.00003,0.00001 ITERS=3800,4000,4200,4200,4400 WINDOW_T=0.05,0.5,2,2,2 WINDOW_N_OBS=3,6,12,30,60 WINDOW_START_POLICY=random,random,random,random,random BATCH_SIZE=1,1,1,1,1]
[2026-07-09 09:35:15] check pending=18 virtual_active=2 user_active=9
[2026-07-09 09:35:15] submitted job_id=2802 sweep=/home/mgantcher/Brookhaven/Research_Code/Optimization/Data/Sweeps/ROM_more_hyperparam_opt_for_fu_learning/01_2d_periodic_fu_learning.txt combo=13/31 summary=[N=128 H=8 TFINAL=2.0 N_OBS=100 DIMENSION=2 BOUNDARY_CONDITION=periodic LOSS_NORMALIZATION=mean WINDOW_SEED=1 SEED=1 WARMUP=true SAVE_FREQUENCY=100 PRINT_FREQUENCY=500 CASE_NAME=m10_r4_batched_highobs_eta_5e-4_to_1e-5_budget45m HPO_GROUP=m10_stability ESTIMATED_OPT_SECONDS=2700 M=10 R=4 ETAS=0.0005,0.0002,0.0001,0.00003,0.00001 ITERS=3200,3400,3600,2200,2200 WINDOW_T=0.05,0.5,1,2,2 WINDOW_N_OBS=3,6,12,30,60 WINDOW_START_POLICY=random,random,random,random,random BATCH_SIZE=1,1,1,2,2]
[2026-07-09 09:36:15] check pending=17 virtual_active=2 user_active=9
[2026-07-09 09:36:15] submitted job_id=2803 sweep=/home/mgantcher/Brookhaven/Research_Code/Optimization/Data/Sweeps/ROM_more_hyperparam_opt_for_fu_learning/01_2d_periodic_fu_learning.txt combo=14/31 summary=[N=128 H=8 TFINAL=2.0 N_OBS=100 DIMENSION=2 BOUNDARY_CONDITION=periodic LOSS_NORMALIZATION=mean WINDOW_SEED=1 SEED=1 WARMUP=true SAVE_FREQUENCY=100 PRINT_FREQUENCY=500 CASE_NAME=m10_r5_five_stage_eta_1e-3_to_2e-5_budget25m HPO_GROUP=m10_stability ESTIMATED_OPT_SECONDS=1500 M=10 R=5 ETAS=0.001,0.0005,0.0002,0.00008,0.00002 ITERS=2200,2400,2600,2600,2800 WINDOW_T=0.05,0.2,0.5,1,2 WINDOW_N_OBS=3,4,6,10,12 WINDOW_START_POLICY=random,random,random,random,random BATCH_SIZE=1,1,1,1,1]
[2026-07-09 09:37:15] check pending=16 virtual_active=2 user_active=9
[2026-07-09 09:37:15] submitted job_id=2804 sweep=/home/mgantcher/Brookhaven/Research_Code/Optimization/Data/Sweeps/ROM_more_hyperparam_opt_for_fu_learning/01_2d_periodic_fu_learning.txt combo=15/31 summary=[N=128 H=8 TFINAL=2.0 N_OBS=100 DIMENSION=2 BOUNDARY_CONDITION=periodic LOSS_NORMALIZATION=mean WINDOW_SEED=1 SEED=1 WARMUP=true SAVE_FREQUENCY=100 PRINT_FREQUENCY=500 CASE_NAME=m10_r5_highobs_late_eta_5e-4_to_1e-5_budget30m HPO_GROUP=m10_stability ESTIMATED_OPT_SECONDS=1800 M=10 R=5 ETAS=0.0005,0.0002,0.0001,0.00003,0.00001 ITERS=2400,2600,2800,2800,3000 WINDOW_T=0.05,0.5,1,2,2 WINDOW_N_OBS=3,6,12,30,60 WINDOW_START_POLICY=random,random,random,random,random BATCH_SIZE=1,1,1,1,1]
[2026-07-09 09:38:15] check pending=15 virtual_active=2 user_active=9
[2026-07-09 09:38:15] submitted job_id=2805 sweep=/home/mgantcher/Brookhaven/Research_Code/Optimization/Data/Sweeps/ROM_more_hyperparam_opt_for_fu_learning/01_2d_periodic_fu_learning.txt combo=16/31 summary=[N=128 H=8 TFINAL=2.0 N_OBS=100 DIMENSION=2 BOUNDARY_CONDITION=periodic LOSS_NORMALIZATION=mean WINDOW_SEED=1 SEED=1 WARMUP=true SAVE_FREQUENCY=100 PRINT_FREQUENCY=500 CASE_NAME=m10_r10_five_stage_eta_1e-3_to_2e-5_budget30m HPO_GROUP=m10_stability ESTIMATED_OPT_SECONDS=1800 M=10 R=10 ETAS=0.001,0.0005,0.0002,0.00008,0.00002 ITERS=2400,2600,2800,2800,3000 WINDOW_T=0.05,0.2,0.5,1,2 WINDOW_N_OBS=3,4,6,10,12 WINDOW_START_POLICY=random,random,random,random,random BATCH_SIZE=1,1,1,1,1]
[2026-07-09 09:39:15] check pending=14 virtual_active=2 user_active=8
[2026-07-09 09:39:15] submitted job_id=2806 sweep=/home/mgantcher/Brookhaven/Research_Code/Optimization/Data/Sweeps/ROM_more_hyperparam_opt_for_fu_learning/01_2d_periodic_fu_learning.txt combo=17/31 summary=[N=128 H=8 TFINAL=2.0 N_OBS=100 DIMENSION=2 BOUNDARY_CONDITION=periodic LOSS_NORMALIZATION=mean WINDOW_SEED=1 SEED=1 WARMUP=true SAVE_FREQUENCY=100 PRINT_FREQUENCY=500 CASE_NAME=m10_r10_highobs_late_eta_5e-4_to_1e-5_budget45m HPO_GROUP=m10_stability ESTIMATED_OPT_SECONDS=2700 M=10 R=10 ETAS=0.0005,0.0002,0.0001,0.00003,0.00001 ITERS=3600,3800,4000,4000,4200 WINDOW_T=0.05,0.5,1,2,2 WINDOW_N_OBS=3,6,12,30,60 WINDOW_START_POLICY=random,random,random,random,random BATCH_SIZE=1,1,1,1,1]
[2026-07-09 09:40:15] check pending=13 virtual_active=2 user_active=8
[2026-07-09 09:40:15] submitted job_id=2807 sweep=/home/mgantcher/Brookhaven/Research_Code/Optimization/Data/Sweeps/ROM_more_hyperparam_opt_for_fu_learning/01_2d_periodic_fu_learning.txt combo=18/31 summary=[N=128 H=8 TFINAL=2.0 N_OBS=100 DIMENSION=2 BOUNDARY_CONDITION=periodic LOSS_NORMALIZATION=mean WINDOW_SEED=1 SEED=1 WARMUP=true SAVE_FREQUENCY=100 PRINT_FREQUENCY=500 CASE_NAME=m10_r10_gentle_finish_eta_3e-4_to_3e-6_budget60m HPO_GROUP=m10_stability ESTIMATED_OPT_SECONDS=3600 M=10 R=10 ETAS=0.0003,0.0001,0.00003,0.00001,0.000003 ITERS=5000,5200,5400,5400,5600 WINDOW_T=0.05,0.5,2,2,2 WINDOW_N_OBS=3,6,12,30,60 WINDOW_START_POLICY=random,random,random,random,random BATCH_SIZE=1,1,1,1,1]
[2026-07-09 09:41:15] check pending=12 virtual_active=2 user_active=7
[2026-07-09 09:41:15] submitted job_id=2808 sweep=/home/mgantcher/Brookhaven/Research_Code/Optimization/Data/Sweeps/ROM_more_hyperparam_opt_for_fu_learning/01_2d_periodic_fu_learning.txt combo=19/31 summary=[N=128 H=8 TFINAL=2.0 N_OBS=100 DIMENSION=2 BOUNDARY_CONDITION=periodic LOSS_NORMALIZATION=mean WINDOW_SEED=1 SEED=1 WARMUP=true SAVE_FREQUENCY=100 PRINT_FREQUENCY=500 CASE_NAME=m10_r15_highobs_late_eta_3e-4_to_3e-6_budget60m HPO_GROUP=m10_stability ESTIMATED_OPT_SECONDS=3600 M=10 R=15 ETAS=0.0003,0.0001,0.00003,0.00001,0.000003 ITERS=5000,5200,5400,5400,5600 WINDOW_T=0.05,0.5,1,2,2 WINDOW_N_OBS=3,6,12,30,60 WINDOW_START_POLICY=random,random,random,random,random BATCH_SIZE=1,1,1,1,1]
[2026-07-09 09:42:16] check pending=11 virtual_active=2 user_active=7
[2026-07-09 09:42:16] submitted job_id=2809 sweep=/home/mgantcher/Brookhaven/Research_Code/Optimization/Data/Sweeps/ROM_more_hyperparam_opt_for_fu_learning/01_2d_periodic_fu_learning.txt combo=20/31 summary=[N=128 H=8 TFINAL=2.0 N_OBS=100 DIMENSION=2 BOUNDARY_CONDITION=periodic LOSS_NORMALIZATION=mean WINDOW_SEED=1 SEED=1 WARMUP=true SAVE_FREQUENCY=100 PRINT_FREQUENCY=500 CASE_NAME=m10_r15_batched_gentle_eta_3e-4_to_3e-6_budget60m HPO_GROUP=m10_stability ESTIMATED_OPT_SECONDS=3600 M=10 R=15 ETAS=0.0003,0.0001,0.00003,0.00001,0.000003 ITERS=4200,4400,4600,3000,3000 WINDOW_T=0.05,0.5,1,2,2 WINDOW_N_OBS=3,6,12,30,60 WINDOW_START_POLICY=random,random,random,random,random BATCH_SIZE=1,1,1,2,2]
[2026-07-09 09:43:16] check pending=10 virtual_active=2 user_active=7
[2026-07-09 09:43:16] submitted job_id=2810 sweep=/home/mgantcher/Brookhaven/Research_Code/Optimization/Data/Sweeps/ROM_more_hyperparam_opt_for_fu_learning/01_2d_periodic_fu_learning.txt combo=21/31 summary=[N=128 H=8 TFINAL=2.0 N_OBS=100 DIMENSION=2 BOUNDARY_CONDITION=periodic LOSS_NORMALIZATION=mean WINDOW_SEED=1 SEED=1 WARMUP=true SAVE_FREQUENCY=100 PRINT_FREQUENCY=500 CASE_NAME=m15_r5_five_stage_eta_5e-4_to_1e-5_budget30m HPO_GROUP=higher_m_probe ESTIMATED_OPT_SECONDS=1800 M=15 R=5 ETAS=0.0005,0.0002,0.0001,0.00003,0.00001 ITERS=2400,2600,2800,2800,3000 WINDOW_T=0.05,0.2,0.5,1,2 WINDOW_N_OBS=3,4,6,10,12 WINDOW_START_POLICY=random,random,random,random,random BATCH_SIZE=1,1,1,1,1]
[2026-07-09 09:44:16] check pending=9 virtual_active=2 user_active=7
[2026-07-09 09:44:16] submitted job_id=2811 sweep=/home/mgantcher/Brookhaven/Research_Code/Optimization/Data/Sweeps/ROM_more_hyperparam_opt_for_fu_learning/01_2d_periodic_fu_learning.txt combo=22/31 summary=[N=128 H=8 TFINAL=2.0 N_OBS=100 DIMENSION=2 BOUNDARY_CONDITION=periodic LOSS_NORMALIZATION=mean WINDOW_SEED=1 SEED=1 WARMUP=true SAVE_FREQUENCY=100 PRINT_FREQUENCY=500 CASE_NAME=m15_r5_highobs_late_eta_3e-4_to_3e-6_budget45m HPO_GROUP=higher_m_probe ESTIMATED_OPT_SECONDS=2700 M=15 R=5 ETAS=0.0003,0.0001,0.00003,0.00001,0.000003 ITERS=3600,3800,4000,4000,4200 WINDOW_T=0.05,0.5,1,2,2 WINDOW_N_OBS=3,6,12,30,60 WINDOW_START_POLICY=random,random,random,random,random BATCH_SIZE=1,1,1,1,1]
[2026-07-09 09:45:16] check pending=8 virtual_active=2 user_active=7
[2026-07-09 09:45:16] submitted job_id=2812 sweep=/home/mgantcher/Brookhaven/Research_Code/Optimization/Data/Sweeps/ROM_more_hyperparam_opt_for_fu_learning/01_2d_periodic_fu_learning.txt combo=23/31 summary=[N=128 H=8 TFINAL=2.0 N_OBS=100 DIMENSION=2 BOUNDARY_CONDITION=periodic LOSS_NORMALIZATION=mean WINDOW_SEED=1 SEED=1 WARMUP=true SAVE_FREQUENCY=100 PRINT_FREQUENCY=500 CASE_NAME=m15_r10_highobs_late_eta_5e-4_to_1e-5_budget45m HPO_GROUP=higher_m_probe ESTIMATED_OPT_SECONDS=2700 M=15 R=10 ETAS=0.0005,0.0002,0.0001,0.00003,0.00001 ITERS=3600,3800,4000,4000,4200 WINDOW_T=0.05,0.5,1,2,2 WINDOW_N_OBS=3,6,12,30,60 WINDOW_START_POLICY=random,random,random,random,random BATCH_SIZE=1,1,1,1,1]
[2026-07-09 09:46:16] check pending=7 virtual_active=2 user_active=7
[2026-07-09 09:46:16] submitted job_id=2813 sweep=/home/mgantcher/Brookhaven/Research_Code/Optimization/Data/Sweeps/ROM_more_hyperparam_opt_for_fu_learning/01_2d_periodic_fu_learning.txt combo=24/31 summary=[N=128 H=8 TFINAL=2.0 N_OBS=100 DIMENSION=2 BOUNDARY_CONDITION=periodic LOSS_NORMALIZATION=mean WINDOW_SEED=1 SEED=1 WARMUP=true SAVE_FREQUENCY=100 PRINT_FREQUENCY=500 CASE_NAME=m15_r10_gentle_finish_eta_3e-4_to_3e-6_budget60m HPO_GROUP=higher_m_probe ESTIMATED_OPT_SECONDS=3600 M=15 R=10 ETAS=0.0003,0.0001,0.00003,0.00001,0.000003 ITERS=5000,5200,5400,5400,5600 WINDOW_T=0.05,0.5,2,2,2 WINDOW_N_OBS=3,6,12,30,60 WINDOW_START_POLICY=random,random,random,random,random BATCH_SIZE=1,1,1,1,1]
[2026-07-09 09:47:16] check pending=6 virtual_active=2 user_active=7
[2026-07-09 09:47:16] submitted job_id=2814 sweep=/home/mgantcher/Brookhaven/Research_Code/Optimization/Data/Sweeps/ROM_more_hyperparam_opt_for_fu_learning/01_2d_periodic_fu_learning.txt combo=25/31 summary=[N=128 H=8 TFINAL=2.0 N_OBS=100 DIMENSION=2 BOUNDARY_CONDITION=periodic LOSS_NORMALIZATION=mean WINDOW_SEED=1 SEED=1 WARMUP=true SAVE_FREQUENCY=100 PRINT_FREQUENCY=500 CASE_NAME=m15_r15_batched_highobs_eta_3e-4_to_3e-6_budget60m HPO_GROUP=higher_m_probe ESTIMATED_OPT_SECONDS=3600 M=15 R=15 ETAS=0.0003,0.0001,0.00003,0.00001,0.000003 ITERS=4200,4400,4600,3000,3000 WINDOW_T=0.05,0.5,1,2,2 WINDOW_N_OBS=3,6,12,30,60 WINDOW_START_POLICY=random,random,random,random,random BATCH_SIZE=1,1,1,2,2]
[2026-07-09 09:48:16] check pending=5 virtual_active=2 user_active=7
[2026-07-09 09:48:16] submitted job_id=2815 sweep=/home/mgantcher/Brookhaven/Research_Code/Optimization/Data/Sweeps/ROM_more_hyperparam_opt_for_fu_learning/01_2d_periodic_fu_learning.txt combo=26/31 summary=[N=128 H=8 TFINAL=2.0 N_OBS=100 DIMENSION=2 BOUNDARY_CONDITION=periodic LOSS_NORMALIZATION=mean WINDOW_SEED=1 SEED=1 WARMUP=true SAVE_FREQUENCY=100 PRINT_FREQUENCY=500 CASE_NAME=m20_r10_highobs_late_eta_3e-4_to_3e-6_budget60m HPO_GROUP=higher_m_probe ESTIMATED_OPT_SECONDS=3600 M=20 R=10 ETAS=0.0003,0.0001,0.00003,0.00001,0.000003 ITERS=5000,5200,5400,5400,5600 WINDOW_T=0.05,0.5,1,2,2 WINDOW_N_OBS=3,6,12,30,60 WINDOW_START_POLICY=random,random,random,random,random BATCH_SIZE=1,1,1,1,1]
[2026-07-09 09:49:16] check pending=4 virtual_active=2 user_active=7
[2026-07-09 09:49:16] submitted job_id=2816 sweep=/home/mgantcher/Brookhaven/Research_Code/Optimization/Data/Sweeps/ROM_more_hyperparam_opt_for_fu_learning/01_2d_periodic_fu_learning.txt combo=27/31 summary=[N=128 H=8 TFINAL=2.0 N_OBS=100 DIMENSION=2 BOUNDARY_CONDITION=periodic LOSS_NORMALIZATION=mean WINDOW_SEED=1 SEED=1 WARMUP=true SAVE_FREQUENCY=100 PRINT_FREQUENCY=500 CASE_NAME=n192_m4_r10_highobs_late_eta_3e-3_to_3e-5_budget45m HPO_GROUP=n192_spatial_richness ESTIMATED_OPT_SECONDS=2700 N=192 M=4 R=10 ETAS=0.003,0.001,0.0003,0.0001,0.00003 ITERS=2600,2800,3000,3000,3200 WINDOW_T=0.05,0.5,1,2,2 WINDOW_N_OBS=3,6,12,30,60 WINDOW_START_POLICY=random,random,random,random,random BATCH_SIZE=1,1,1,1,1]
[2026-07-09 09:50:16] check pending=3 virtual_active=2 user_active=7
[2026-07-09 09:50:16] submitted job_id=2817 sweep=/home/mgantcher/Brookhaven/Research_Code/Optimization/Data/Sweeps/ROM_more_hyperparam_opt_for_fu_learning/01_2d_periodic_fu_learning.txt combo=28/31 summary=[N=128 H=8 TFINAL=2.0 N_OBS=100 DIMENSION=2 BOUNDARY_CONDITION=periodic LOSS_NORMALIZATION=mean WINDOW_SEED=1 SEED=1 WARMUP=true SAVE_FREQUENCY=100 PRINT_FREQUENCY=500 CASE_NAME=n192_m10_r4_highobs_late_eta_1e-3_to_2e-5_budget45m HPO_GROUP=n192_spatial_richness ESTIMATED_OPT_SECONDS=2700 N=192 M=10 R=4 ETAS=0.001,0.0005,0.0002,0.00008,0.00002 ITERS=2600,2800,3000,3000,3200 WINDOW_T=0.05,0.5,1,2,2 WINDOW_N_OBS=3,6,12,30,60 WINDOW_START_POLICY=random,random,random,random,random BATCH_SIZE=1,1,1,1,1]
[2026-07-09 09:51:16] check pending=2 virtual_active=3 user_active=8
[2026-07-09 09:51:16] submitted job_id=2818 sweep=/home/mgantcher/Brookhaven/Research_Code/Optimization/Data/Sweeps/ROM_more_hyperparam_opt_for_fu_learning/01_2d_periodic_fu_learning.txt combo=29/31 summary=[N=128 H=8 TFINAL=2.0 N_OBS=100 DIMENSION=2 BOUNDARY_CONDITION=periodic LOSS_NORMALIZATION=mean WINDOW_SEED=1 SEED=1 WARMUP=true SAVE_FREQUENCY=100 PRINT_FREQUENCY=500 CASE_NAME=n192_m10_r10_gentle_finish_eta_3e-4_to_3e-6_budget60m HPO_GROUP=n192_spatial_richness ESTIMATED_OPT_SECONDS=3600 N=192 M=10 R=10 ETAS=0.0003,0.0001,0.00003,0.00001,0.000003 ITERS=3600,3800,4000,4000,4200 WINDOW_T=0.05,0.5,2,2,2 WINDOW_N_OBS=3,6,12,30,60 WINDOW_START_POLICY=random,random,random,random,random BATCH_SIZE=1,1,1,1,1]
[2026-07-09 09:52:16] check pending=1 virtual_active=4 user_active=9
[2026-07-09 09:52:16] submitted job_id=2819 sweep=/home/mgantcher/Brookhaven/Research_Code/Optimization/Data/Sweeps/ROM_more_hyperparam_opt_for_fu_learning/01_2d_periodic_fu_learning.txt combo=30/31 summary=[N=128 H=8 TFINAL=2.0 N_OBS=100 DIMENSION=2 BOUNDARY_CONDITION=periodic LOSS_NORMALIZATION=mean WINDOW_SEED=1 SEED=1 WARMUP=true SAVE_FREQUENCY=100 PRINT_FREQUENCY=500 CASE_NAME=n192_m15_r10_gentle_finish_eta_3e-4_to_3e-6_budget60m HPO_GROUP=n192_spatial_richness ESTIMATED_OPT_SECONDS=3600 N=192 M=15 R=10 ETAS=0.0003,0.0001,0.00003,0.00001,0.000003 ITERS=3600,3800,4000,4000,4200 WINDOW_T=0.05,0.5,2,2,2 WINDOW_N_OBS=3,6,12,30,60 WINDOW_START_POLICY=random,random,random,random,random BATCH_SIZE=1,1,1,1,1]
[2026-07-09 09:53:16] check pending=0 virtual_active=5 user_active=10
[2026-07-09 09:54:16] check pending=0 virtual_active=5 user_active=10
[2026-07-09 09:55:16] check pending=0 virtual_active=5 user_active=10
[2026-07-09 09:56:16] check pending=0 virtual_active=5 user_active=10
[2026-07-09 09:57:16] check pending=0 virtual_active=5 user_active=10
[2026-07-09 09:58:16] check pending=0 virtual_active=5 user_active=10
[2026-07-09 09:59:16] check pending=0 virtual_active=5 user_active=10
[2026-07-09 10:00:16] check pending=0 virtual_active=5 user_active=10
[2026-07-09 10:01:16] check pending=0 virtual_active=5 user_active=10
[2026-07-09 10:02:16] check pending=0 virtual_active=5 user_active=9
[2026-07-09 10:03:16] check pending=0 virtual_active=5 user_active=9
[2026-07-09 10:04:16] check pending=0 virtual_active=5 user_active=9
[2026-07-09 10:05:16] check pending=0 virtual_active=5 user_active=9
[2026-07-09 10:06:16] check pending=0 virtual_active=5 user_active=9
[2026-07-09 10:07:16] check pending=0 virtual_active=5 user_active=9
[2026-07-09 10:08:16] check pending=0 virtual_active=5 user_active=9
[2026-07-09 10:09:16] check pending=0 virtual_active=5 user_active=9
[2026-07-09 10:10:16] check pending=0 virtual_active=5 user_active=9
[2026-07-09 10:11:16] check pending=0 virtual_active=5 user_active=9
[2026-07-09 10:12:16] check pending=0 virtual_active=5 user_active=9
[2026-07-09 10:13:16] check pending=0 virtual_active=5 user_active=9
[2026-07-09 10:14:16] check pending=0 virtual_active=5 user_active=9
[2026-07-09 10:15:16] check pending=0 virtual_active=5 user_active=9
[2026-07-09 10:16:17] check pending=0 virtual_active=5 user_active=9
[2026-07-09 10:17:17] check pending=0 virtual_active=4 user_active=8
[2026-07-09 10:18:17] check pending=0 virtual_active=4 user_active=8
[2026-07-09 10:19:17] check pending=0 virtual_active=3 user_active=7
[2026-07-09 10:20:17] check pending=0 virtual_active=3 user_active=7
[2026-07-09 10:21:17] check pending=0 virtual_active=3 user_active=7
[2026-07-09 10:22:17] check pending=0 virtual_active=3 user_active=7
[2026-07-09 10:23:17] check pending=0 virtual_active=3 user_active=7
[2026-07-09 10:24:17] check pending=0 virtual_active=3 user_active=7
[2026-07-09 10:25:17] check pending=0 virtual_active=3 user_active=7
[2026-07-09 10:26:17] check pending=0 virtual_active=3 user_active=7
[2026-07-09 10:27:17] check pending=0 virtual_active=3 user_active=7
[2026-07-09 10:28:17] check pending=0 virtual_active=3 user_active=7
[2026-07-09 10:29:17] check pending=0 virtual_active=3 user_active=6
[2026-07-09 10:30:17] check pending=0 virtual_active=3 user_active=6
[2026-07-09 10:31:17] check pending=0 virtual_active=3 user_active=6
[2026-07-09 10:32:17] check pending=0 virtual_active=3 user_active=6
[2026-07-09 10:33:17] check pending=0 virtual_active=3 user_active=6
[2026-07-09 10:34:17] check pending=0 virtual_active=3 user_active=6
[2026-07-09 10:35:17] check pending=0 virtual_active=3 user_active=6
[2026-07-09 10:36:17] check pending=0 virtual_active=3 user_active=6
[2026-07-09 10:37:17] check pending=0 virtual_active=3 user_active=6
[2026-07-09 10:38:17] check pending=0 virtual_active=3 user_active=6
[2026-07-09 10:39:17] check pending=0 virtual_active=3 user_active=6
[2026-07-09 10:39:32] enqueued 2 jobs from /home/mgantcher/Brookhaven/Research_Code/Optimization/Data/Sweeps/ROM_hyperparam_opt_2D/02_rom_larger.txt
[2026-07-09 10:39:32] daemon already running with PID 183457
[2026-07-09 10:40:17] check pending=2 virtual_active=3 user_active=6
[2026-07-09 10:40:17] submitted job_id=2820 sweep=/home/mgantcher/Brookhaven/Research_Code/Optimization/Data/Sweeps/ROM_hyperparam_opt_2D/02_rom_larger.txt combo=0/2 summary=[H=8 TFINAL=2.0 N_OBS=100 M=4 R=10 LOSS_NORMALIZATION=mean WINDOW_START_POLICY=random,random,random WINDOW_SEED=1 SEED=1 WARMUP=true SAVE_FREQUENCY=100 PRINT_FREQUENCY=250 ETAS=0.01,0.003,0.001 ITERS=2016,2208,2349 WINDOW_T=0.05,0.5,2.0 WINDOW_N_OBS=2,5,10 BATCH_SIZE=1,1,1 DIMENSION=2 BOUNDARY_CONDITION=periodic CASE_NAME=2d_periodic_long N=128]
[2026-07-09 10:41:17] check pending=1 virtual_active=4 user_active=7
[2026-07-09 10:41:17] submitted job_id=2821 sweep=/home/mgantcher/Brookhaven/Research_Code/Optimization/Data/Sweeps/ROM_hyperparam_opt_2D/02_rom_larger.txt combo=1/2 summary=[H=8 TFINAL=2.0 N_OBS=100 M=4 R=10 LOSS_NORMALIZATION=mean WINDOW_START_POLICY=random,random,random WINDOW_SEED=1 SEED=1 WARMUP=true SAVE_FREQUENCY=100 PRINT_FREQUENCY=250 ETAS=0.01,0.003,0.001 ITERS=2016,2208,2349 WINDOW_T=0.05,0.5,2.0 WINDOW_N_OBS=2,5,10 BATCH_SIZE=1,1,1 DIMENSION=2 BOUNDARY_CONDITION=periodic CASE_NAME=2d_periodic_longer N=256]
[2026-07-09 10:42:17] check pending=0 virtual_active=5 user_active=8
[2026-07-09 10:43:17] check pending=0 virtual_active=5 user_active=8
[2026-07-09 10:44:17] check pending=0 virtual_active=5 user_active=8
[2026-07-09 10:45:17] check pending=0 virtual_active=5 user_active=8
[2026-07-09 10:46:17] check pending=0 virtual_active=5 user_active=8
[2026-07-09 10:47:17] check pending=0 virtual_active=5 user_active=8
[2026-07-09 10:48:17] check pending=0 virtual_active=5 user_active=8
[2026-07-09 10:49:17] check pending=0 virtual_active=5 user_active=8
[2026-07-09 10:50:17] check pending=0 virtual_active=5 user_active=8
[2026-07-09 10:51:17] check pending=0 virtual_active=5 user_active=8
[2026-07-09 10:52:17] check pending=0 virtual_active=5 user_active=8
[2026-07-09 10:53:17] check pending=0 virtual_active=5 user_active=8
[2026-07-09 10:54:17] check pending=0 virtual_active=5 user_active=8
[2026-07-09 10:55:17] check pending=0 virtual_active=5 user_active=8
[2026-07-09 10:56:17] check pending=0 virtual_active=5 user_active=8
[2026-07-09 10:57:17] check pending=0 virtual_active=5 user_active=8
[2026-07-09 10:58:17] check pending=0 virtual_active=5 user_active=8
[2026-07-09 10:59:17] check pending=0 virtual_active=5 user_active=8
[2026-07-09 11:00:18] check pending=0 virtual_active=5 user_active=8
[2026-07-09 11:01:18] check pending=0 virtual_active=5 user_active=8
[2026-07-09 11:02:18] check pending=0 virtual_active=5 user_active=8
[2026-07-09 11:03:18] check pending=0 virtual_active=5 user_active=8
[2026-07-09 11:04:18] check pending=0 virtual_active=5 user_active=8
[2026-07-09 11:05:18] check pending=0 virtual_active=5 user_active=8
[2026-07-09 11:06:18] check pending=0 virtual_active=5 user_active=8
[2026-07-09 11:07:18] check pending=0 virtual_active=5 user_active=8
[2026-07-09 11:08:18] check pending=0 virtual_active=5 user_active=8
[2026-07-09 11:09:18] check pending=0 virtual_active=5 user_active=8
[2026-07-09 11:10:18] check pending=0 virtual_active=5 user_active=8
[2026-07-09 11:11:18] check pending=0 virtual_active=5 user_active=7
[2026-07-09 11:12:18] check pending=0 virtual_active=5 user_active=7
[2026-07-09 11:13:18] check pending=0 virtual_active=5 user_active=6
[2026-07-09 11:14:18] check pending=0 virtual_active=5 user_active=6
[2026-07-09 11:15:18] check pending=0 virtual_active=5 user_active=6
[2026-07-09 11:16:18] check pending=0 virtual_active=5 user_active=6
[2026-07-09 11:17:18] check pending=0 virtual_active=5 user_active=6
[2026-07-09 11:18:18] check pending=0 virtual_active=5 user_active=6
[2026-07-09 11:19:18] check pending=0 virtual_active=5 user_active=6
[2026-07-09 11:20:18] check pending=0 virtual_active=5 user_active=6
[2026-07-09 11:21:18] check pending=0 virtual_active=5 user_active=6
[2026-07-09 11:22:18] check pending=0 virtual_active=5 user_active=6
[2026-07-09 11:23:18] check pending=0 virtual_active=5 user_active=6
[2026-07-09 11:24:18] check pending=0 virtual_active=5 user_active=6
[2026-07-09 11:25:18] check pending=0 virtual_active=5 user_active=6
[2026-07-09 11:26:18] check pending=0 virtual_active=5 user_active=6
[2026-07-09 11:27:18] check pending=0 virtual_active=5 user_active=6
[2026-07-09 11:28:18] check pending=0 virtual_active=5 user_active=6
[2026-07-09 11:29:18] check pending=0 virtual_active=5 user_active=6
[2026-07-09 11:30:18] check pending=0 virtual_active=5 user_active=6
[2026-07-09 11:31:18] check pending=0 virtual_active=5 user_active=6
[2026-07-09 11:32:18] check pending=0 virtual_active=5 user_active=6
[2026-07-09 11:33:18] check pending=0 virtual_active=5 user_active=6
[2026-07-09 11:34:18] check pending=0 virtual_active=5 user_active=6
[2026-07-09 11:34:45] enqueued 3 jobs from /home/mgantcher/Brookhaven/Research_Code/Optimization/Data/Sweeps/FOM_ROM_2D_periodic_boundary/00_fom_boundary_learning_tests.txt
[2026-07-09 11:34:45] daemon already running with PID 183457
[2026-07-09 11:35:18] check pending=3 virtual_active=5 user_active=6
[2026-07-09 11:35:18] submitted job_id=2822 sweep=/home/mgantcher/Brookhaven/Research_Code/Optimization/Data/Sweeps/FOM_ROM_2D_periodic_boundary/00_fom_boundary_learning_tests.txt combo=0/3 summary=[H=8 TFINAL=2.0 N_OBS=100 LOSS_NORMALIZATION=mean WINDOW_START_POLICY=random,random,random WINDOW_SEED=1 SEED=1 WARMUP=true SAVE_FREQUENCY=100 PRINT_FREQUENCY=250 ETAS=0.006,0.002,0.0006 ITERS=2016,2208,2349 WINDOW_T=0.05,0.5,2.0 WINDOW_N_OBS=2,5,10 BATCH_SIZE=1,1,1 CASE_NAME=001_2d_dirichlet N=64 DIMENSION=2 BOUNDARY_CONDITION=homogeneous_dirichlet]
[2026-07-09 11:36:18] check pending=2 virtual_active=6 user_active=7
[2026-07-09 11:36:18] submitted job_id=2823 sweep=/home/mgantcher/Brookhaven/Research_Code/Optimization/Data/Sweeps/FOM_ROM_2D_periodic_boundary/00_fom_boundary_learning_tests.txt combo=1/3 summary=[H=8 TFINAL=2.0 N_OBS=100 LOSS_NORMALIZATION=mean WINDOW_START_POLICY=random,random,random WINDOW_SEED=1 SEED=1 WARMUP=true SAVE_FREQUENCY=100 PRINT_FREQUENCY=250 ETAS=0.006,0.002,0.0006 ITERS=2016,2208,2349 WINDOW_T=0.05,0.5,2.0 WINDOW_N_OBS=2,5,10 BATCH_SIZE=1,1,1 CASE_NAME=002_1d_periodic N=256 DIMENSION=1 BOUNDARY_CONDITION=periodic]
[2026-07-09 11:37:18] check pending=1 virtual_active=7 user_active=8
[2026-07-09 11:37:18] submitted job_id=2824 sweep=/home/mgantcher/Brookhaven/Research_Code/Optimization/Data/Sweeps/FOM_ROM_2D_periodic_boundary/00_fom_boundary_learning_tests.txt combo=2/3 summary=[H=8 TFINAL=2.0 N_OBS=100 LOSS_NORMALIZATION=mean WINDOW_START_POLICY=random,random,random WINDOW_SEED=1 SEED=1 WARMUP=true SAVE_FREQUENCY=100 PRINT_FREQUENCY=250 ETAS=0.006,0.002,0.0006 ITERS=2016,2208,2349 WINDOW_T=0.05,0.5,2.0 WINDOW_N_OBS=2,5,10 BATCH_SIZE=1,1,1 CASE_NAME=003_2d_periodic N=64 DIMENSION=2 BOUNDARY_CONDITION=periodic]
[2026-07-09 11:38:18] check pending=0 virtual_active=7 user_active=8
[2026-07-09 11:39:18] check pending=0 virtual_active=6 user_active=7
[2026-07-09 11:40:18] check pending=0 virtual_active=5 user_active=6
[2026-07-09 11:41:18] check pending=0 virtual_active=5 user_active=6
[2026-07-09 11:42:19] check pending=0 virtual_active=4 user_active=5
[2026-07-09 11:43:19] check pending=0 virtual_active=3 user_active=4
[2026-07-09 11:44:19] check pending=0 virtual_active=3 user_active=4
[2026-07-09 11:45:19] check pending=0 virtual_active=3 user_active=4
[2026-07-09 11:46:19] check pending=0 virtual_active=3 user_active=4
[2026-07-09 11:47:19] check pending=0 virtual_active=3 user_active=4
[2026-07-09 11:48:19] check pending=0 virtual_active=3 user_active=4
[2026-07-09 11:49:19] check pending=0 virtual_active=3 user_active=4
[2026-07-09 11:50:19] check pending=0 virtual_active=3 user_active=4
[2026-07-09 11:51:19] check pending=0 virtual_active=3 user_active=4
[2026-07-09 11:52:19] check pending=0 virtual_active=3 user_active=4
[2026-07-09 11:53:19] check pending=0 virtual_active=3 user_active=4
[2026-07-09 11:54:19] check pending=0 virtual_active=3 user_active=4
[2026-07-09 11:55:19] check pending=0 virtual_active=3 user_active=4
[2026-07-09 11:56:19] check pending=0 virtual_active=3 user_active=4
[2026-07-09 11:57:19] check pending=0 virtual_active=3 user_active=4
[2026-07-09 11:58:19] check pending=0 virtual_active=3 user_active=4
[2026-07-09 11:59:19] check pending=0 virtual_active=3 user_active=4
[2026-07-09 12:00:19] check pending=0 virtual_active=3 user_active=4
[2026-07-09 12:01:19] check pending=0 virtual_active=3 user_active=4
[2026-07-09 12:02:19] check pending=0 virtual_active=3 user_active=4
[2026-07-09 12:03:19] check pending=0 virtual_active=3 user_active=4
[2026-07-09 12:04:19] check pending=0 virtual_active=3 user_active=4
[2026-07-09 12:05:19] check pending=0 virtual_active=3 user_active=4
[2026-07-09 12:06:19] check pending=0 virtual_active=3 user_active=4
[2026-07-09 12:06:46] enqueued 3 jobs from /home/mgantcher/Brookhaven/Research_Code/Optimization/Data/Sweeps/FOM_ROM_2D_periodic_boundary/00_fom_boundary_learning_tests.txt
[2026-07-09 12:06:46] daemon already running with PID 183457
[2026-07-09 12:07:19] check pending=3 virtual_active=3 user_active=4
[2026-07-09 12:07:19] submitted job_id=2825 sweep=/home/mgantcher/Brookhaven/Research_Code/Optimization/Data/Sweeps/FOM_ROM_2D_periodic_boundary/00_fom_boundary_learning_tests.txt combo=0/3 summary=[H=8 TFINAL=2.0 N_OBS=100 LOSS_NORMALIZATION=mean WINDOW_START_POLICY=random,random,random WINDOW_SEED=1 SEED=1 WARMUP=true SAVE_FREQUENCY=100 PRINT_FREQUENCY=250 ETAS=0.006,0.002,0.0006 ITERS=2016,2208,2349 WINDOW_T=0.05,0.5,2.0 WINDOW_N_OBS=2,5,10 BATCH_SIZE=1,1,1 CASE_NAME=001_2d_dirichlet N=64 DIMENSION=2 BOUNDARY_CONDITION=homogeneous_dirichlet]
[2026-07-09 12:08:19] check pending=2 virtual_active=4 user_active=5
[2026-07-09 12:08:19] submitted job_id=2826 sweep=/home/mgantcher/Brookhaven/Research_Code/Optimization/Data/Sweeps/FOM_ROM_2D_periodic_boundary/00_fom_boundary_learning_tests.txt combo=1/3 summary=[H=8 TFINAL=2.0 N_OBS=100 LOSS_NORMALIZATION=mean WINDOW_START_POLICY=random,random,random WINDOW_SEED=1 SEED=1 WARMUP=true SAVE_FREQUENCY=100 PRINT_FREQUENCY=250 ETAS=0.006,0.002,0.0006 ITERS=2016,2208,2349 WINDOW_T=0.05,0.5,2.0 WINDOW_N_OBS=2,5,10 BATCH_SIZE=1,1,1 CASE_NAME=002_1d_periodic N=256 DIMENSION=1 BOUNDARY_CONDITION=periodic]
[2026-07-09 12:09:19] check pending=1 virtual_active=5 user_active=6
[2026-07-09 12:09:19] submitted job_id=2827 sweep=/home/mgantcher/Brookhaven/Research_Code/Optimization/Data/Sweeps/FOM_ROM_2D_periodic_boundary/00_fom_boundary_learning_tests.txt combo=2/3 summary=[H=8 TFINAL=2.0 N_OBS=100 LOSS_NORMALIZATION=mean WINDOW_START_POLICY=random,random,random WINDOW_SEED=1 SEED=1 WARMUP=true SAVE_FREQUENCY=100 PRINT_FREQUENCY=250 ETAS=0.006,0.002,0.0006 ITERS=2016,2208,2349 WINDOW_T=0.05,0.5,2.0 WINDOW_N_OBS=2,5,10 BATCH_SIZE=1,1,1 CASE_NAME=003_2d_periodic N=64 DIMENSION=2 BOUNDARY_CONDITION=periodic]
[2026-07-09 12:10:19] check pending=0 virtual_active=3 user_active=4
[2026-07-09 12:10:49] enqueued 3 jobs from /home/mgantcher/Brookhaven/Research_Code/Optimization/Data/Sweeps/FOM_ROM_2D_periodic_boundary/00_fom_boundary_learning_tests.txt
[2026-07-09 12:10:49] daemon already running with PID 183457
[2026-07-09 12:11:19] check pending=3 virtual_active=0 user_active=1
[2026-07-09 12:11:19] submitted job_id=2828 sweep=/home/mgantcher/Brookhaven/Research_Code/Optimization/Data/Sweeps/FOM_ROM_2D_periodic_boundary/00_fom_boundary_learning_tests.txt combo=0/3 summary=[H=8 TFINAL=2.0 N_OBS=100 LOSS_NORMALIZATION=mean WINDOW_START_POLICY=random,random,random WINDOW_SEED=1 SEED=1 WARMUP=true SAVE_FREQUENCY=100 PRINT_FREQUENCY=250 ETAS=0.006,0.002,0.0006 ITERS=2016,2208,2349 WINDOW_T=0.05,0.5,2.0 WINDOW_N_OBS=2,5,10 BATCH_SIZE=1,1,1 CASE_NAME=001_2d_dirichlet N=64 DIMENSION=2 BOUNDARY_CONDITION=homogeneous_dirichlet]
